https://www.modcollective.gg/sims4/details/creation/5187
https://www.thesimsresource.com/downloads/1727974
https://www.thesimsresource.com/members/ZNsims/downloads/details/category/sims4-clothing-female-adult-everyday/title/color-contrast-sleeves/id/1724554/
https://www.thesimsresource.com/members/talarian/downloads/details/category/sims4-clothing-female-elder-everyday/title/julieta-dress/id/1724718/
https://www.thesimsresource.com/artists/Puresim/downloads/details/category/sims4-clothing-female-elder-everyday/title/adalia-dress/id/1723623/
https://www.thesimsresource.com/members/Beto_ae0/downloads/details/category/sims4-clothing-male-elder-everyday/title/bruno-sweater/id/1724650/
https://www.thesimsresource.com/members/ForLima/downloads/details/category/sims4-clothing-female-elder-everyday/title/corella-top/id/1724719/
https://www.thesimsresource.com/members/MysteriousOo/downloads/details/category/sims4-clothing-female-toddler/title/dress-with-checked-bottom-and-collar/id/1724605/
https://www.thesimsresource.com/members/Bill_Sims/downloads/details/category/sims4-clothing-female-elder-everyday/title/ribbed-keyhole-knitted-midi-dress/id/1724681/
https://www.thesimsresource.com/members/Beto_ae0/downloads/details/category/sims4-clothing-male-child-everyday/title/bruno-sweater-child-version/id/1724648/
https://www.thesimsresource.com/downloads/details/category/sims4-clothing-female-elder-everyday/title/gia-dress-amp-sweater/id/1724349/
https://www.thesimsresource.com/downloads/details/category/sims4-clothing-female-elder-everyday/title/mari-elegant-mini-dress-with-puff-sleeves-and-decorative-bows/id/1724295/
https://www.thesimsresource.com/downloads/details/category/sims4-clothing-female-adult/title/butera-dress/id/1724006/
https://www.thesimsresource.com/downloads/details/category/sims4-clothing-female-elder-everyday/title/sl-dress-107/id/1723965/
https://www.thesimsresource.com/downloads/details/category/sims4-clothing-female-adult-party/title/kath-bikini-top/id/1708591/
https://www.thesimsresource.com/downloads/details/category/sims4-clothing-female-elder-everyday/title/tara-top/id/1723612/
https://www.thesimsresource.com/members/linavees/downloads/details/category/sims4-clothing-female-elder-everyday/title/camille-pajamas-pants/id/1724267/
https://www.thesimsresource.com/downloads/details/category/sims4-clothing-female-elder-everyday/title/camille-pajamas-top/id/1724266/
https://www.thesimsresource.com/members/ForLima/downloads/details/category/sims4-clothing-female-elder-everyday/title/katerina-set-top/id/1724464/
https://www.thesimsresource.com/downloads/details/category/sims4-clothing-female-elder-everyday/title/striped-ruffle-mini-dress-do0302/id/1696614/
https://www.thesimsresource.com/members/MysteriousOo/downloads/details/category/sims4-clothing-female-elder-everyday/title/short-sleeve-turtle-neck-dress/id/1727408/
https://www.thesimsresource.com/members/MysteriousOo/downloads/details/category/sims4-clothing-female-elder-everyday/title/dress-with-black-ribbon-and-bow/id/1727367/
https://www.thesimsresource.com/members/Joan_Campbell_Beauty_/downloads/details/category/sims4-clothing-female-adult/title/demetria-dress/id/1726656/
https://www.thesimsresource.com/artists/ali1/downloads/details/category/sims4-clothing-female-elder-everyday/title/sharon-top/id/1728014/
https://www.modcollective.gg/sims4/details/collection/635#about
https://www.modcollective.gg/sims4/details/collection/582#files
https://www.thesimsresource.com/downloads/details/category/sims4-clothing-female-elder-everyday/title/striped-ruffle-mini-dress-do0302/id/1696614/
https://www.thesimsresource.com/members/MysteriousOo/downloads/details/category/sims4-clothing-female-elder-everyday/title/dress-with-ruffles-and-separate-collar/id/1724347/
https://www.thesimsresource.com/members/Melionecc/downloads/details/category/sims4-clothing-female-adult/title/chic-and-unique-emily-dress/id/1723669/
https://www.thesimsresource.com/members/Beto_ae0/downloads/details/category/sims4-clothing-female-elder-everyday/title/lucia-top/id/1724345/
https://www.thesimsresource.com/members/Beto_ae0/downloads/details/category/sims4-clothing-female-elder-everyday/title/cindy-top-v2/id/1724248/
https://www.thesimsresource.com/members/Mermalade/downloads/details/category/sims4-clothing-female-elder-everyday/title/patreon-leather-high-neck-top/id/1723897/
https://www.deviantart.com/smsims/art/TS4-Offshoulder-Dress-1099599468
https://www.thesimsresource.com/members/Joan_Campbell_Beauty_/downloads/details/category/sims4-clothing-female-adult/title/lyn-dress/id/1723627/
https://www.simsfinds.com/downloads/356797/lola-bunny-set-sims4
