[2m2025-02-05 07:00:00.009[0;39m [32m INFO[0;39m [35m29432[0;39m [2m---[0;39m [2m[   scheduling-1][0;39m [36mo.p.ts4.utility.classes.BatchComponent  [0;39m [2m:[0;39m INACTIVE
[2m2025-02-05 07:00:05.003[0;39m [32m INFO[0;39m [35m29432[0;39m [2m---[0;39m [2m[   scheduling-1][0;39m [36mo.p.ts4.utility.classes.BatchComponent  [0;39m [2m:[0;39m INACTIVE
[2m2025-02-05 07:00:10.012[0;39m [32m INFO[0;39m [35m29432[0;39m [2m---[0;39m [2m[   scheduling-1][0;39m [36mo.p.ts4.utility.classes.BatchComponent  [0;39m [2m:[0;39m INACTIVE
[2m2025-02-05 07:00:15.011[0;39m [32m INFO[0;39m [35m29432[0;39m [2m---[0;39m [2m[   scheduling-1][0;39m [36mo.p.ts4.utility.classes.BatchComponent  [0;39m [2m:[0;39m INACTIVE
[2m2025-02-05 07:00:20.006[0;39m [32m INFO[0;39m [35m29432[0;39m [2m---[0;39m [2m[   scheduling-1][0;39m [36mo.p.ts4.utility.classes.BatchComponent  [0;39m [2m:[0;39m INACTIVE
[2m2025-02-05 07:00:25.005[0;39m [32m INFO[0;39m [35m29432[0;39m [2m---[0;39m [2m[   scheduling-1][0;39m [36mo.p.ts4.utility.classes.BatchComponent  [0;39m [2m:[0;39m INACTIVE
[2m2025-02-05 07:00:30.001[0;39m [32m INFO[0;39m [35m29432[0;39m [2m---[0;39m [2m[   scheduling-1][0;39m [36mo.p.ts4.utility.classes.BatchComponent  [0;39m [2m:[0;39m INACTIVE
[2m2025-02-05 07:00:35.002[0;39m [32m INFO[0;39m [35m29432[0;39m [2m---[0;39m [2m[   scheduling-1][0;39m [36mo.p.ts4.utility.classes.BatchComponent  [0;39m [2m:[0;39m INACTIVE
[2m2025-02-05 07:00:40.010[0;39m [32m INFO[0;39m [35m29432[0;39m [2m---[0;39m [2m[   scheduling-1][0;39m [36mo.p.ts4.utility.classes.BatchComponent  [0;39m [2m:[0;39m INACTIVE
[2m2025-02-05 07:00:45.009[0;39m [32m INFO[0;39m [35m29432[0;39m [2m---[0;39m [2m[   scheduling-1][0;39m [36mo.p.ts4.utility.classes.BatchComponent  [0;39m [2m:[0;39m INACTIVE
[2m2025-02-05 07:00:50.007[0;39m [32m INFO[0;39m [35m29432[0;39m [2m---[0;39m [2m[   scheduling-1][0;39m [36mo.p.ts4.utility.classes.BatchComponent  [0;39m [2m:[0;39m INACTIVE
[2m2025-02-05 07:00:55.010[0;39m [32m INFO[0;39m [35m29432[0;39m [2m---[0;39m [2m[   scheduling-1][0;39m [36mo.p.ts4.utility.classes.BatchComponent  [0;39m [2m:[0;39m INACTIVE
[2m2025-02-05 07:01:00.008[0;39m [32m INFO[0;39m [35m29432[0;39m [2m---[0;39m [2m[   scheduling-1][0;39m [36mo.p.ts4.utility.classes.BatchComponent  [0;39m [2m:[0;39m INACTIVE
[2m2025-02-05 07:01:05.002[0;39m [32m INFO[0;39m [35m29432[0;39m [2m---[0;39m [2m[   scheduling-1][0;39m [36mo.p.ts4.utility.classes.BatchComponent  [0;39m [2m:[0;39m INACTIVE
[2m2025-02-05 07:01:10.006[0;39m [32m INFO[0;39m [35m29432[0;39m [2m---[0;39m [2m[   scheduling-1][0;39m [36mo.p.ts4.utility.classes.BatchComponent  [0;39m [2m:[0;39m INACTIVE
[2m2025-02-05 07:01:15.003[0;39m [32m INFO[0;39m [35m29432[0;39m [2m---[0;39m [2m[   scheduling-1][0;39m [36mo.p.ts4.utility.classes.BatchComponent  [0;39m [2m:[0;39m INACTIVE
[2m2025-02-05 07:01:20.009[0;39m [32m INFO[0;39m [35m29432[0;39m [2m---[0;39m [2m[   scheduling-1][0;39m [36mo.p.ts4.utility.classes.BatchComponent  [0;39m [2m:[0;39m INACTIVE
[2m2025-02-05 07:01:25.009[0;39m [32m INFO[0;39m [35m29432[0;39m [2m---[0;39m [2m[   scheduling-1][0;39m [36mo.p.ts4.utility.classes.BatchComponent  [0;39m [2m:[0;39m INACTIVE
[2m2025-02-05 07:01:30.004[0;39m [32m INFO[0;39m [35m29432[0;39m [2m---[0;39m [2m[   scheduling-1][0;39m [36mo.p.ts4.utility.classes.BatchComponent  [0;39m [2m:[0;39m INACTIVE
[2m2025-02-05 07:01:35.006[0;39m [32m INFO[0;39m [35m29432[0;39m [2m---[0;39m [2m[   scheduling-1][0;39m [36mo.p.ts4.utility.classes.BatchComponent  [0;39m [2m:[0;39m INACTIVE
[2m2025-02-05 07:01:40.004[0;39m [32m INFO[0;39m [35m29432[0;39m [2m---[0;39m [2m[   scheduling-1][0;39m [36mo.p.ts4.utility.classes.BatchComponent  [0;39m [2m:[0;39m INACTIVE
[2m2025-02-05 07:01:45.009[0;39m [32m INFO[0;39m [35m29432[0;39m [2m---[0;39m [2m[   scheduling-1][0;39m [36mo.p.ts4.utility.classes.BatchComponent  [0;39m [2m:[0;39m INACTIVE
[2m2025-02-05 07:01:50.008[0;39m [32m INFO[0;39m [35m29432[0;39m [2m---[0;39m [2m[   scheduling-1][0;39m [36mo.p.ts4.utility.classes.BatchComponent  [0;39m [2m:[0;39m INACTIVE
[2m2025-02-05 07:01:55.005[0;39m [32m INFO[0;39m [35m29432[0;39m [2m---[0;39m [2m[   scheduling-1][0;39m [36mo.p.ts4.utility.classes.BatchComponent  [0;39m [2m:[0;39m INACTIVE
[2m2025-02-05 07:02:00.001[0;39m [32m INFO[0;39m [35m29432[0;39m [2m---[0;39m [2m[   scheduling-1][0;39m [36mo.p.ts4.utility.classes.BatchComponent  [0;39m [2m:[0;39m INACTIVE
[2m2025-02-05 07:02:05.003[0;39m [32m INFO[0;39m [35m29432[0;39m [2m---[0;39m [2m[   scheduling-1][0;39m [36mo.p.ts4.utility.classes.BatchComponent  [0;39m [2m:[0;39m INACTIVE
[2m2025-02-05 07:02:10.010[0;39m [32m INFO[0;39m [35m29432[0;39m [2m---[0;39m [2m[   scheduling-1][0;39m [36mo.p.ts4.utility.classes.BatchComponent  [0;39m [2m:[0;39m INACTIVE
[2m2025-02-05 07:02:15.000[0;39m [32m INFO[0;39m [35m29432[0;39m [2m---[0;39m [2m[   scheduling-1][0;39m [36mo.p.ts4.utility.classes.BatchComponent  [0;39m [2m:[0;39m INACTIVE
[2m2025-02-05 07:02:20.006[0;39m [32m INFO[0;39m [35m29432[0;39m [2m---[0;39m [2m[   scheduling-1][0;39m [36mo.p.ts4.utility.classes.BatchComponent  [0;39m [2m:[0;39m INACTIVE
[2m2025-02-05 07:02:25.001[0;39m [32m INFO[0;39m [35m29432[0;39m [2m---[0;39m [2m[   scheduling-1][0;39m [36mo.p.ts4.utility.classes.BatchComponent  [0;39m [2m:[0;39m INACTIVE
[2m2025-02-05 07:02:30.008[0;39m [32m INFO[0;39m [35m29432[0;39m [2m---[0;39m [2m[   scheduling-1][0;39m [36mo.p.ts4.utility.classes.BatchComponent  [0;39m [2m:[0;39m INACTIVE
[2m2025-02-05 07:02:35.010[0;39m [32m INFO[0;39m [35m29432[0;39m [2m---[0;39m [2m[   scheduling-1][0;39m [36mo.p.ts4.utility.classes.BatchComponent  [0;39m [2m:[0;39m INACTIVE
[2m2025-02-05 07:02:40.006[0;39m [32m INFO[0;39m [35m29432[0;39m [2m---[0;39m [2m[   scheduling-1][0;39m [36mo.p.ts4.utility.classes.BatchComponent  [0;39m [2m:[0;39m INACTIVE
[2m2025-02-05 07:02:45.007[0;39m [32m INFO[0;39m [35m29432[0;39m [2m---[0;39m [2m[   scheduling-1][0;39m [36mo.p.ts4.utility.classes.BatchComponent  [0;39m [2m:[0;39m INACTIVE
[2m2025-02-05 07:02:50.001[0;39m [32m INFO[0;39m [35m29432[0;39m [2m---[0;39m [2m[   scheduling-1][0;39m [36mo.p.ts4.utility.classes.BatchComponent  [0;39m [2m:[0;39m INACTIVE
[2m2025-02-05 07:02:55.009[0;39m [32m INFO[0;39m [35m29432[0;39m [2m---[0;39m [2m[   scheduling-1][0;39m [36mo.p.ts4.utility.classes.BatchComponent  [0;39m [2m:[0;39m INACTIVE
[2m2025-02-05 07:03:00.004[0;39m [32m INFO[0;39m [35m29432[0;39m [2m---[0;39m [2m[   scheduling-1][0;39m [36mo.p.ts4.utility.classes.BatchComponent  [0;39m [2m:[0;39m INACTIVE
[2m2025-02-05 07:03:05.002[0;39m [32m INFO[0;39m [35m29432[0;39m [2m---[0;39m [2m[   scheduling-1][0;39m [36mo.p.ts4.utility.classes.BatchComponent  [0;39m [2m:[0;39m INACTIVE
[2m2025-02-05 07:03:10.005[0;39m [32m INFO[0;39m [35m29432[0;39m [2m---[0;39m [2m[   scheduling-1][0;39m [36mo.p.ts4.utility.classes.BatchComponent  [0;39m [2m:[0;39m INACTIVE
[2m2025-02-05 07:03:15.006[0;39m [32m INFO[0;39m [35m29432[0;39m [2m---[0;39m [2m[   scheduling-1][0;39m [36mo.p.ts4.utility.classes.BatchComponent  [0;39m [2m:[0;39m INACTIVE
[2m2025-02-05 07:03:20.000[0;39m [32m INFO[0;39m [35m29432[0;39m [2m---[0;39m [2m[   scheduling-1][0;39m [36mo.p.ts4.utility.classes.BatchComponent  [0;39m [2m:[0;39m INACTIVE
[2m2025-02-05 07:06:40.820[0;39m [32m INFO[0;39m [35m29432[0;39m [2m---[0;39m [2m[site-downloader][0;39m [36mo.a.k.c.c.internals.ConsumerCoordinator [0;39m [2m:[0;39m [Consumer clientId=consumer-ts4-website-downloader-1, groupId=ts4-website-downloader] Group coordinator localhost:9092 (id: 2147483646 rack: null) is unavailable or invalid due to cause: session timed out without receiving a heartbeat response. isDisconnected: false. Rediscovery will be attempted.
[2m2025-02-05 07:06:40.821[0;39m [32m INFO[0;39m [35m29432[0;39m [2m---[0;39m [2m[site-downloader][0;39m [36mo.a.k.c.c.internals.ConsumerCoordinator [0;39m [2m:[0;39m [Consumer clientId=consumer-ts4-website-downloader-1, groupId=ts4-website-downloader] Requesting disconnect from last known coordinator localhost:9092 (id: 2147483646 rack: null)
[2m2025-02-05 07:06:40.821[0;39m [32m INFO[0;39m [35m29432[0;39m [2m---[0;39m [2m[site-downloader][0;39m [36morg.apache.kafka.clients.NetworkClient  [0;39m [2m:[0;39m [Consumer clientId=consumer-ts4-website-downloader-1, groupId=ts4-website-downloader] Client requested disconnect from node 2147483646
[2m2025-02-05 07:06:40.889[0;39m [32m INFO[0;39m [35m29432[0;39m [2m---[0;39m [2m[ntainer#0-0-C-1][0;39m [36mo.a.k.c.c.internals.ConsumerCoordinator [0;39m [2m:[0;39m [Consumer clientId=consumer-ts4-website-downloader-1, groupId=ts4-website-downloader] Discovered group coordinator localhost:9092 (id: 2147483646 rack: null)
[2m2025-02-05 07:06:41.903[0;39m [32m INFO[0;39m [35m29432[0;39m [2m---[0;39m [2m[   scheduling-1][0;39m [36mo.p.ts4.utility.classes.BatchComponent  [0;39m [2m:[0;39m INACTIVE
[2m2025-02-05 07:06:45.004[0;39m [32m INFO[0;39m [35m29432[0;39m [2m---[0;39m [2m[   scheduling-1][0;39m [36mo.p.ts4.utility.classes.BatchComponent  [0;39m [2m:[0;39m INACTIVE
[2m2025-02-05 07:06:50.003[0;39m [32m INFO[0;39m [35m29432[0;39m [2m---[0;39m [2m[   scheduling-1][0;39m [36mo.p.ts4.utility.classes.BatchComponent  [0;39m [2m:[0;39m INACTIVE
[2m2025-02-05 07:06:55.008[0;39m [32m INFO[0;39m [35m29432[0;39m [2m---[0;39m [2m[   scheduling-1][0;39m [36mo.p.ts4.utility.classes.BatchComponent  [0;39m [2m:[0;39m INACTIVE
[2m2025-02-05 07:07:00.015[0;39m [32m INFO[0;39m [35m29432[0;39m [2m---[0;39m [2m[   scheduling-1][0;39m [36mo.p.ts4.utility.classes.BatchComponent  [0;39m [2m:[0;39m INACTIVE
[2m2025-02-05 07:07:05.004[0;39m [32m INFO[0;39m [35m29432[0;39m [2m---[0;39m [2m[   scheduling-1][0;39m [36mo.p.ts4.utility.classes.BatchComponent  [0;39m [2m:[0;39m INACTIVE
[2m2025-02-05 07:07:10.007[0;39m [32m INFO[0;39m [35m29432[0;39m [2m---[0;39m [2m[   scheduling-1][0;39m [36mo.p.ts4.utility.classes.BatchComponent  [0;39m [2m:[0;39m INACTIVE
[2m2025-02-05 07:07:15.010[0;39m [32m INFO[0;39m [35m29432[0;39m [2m---[0;39m [2m[   scheduling-1][0;39m [36mo.p.ts4.utility.classes.BatchComponent  [0;39m [2m:[0;39m INACTIVE
[2m2025-02-05 07:07:20.000[0;39m [32m INFO[0;39m [35m29432[0;39m [2m---[0;39m [2m[   scheduling-1][0;39m [36mo.p.ts4.utility.classes.BatchComponent  [0;39m [2m:[0;39m INACTIVE
[2m2025-02-05 07:07:25.007[0;39m [32m INFO[0;39m [35m29432[0;39m [2m---[0;39m [2m[   scheduling-1][0;39m [36mo.p.ts4.utility.classes.BatchComponent  [0;39m [2m:[0;39m INACTIVE
[2m2025-02-05 07:23:24.801[0;39m [32m INFO[0;39m [35m29432[0;39m [2m---[0;39m [2m[site-downloader][0;39m [36mo.a.k.c.c.internals.ConsumerCoordinator [0;39m [2m:[0;39m [Consumer clientId=consumer-ts4-website-downloader-1, groupId=ts4-website-downloader] Group coordinator localhost:9092 (id: 2147483646 rack: null) is unavailable or invalid due to cause: session timed out without receiving a heartbeat response. isDisconnected: false. Rediscovery will be attempted.
[2m2025-02-05 07:23:24.801[0;39m [32m INFO[0;39m [35m29432[0;39m [2m---[0;39m [2m[site-downloader][0;39m [36mo.a.k.c.c.internals.ConsumerCoordinator [0;39m [2m:[0;39m [Consumer clientId=consumer-ts4-website-downloader-1, groupId=ts4-website-downloader] Requesting disconnect from last known coordinator localhost:9092 (id: 2147483646 rack: null)
[2m2025-02-05 07:23:24.802[0;39m [32m INFO[0;39m [35m29432[0;39m [2m---[0;39m [2m[site-downloader][0;39m [36morg.apache.kafka.clients.NetworkClient  [0;39m [2m:[0;39m [Consumer clientId=consumer-ts4-website-downloader-1, groupId=ts4-website-downloader] Client requested disconnect from node 2147483646
[2m2025-02-05 07:23:24.808[0;39m [32m INFO[0;39m [35m29432[0;39m [2m---[0;39m [2m[ntainer#0-0-C-1][0;39m [36mo.a.k.c.c.internals.ConsumerCoordinator [0;39m [2m:[0;39m [Consumer clientId=consumer-ts4-website-downloader-1, groupId=ts4-website-downloader] Discovered group coordinator localhost:9092 (id: 2147483646 rack: null)
[2m2025-02-05 07:23:24.808[0;39m [32m INFO[0;39m [35m29432[0;39m [2m---[0;39m [2m[ntainer#0-0-C-1][0;39m [36mo.a.k.c.c.internals.ConsumerCoordinator [0;39m [2m:[0;39m [Consumer clientId=consumer-ts4-website-downloader-1, groupId=ts4-website-downloader] Group coordinator localhost:9092 (id: 2147483646 rack: null) is unavailable or invalid due to cause: coordinator unavailable. isDisconnected: false. Rediscovery will be attempted.
[2m2025-02-05 07:23:24.808[0;39m [32m INFO[0;39m [35m29432[0;39m [2m---[0;39m [2m[ntainer#0-0-C-1][0;39m [36mo.a.k.c.c.internals.ConsumerCoordinator [0;39m [2m:[0;39m [Consumer clientId=consumer-ts4-website-downloader-1, groupId=ts4-website-downloader] Requesting disconnect from last known coordinator localhost:9092 (id: 2147483646 rack: null)
[2m2025-02-05 07:23:24.918[0;39m [32m INFO[0;39m [35m29432[0;39m [2m---[0;39m [2m[ntainer#0-0-C-1][0;39m [36mo.a.k.c.c.internals.ConsumerCoordinator [0;39m [2m:[0;39m [Consumer clientId=consumer-ts4-website-downloader-1, groupId=ts4-website-downloader] Discovered group coordinator localhost:9092 (id: 2147483646 rack: null)
[2m2025-02-05 07:23:26.839[0;39m [32m INFO[0;39m [35m29432[0;39m [2m---[0;39m [2m[   scheduling-1][0;39m [36mo.p.ts4.utility.classes.BatchComponent  [0;39m [2m:[0;39m INACTIVE
[2m2025-02-05 07:23:30.003[0;39m [32m INFO[0;39m [35m29432[0;39m [2m---[0;39m [2m[   scheduling-1][0;39m [36mo.p.ts4.utility.classes.BatchComponent  [0;39m [2m:[0;39m INACTIVE
[2m2025-02-05 07:23:35.005[0;39m [32m INFO[0;39m [35m29432[0;39m [2m---[0;39m [2m[   scheduling-1][0;39m [36mo.p.ts4.utility.classes.BatchComponent  [0;39m [2m:[0;39m INACTIVE
[2m2025-02-05 07:23:40.008[0;39m [32m INFO[0;39m [35m29432[0;39m [2m---[0;39m [2m[   scheduling-1][0;39m [36mo.p.ts4.utility.classes.BatchComponent  [0;39m [2m:[0;39m INACTIVE
[2m2025-02-05 07:23:45.008[0;39m [32m INFO[0;39m [35m29432[0;39m [2m---[0;39m [2m[   scheduling-1][0;39m [36mo.p.ts4.utility.classes.BatchComponent  [0;39m [2m:[0;39m INACTIVE
[2m2025-02-05 07:23:50.003[0;39m [32m INFO[0;39m [35m29432[0;39m [2m---[0;39m [2m[   scheduling-1][0;39m [36mo.p.ts4.utility.classes.BatchComponent  [0;39m [2m:[0;39m INACTIVE
[2m2025-02-05 07:23:55.009[0;39m [32m INFO[0;39m [35m29432[0;39m [2m---[0;39m [2m[   scheduling-1][0;39m [36mo.p.ts4.utility.classes.BatchComponent  [0;39m [2m:[0;39m INACTIVE
[2m2025-02-05 07:24:00.008[0;39m [32m INFO[0;39m [35m29432[0;39m [2m---[0;39m [2m[   scheduling-1][0;39m [36mo.p.ts4.utility.classes.BatchComponent  [0;39m [2m:[0;39m INACTIVE
[2m2025-02-05 07:24:05.000[0;39m [32m INFO[0;39m [35m29432[0;39m [2m---[0;39m [2m[   scheduling-1][0;39m [36mo.p.ts4.utility.classes.BatchComponent  [0;39m [2m:[0;39m INACTIVE
[2m2025-02-05 07:24:10.010[0;39m [32m INFO[0;39m [35m29432[0;39m [2m---[0;39m [2m[   scheduling-1][0;39m [36mo.p.ts4.utility.classes.BatchComponent  [0;39m [2m:[0;39m INACTIVE
[2m2025-02-05 07:24:15.004[0;39m [32m INFO[0;39m [35m29432[0;39m [2m---[0;39m [2m[   scheduling-1][0;39m [36mo.p.ts4.utility.classes.BatchComponent  [0;39m [2m:[0;39m INACTIVE
[2m2025-02-05 07:24:20.008[0;39m [32m INFO[0;39m [35m29432[0;39m [2m---[0;39m [2m[   scheduling-1][0;39m [36mo.p.ts4.utility.classes.BatchComponent  [0;39m [2m:[0;39m INACTIVE
[2m2025-02-05 07:24:25.002[0;39m [32m INFO[0;39m [35m29432[0;39m [2m---[0;39m [2m[   scheduling-1][0;39m [36mo.p.ts4.utility.classes.BatchComponent  [0;39m [2m:[0;39m INACTIVE
[2m2025-02-05 07:24:30.006[0;39m [32m INFO[0;39m [35m29432[0;39m [2m---[0;39m [2m[   scheduling-1][0;39m [36mo.p.ts4.utility.classes.BatchComponent  [0;39m [2m:[0;39m INACTIVE
[2m2025-02-05 07:24:35.004[0;39m [32m INFO[0;39m [35m29432[0;39m [2m---[0;39m [2m[   scheduling-1][0;39m [36mo.p.ts4.utility.classes.BatchComponent  [0;39m [2m:[0;39m INACTIVE
[2m2025-02-05 07:24:40.004[0;39m [32m INFO[0;39m [35m29432[0;39m [2m---[0;39m [2m[   scheduling-1][0;39m [36mo.p.ts4.utility.classes.BatchComponent  [0;39m [2m:[0;39m INACTIVE
[2m2025-02-05 07:24:45.008[0;39m [32m INFO[0;39m [35m29432[0;39m [2m---[0;39m [2m[   scheduling-1][0;39m [36mo.p.ts4.utility.classes.BatchComponent  [0;39m [2m:[0;39m INACTIVE
[2m2025-02-05 07:24:50.007[0;39m [32m INFO[0;39m [35m29432[0;39m [2m---[0;39m [2m[   scheduling-1][0;39m [36mo.p.ts4.utility.classes.BatchComponent  [0;39m [2m:[0;39m INACTIVE
[2m2025-02-05 07:24:55.007[0;39m [32m INFO[0;39m [35m29432[0;39m [2m---[0;39m [2m[   scheduling-1][0;39m [36mo.p.ts4.utility.classes.BatchComponent  [0;39m [2m:[0;39m INACTIVE
[2m2025-02-05 07:25:00.007[0;39m [32m INFO[0;39m [35m29432[0;39m [2m---[0;39m [2m[   scheduling-1][0;39m [36mo.p.ts4.utility.classes.BatchComponent  [0;39m [2m:[0;39m INACTIVE
[2m2025-02-05 07:25:05.001[0;39m [32m INFO[0;39m [35m29432[0;39m [2m---[0;39m [2m[   scheduling-1][0;39m [36mo.p.ts4.utility.classes.BatchComponent  [0;39m [2m:[0;39m INACTIVE
[2m2025-02-05 07:25:10.004[0;39m [32m INFO[0;39m [35m29432[0;39m [2m---[0;39m [2m[   scheduling-1][0;39m [36mo.p.ts4.utility.classes.BatchComponent  [0;39m [2m:[0;39m INACTIVE
[2m2025-02-05 07:25:15.002[0;39m [32m INFO[0;39m [35m29432[0;39m [2m---[0;39m [2m[   scheduling-1][0;39m [36mo.p.ts4.utility.classes.BatchComponent  [0;39m [2m:[0;39m INACTIVE
[2m2025-02-05 07:25:20.005[0;39m [32m INFO[0;39m [35m29432[0;39m [2m---[0;39m [2m[   scheduling-1][0;39m [36mo.p.ts4.utility.classes.BatchComponent  [0;39m [2m:[0;39m INACTIVE
[2m2025-02-05 07:25:25.003[0;39m [32m INFO[0;39m [35m29432[0;39m [2m---[0;39m [2m[   scheduling-1][0;39m [36mo.p.ts4.utility.classes.BatchComponent  [0;39m [2m:[0;39m INACTIVE
[2m2025-02-05 07:25:30.001[0;39m [32m INFO[0;39m [35m29432[0;39m [2m---[0;39m [2m[   scheduling-1][0;39m [36mo.p.ts4.utility.classes.BatchComponent  [0;39m [2m:[0;39m INACTIVE
[2m2025-02-05 07:25:35.009[0;39m [32m INFO[0;39m [35m29432[0;39m [2m---[0;39m [2m[   scheduling-1][0;39m [36mo.p.ts4.utility.classes.BatchComponent  [0;39m [2m:[0;39m INACTIVE
[2m2025-02-05 07:25:40.007[0;39m [32m INFO[0;39m [35m29432[0;39m [2m---[0;39m [2m[   scheduling-1][0;39m [36mo.p.ts4.utility.classes.BatchComponent  [0;39m [2m:[0;39m INACTIVE
[2m2025-02-05 07:25:45.001[0;39m [32m INFO[0;39m [35m29432[0;39m [2m---[0;39m [2m[   scheduling-1][0;39m [36mo.p.ts4.utility.classes.BatchComponent  [0;39m [2m:[0;39m INACTIVE
[2m2025-02-05 07:25:50.009[0;39m [32m INFO[0;39m [35m29432[0;39m [2m---[0;39m [2m[   scheduling-1][0;39m [36mo.p.ts4.utility.classes.BatchComponent  [0;39m [2m:[0;39m INACTIVE
[2m2025-02-05 07:25:55.008[0;39m [32m INFO[0;39m [35m29432[0;39m [2m---[0;39m [2m[   scheduling-1][0;39m [36mo.p.ts4.utility.classes.BatchComponent  [0;39m [2m:[0;39m INACTIVE
[2m2025-02-05 07:26:00.005[0;39m [32m INFO[0;39m [35m29432[0;39m [2m---[0;39m [2m[   scheduling-1][0;39m [36mo.p.ts4.utility.classes.BatchComponent  [0;39m [2m:[0;39m INACTIVE
[2m2025-02-05 07:26:05.007[0;39m [32m INFO[0;39m [35m29432[0;39m [2m---[0;39m [2m[   scheduling-1][0;39m [36mo.p.ts4.utility.classes.BatchComponent  [0;39m [2m:[0;39m INACTIVE
[2m2025-02-05 07:26:10.002[0;39m [32m INFO[0;39m [35m29432[0;39m [2m---[0;39m [2m[   scheduling-1][0;39m [36mo.p.ts4.utility.classes.BatchComponent  [0;39m [2m:[0;39m INACTIVE
[2m2025-02-05 07:26:15.008[0;39m [32m INFO[0;39m [35m29432[0;39m [2m---[0;39m [2m[   scheduling-1][0;39m [36mo.p.ts4.utility.classes.BatchComponent  [0;39m [2m:[0;39m INACTIVE
[2m2025-02-05 07:26:20.005[0;39m [32m INFO[0;39m [35m29432[0;39m [2m---[0;39m [2m[   scheduling-1][0;39m [36mo.p.ts4.utility.classes.BatchComponent  [0;39m [2m:[0;39m INACTIVE
[2m2025-02-05 07:26:25.002[0;39m [32m INFO[0;39m [35m29432[0;39m [2m---[0;39m [2m[   scheduling-1][0;39m [36mo.p.ts4.utility.classes.BatchComponent  [0;39m [2m:[0;39m INACTIVE
[2m2025-02-05 07:26:30.009[0;39m [32m INFO[0;39m [35m29432[0;39m [2m---[0;39m [2m[   scheduling-1][0;39m [36mo.p.ts4.utility.classes.BatchComponent  [0;39m [2m:[0;39m INACTIVE
[2m2025-02-05 07:26:35.003[0;39m [32m INFO[0;39m [35m29432[0;39m [2m---[0;39m [2m[   scheduling-1][0;39m [36mo.p.ts4.utility.classes.BatchComponent  [0;39m [2m:[0;39m INACTIVE
[2m2025-02-05 07:26:40.003[0;39m [32m INFO[0;39m [35m29432[0;39m [2m---[0;39m [2m[   scheduling-1][0;39m [36mo.p.ts4.utility.classes.BatchComponent  [0;39m [2m:[0;39m INACTIVE
[2m2025-02-05 07:26:45.003[0;39m [32m INFO[0;39m [35m29432[0;39m [2m---[0;39m [2m[   scheduling-1][0;39m [36mo.p.ts4.utility.classes.BatchComponent  [0;39m [2m:[0;39m INACTIVE
[2m2025-02-05 07:26:50.007[0;39m [32m INFO[0;39m [35m29432[0;39m [2m---[0;39m [2m[   scheduling-1][0;39m [36mo.p.ts4.utility.classes.BatchComponent  [0;39m [2m:[0;39m INACTIVE
[2m2025-02-05 07:26:55.010[0;39m [32m INFO[0;39m [35m29432[0;39m [2m---[0;39m [2m[   scheduling-1][0;39m [36mo.p.ts4.utility.classes.BatchComponent  [0;39m [2m:[0;39m INACTIVE
[2m2025-02-05 07:27:00.009[0;39m [32m INFO[0;39m [35m29432[0;39m [2m---[0;39m [2m[   scheduling-1][0;39m [36mo.p.ts4.utility.classes.BatchComponent  [0;39m [2m:[0;39m INACTIVE
[2m2025-02-05 07:27:05.005[0;39m [32m INFO[0;39m [35m29432[0;39m [2m---[0;39m [2m[   scheduling-1][0;39m [36mo.p.ts4.utility.classes.BatchComponent  [0;39m [2m:[0;39m INACTIVE
[2m2025-02-05 07:27:10.003[0;39m [32m INFO[0;39m [35m29432[0;39m [2m---[0;39m [2m[   scheduling-1][0;39m [36mo.p.ts4.utility.classes.BatchComponent  [0;39m [2m:[0;39m INACTIVE
[2m2025-02-05 07:27:15.005[0;39m [32m INFO[0;39m [35m29432[0;39m [2m---[0;39m [2m[   scheduling-1][0;39m [36mo.p.ts4.utility.classes.BatchComponent  [0;39m [2m:[0;39m INACTIVE
[2m2025-02-05 07:27:20.010[0;39m [32m INFO[0;39m [35m29432[0;39m [2m---[0;39m [2m[   scheduling-1][0;39m [36mo.p.ts4.utility.classes.BatchComponent  [0;39m [2m:[0;39m INACTIVE
[2m2025-02-05 07:27:25.004[0;39m [32m INFO[0;39m [35m29432[0;39m [2m---[0;39m [2m[   scheduling-1][0;39m [36mo.p.ts4.utility.classes.BatchComponent  [0;39m [2m:[0;39m INACTIVE
[2m2025-02-05 07:27:30.007[0;39m [32m INFO[0;39m [35m29432[0;39m [2m---[0;39m [2m[   scheduling-1][0;39m [36mo.p.ts4.utility.classes.BatchComponent  [0;39m [2m:[0;39m INACTIVE
[2m2025-02-05 07:27:35.004[0;39m [32m INFO[0;39m [35m29432[0;39m [2m---[0;39m [2m[   scheduling-1][0;39m [36mo.p.ts4.utility.classes.BatchComponent  [0;39m [2m:[0;39m INACTIVE
[2m2025-02-05 07:27:40.002[0;39m [32m INFO[0;39m [35m29432[0;39m [2m---[0;39m [2m[   scheduling-1][0;39m [36mo.p.ts4.utility.classes.BatchComponent  [0;39m [2m:[0;39m INACTIVE
[2m2025-02-05 07:27:45.003[0;39m [32m INFO[0;39m [35m29432[0;39m [2m---[0;39m [2m[   scheduling-1][0;39m [36mo.p.ts4.utility.classes.BatchComponent  [0;39m [2m:[0;39m INACTIVE
[2m2025-02-05 07:27:50.008[0;39m [32m INFO[0;39m [35m29432[0;39m [2m---[0;39m [2m[   scheduling-1][0;39m [36mo.p.ts4.utility.classes.BatchComponent  [0;39m [2m:[0;39m INACTIVE
[2m2025-02-05 07:27:55.008[0;39m [32m INFO[0;39m [35m29432[0;39m [2m---[0;39m [2m[   scheduling-1][0;39m [36mo.p.ts4.utility.classes.BatchComponent  [0;39m [2m:[0;39m INACTIVE
[2m2025-02-05 07:28:00.011[0;39m [32m INFO[0;39m [35m29432[0;39m [2m---[0;39m [2m[   scheduling-1][0;39m [36mo.p.ts4.utility.classes.BatchComponent  [0;39m [2m:[0;39m INACTIVE
[2m2025-02-05 07:28:05.004[0;39m [32m INFO[0;39m [35m29432[0;39m [2m---[0;39m [2m[   scheduling-1][0;39m [36mo.p.ts4.utility.classes.BatchComponent  [0;39m [2m:[0;39m INACTIVE
[2m2025-02-05 07:28:10.004[0;39m [32m INFO[0;39m [35m29432[0;39m [2m---[0;39m [2m[   scheduling-1][0;39m [36mo.p.ts4.utility.classes.BatchComponent  [0;39m [2m:[0;39m INACTIVE
[2m2025-02-05 07:28:15.006[0;39m [32m INFO[0;39m [35m29432[0;39m [2m---[0;39m [2m[   scheduling-1][0;39m [36mo.p.ts4.utility.classes.BatchComponent  [0;39m [2m:[0;39m INACTIVE
[2m2025-02-05 07:28:20.005[0;39m [32m INFO[0;39m [35m29432[0;39m [2m---[0;39m [2m[   scheduling-1][0;39m [36mo.p.ts4.utility.classes.BatchComponent  [0;39m [2m:[0;39m INACTIVE
[2m2025-02-05 07:28:25.002[0;39m [32m INFO[0;39m [35m29432[0;39m [2m---[0;39m [2m[   scheduling-1][0;39m [36mo.p.ts4.utility.classes.BatchComponent  [0;39m [2m:[0;39m INACTIVE
[2m2025-02-05 07:28:30.004[0;39m [32m INFO[0;39m [35m29432[0;39m [2m---[0;39m [2m[   scheduling-1][0;39m [36mo.p.ts4.utility.classes.BatchComponent  [0;39m [2m:[0;39m INACTIVE
[2m2025-02-05 07:28:35.004[0;39m [32m INFO[0;39m [35m29432[0;39m [2m---[0;39m [2m[   scheduling-1][0;39m [36mo.p.ts4.utility.classes.BatchComponent  [0;39m [2m:[0;39m INACTIVE
[2m2025-02-05 07:28:40.007[0;39m [32m INFO[0;39m [35m29432[0;39m [2m---[0;39m [2m[   scheduling-1][0;39m [36mo.p.ts4.utility.classes.BatchComponent  [0;39m [2m:[0;39m INACTIVE
[2m2025-02-05 07:28:45.004[0;39m [32m INFO[0;39m [35m29432[0;39m [2m---[0;39m [2m[   scheduling-1][0;39m [36mo.p.ts4.utility.classes.BatchComponent  [0;39m [2m:[0;39m INACTIVE
[2m2025-02-05 07:28:50.009[0;39m [32m INFO[0;39m [35m29432[0;39m [2m---[0;39m [2m[   scheduling-1][0;39m [36mo.p.ts4.utility.classes.BatchComponent  [0;39m [2m:[0;39m INACTIVE
[2m2025-02-05 07:28:55.010[0;39m [32m INFO[0;39m [35m29432[0;39m [2m---[0;39m [2m[   scheduling-1][0;39m [36mo.p.ts4.utility.classes.BatchComponent  [0;39m [2m:[0;39m INACTIVE
[2m2025-02-05 07:29:00.009[0;39m [32m INFO[0;39m [35m29432[0;39m [2m---[0;39m [2m[   scheduling-1][0;39m [36mo.p.ts4.utility.classes.BatchComponent  [0;39m [2m:[0;39m INACTIVE
[2m2025-02-05 07:29:05.007[0;39m [32m INFO[0;39m [35m29432[0;39m [2m---[0;39m [2m[   scheduling-1][0;39m [36mo.p.ts4.utility.classes.BatchComponent  [0;39m [2m:[0;39m INACTIVE
[2m2025-02-05 07:29:10.005[0;39m [32m INFO[0;39m [35m29432[0;39m [2m---[0;39m [2m[   scheduling-1][0;39m [36mo.p.ts4.utility.classes.BatchComponent  [0;39m [2m:[0;39m INACTIVE
[2m2025-02-05 07:29:15.010[0;39m [32m INFO[0;39m [35m29432[0;39m [2m---[0;39m [2m[   scheduling-1][0;39m [36mo.p.ts4.utility.classes.BatchComponent  [0;39m [2m:[0;39m INACTIVE
[2m2025-02-05 07:29:20.004[0;39m [32m INFO[0;39m [35m29432[0;39m [2m---[0;39m [2m[   scheduling-1][0;39m [36mo.p.ts4.utility.classes.BatchComponent  [0;39m [2m:[0;39m INACTIVE
[2m2025-02-05 07:29:25.003[0;39m [32m INFO[0;39m [35m29432[0;39m [2m---[0;39m [2m[   scheduling-1][0;39m [36mo.p.ts4.utility.classes.BatchComponent  [0;39m [2m:[0;39m INACTIVE
[2m2025-02-05 07:29:30.002[0;39m [32m INFO[0;39m [35m29432[0;39m [2m---[0;39m [2m[   scheduling-1][0;39m [36mo.p.ts4.utility.classes.BatchComponent  [0;39m [2m:[0;39m INACTIVE
[2m2025-02-05 07:29:35.008[0;39m [32m INFO[0;39m [35m29432[0;39m [2m---[0;39m [2m[   scheduling-1][0;39m [36mo.p.ts4.utility.classes.BatchComponent  [0;39m [2m:[0;39m INACTIVE
[2m2025-02-05 07:29:40.009[0;39m [32m INFO[0;39m [35m29432[0;39m [2m---[0;39m [2m[   scheduling-1][0;39m [36mo.p.ts4.utility.classes.BatchComponent  [0;39m [2m:[0;39m INACTIVE
[2m2025-02-05 07:29:45.002[0;39m [32m INFO[0;39m [35m29432[0;39m [2m---[0;39m [2m[   scheduling-1][0;39m [36mo.p.ts4.utility.classes.BatchComponent  [0;39m [2m:[0;39m INACTIVE
[2m2025-02-05 07:29:50.009[0;39m [32m INFO[0;39m [35m29432[0;39m [2m---[0;39m [2m[   scheduling-1][0;39m [36mo.p.ts4.utility.classes.BatchComponent  [0;39m [2m:[0;39m INACTIVE
[2m2025-02-05 07:29:55.010[0;39m [32m INFO[0;39m [35m29432[0;39m [2m---[0;39m [2m[   scheduling-1][0;39m [36mo.p.ts4.utility.classes.BatchComponent  [0;39m [2m:[0;39m INACTIVE
[2m2025-02-05 07:30:00.008[0;39m [32m INFO[0;39m [35m29432[0;39m [2m---[0;39m [2m[   scheduling-1][0;39m [36mo.p.ts4.utility.classes.BatchComponent  [0;39m [2m:[0;39m INACTIVE
[2m2025-02-05 07:30:05.000[0;39m [32m INFO[0;39m [35m29432[0;39m [2m---[0;39m [2m[   scheduling-1][0;39m [36mo.p.ts4.utility.classes.BatchComponent  [0;39m [2m:[0;39m INACTIVE
[2m2025-02-05 07:30:10.004[0;39m [32m INFO[0;39m [35m29432[0;39m [2m---[0;39m [2m[   scheduling-1][0;39m [36mo.p.ts4.utility.classes.BatchComponent  [0;39m [2m:[0;39m INACTIVE
[2m2025-02-05 07:30:15.002[0;39m [32m INFO[0;39m [35m29432[0;39m [2m---[0;39m [2m[   scheduling-1][0;39m [36mo.p.ts4.utility.classes.BatchComponent  [0;39m [2m:[0;39m INACTIVE
[2m2025-02-05 07:30:20.007[0;39m [32m INFO[0;39m [35m29432[0;39m [2m---[0;39m [2m[   scheduling-1][0;39m [36mo.p.ts4.utility.classes.BatchComponent  [0;39m [2m:[0;39m INACTIVE
[2m2025-02-05 07:30:25.008[0;39m [32m INFO[0;39m [35m29432[0;39m [2m---[0;39m [2m[   scheduling-1][0;39m [36mo.p.ts4.utility.classes.BatchComponent  [0;39m [2m:[0;39m INACTIVE
[2m2025-02-05 07:30:30.007[0;39m [32m INFO[0;39m [35m29432[0;39m [2m---[0;39m [2m[   scheduling-1][0;39m [36mo.p.ts4.utility.classes.BatchComponent  [0;39m [2m:[0;39m INACTIVE
[2m2025-02-05 07:30:35.001[0;39m [32m INFO[0;39m [35m29432[0;39m [2m---[0;39m [2m[   scheduling-1][0;39m [36mo.p.ts4.utility.classes.BatchComponent  [0;39m [2m:[0;39m INACTIVE
[2m2025-02-05 07:30:40.004[0;39m [32m INFO[0;39m [35m29432[0;39m [2m---[0;39m [2m[   scheduling-1][0;39m [36mo.p.ts4.utility.classes.BatchComponent  [0;39m [2m:[0;39m INACTIVE
[2m2025-02-05 07:30:45.002[0;39m [32m INFO[0;39m [35m29432[0;39m [2m---[0;39m [2m[   scheduling-1][0;39m [36mo.p.ts4.utility.classes.BatchComponent  [0;39m [2m:[0;39m INACTIVE
[2m2025-02-05 07:30:50.008[0;39m [32m INFO[0;39m [35m29432[0;39m [2m---[0;39m [2m[   scheduling-1][0;39m [36mo.p.ts4.utility.classes.BatchComponent  [0;39m [2m:[0;39m INACTIVE
[2m2025-02-05 07:30:55.007[0;39m [32m INFO[0;39m [35m29432[0;39m [2m---[0;39m [2m[   scheduling-1][0;39m [36mo.p.ts4.utility.classes.BatchComponent  [0;39m [2m:[0;39m INACTIVE
[2m2025-02-05 07:31:00.005[0;39m [32m INFO[0;39m [35m29432[0;39m [2m---[0;39m [2m[   scheduling-1][0;39m [36mo.p.ts4.utility.classes.BatchComponent  [0;39m [2m:[0;39m INACTIVE
[2m2025-02-05 07:31:05.003[0;39m [32m INFO[0;39m [35m29432[0;39m [2m---[0;39m [2m[   scheduling-1][0;39m [36mo.p.ts4.utility.classes.BatchComponent  [0;39m [2m:[0;39m INACTIVE
[2m2025-02-05 07:31:10.009[0;39m [32m INFO[0;39m [35m29432[0;39m [2m---[0;39m [2m[   scheduling-1][0;39m [36mo.p.ts4.utility.classes.BatchComponent  [0;39m [2m:[0;39m INACTIVE
[2m2025-02-05 07:31:15.010[0;39m [32m INFO[0;39m [35m29432[0;39m [2m---[0;39m [2m[   scheduling-1][0;39m [36mo.p.ts4.utility.classes.BatchComponent  [0;39m [2m:[0;39m INACTIVE
[2m2025-02-05 07:31:20.008[0;39m [32m INFO[0;39m [35m29432[0;39m [2m---[0;39m [2m[   scheduling-1][0;39m [36mo.p.ts4.utility.classes.BatchComponent  [0;39m [2m:[0;39m INACTIVE
[2m2025-02-05 07:31:25.007[0;39m [32m INFO[0;39m [35m29432[0;39m [2m---[0;39m [2m[   scheduling-1][0;39m [36mo.p.ts4.utility.classes.BatchComponent  [0;39m [2m:[0;39m INACTIVE
[2m2025-02-05 07:31:30.002[0;39m [32m INFO[0;39m [35m29432[0;39m [2m---[0;39m [2m[   scheduling-1][0;39m [36mo.p.ts4.utility.classes.BatchComponent  [0;39m [2m:[0;39m INACTIVE
[2m2025-02-05 07:31:35.003[0;39m [32m INFO[0;39m [35m29432[0;39m [2m---[0;39m [2m[   scheduling-1][0;39m [36mo.p.ts4.utility.classes.BatchComponent  [0;39m [2m:[0;39m INACTIVE
[2m2025-02-05 07:31:40.008[0;39m [32m INFO[0;39m [35m29432[0;39m [2m---[0;39m [2m[   scheduling-1][0;39m [36mo.p.ts4.utility.classes.BatchComponent  [0;39m [2m:[0;39m INACTIVE
[2m2025-02-05 07:31:45.004[0;39m [32m INFO[0;39m [35m29432[0;39m [2m---[0;39m [2m[   scheduling-1][0;39m [36mo.p.ts4.utility.classes.BatchComponent  [0;39m [2m:[0;39m INACTIVE
[2m2025-02-05 07:31:50.002[0;39m [32m INFO[0;39m [35m29432[0;39m [2m---[0;39m [2m[   scheduling-1][0;39m [36mo.p.ts4.utility.classes.BatchComponent  [0;39m [2m:[0;39m INACTIVE
[2m2025-02-05 07:31:55.002[0;39m [32m INFO[0;39m [35m29432[0;39m [2m---[0;39m [2m[   scheduling-1][0;39m [36mo.p.ts4.utility.classes.BatchComponent  [0;39m [2m:[0;39m INACTIVE
[2m2025-02-05 07:32:00.002[0;39m [32m INFO[0;39m [35m29432[0;39m [2m---[0;39m [2m[   scheduling-1][0;39m [36mo.p.ts4.utility.classes.BatchComponent  [0;39m [2m:[0;39m INACTIVE
[2m2025-02-05 07:32:05.004[0;39m [32m INFO[0;39m [35m29432[0;39m [2m---[0;39m [2m[   scheduling-1][0;39m [36mo.p.ts4.utility.classes.BatchComponent  [0;39m [2m:[0;39m INACTIVE
[2m2025-02-05 07:32:10.003[0;39m [32m INFO[0;39m [35m29432[0;39m [2m---[0;39m [2m[   scheduling-1][0;39m [36mo.p.ts4.utility.classes.BatchComponent  [0;39m [2m:[0;39m INACTIVE
[2m2025-02-05 07:32:15.007[0;39m [32m INFO[0;39m [35m29432[0;39m [2m---[0;39m [2m[   scheduling-1][0;39m [36mo.p.ts4.utility.classes.BatchComponent  [0;39m [2m:[0;39m INACTIVE
[2m2025-02-05 07:32:20.007[0;39m [32m INFO[0;39m [35m29432[0;39m [2m---[0;39m [2m[   scheduling-1][0;39m [36mo.p.ts4.utility.classes.BatchComponent  [0;39m [2m:[0;39m INACTIVE
[2m2025-02-05 07:32:25.003[0;39m [32m INFO[0;39m [35m29432[0;39m [2m---[0;39m [2m[   scheduling-1][0;39m [36mo.p.ts4.utility.classes.BatchComponent  [0;39m [2m:[0;39m INACTIVE
[2m2025-02-05 07:32:30.003[0;39m [32m INFO[0;39m [35m29432[0;39m [2m---[0;39m [2m[   scheduling-1][0;39m [36mo.p.ts4.utility.classes.BatchComponent  [0;39m [2m:[0;39m INACTIVE
[2m2025-02-05 07:32:35.007[0;39m [32m INFO[0;39m [35m29432[0;39m [2m---[0;39m [2m[   scheduling-1][0;39m [36mo.p.ts4.utility.classes.BatchComponent  [0;39m [2m:[0;39m INACTIVE
[2m2025-02-05 07:32:40.009[0;39m [32m INFO[0;39m [35m29432[0;39m [2m---[0;39m [2m[   scheduling-1][0;39m [36mo.p.ts4.utility.classes.BatchComponent  [0;39m [2m:[0;39m INACTIVE
[2m2025-02-05 07:32:45.007[0;39m [32m INFO[0;39m [35m29432[0;39m [2m---[0;39m [2m[   scheduling-1][0;39m [36mo.p.ts4.utility.classes.BatchComponent  [0;39m [2m:[0;39m INACTIVE
[2m2025-02-05 07:32:50.004[0;39m [32m INFO[0;39m [35m29432[0;39m [2m---[0;39m [2m[   scheduling-1][0;39m [36mo.p.ts4.utility.classes.BatchComponent  [0;39m [2m:[0;39m INACTIVE
[2m2025-02-05 07:32:55.005[0;39m [32m INFO[0;39m [35m29432[0;39m [2m---[0;39m [2m[   scheduling-1][0;39m [36mo.p.ts4.utility.classes.BatchComponent  [0;39m [2m:[0;39m INACTIVE
[2m2025-02-05 07:33:00.002[0;39m [32m INFO[0;39m [35m29432[0;39m [2m---[0;39m [2m[   scheduling-1][0;39m [36mo.p.ts4.utility.classes.BatchComponent  [0;39m [2m:[0;39m INACTIVE
[2m2025-02-05 07:33:05.010[0;39m [32m INFO[0;39m [35m29432[0;39m [2m---[0;39m [2m[   scheduling-1][0;39m [36mo.p.ts4.utility.classes.BatchComponent  [0;39m [2m:[0;39m INACTIVE
[2m2025-02-05 07:33:10.003[0;39m [32m INFO[0;39m [35m29432[0;39m [2m---[0;39m [2m[   scheduling-1][0;39m [36mo.p.ts4.utility.classes.BatchComponent  [0;39m [2m:[0;39m INACTIVE
[2m2025-02-05 07:33:15.003[0;39m [32m INFO[0;39m [35m29432[0;39m [2m---[0;39m [2m[   scheduling-1][0;39m [36mo.p.ts4.utility.classes.BatchComponent  [0;39m [2m:[0;39m INACTIVE
[2m2025-02-05 07:33:20.007[0;39m [32m INFO[0;39m [35m29432[0;39m [2m---[0;39m [2m[   scheduling-1][0;39m [36mo.p.ts4.utility.classes.BatchComponent  [0;39m [2m:[0;39m INACTIVE
[2m2025-02-05 07:33:25.007[0;39m [32m INFO[0;39m [35m29432[0;39m [2m---[0;39m [2m[   scheduling-1][0;39m [36mo.p.ts4.utility.classes.BatchComponent  [0;39m [2m:[0;39m INACTIVE
[2m2025-02-05 07:33:30.008[0;39m [32m INFO[0;39m [35m29432[0;39m [2m---[0;39m [2m[   scheduling-1][0;39m [36mo.p.ts4.utility.classes.BatchComponent  [0;39m [2m:[0;39m INACTIVE
[2m2025-02-05 07:33:35.002[0;39m [32m INFO[0;39m [35m29432[0;39m [2m---[0;39m [2m[   scheduling-1][0;39m [36mo.p.ts4.utility.classes.BatchComponent  [0;39m [2m:[0;39m INACTIVE
[2m2025-02-05 07:33:40.001[0;39m [32m INFO[0;39m [35m29432[0;39m [2m---[0;39m [2m[   scheduling-1][0;39m [36mo.p.ts4.utility.classes.BatchComponent  [0;39m [2m:[0;39m INACTIVE
[2m2025-02-05 07:33:45.001[0;39m [32m INFO[0;39m [35m29432[0;39m [2m---[0;39m [2m[   scheduling-1][0;39m [36mo.p.ts4.utility.classes.BatchComponent  [0;39m [2m:[0;39m INACTIVE
[2m2025-02-05 07:33:50.007[0;39m [32m INFO[0;39m [35m29432[0;39m [2m---[0;39m [2m[   scheduling-1][0;39m [36mo.p.ts4.utility.classes.BatchComponent  [0;39m [2m:[0;39m INACTIVE
[2m2025-02-05 07:33:55.002[0;39m [32m INFO[0;39m [35m29432[0;39m [2m---[0;39m [2m[   scheduling-1][0;39m [36mo.p.ts4.utility.classes.BatchComponent  [0;39m [2m:[0;39m INACTIVE
[2m2025-02-05 07:34:00.009[0;39m [32m INFO[0;39m [35m29432[0;39m [2m---[0;39m [2m[   scheduling-1][0;39m [36mo.p.ts4.utility.classes.BatchComponent  [0;39m [2m:[0;39m INACTIVE
[2m2025-02-05 07:34:05.001[0;39m [32m INFO[0;39m [35m29432[0;39m [2m---[0;39m [2m[   scheduling-1][0;39m [36mo.p.ts4.utility.classes.BatchComponent  [0;39m [2m:[0;39m INACTIVE
[2m2025-02-05 07:34:10.009[0;39m [32m INFO[0;39m [35m29432[0;39m [2m---[0;39m [2m[   scheduling-1][0;39m [36mo.p.ts4.utility.classes.BatchComponent  [0;39m [2m:[0;39m INACTIVE
[2m2025-02-05 07:34:15.005[0;39m [32m INFO[0;39m [35m29432[0;39m [2m---[0;39m [2m[   scheduling-1][0;39m [36mo.p.ts4.utility.classes.BatchComponent  [0;39m [2m:[0;39m INACTIVE
[2m2025-02-05 07:34:20.006[0;39m [32m INFO[0;39m [35m29432[0;39m [2m---[0;39m [2m[   scheduling-1][0;39m [36mo.p.ts4.utility.classes.BatchComponent  [0;39m [2m:[0;39m INACTIVE
[2m2025-02-05 07:34:25.001[0;39m [32m INFO[0;39m [35m29432[0;39m [2m---[0;39m [2m[   scheduling-1][0;39m [36mo.p.ts4.utility.classes.BatchComponent  [0;39m [2m:[0;39m INACTIVE
[2m2025-02-05 07:34:30.005[0;39m [32m INFO[0;39m [35m29432[0;39m [2m---[0;39m [2m[   scheduling-1][0;39m [36mo.p.ts4.utility.classes.BatchComponent  [0;39m [2m:[0;39m INACTIVE
[2m2025-02-05 07:34:35.001[0;39m [32m INFO[0;39m [35m29432[0;39m [2m---[0;39m [2m[   scheduling-1][0;39m [36mo.p.ts4.utility.classes.BatchComponent  [0;39m [2m:[0;39m INACTIVE
[2m2025-02-05 07:34:40.001[0;39m [32m INFO[0;39m [35m29432[0;39m [2m---[0;39m [2m[   scheduling-1][0;39m [36mo.p.ts4.utility.classes.BatchComponent  [0;39m [2m:[0;39m INACTIVE
[2m2025-02-05 07:34:45.004[0;39m [32m INFO[0;39m [35m29432[0;39m [2m---[0;39m [2m[   scheduling-1][0;39m [36mo.p.ts4.utility.classes.BatchComponent  [0;39m [2m:[0;39m INACTIVE
[2m2025-02-05 07:34:50.006[0;39m [32m INFO[0;39m [35m29432[0;39m [2m---[0;39m [2m[   scheduling-1][0;39m [36mo.p.ts4.utility.classes.BatchComponent  [0;39m [2m:[0;39m INACTIVE
[2m2025-02-05 07:34:55.009[0;39m [32m INFO[0;39m [35m29432[0;39m [2m---[0;39m [2m[   scheduling-1][0;39m [36mo.p.ts4.utility.classes.BatchComponent  [0;39m [2m:[0;39m INACTIVE
[2m2025-02-05 07:35:00.004[0;39m [32m INFO[0;39m [35m29432[0;39m [2m---[0;39m [2m[   scheduling-1][0;39m [36mo.p.ts4.utility.classes.BatchComponent  [0;39m [2m:[0;39m INACTIVE
[2m2025-02-05 07:35:05.005[0;39m [32m INFO[0;39m [35m29432[0;39m [2m---[0;39m [2m[   scheduling-1][0;39m [36mo.p.ts4.utility.classes.BatchComponent  [0;39m [2m:[0;39m INACTIVE
[2m2025-02-05 07:35:10.007[0;39m [32m INFO[0;39m [35m29432[0;39m [2m---[0;39m [2m[   scheduling-1][0;39m [36mo.p.ts4.utility.classes.BatchComponent  [0;39m [2m:[0;39m INACTIVE
[2m2025-02-05 07:35:15.004[0;39m [32m INFO[0;39m [35m29432[0;39m [2m---[0;39m [2m[   scheduling-1][0;39m [36mo.p.ts4.utility.classes.BatchComponent  [0;39m [2m:[0;39m INACTIVE
[2m2025-02-05 07:35:20.007[0;39m [32m INFO[0;39m [35m29432[0;39m [2m---[0;39m [2m[   scheduling-1][0;39m [36mo.p.ts4.utility.classes.BatchComponent  [0;39m [2m:[0;39m INACTIVE
[2m2025-02-05 07:35:25.000[0;39m [32m INFO[0;39m [35m29432[0;39m [2m---[0;39m [2m[   scheduling-1][0;39m [36mo.p.ts4.utility.classes.BatchComponent  [0;39m [2m:[0;39m INACTIVE
[2m2025-02-05 07:35:30.001[0;39m [32m INFO[0;39m [35m29432[0;39m [2m---[0;39m [2m[   scheduling-1][0;39m [36mo.p.ts4.utility.classes.BatchComponent  [0;39m [2m:[0;39m INACTIVE
[2m2025-02-05 07:35:35.002[0;39m [32m INFO[0;39m [35m29432[0;39m [2m---[0;39m [2m[   scheduling-1][0;39m [36mo.p.ts4.utility.classes.BatchComponent  [0;39m [2m:[0;39m INACTIVE
[2m2025-02-05 07:35:40.010[0;39m [32m INFO[0;39m [35m29432[0;39m [2m---[0;39m [2m[   scheduling-1][0;39m [36mo.p.ts4.utility.classes.BatchComponent  [0;39m [2m:[0;39m INACTIVE
[2m2025-02-05 07:35:45.007[0;39m [32m INFO[0;39m [35m29432[0;39m [2m---[0;39m [2m[   scheduling-1][0;39m [36mo.p.ts4.utility.classes.BatchComponent  [0;39m [2m:[0;39m INACTIVE
[2m2025-02-05 07:35:50.008[0;39m [32m INFO[0;39m [35m29432[0;39m [2m---[0;39m [2m[   scheduling-1][0;39m [36mo.p.ts4.utility.classes.BatchComponent  [0;39m [2m:[0;39m INACTIVE
[2m2025-02-05 07:35:55.005[0;39m [32m INFO[0;39m [35m29432[0;39m [2m---[0;39m [2m[   scheduling-1][0;39m [36mo.p.ts4.utility.classes.BatchComponent  [0;39m [2m:[0;39m INACTIVE
[2m2025-02-05 07:36:00.010[0;39m [32m INFO[0;39m [35m29432[0;39m [2m---[0;39m [2m[   scheduling-1][0;39m [36mo.p.ts4.utility.classes.BatchComponent  [0;39m [2m:[0;39m INACTIVE
[2m2025-02-05 07:36:05.000[0;39m [32m INFO[0;39m [35m29432[0;39m [2m---[0;39m [2m[   scheduling-1][0;39m [36mo.p.ts4.utility.classes.BatchComponent  [0;39m [2m:[0;39m INACTIVE
[2m2025-02-05 07:36:10.009[0;39m [32m INFO[0;39m [35m29432[0;39m [2m---[0;39m [2m[   scheduling-1][0;39m [36mo.p.ts4.utility.classes.BatchComponent  [0;39m [2m:[0;39m INACTIVE
[2m2025-02-05 07:36:15.006[0;39m [32m INFO[0;39m [35m29432[0;39m [2m---[0;39m [2m[   scheduling-1][0;39m [36mo.p.ts4.utility.classes.BatchComponent  [0;39m [2m:[0;39m INACTIVE
[2m2025-02-05 07:36:20.003[0;39m [32m INFO[0;39m [35m29432[0;39m [2m---[0;39m [2m[   scheduling-1][0;39m [36mo.p.ts4.utility.classes.BatchComponent  [0;39m [2m:[0;39m INACTIVE
[2m2025-02-05 07:36:25.003[0;39m [32m INFO[0;39m [35m29432[0;39m [2m---[0;39m [2m[   scheduling-1][0;39m [36mo.p.ts4.utility.classes.BatchComponent  [0;39m [2m:[0;39m INACTIVE
[2m2025-02-05 07:36:30.002[0;39m [32m INFO[0;39m [35m29432[0;39m [2m---[0;39m [2m[   scheduling-1][0;39m [36mo.p.ts4.utility.classes.BatchComponent  [0;39m [2m:[0;39m INACTIVE
[2m2025-02-05 07:36:35.007[0;39m [32m INFO[0;39m [35m29432[0;39m [2m---[0;39m [2m[   scheduling-1][0;39m [36mo.p.ts4.utility.classes.BatchComponent  [0;39m [2m:[0;39m INACTIVE
[2m2025-02-05 07:36:40.001[0;39m [32m INFO[0;39m [35m29432[0;39m [2m---[0;39m [2m[   scheduling-1][0;39m [36mo.p.ts4.utility.classes.BatchComponent  [0;39m [2m:[0;39m INACTIVE
[2m2025-02-05 07:36:45.006[0;39m [32m INFO[0;39m [35m29432[0;39m [2m---[0;39m [2m[   scheduling-1][0;39m [36mo.p.ts4.utility.classes.BatchComponent  [0;39m [2m:[0;39m INACTIVE
[2m2025-02-05 07:36:50.001[0;39m [32m INFO[0;39m [35m29432[0;39m [2m---[0;39m [2m[   scheduling-1][0;39m [36mo.p.ts4.utility.classes.BatchComponent  [0;39m [2m:[0;39m INACTIVE
[2m2025-02-05 07:36:55.009[0;39m [32m INFO[0;39m [35m29432[0;39m [2m---[0;39m [2m[   scheduling-1][0;39m [36mo.p.ts4.utility.classes.BatchComponent  [0;39m [2m:[0;39m INACTIVE
[2m2025-02-05 07:37:00.001[0;39m [32m INFO[0;39m [35m29432[0;39m [2m---[0;39m [2m[   scheduling-1][0;39m [36mo.p.ts4.utility.classes.BatchComponent  [0;39m [2m:[0;39m INACTIVE
[2m2025-02-05 07:37:05.004[0;39m [32m INFO[0;39m [35m29432[0;39m [2m---[0;39m [2m[   scheduling-1][0;39m [36mo.p.ts4.utility.classes.BatchComponent  [0;39m [2m:[0;39m INACTIVE
[2m2025-02-05 07:37:10.008[0;39m [32m INFO[0;39m [35m29432[0;39m [2m---[0;39m [2m[   scheduling-1][0;39m [36mo.p.ts4.utility.classes.BatchComponent  [0;39m [2m:[0;39m INACTIVE
[2m2025-02-05 07:37:15.004[0;39m [32m INFO[0;39m [35m29432[0;39m [2m---[0;39m [2m[   scheduling-1][0;39m [36mo.p.ts4.utility.classes.BatchComponent  [0;39m [2m:[0;39m INACTIVE
[2m2025-02-05 07:37:20.002[0;39m [32m INFO[0;39m [35m29432[0;39m [2m---[0;39m [2m[   scheduling-1][0;39m [36mo.p.ts4.utility.classes.BatchComponent  [0;39m [2m:[0;39m INACTIVE
[2m2025-02-05 07:37:25.003[0;39m [32m INFO[0;39m [35m29432[0;39m [2m---[0;39m [2m[   scheduling-1][0;39m [36mo.p.ts4.utility.classes.BatchComponent  [0;39m [2m:[0;39m INACTIVE
[2m2025-02-05 07:37:30.004[0;39m [32m INFO[0;39m [35m29432[0;39m [2m---[0;39m [2m[   scheduling-1][0;39m [36mo.p.ts4.utility.classes.BatchComponent  [0;39m [2m:[0;39m INACTIVE
[2m2025-02-05 07:37:35.005[0;39m [32m INFO[0;39m [35m29432[0;39m [2m---[0;39m [2m[   scheduling-1][0;39m [36mo.p.ts4.utility.classes.BatchComponent  [0;39m [2m:[0;39m INACTIVE
[2m2025-02-05 07:37:40.002[0;39m [32m INFO[0;39m [35m29432[0;39m [2m---[0;39m [2m[   scheduling-1][0;39m [36mo.p.ts4.utility.classes.BatchComponent  [0;39m [2m:[0;39m INACTIVE
[2m2025-02-05 07:37:45.002[0;39m [32m INFO[0;39m [35m29432[0;39m [2m---[0;39m [2m[   scheduling-1][0;39m [36mo.p.ts4.utility.classes.BatchComponent  [0;39m [2m:[0;39m INACTIVE
[2m2025-02-05 07:37:50.001[0;39m [32m INFO[0;39m [35m29432[0;39m [2m---[0;39m [2m[   scheduling-1][0;39m [36mo.p.ts4.utility.classes.BatchComponent  [0;39m [2m:[0;39m INACTIVE
[2m2025-02-05 07:37:55.004[0;39m [32m INFO[0;39m [35m29432[0;39m [2m---[0;39m [2m[   scheduling-1][0;39m [36mo.p.ts4.utility.classes.BatchComponent  [0;39m [2m:[0;39m INACTIVE
[2m2025-02-05 07:38:00.002[0;39m [32m INFO[0;39m [35m29432[0;39m [2m---[0;39m [2m[   scheduling-1][0;39m [36mo.p.ts4.utility.classes.BatchComponent  [0;39m [2m:[0;39m INACTIVE
[2m2025-02-05 07:38:05.010[0;39m [32m INFO[0;39m [35m29432[0;39m [2m---[0;39m [2m[   scheduling-1][0;39m [36mo.p.ts4.utility.classes.BatchComponent  [0;39m [2m:[0;39m INACTIVE
[2m2025-02-05 07:53:17.819[0;39m [32m INFO[0;39m [35m29432[0;39m [2m---[0;39m [2m[site-downloader][0;39m [36mo.a.k.c.c.internals.ConsumerCoordinator [0;39m [2m:[0;39m [Consumer clientId=consumer-ts4-website-downloader-1, groupId=ts4-website-downloader] Group coordinator localhost:9092 (id: 2147483646 rack: null) is unavailable or invalid due to cause: session timed out without receiving a heartbeat response. isDisconnected: false. Rediscovery will be attempted.
[2m2025-02-05 07:53:17.820[0;39m [32m INFO[0;39m [35m29432[0;39m [2m---[0;39m [2m[site-downloader][0;39m [36mo.a.k.c.c.internals.ConsumerCoordinator [0;39m [2m:[0;39m [Consumer clientId=consumer-ts4-website-downloader-1, groupId=ts4-website-downloader] Requesting disconnect from last known coordinator localhost:9092 (id: 2147483646 rack: null)
[2m2025-02-05 07:53:17.820[0;39m [32m INFO[0;39m [35m29432[0;39m [2m---[0;39m [2m[site-downloader][0;39m [36morg.apache.kafka.clients.NetworkClient  [0;39m [2m:[0;39m [Consumer clientId=consumer-ts4-website-downloader-1, groupId=ts4-website-downloader] Client requested disconnect from node 2147483646
[2m2025-02-05 07:53:17.827[0;39m [32m INFO[0;39m [35m29432[0;39m [2m---[0;39m [2m[ntainer#0-0-C-1][0;39m [36mo.a.k.c.c.internals.ConsumerCoordinator [0;39m [2m:[0;39m [Consumer clientId=consumer-ts4-website-downloader-1, groupId=ts4-website-downloader] Discovered group coordinator localhost:9092 (id: 2147483646 rack: null)
[2m2025-02-05 07:53:17.827[0;39m [32m INFO[0;39m [35m29432[0;39m [2m---[0;39m [2m[ntainer#0-0-C-1][0;39m [36mo.a.k.c.c.internals.ConsumerCoordinator [0;39m [2m:[0;39m [Consumer clientId=consumer-ts4-website-downloader-1, groupId=ts4-website-downloader] Group coordinator localhost:9092 (id: 2147483646 rack: null) is unavailable or invalid due to cause: coordinator unavailable. isDisconnected: false. Rediscovery will be attempted.
[2m2025-02-05 07:53:17.827[0;39m [32m INFO[0;39m [35m29432[0;39m [2m---[0;39m [2m[ntainer#0-0-C-1][0;39m [36mo.a.k.c.c.internals.ConsumerCoordinator [0;39m [2m:[0;39m [Consumer clientId=consumer-ts4-website-downloader-1, groupId=ts4-website-downloader] Requesting disconnect from last known coordinator localhost:9092 (id: 2147483646 rack: null)
[2m2025-02-05 07:53:17.921[0;39m [32m INFO[0;39m [35m29432[0;39m [2m---[0;39m [2m[ntainer#0-0-C-1][0;39m [36mo.a.k.c.c.internals.ConsumerCoordinator [0;39m [2m:[0;39m [Consumer clientId=consumer-ts4-website-downloader-1, groupId=ts4-website-downloader] Discovered group coordinator localhost:9092 (id: 2147483646 rack: null)
[2m2025-02-05 07:53:21.129[0;39m [32m INFO[0;39m [35m29432[0;39m [2m---[0;39m [2m[   scheduling-1][0;39m [36mo.p.ts4.utility.classes.BatchComponent  [0;39m [2m:[0;39m INACTIVE
[2m2025-02-05 07:53:25.001[0;39m [32m INFO[0;39m [35m29432[0;39m [2m---[0;39m [2m[   scheduling-1][0;39m [36mo.p.ts4.utility.classes.BatchComponent  [0;39m [2m:[0;39m INACTIVE
[2m2025-02-05 07:53:30.003[0;39m [32m INFO[0;39m [35m29432[0;39m [2m---[0;39m [2m[   scheduling-1][0;39m [36mo.p.ts4.utility.classes.BatchComponent  [0;39m [2m:[0;39m INACTIVE
[2m2025-02-05 07:53:35.005[0;39m [32m INFO[0;39m [35m29432[0;39m [2m---[0;39m [2m[   scheduling-1][0;39m [36mo.p.ts4.utility.classes.BatchComponent  [0;39m [2m:[0;39m INACTIVE
[2m2025-02-05 07:53:40.005[0;39m [32m INFO[0;39m [35m29432[0;39m [2m---[0;39m [2m[   scheduling-1][0;39m [36mo.p.ts4.utility.classes.BatchComponent  [0;39m [2m:[0;39m INACTIVE
[2m2025-02-05 07:53:45.004[0;39m [32m INFO[0;39m [35m29432[0;39m [2m---[0;39m [2m[   scheduling-1][0;39m [36mo.p.ts4.utility.classes.BatchComponent  [0;39m [2m:[0;39m INACTIVE
[2m2025-02-05 07:53:50.006[0;39m [32m INFO[0;39m [35m29432[0;39m [2m---[0;39m [2m[   scheduling-1][0;39m [36mo.p.ts4.utility.classes.BatchComponent  [0;39m [2m:[0;39m INACTIVE
[2m2025-02-05 07:53:55.006[0;39m [32m INFO[0;39m [35m29432[0;39m [2m---[0;39m [2m[   scheduling-1][0;39m [36mo.p.ts4.utility.classes.BatchComponent  [0;39m [2m:[0;39m INACTIVE
[2m2025-02-05 07:54:00.003[0;39m [32m INFO[0;39m [35m29432[0;39m [2m---[0;39m [2m[   scheduling-1][0;39m [36mo.p.ts4.utility.classes.BatchComponent  [0;39m [2m:[0;39m INACTIVE
[2m2025-02-05 07:54:05.007[0;39m [32m INFO[0;39m [35m29432[0;39m [2m---[0;39m [2m[   scheduling-1][0;39m [36mo.p.ts4.utility.classes.BatchComponent  [0;39m [2m:[0;39m INACTIVE
[2m2025-02-05 07:54:10.005[0;39m [32m INFO[0;39m [35m29432[0;39m [2m---[0;39m [2m[   scheduling-1][0;39m [36mo.p.ts4.utility.classes.BatchComponent  [0;39m [2m:[0;39m INACTIVE
[2m2025-02-05 07:54:15.009[0;39m [32m INFO[0;39m [35m29432[0;39m [2m---[0;39m [2m[   scheduling-1][0;39m [36mo.p.ts4.utility.classes.BatchComponent  [0;39m [2m:[0;39m INACTIVE
[2m2025-02-05 07:54:20.002[0;39m [32m INFO[0;39m [35m29432[0;39m [2m---[0;39m [2m[   scheduling-1][0;39m [36mo.p.ts4.utility.classes.BatchComponent  [0;39m [2m:[0;39m INACTIVE
[2m2025-02-05 07:54:25.006[0;39m [32m INFO[0;39m [35m29432[0;39m [2m---[0;39m [2m[   scheduling-1][0;39m [36mo.p.ts4.utility.classes.BatchComponent  [0;39m [2m:[0;39m INACTIVE
[2m2025-02-05 07:54:30.010[0;39m [32m INFO[0;39m [35m29432[0;39m [2m---[0;39m [2m[   scheduling-1][0;39m [36mo.p.ts4.utility.classes.BatchComponent  [0;39m [2m:[0;39m INACTIVE
[2m2025-02-05 07:54:35.010[0;39m [32m INFO[0;39m [35m29432[0;39m [2m---[0;39m [2m[   scheduling-1][0;39m [36mo.p.ts4.utility.classes.BatchComponent  [0;39m [2m:[0;39m INACTIVE
[2m2025-02-05 07:54:40.001[0;39m [32m INFO[0;39m [35m29432[0;39m [2m---[0;39m [2m[   scheduling-1][0;39m [36mo.p.ts4.utility.classes.BatchComponent  [0;39m [2m:[0;39m INACTIVE
[2m2025-02-05 07:54:45.009[0;39m [32m INFO[0;39m [35m29432[0;39m [2m---[0;39m [2m[   scheduling-1][0;39m [36mo.p.ts4.utility.classes.BatchComponent  [0;39m [2m:[0;39m INACTIVE
[2m2025-02-05 07:54:50.002[0;39m [32m INFO[0;39m [35m29432[0;39m [2m---[0;39m [2m[   scheduling-1][0;39m [36mo.p.ts4.utility.classes.BatchComponent  [0;39m [2m:[0;39m INACTIVE
[2m2025-02-05 07:54:55.003[0;39m [32m INFO[0;39m [35m29432[0;39m [2m---[0;39m [2m[   scheduling-1][0;39m [36mo.p.ts4.utility.classes.BatchComponent  [0;39m [2m:[0;39m INACTIVE
[2m2025-02-05 07:55:00.009[0;39m [32m INFO[0;39m [35m29432[0;39m [2m---[0;39m [2m[   scheduling-1][0;39m [36mo.p.ts4.utility.classes.BatchComponent  [0;39m [2m:[0;39m INACTIVE
[2m2025-02-05 07:55:05.001[0;39m [32m INFO[0;39m [35m29432[0;39m [2m---[0;39m [2m[   scheduling-1][0;39m [36mo.p.ts4.utility.classes.BatchComponent  [0;39m [2m:[0;39m INACTIVE
[2m2025-02-05 07:55:10.007[0;39m [32m INFO[0;39m [35m29432[0;39m [2m---[0;39m [2m[   scheduling-1][0;39m [36mo.p.ts4.utility.classes.BatchComponent  [0;39m [2m:[0;39m INACTIVE
[2m2025-02-05 07:55:15.002[0;39m [32m INFO[0;39m [35m29432[0;39m [2m---[0;39m [2m[   scheduling-1][0;39m [36mo.p.ts4.utility.classes.BatchComponent  [0;39m [2m:[0;39m INACTIVE
[2m2025-02-05 07:55:20.003[0;39m [32m INFO[0;39m [35m29432[0;39m [2m---[0;39m [2m[   scheduling-1][0;39m [36mo.p.ts4.utility.classes.BatchComponent  [0;39m [2m:[0;39m INACTIVE
[2m2025-02-05 07:55:25.009[0;39m [32m INFO[0;39m [35m29432[0;39m [2m---[0;39m [2m[   scheduling-1][0;39m [36mo.p.ts4.utility.classes.BatchComponent  [0;39m [2m:[0;39m INACTIVE
[2m2025-02-05 07:55:30.006[0;39m [32m INFO[0;39m [35m29432[0;39m [2m---[0;39m [2m[   scheduling-1][0;39m [36mo.p.ts4.utility.classes.BatchComponent  [0;39m [2m:[0;39m INACTIVE
[2m2025-02-05 07:55:35.004[0;39m [32m INFO[0;39m [35m29432[0;39m [2m---[0;39m [2m[   scheduling-1][0;39m [36mo.p.ts4.utility.classes.BatchComponent  [0;39m [2m:[0;39m INACTIVE
[2m2025-02-05 07:55:40.003[0;39m [32m INFO[0;39m [35m29432[0;39m [2m---[0;39m [2m[   scheduling-1][0;39m [36mo.p.ts4.utility.classes.BatchComponent  [0;39m [2m:[0;39m INACTIVE
[2m2025-02-05 07:55:45.009[0;39m [32m INFO[0;39m [35m29432[0;39m [2m---[0;39m [2m[   scheduling-1][0;39m [36mo.p.ts4.utility.classes.BatchComponent  [0;39m [2m:[0;39m INACTIVE
[2m2025-02-05 07:55:50.010[0;39m [32m INFO[0;39m [35m29432[0;39m [2m---[0;39m [2m[   scheduling-1][0;39m [36mo.p.ts4.utility.classes.BatchComponent  [0;39m [2m:[0;39m INACTIVE
[2m2025-02-05 07:55:55.006[0;39m [32m INFO[0;39m [35m29432[0;39m [2m---[0;39m [2m[   scheduling-1][0;39m [36mo.p.ts4.utility.classes.BatchComponent  [0;39m [2m:[0;39m INACTIVE
[2m2025-02-05 07:56:00.009[0;39m [32m INFO[0;39m [35m29432[0;39m [2m---[0;39m [2m[   scheduling-1][0;39m [36mo.p.ts4.utility.classes.BatchComponent  [0;39m [2m:[0;39m INACTIVE
[2m2025-02-05 07:56:05.009[0;39m [32m INFO[0;39m [35m29432[0;39m [2m---[0;39m [2m[   scheduling-1][0;39m [36mo.p.ts4.utility.classes.BatchComponent  [0;39m [2m:[0;39m INACTIVE
[2m2025-02-05 07:56:10.002[0;39m [32m INFO[0;39m [35m29432[0;39m [2m---[0;39m [2m[   scheduling-1][0;39m [36mo.p.ts4.utility.classes.BatchComponent  [0;39m [2m:[0;39m INACTIVE
[2m2025-02-05 07:56:15.010[0;39m [32m INFO[0;39m [35m29432[0;39m [2m---[0;39m [2m[   scheduling-1][0;39m [36mo.p.ts4.utility.classes.BatchComponent  [0;39m [2m:[0;39m INACTIVE
[2m2025-02-05 07:56:20.003[0;39m [32m INFO[0;39m [35m29432[0;39m [2m---[0;39m [2m[   scheduling-1][0;39m [36mo.p.ts4.utility.classes.BatchComponent  [0;39m [2m:[0;39m INACTIVE
[2m2025-02-05 07:56:25.001[0;39m [32m INFO[0;39m [35m29432[0;39m [2m---[0;39m [2m[   scheduling-1][0;39m [36mo.p.ts4.utility.classes.BatchComponent  [0;39m [2m:[0;39m INACTIVE
[2m2025-02-05 07:56:30.000[0;39m [32m INFO[0;39m [35m29432[0;39m [2m---[0;39m [2m[   scheduling-1][0;39m [36mo.p.ts4.utility.classes.BatchComponent  [0;39m [2m:[0;39m INACTIVE
