[2m2025-02-06 23:07:03.992[0;39m [32m INFO[0;39m [35m83952[0;39m [2m---[0;39m [2m[           main][0;39m [36mo.p.t.d.TS4DownloaderApplication        [0;39m [2m:[0;39m Starting TS4DownloaderApplication using Java 21.0.2 with PID 83952 (/Users/asiaserrano/repos/ts4Helper/TS4Downloader/target/classes started by asiaserrano in /Users/asiaserrano/repos/ts4Helper/TS4Downloader)
[2m2025-02-06 23:07:03.996[0;39m [32m INFO[0;39m [35m83952[0;39m [2m---[0;39m [2m[           main][0;39m [36mo.p.t.d.TS4DownloaderApplication        [0;39m [2m:[0;39m The following 1 profile is active: "local"
[2m2025-02-06 23:07:04.838[0;39m [32m INFO[0;39m [35m83952[0;39m [2m---[0;39m [2m[           main][0;39m [36mo.a.k.clients.consumer.ConsumerConfig   [0;39m [2m:[0;39m ConsumerConfig values: 
	allow.auto.create.topics = true
	auto.commit.interval.ms = 5000
	auto.include.jmx.reporter = true
	auto.offset.reset = earliest
	bootstrap.servers = [localhost:9092]
	check.crcs = true
	client.dns.lookup = use_all_dns_ips
	client.id = consumer-ts4-website-downloader-1
	client.rack = 
	connections.max.idle.ms = 540000
	default.api.timeout.ms = 60000
	enable.auto.commit = false
	enable.metrics.push = true
	exclude.internal.topics = true
	fetch.max.bytes = 52428800
	fetch.max.wait.ms = 500
	fetch.min.bytes = 1
	group.id = ts4-website-downloader
	group.instance.id = null
	group.protocol = classic
	group.remote.assignor = null
	heartbeat.interval.ms = 3000
	interceptor.classes = []
	internal.leave.group.on.close = true
	internal.throw.on.fetch.stable.offset.unsupported = false
	isolation.level = read_uncommitted
	key.deserializer = class org.apache.kafka.common.serialization.StringDeserializer
	max.partition.fetch.bytes = 1048576
	max.poll.interval.ms = 300000
	max.poll.records = 500
	metadata.max.age.ms = 300000
	metric.reporters = []
	metrics.num.samples = 2
	metrics.recording.level = INFO
	metrics.sample.window.ms = 30000
	partition.assignment.strategy = [class org.apache.kafka.clients.consumer.RangeAssignor, class org.apache.kafka.clients.consumer.CooperativeStickyAssignor]
	receive.buffer.bytes = 65536
	reconnect.backoff.max.ms = 1000
	reconnect.backoff.ms = 50
	request.timeout.ms = 30000
	retry.backoff.max.ms = 1000
	retry.backoff.ms = 100
	sasl.client.callback.handler.class = null
	sasl.jaas.config = null
	sasl.kerberos.kinit.cmd = /usr/bin/kinit
	sasl.kerberos.min.time.before.relogin = 60000
	sasl.kerberos.service.name = null
	sasl.kerberos.ticket.renew.jitter = 0.05
	sasl.kerberos.ticket.renew.window.factor = 0.8
	sasl.login.callback.handler.class = null
	sasl.login.class = null
	sasl.login.connect.timeout.ms = null
	sasl.login.read.timeout.ms = null
	sasl.login.refresh.buffer.seconds = 300
	sasl.login.refresh.min.period.seconds = 60
	sasl.login.refresh.window.factor = 0.8
	sasl.login.refresh.window.jitter = 0.05
	sasl.login.retry.backoff.max.ms = 10000
	sasl.login.retry.backoff.ms = 100
	sasl.mechanism = GSSAPI
	sasl.oauthbearer.clock.skew.seconds = 30
	sasl.oauthbearer.expected.audience = null
	sasl.oauthbearer.expected.issuer = null
	sasl.oauthbearer.jwks.endpoint.refresh.ms = 3600000
	sasl.oauthbearer.jwks.endpoint.retry.backoff.max.ms = 10000
	sasl.oauthbearer.jwks.endpoint.retry.backoff.ms = 100
	sasl.oauthbearer.jwks.endpoint.url = null
	sasl.oauthbearer.scope.claim.name = scope
	sasl.oauthbearer.sub.claim.name = sub
	sasl.oauthbearer.token.endpoint.url = null
	security.protocol = PLAINTEXT
	security.providers = null
	send.buffer.bytes = 131072
	session.timeout.ms = 45000
	socket.connection.setup.timeout.max.ms = 30000
	socket.connection.setup.timeout.ms = 10000
	ssl.cipher.suites = null
	ssl.enabled.protocols = [TLSv1.2, TLSv1.3]
	ssl.endpoint.identification.algorithm = https
	ssl.engine.factory.class = null
	ssl.key.password = null
	ssl.keymanager.algorithm = SunX509
	ssl.keystore.certificate.chain = null
	ssl.keystore.key = null
	ssl.keystore.location = null
	ssl.keystore.password = null
	ssl.keystore.type = JKS
	ssl.protocol = TLSv1.3
	ssl.provider = null
	ssl.secure.random.implementation = null
	ssl.trustmanager.algorithm = PKIX
	ssl.truststore.certificates = null
	ssl.truststore.location = null
	ssl.truststore.password = null
	ssl.truststore.type = JKS
	value.deserializer = class io.confluent.kafka.serializers.KafkaAvroDeserializer

[2m2025-02-06 23:07:04.872[0;39m [32m INFO[0;39m [35m83952[0;39m [2m---[0;39m [2m[           main][0;39m [36mo.a.k.c.t.i.KafkaMetricsCollector       [0;39m [2m:[0;39m initializing Kafka metrics collector
[2m2025-02-06 23:07:04.911[0;39m [32m INFO[0;39m [35m83952[0;39m [2m---[0;39m [2m[           main][0;39m [36mi.c.k.s.KafkaAvroDeserializerConfig     [0;39m [2m:[0;39m KafkaAvroDeserializerConfig values: 
	auto.register.schemas = true
	avro.reflection.allow.null = false
	avro.use.logical.type.converters = false
	basic.auth.credentials.source = URL
	basic.auth.user.info = [hidden]
	bearer.auth.cache.expiry.buffer.seconds = 300
	bearer.auth.client.id = null
	bearer.auth.client.secret = null
	bearer.auth.credentials.source = STATIC_TOKEN
	bearer.auth.custom.provider.class = null
	bearer.auth.identity.pool.id = null
	bearer.auth.issuer.endpoint.url = null
	bearer.auth.logical.cluster = null
	bearer.auth.scope = null
	bearer.auth.scope.claim.name = scope
	bearer.auth.sub.claim.name = sub
	bearer.auth.token = [hidden]
	context.name.strategy = class io.confluent.kafka.serializers.context.NullContextNameStrategy
	http.connect.timeout.ms = 60000
	http.read.timeout.ms = 60000
	id.compatibility.strict = true
	key.subject.name.strategy = class io.confluent.kafka.serializers.subject.TopicNameStrategy
	latest.cache.size = 1000
	latest.cache.ttl.sec = -1
	latest.compatibility.strict = true
	max.schemas.per.subject = 1000
	normalize.schemas = false
	propagate.schema.tags = false
	proxy.host = 
	proxy.port = -1
	rule.actions = []
	rule.executors = []
	rule.service.loader.enable = true
	schema.format = null
	schema.reflection = false
	schema.registry.basic.auth.user.info = [hidden]
	schema.registry.ssl.cipher.suites = null
	schema.registry.ssl.enabled.protocols = [TLSv1.2, TLSv1.3]
	schema.registry.ssl.endpoint.identification.algorithm = https
	schema.registry.ssl.engine.factory.class = null
	schema.registry.ssl.key.password = null
	schema.registry.ssl.keymanager.algorithm = SunX509
	schema.registry.ssl.keystore.certificate.chain = null
	schema.registry.ssl.keystore.key = null
	schema.registry.ssl.keystore.location = null
	schema.registry.ssl.keystore.password = null
	schema.registry.ssl.keystore.type = JKS
	schema.registry.ssl.protocol = TLSv1.3
	schema.registry.ssl.provider = null
	schema.registry.ssl.secure.random.implementation = null
	schema.registry.ssl.trustmanager.algorithm = PKIX
	schema.registry.ssl.truststore.certificates = null
	schema.registry.ssl.truststore.location = null
	schema.registry.ssl.truststore.password = null
	schema.registry.ssl.truststore.type = JKS
	schema.registry.url = [http://localhost:8081]
	specific.avro.key.type = null
	specific.avro.reader = true
	specific.avro.value.type = null
	use.latest.version = false
	use.latest.with.metadata = null
	use.schema.id = -1
	value.subject.name.strategy = class io.confluent.kafka.serializers.subject.TopicNameStrategy

[2m2025-02-06 23:07:04.911[0;39m [32m INFO[0;39m [35m83952[0;39m [2m---[0;39m [2m[           main][0;39m [36mi.c.k.s.KafkaAvroDeserializerConfig     [0;39m [2m:[0;39m KafkaAvroDeserializerConfig values: 
	auto.register.schemas = true
	avro.reflection.allow.null = false
	avro.use.logical.type.converters = false
	basic.auth.credentials.source = URL
	basic.auth.user.info = [hidden]
	bearer.auth.cache.expiry.buffer.seconds = 300
	bearer.auth.client.id = null
	bearer.auth.client.secret = null
	bearer.auth.credentials.source = STATIC_TOKEN
	bearer.auth.custom.provider.class = null
	bearer.auth.identity.pool.id = null
	bearer.auth.issuer.endpoint.url = null
	bearer.auth.logical.cluster = null
	bearer.auth.scope = null
	bearer.auth.scope.claim.name = scope
	bearer.auth.sub.claim.name = sub
	bearer.auth.token = [hidden]
	context.name.strategy = class io.confluent.kafka.serializers.context.NullContextNameStrategy
	http.connect.timeout.ms = 60000
	http.read.timeout.ms = 60000
	id.compatibility.strict = true
	key.subject.name.strategy = class io.confluent.kafka.serializers.subject.TopicNameStrategy
	latest.cache.size = 1000
	latest.cache.ttl.sec = -1
	latest.compatibility.strict = true
	max.schemas.per.subject = 1000
	normalize.schemas = false
	propagate.schema.tags = false
	proxy.host = 
	proxy.port = -1
	rule.actions = []
	rule.executors = []
	rule.service.loader.enable = true
	schema.format = null
	schema.reflection = false
	schema.registry.basic.auth.user.info = [hidden]
	schema.registry.ssl.cipher.suites = null
	schema.registry.ssl.enabled.protocols = [TLSv1.2, TLSv1.3]
	schema.registry.ssl.endpoint.identification.algorithm = https
	schema.registry.ssl.engine.factory.class = null
	schema.registry.ssl.key.password = null
	schema.registry.ssl.keymanager.algorithm = SunX509
	schema.registry.ssl.keystore.certificate.chain = null
	schema.registry.ssl.keystore.key = null
	schema.registry.ssl.keystore.location = null
	schema.registry.ssl.keystore.password = null
	schema.registry.ssl.keystore.type = JKS
	schema.registry.ssl.protocol = TLSv1.3
	schema.registry.ssl.provider = null
	schema.registry.ssl.secure.random.implementation = null
	schema.registry.ssl.trustmanager.algorithm = PKIX
	schema.registry.ssl.truststore.certificates = null
	schema.registry.ssl.truststore.location = null
	schema.registry.ssl.truststore.password = null
	schema.registry.ssl.truststore.type = JKS
	schema.registry.url = [http://localhost:8081]
	specific.avro.key.type = null
	specific.avro.reader = true
	specific.avro.value.type = null
	use.latest.version = false
	use.latest.with.metadata = null
	use.schema.id = -1
	value.subject.name.strategy = class io.confluent.kafka.serializers.subject.TopicNameStrategy

[2m2025-02-06 23:07:05.178[0;39m [32m INFO[0;39m [35m83952[0;39m [2m---[0;39m [2m[           main][0;39m [36mo.a.k.clients.consumer.ConsumerConfig   [0;39m [2m:[0;39m These configurations '[schema.registry.url, specific.avro.reader]' were supplied but are not used yet.
[2m2025-02-06 23:07:05.182[0;39m [32m INFO[0;39m [35m83952[0;39m [2m---[0;39m [2m[           main][0;39m [36mo.a.kafka.common.utils.AppInfoParser    [0;39m [2m:[0;39m Kafka version: 3.7.1
[2m2025-02-06 23:07:05.183[0;39m [32m INFO[0;39m [35m83952[0;39m [2m---[0;39m [2m[           main][0;39m [36mo.a.kafka.common.utils.AppInfoParser    [0;39m [2m:[0;39m Kafka commitId: e2494e6ffb89f828
[2m2025-02-06 23:07:05.183[0;39m [32m INFO[0;39m [35m83952[0;39m [2m---[0;39m [2m[           main][0;39m [36mo.a.kafka.common.utils.AppInfoParser    [0;39m [2m:[0;39m Kafka startTimeMs: 1738901225181
[2m2025-02-06 23:07:05.195[0;39m [32m INFO[0;39m [35m83952[0;39m [2m---[0;39m [2m[           main][0;39m [36mo.a.k.c.c.internals.LegacyKafkaConsumer [0;39m [2m:[0;39m [Consumer clientId=consumer-ts4-website-downloader-1, groupId=ts4-website-downloader] Subscribed to topic(s): ts4-downloader-topic
[2m2025-02-06 23:07:05.258[0;39m [32m INFO[0;39m [35m83952[0;39m [2m---[0;39m [2m[           main][0;39m [36mo.p.t.d.TS4DownloaderApplication        [0;39m [2m:[0;39m Started TS4DownloaderApplication in 1.452 seconds (process running for 1.956)
[2m2025-02-06 23:07:05.632[0;39m [32m INFO[0;39m [35m83952[0;39m [2m---[0;39m [2m[ntainer#0-0-C-1][0;39m [36morg.apache.kafka.clients.Metadata       [0;39m [2m:[0;39m [Consumer clientId=consumer-ts4-website-downloader-1, groupId=ts4-website-downloader] Cluster ID: MkU3OEVBNTcwNTJENDM2Qk
[2m2025-02-06 23:07:05.636[0;39m [32m INFO[0;39m [35m83952[0;39m [2m---[0;39m [2m[ntainer#0-0-C-1][0;39m [36mo.a.k.c.c.internals.ConsumerCoordinator [0;39m [2m:[0;39m [Consumer clientId=consumer-ts4-website-downloader-1, groupId=ts4-website-downloader] Discovered group coordinator localhost:9092 (id: 2147483646 rack: null)
[2m2025-02-06 23:07:05.643[0;39m [32m INFO[0;39m [35m83952[0;39m [2m---[0;39m [2m[ntainer#0-0-C-1][0;39m [36mo.a.k.c.c.internals.ConsumerCoordinator [0;39m [2m:[0;39m [Consumer clientId=consumer-ts4-website-downloader-1, groupId=ts4-website-downloader] (Re-)joining group
[2m2025-02-06 23:07:06.276[0;39m [32m INFO[0;39m [35m83952[0;39m [2m---[0;39m [2m[ntainer#0-0-C-1][0;39m [36mo.a.k.c.c.internals.ConsumerCoordinator [0;39m [2m:[0;39m [Consumer clientId=consumer-ts4-website-downloader-1, groupId=ts4-website-downloader] Request joining group due to: need to re-join with the given member-id: consumer-ts4-website-downloader-1-10836ecd-966b-4165-aa31-fe96744a7c79
[2m2025-02-06 23:07:06.278[0;39m [32m INFO[0;39m [35m83952[0;39m [2m---[0;39m [2m[ntainer#0-0-C-1][0;39m [36mo.a.k.c.c.internals.ConsumerCoordinator [0;39m [2m:[0;39m [Consumer clientId=consumer-ts4-website-downloader-1, groupId=ts4-website-downloader] (Re-)joining group
[2m2025-02-06 23:07:06.321[0;39m [32m INFO[0;39m [35m83952[0;39m [2m---[0;39m [2m[ntainer#0-0-C-1][0;39m [36mo.a.k.c.c.internals.ConsumerCoordinator [0;39m [2m:[0;39m [Consumer clientId=consumer-ts4-website-downloader-1, groupId=ts4-website-downloader] Successfully joined group with generation Generation{generationId=11, memberId='consumer-ts4-website-downloader-1-10836ecd-966b-4165-aa31-fe96744a7c79', protocol='range'}
[2m2025-02-06 23:07:06.338[0;39m [32m INFO[0;39m [35m83952[0;39m [2m---[0;39m [2m[ntainer#0-0-C-1][0;39m [36mo.a.k.c.c.internals.ConsumerCoordinator [0;39m [2m:[0;39m [Consumer clientId=consumer-ts4-website-downloader-1, groupId=ts4-website-downloader] Finished assignment for group at generation 11: {consumer-ts4-website-downloader-1-10836ecd-966b-4165-aa31-fe96744a7c79=Assignment(partitions=[ts4-downloader-topic-0])}
[2m2025-02-06 23:07:06.424[0;39m [32m INFO[0;39m [35m83952[0;39m [2m---[0;39m [2m[ntainer#0-0-C-1][0;39m [36mo.a.k.c.c.internals.ConsumerCoordinator [0;39m [2m:[0;39m [Consumer clientId=consumer-ts4-website-downloader-1, groupId=ts4-website-downloader] Successfully synced group in generation Generation{generationId=11, memberId='consumer-ts4-website-downloader-1-10836ecd-966b-4165-aa31-fe96744a7c79', protocol='range'}
[2m2025-02-06 23:07:06.425[0;39m [32m INFO[0;39m [35m83952[0;39m [2m---[0;39m [2m[ntainer#0-0-C-1][0;39m [36mo.a.k.c.c.internals.ConsumerCoordinator [0;39m [2m:[0;39m [Consumer clientId=consumer-ts4-website-downloader-1, groupId=ts4-website-downloader] Notifying assignor about the new Assignment(partitions=[ts4-downloader-topic-0])
[2m2025-02-06 23:07:06.430[0;39m [32m INFO[0;39m [35m83952[0;39m [2m---[0;39m [2m[ntainer#0-0-C-1][0;39m [36mk.c.c.i.ConsumerRebalanceListenerInvoker[0;39m [2m:[0;39m [Consumer clientId=consumer-ts4-website-downloader-1, groupId=ts4-website-downloader] Adding newly assigned partitions: ts4-downloader-topic-0
[2m2025-02-06 23:07:06.450[0;39m [32m INFO[0;39m [35m83952[0;39m [2m---[0;39m [2m[ntainer#0-0-C-1][0;39m [36mo.a.k.c.c.internals.ConsumerUtils       [0;39m [2m:[0;39m Setting offset for partition ts4-downloader-topic-0 to the committed offset FetchPosition{offset=867, offsetEpoch=Optional.empty, currentLeader=LeaderAndEpoch{leader=Optional[localhost:9092 (id: 1 rack: null)], epoch=0}}
[2m2025-02-06 23:07:06.579[0;39m [32m INFO[0;39m [35m83952[0;39m [2m---[0;39m [2m[ntainer#0-0-C-1][0;39m [36mo.s.k.l.KafkaMessageListenerContainer   [0;39m [2m:[0;39m ts4-website-downloader: partitions assigned: [ts4-downloader-topic-0]
[2m2025-02-06 23:13:34.224[0;39m [32m INFO[0;39m [35m83952[0;39m [2m---[0;39m [2m[pool-1-thread-2][0;39m [36mo.p.t.d.downloaders.WebsiteDownloader   [0;39m [2m:[0;39m received payload from kafka: {"url": "https://www.patreon.com/file?h=53145480&m=255388794", "directory": "/Users/asiaserrano/ChromeDownloads/download_2025-02-06_23.13.30", "filename": "[NorthernSiberiaWinds] LIPS PRESETS F N20-29.package", "previous": {"url": "https://www.patreon.com/posts/summer-time-53145480", "directory": "/Users/asiaserrano/ChromeDownloads/download_2025-02-06_23.13.30", "filename": "SUMMER TIME COLLECTION | Patreon", "previous": null}}
[2m2025-02-06 23:13:34.224[0;39m [32m INFO[0;39m [35m83952[0;39m [2m---[0;39m [2m[pool-1-thread-3][0;39m [36mo.p.t.d.downloaders.WebsiteDownloader   [0;39m [2m:[0;39m received payload from kafka: {"url": "https://www.patreon.com/file?h=53145480&m=112895160", "directory": "/Users/asiaserrano/ChromeDownloads/download_2025-02-06_23.13.30", "filename": "[NorthernSiberiaWinds] LIPS N24.package", "previous": {"url": "https://www.patreon.com/posts/summer-time-53145480", "directory": "/Users/asiaserrano/ChromeDownloads/download_2025-02-06_23.13.30", "filename": "SUMMER TIME COLLECTION | Patreon", "previous": null}}
[2m2025-02-06 23:13:34.222[0;39m [32m INFO[0;39m [35m83952[0;39m [2m---[0;39m [2m[pool-1-thread-1][0;39m [36mo.p.t.d.downloaders.WebsiteDownloader   [0;39m [2m:[0;39m received payload from kafka: {"url": "https://www.patreon.com/file?h=65854521&m=151254953", "directory": "/Users/asiaserrano/ChromeDownloads/download_2025-02-06_23.13.30", "filename": "TwistedCat_Liquorice_Lipstick.package", "previous": {"url": "https://www.patreon.com/posts/glazed-lipsticks-65854521", "directory": "/Users/asiaserrano/ChromeDownloads/download_2025-02-06_23.13.30", "filename": "Glazed lipsticks 💄 | Patreon", "previous": null}}
[2m2025-02-06 23:13:34.678[0;39m [32m INFO[0;39m [35m83952[0;39m [2m---[0;39m [2m[pool-1-thread-2][0;39m [36mo.p.t.downloader.classes.WebsiteLogger  [0;39m [2m:[0;39m downloaded url https://www.patreon.com/file?h=53145480&m=255388794 to /Users/asiaserrano/ChromeDownloads/download_2025-02-06_23.13.30/[NorthernSiberiaWinds] LIPS PRESETS F N20-29.package
[2m2025-02-06 23:13:34.679[0;39m [32m INFO[0;39m [35m83952[0;39m [2m---[0;39m [2m[pool-1-thread-2][0;39m [36mo.p.t.d.downloaders.WebsiteDownloader   [0;39m [2m:[0;39m received payload from kafka: {"url": "https://www.patreon.com/file?h=65854521&m=151254977", "directory": "/Users/asiaserrano/ChromeDownloads/download_2025-02-06_23.13.30", "filename": "TwistedCat_Pudding_Lipstick.package", "previous": {"url": "https://www.patreon.com/posts/glazed-lipsticks-65854521", "directory": "/Users/asiaserrano/ChromeDownloads/download_2025-02-06_23.13.30", "filename": "Glazed lipsticks 💄 | Patreon", "previous": null}}
[2m2025-02-06 23:13:34.990[0;39m [32m INFO[0;39m [35m83952[0;39m [2m---[0;39m [2m[pool-1-thread-1][0;39m [36mo.p.t.downloader.classes.WebsiteLogger  [0;39m [2m:[0;39m downloaded url https://www.patreon.com/file?h=65854521&m=151254953 to /Users/asiaserrano/ChromeDownloads/download_2025-02-06_23.13.30/TwistedCat_Liquorice_Lipstick.package
[2m2025-02-06 23:13:34.990[0;39m [32m INFO[0;39m [35m83952[0;39m [2m---[0;39m [2m[pool-1-thread-1][0;39m [36mo.p.t.d.downloaders.WebsiteDownloader   [0;39m [2m:[0;39m received payload from kafka: {"url": "https://www.patreon.com/file?h=53145480&m=112895142", "directory": "/Users/asiaserrano/ChromeDownloads/download_2025-02-06_23.13.30", "filename": "[NorthernSiberiaWinds] LIPS N22.package", "previous": {"url": "https://www.patreon.com/posts/summer-time-53145480", "directory": "/Users/asiaserrano/ChromeDownloads/download_2025-02-06_23.13.30", "filename": "SUMMER TIME COLLECTION | Patreon", "previous": null}}
[2m2025-02-06 23:13:35.400[0;39m [32m INFO[0;39m [35m83952[0;39m [2m---[0;39m [2m[pool-1-thread-2][0;39m [36mo.p.t.downloader.classes.WebsiteLogger  [0;39m [2m:[0;39m downloaded url https://www.patreon.com/file?h=65854521&m=151254977 to /Users/asiaserrano/ChromeDownloads/download_2025-02-06_23.13.30/TwistedCat_Pudding_Lipstick.package
[2m2025-02-06 23:13:35.400[0;39m [32m INFO[0;39m [35m83952[0;39m [2m---[0;39m [2m[pool-1-thread-2][0;39m [36mo.p.t.d.downloaders.WebsiteDownloader   [0;39m [2m:[0;39m received payload from kafka: {"url": "https://www.patreon.com/file?h=53145480&m=194676562", "directory": "/Users/asiaserrano/ChromeDownloads/download_2025-02-06_23.13.30", "filename": "[NORTHERN SIBERIA WINDS] BLUSH N3.package", "previous": {"url": "https://www.patreon.com/posts/summer-time-53145480", "directory": "/Users/asiaserrano/ChromeDownloads/download_2025-02-06_23.13.30", "filename": "SUMMER TIME COLLECTION | Patreon", "previous": null}}
[2m2025-02-06 23:13:36.549[0;39m [32m INFO[0;39m [35m83952[0;39m [2m---[0;39m [2m[pool-1-thread-3][0;39m [36mo.p.t.downloader.classes.WebsiteLogger  [0;39m [2m:[0;39m downloaded url https://www.patreon.com/file?h=53145480&m=112895160 to /Users/asiaserrano/ChromeDownloads/download_2025-02-06_23.13.30/[NorthernSiberiaWinds] LIPS N24.package
[2m2025-02-06 23:13:36.550[0;39m [32m INFO[0;39m [35m83952[0;39m [2m---[0;39m [2m[pool-1-thread-3][0;39m [36mo.p.t.d.downloaders.WebsiteDownloader   [0;39m [2m:[0;39m received payload from kafka: {"url": "https://www.patreon.com/file?h=53145480&m=112895166", "directory": "/Users/asiaserrano/ChromeDownloads/download_2025-02-06_23.13.30", "filename": "[NorthernSiberiaWinds] LIPS N25.package", "previous": {"url": "https://www.patreon.com/posts/summer-time-53145480", "directory": "/Users/asiaserrano/ChromeDownloads/download_2025-02-06_23.13.30", "filename": "SUMMER TIME COLLECTION | Patreon", "previous": null}}
[2m2025-02-06 23:13:37.086[0;39m [32m INFO[0;39m [35m83952[0;39m [2m---[0;39m [2m[pool-1-thread-1][0;39m [36mo.p.t.downloader.classes.WebsiteLogger  [0;39m [2m:[0;39m downloaded url https://www.patreon.com/file?h=53145480&m=112895142 to /Users/asiaserrano/ChromeDownloads/download_2025-02-06_23.13.30/[NorthernSiberiaWinds] LIPS N22.package
[2m2025-02-06 23:13:37.087[0;39m [32m INFO[0;39m [35m83952[0;39m [2m---[0;39m [2m[pool-1-thread-1][0;39m [36mo.p.t.d.downloaders.WebsiteDownloader   [0;39m [2m:[0;39m received payload from kafka: {"url": "https://www.patreon.com/file?h=53145480&m=112895131", "directory": "/Users/asiaserrano/ChromeDownloads/download_2025-02-06_23.13.30", "filename": "[NorthernSiberiaWinds] LIPS N20.package", "previous": {"url": "https://www.patreon.com/posts/summer-time-53145480", "directory": "/Users/asiaserrano/ChromeDownloads/download_2025-02-06_23.13.30", "filename": "SUMMER TIME COLLECTION | Patreon", "previous": null}}
[2m2025-02-06 23:13:38.871[0;39m [32m INFO[0;39m [35m83952[0;39m [2m---[0;39m [2m[pool-1-thread-3][0;39m [36mo.p.t.downloader.classes.WebsiteLogger  [0;39m [2m:[0;39m downloaded url https://www.patreon.com/file?h=53145480&m=112895166 to /Users/asiaserrano/ChromeDownloads/download_2025-02-06_23.13.30/[NorthernSiberiaWinds] LIPS N25.package
[2m2025-02-06 23:13:38.872[0;39m [32m INFO[0;39m [35m83952[0;39m [2m---[0;39m [2m[pool-1-thread-3][0;39m [36mo.p.t.d.downloaders.WebsiteDownloader   [0;39m [2m:[0;39m received payload from kafka: {"url": "https://www.patreon.com/file?h=53145480&m=112895136", "directory": "/Users/asiaserrano/ChromeDownloads/download_2025-02-06_23.13.30", "filename": "[NorthernSiberiaWinds] LIPS N21.package", "previous": {"url": "https://www.patreon.com/posts/summer-time-53145480", "directory": "/Users/asiaserrano/ChromeDownloads/download_2025-02-06_23.13.30", "filename": "SUMMER TIME COLLECTION | Patreon", "previous": null}}
[2m2025-02-06 23:13:40.898[0;39m [32m INFO[0;39m [35m83952[0;39m [2m---[0;39m [2m[pool-1-thread-3][0;39m [36mo.p.t.downloader.classes.WebsiteLogger  [0;39m [2m:[0;39m downloaded url https://www.patreon.com/file?h=53145480&m=112895136 to /Users/asiaserrano/ChromeDownloads/download_2025-02-06_23.13.30/[NorthernSiberiaWinds] LIPS N21.package
[2m2025-02-06 23:13:40.900[0;39m [32m INFO[0;39m [35m83952[0;39m [2m---[0;39m [2m[pool-1-thread-3][0;39m [36mo.p.t.d.downloaders.WebsiteDownloader   [0;39m [2m:[0;39m received payload from kafka: {"url": "https://www.patreon.com/file?h=53145480&m=112895152", "directory": "/Users/asiaserrano/ChromeDownloads/download_2025-02-06_23.13.30", "filename": "[NorthernSiberiaWinds] LIPS N23.package", "previous": {"url": "https://www.patreon.com/posts/summer-time-53145480", "directory": "/Users/asiaserrano/ChromeDownloads/download_2025-02-06_23.13.30", "filename": "SUMMER TIME COLLECTION | Patreon", "previous": null}}
[2m2025-02-06 23:13:40.906[0;39m [32m INFO[0;39m [35m83952[0;39m [2m---[0;39m [2m[pool-1-thread-1][0;39m [36mo.p.t.downloader.classes.WebsiteLogger  [0;39m [2m:[0;39m downloaded url https://www.patreon.com/file?h=53145480&m=112895131 to /Users/asiaserrano/ChromeDownloads/download_2025-02-06_23.13.30/[NorthernSiberiaWinds] LIPS N20.package
[2m2025-02-06 23:13:40.906[0;39m [32m INFO[0;39m [35m83952[0;39m [2m---[0;39m [2m[pool-1-thread-1][0;39m [36mo.p.t.d.downloaders.WebsiteDownloader   [0;39m [2m:[0;39m received payload from kafka: {"url": "https://www.patreon.com/file?h=53145480&m=112895120", "directory": "/Users/asiaserrano/ChromeDownloads/download_2025-02-06_23.13.30", "filename": "[NorthernSiberiaWinds] EYELIDS N8.package", "previous": {"url": "https://www.patreon.com/posts/summer-time-53145480", "directory": "/Users/asiaserrano/ChromeDownloads/download_2025-02-06_23.13.30", "filename": "SUMMER TIME COLLECTION | Patreon", "previous": null}}
[2m2025-02-06 23:13:42.866[0;39m [32m INFO[0;39m [35m83952[0;39m [2m---[0;39m [2m[pool-1-thread-3][0;39m [36mo.p.t.downloader.classes.WebsiteLogger  [0;39m [2m:[0;39m downloaded url https://www.patreon.com/file?h=53145480&m=112895152 to /Users/asiaserrano/ChromeDownloads/download_2025-02-06_23.13.30/[NorthernSiberiaWinds] LIPS N23.package
[2m2025-02-06 23:13:42.866[0;39m [32m INFO[0;39m [35m83952[0;39m [2m---[0;39m [2m[pool-1-thread-3][0;39m [36mo.p.t.d.downloaders.WebsiteDownloader   [0;39m [2m:[0;39m received payload from kafka: {"url": "https://www.patreon.com/file?h=53145480&m=128765098", "directory": "/Users/asiaserrano/ChromeDownloads/download_2025-02-06_23.13.30", "filename": "[NorthernSiberiaWinds] EYEBAGS N1.package", "previous": {"url": "https://www.patreon.com/posts/summer-time-53145480", "directory": "/Users/asiaserrano/ChromeDownloads/download_2025-02-06_23.13.30", "filename": "SUMMER TIME COLLECTION | Patreon", "previous": null}}
[2m2025-02-06 23:13:43.965[0;39m [32m INFO[0;39m [35m83952[0;39m [2m---[0;39m [2m[pool-1-thread-2][0;39m [36mo.p.t.downloader.classes.WebsiteLogger  [0;39m [2m:[0;39m downloaded url https://www.patreon.com/file?h=53145480&m=194676562 to /Users/asiaserrano/ChromeDownloads/download_2025-02-06_23.13.30/[NORTHERN SIBERIA WINDS] BLUSH N3.package
[2m2025-02-06 23:13:43.966[0;39m [32m INFO[0;39m [35m83952[0;39m [2m---[0;39m [2m[pool-1-thread-2][0;39m [36mo.p.t.d.downloaders.WebsiteDownloader   [0;39m [2m:[0;39m received payload from kafka: {"url": "https://www.patreon.com/file?h=70364015&m=194675996", "directory": "/Users/asiaserrano/ChromeDownloads/download_2025-02-06_23.13.30", "filename": "[NORTHERN SIBERIA WINDS] EYES N26.package", "previous": {"url": "https://www.patreon.com/posts/make-up-and-set-70364015", "directory": "/Users/asiaserrano/ChromeDownloads/download_2025-02-06_23.13.30", "filename": "Make-up and Presets Set | Patreon", "previous": null}}
[2m2025-02-06 23:13:45.031[0;39m [32m INFO[0;39m [35m83952[0;39m [2m---[0;39m [2m[pool-1-thread-3][0;39m [36mo.p.t.downloader.classes.WebsiteLogger  [0;39m [2m:[0;39m downloaded url https://www.patreon.com/file?h=53145480&m=128765098 to /Users/asiaserrano/ChromeDownloads/download_2025-02-06_23.13.30/[NorthernSiberiaWinds] EYEBAGS N1.package
[2m2025-02-06 23:13:45.032[0;39m [32m INFO[0;39m [35m83952[0;39m [2m---[0;39m [2m[pool-1-thread-3][0;39m [36mo.p.t.d.downloaders.WebsiteDownloader   [0;39m [2m:[0;39m received payload from kafka: {"url": "https://www.patreon.com/file?h=70364015&m=255391044", "directory": "/Users/asiaserrano/ChromeDownloads/download_2025-02-06_23.13.30", "filename": "[NorthernSiberiaWinds] LIPS PRESET F N44.package", "previous": {"url": "https://www.patreon.com/posts/make-up-and-set-70364015", "directory": "/Users/asiaserrano/ChromeDownloads/download_2025-02-06_23.13.30", "filename": "Make-up and Presets Set | Patreon", "previous": null}}
[2m2025-02-06 23:13:45.374[0;39m [32m INFO[0;39m [35m83952[0;39m [2m---[0;39m [2m[pool-1-thread-3][0;39m [36mo.p.t.downloader.classes.WebsiteLogger  [0;39m [2m:[0;39m downloaded url https://www.patreon.com/file?h=70364015&m=255391044 to /Users/asiaserrano/ChromeDownloads/download_2025-02-06_23.13.30/[NorthernSiberiaWinds] LIPS PRESET F N44.package
[2m2025-02-06 23:13:45.374[0;39m [32m INFO[0;39m [35m83952[0;39m [2m---[0;39m [2m[pool-1-thread-3][0;39m [36mo.p.t.d.downloaders.WebsiteDownloader   [0;39m [2m:[0;39m received payload from kafka: {"url": "https://www.patreon.com/file?h=70364015&m=255391045", "directory": "/Users/asiaserrano/ChromeDownloads/download_2025-02-06_23.13.30", "filename": "[NorthernSiberiaWinds] LIPS PRESET F N42.package", "previous": {"url": "https://www.patreon.com/posts/make-up-and-set-70364015", "directory": "/Users/asiaserrano/ChromeDownloads/download_2025-02-06_23.13.30", "filename": "Make-up and Presets Set | Patreon", "previous": null}}
[2m2025-02-06 23:13:45.687[0;39m [32m INFO[0;39m [35m83952[0;39m [2m---[0;39m [2m[pool-1-thread-3][0;39m [36mo.p.t.downloader.classes.WebsiteLogger  [0;39m [2m:[0;39m downloaded url https://www.patreon.com/file?h=70364015&m=255391045 to /Users/asiaserrano/ChromeDownloads/download_2025-02-06_23.13.30/[NorthernSiberiaWinds] LIPS PRESET F N42.package
[2m2025-02-06 23:13:45.687[0;39m [32m INFO[0;39m [35m83952[0;39m [2m---[0;39m [2m[pool-1-thread-3][0;39m [36mo.p.t.d.downloaders.WebsiteDownloader   [0;39m [2m:[0;39m received payload from kafka: {"url": "https://www.patreon.com/file?h=70364015&m=166570115", "directory": "/Users/asiaserrano/ChromeDownloads/download_2025-02-06_23.13.30", "filename": "[NorthernSiberiaWinds] LIPS N39.package", "previous": {"url": "https://www.patreon.com/posts/make-up-and-set-70364015", "directory": "/Users/asiaserrano/ChromeDownloads/download_2025-02-06_23.13.30", "filename": "Make-up and Presets Set | Patreon", "previous": null}}
[2m2025-02-06 23:13:45.959[0;39m [32m INFO[0;39m [35m83952[0;39m [2m---[0;39m [2m[pool-1-thread-2][0;39m [36mo.p.t.downloader.classes.WebsiteLogger  [0;39m [2m:[0;39m downloaded url https://www.patreon.com/file?h=70364015&m=194675996 to /Users/asiaserrano/ChromeDownloads/download_2025-02-06_23.13.30/[NORTHERN SIBERIA WINDS] EYES N26.package
[2m2025-02-06 23:13:45.959[0;39m [32m INFO[0;39m [35m83952[0;39m [2m---[0;39m [2m[pool-1-thread-2][0;39m [36mo.p.t.d.downloaders.WebsiteDownloader   [0;39m [2m:[0;39m received payload from kafka: {"url": "https://www.patreon.com/file?h=70364015&m=255391043", "directory": "/Users/asiaserrano/ChromeDownloads/download_2025-02-06_23.13.30", "filename": "[NorthernSiberiaWinds] LIPS PRESET F N43.package", "previous": {"url": "https://www.patreon.com/posts/make-up-and-set-70364015", "directory": "/Users/asiaserrano/ChromeDownloads/download_2025-02-06_23.13.30", "filename": "Make-up and Presets Set | Patreon", "previous": null}}
[2m2025-02-06 23:13:46.211[0;39m [32m INFO[0;39m [35m83952[0;39m [2m---[0;39m [2m[pool-1-thread-2][0;39m [36mo.p.t.downloader.classes.WebsiteLogger  [0;39m [2m:[0;39m downloaded url https://www.patreon.com/file?h=70364015&m=255391043 to /Users/asiaserrano/ChromeDownloads/download_2025-02-06_23.13.30/[NorthernSiberiaWinds] LIPS PRESET F N43.package
[2m2025-02-06 23:13:46.212[0;39m [32m INFO[0;39m [35m83952[0;39m [2m---[0;39m [2m[pool-1-thread-2][0;39m [36mo.p.t.d.downloaders.WebsiteDownloader   [0;39m [2m:[0;39m received payload from kafka: {"url": "https://www.patreon.com/file?h=96890668&m=267550509", "directory": "/Users/asiaserrano/ChromeDownloads/download_2025-02-06_23.13.30", "filename": "Curbs_Patreon_Body_115_CollarColor.package", "previous": {"url": "https://www.patreon.com/posts/january-2024-96890668", "directory": "/Users/asiaserrano/ChromeDownloads/download_2025-02-06_23.13.30", "filename": "January 2024 | Patreon", "previous": null}}
[2m2025-02-06 23:13:48.012[0;39m [32m INFO[0;39m [35m83952[0;39m [2m---[0;39m [2m[pool-1-thread-2][0;39m [36mo.p.t.downloader.classes.WebsiteLogger  [0;39m [2m:[0;39m downloaded url https://www.patreon.com/file?h=96890668&m=267550509 to /Users/asiaserrano/ChromeDownloads/download_2025-02-06_23.13.30/Curbs_Patreon_Body_115_CollarColor.package
[2m2025-02-06 23:13:48.036[0;39m [32m INFO[0;39m [35m83952[0;39m [2m---[0;39m [2m[pool-1-thread-2][0;39m [36mo.p.t.d.downloaders.WebsiteDownloader   [0;39m [2m:[0;39m received payload from kafka: {"url": "https://www.patreon.com/file?h=96890668&m=267550678", "directory": "/Users/asiaserrano/ChromeDownloads/download_2025-02-06_23.13.30", "filename": "Curbs_Patreon_top_77.package", "previous": {"url": "https://www.patreon.com/posts/january-2024-96890668", "directory": "/Users/asiaserrano/ChromeDownloads/download_2025-02-06_23.13.30", "filename": "January 2024 | Patreon", "previous": null}}
[2m2025-02-06 23:13:48.038[0;39m [32m INFO[0;39m [35m83952[0;39m [2m---[0;39m [2m[pool-1-thread-3][0;39m [36mo.p.t.downloader.classes.WebsiteLogger  [0;39m [2m:[0;39m downloaded url https://www.patreon.com/file?h=70364015&m=166570115 to /Users/asiaserrano/ChromeDownloads/download_2025-02-06_23.13.30/[NorthernSiberiaWinds] LIPS N39.package
[2m2025-02-06 23:13:48.038[0;39m [32m INFO[0;39m [35m83952[0;39m [2m---[0;39m [2m[pool-1-thread-3][0;39m [36mo.p.t.d.downloaders.WebsiteDownloader   [0;39m [2m:[0;39m received payload from kafka: {"url": "https://www.patreon.com/file?h=96890668&m=267549092", "directory": "/Users/asiaserrano/ChromeDownloads/download_2025-02-06_23.13.30", "filename": "Curbs_Patreon_jan2024_ ALL.package", "previous": {"url": "https://www.patreon.com/posts/january-2024-96890668", "directory": "/Users/asiaserrano/ChromeDownloads/download_2025-02-06_23.13.30", "filename": "January 2024 | Patreon", "previous": null}}
[2m2025-02-06 23:13:49.659[0;39m [32m INFO[0;39m [35m83952[0;39m [2m---[0;39m [2m[pool-1-thread-1][0;39m [36mo.p.t.downloader.classes.WebsiteLogger  [0;39m [2m:[0;39m downloaded url https://www.patreon.com/file?h=53145480&m=112895120 to /Users/asiaserrano/ChromeDownloads/download_2025-02-06_23.13.30/[NorthernSiberiaWinds] EYELIDS N8.package
[2m2025-02-06 23:13:49.660[0;39m [32m INFO[0;39m [35m83952[0;39m [2m---[0;39m [2m[pool-1-thread-1][0;39m [36mo.p.t.d.downloaders.WebsiteDownloader   [0;39m [2m:[0;39m received payload from kafka: {"url": "https://www.patreon.com/file?h=96890668&m=267550515", "directory": "/Users/asiaserrano/ChromeDownloads/download_2025-02-06_23.13.30", "filename": "Curbs_Patreon_calzado_54_b.package", "previous": {"url": "https://www.patreon.com/posts/january-2024-96890668", "directory": "/Users/asiaserrano/ChromeDownloads/download_2025-02-06_23.13.30", "filename": "January 2024 | Patreon", "previous": null}}
[2m2025-02-06 23:13:50.768[0;39m [32m INFO[0;39m [35m83952[0;39m [2m---[0;39m [2m[pool-1-thread-2][0;39m [36mo.p.t.downloader.classes.WebsiteLogger  [0;39m [2m:[0;39m downloaded url https://www.patreon.com/file?h=96890668&m=267550678 to /Users/asiaserrano/ChromeDownloads/download_2025-02-06_23.13.30/Curbs_Patreon_top_77.package
[2m2025-02-06 23:13:50.769[0;39m [32m INFO[0;39m [35m83952[0;39m [2m---[0;39m [2m[pool-1-thread-2][0;39m [36mo.p.t.d.downloaders.WebsiteDownloader   [0;39m [2m:[0;39m received payload from kafka: {"url": "https://www.patreon.com/file?h=96890668&m=267550504", "directory": "/Users/asiaserrano/ChromeDownloads/download_2025-02-06_23.13.30", "filename": "Curbs_hairsS4_533.package", "previous": {"url": "https://www.patreon.com/posts/january-2024-96890668", "directory": "/Users/asiaserrano/ChromeDownloads/download_2025-02-06_23.13.30", "filename": "January 2024 | Patreon", "previous": null}}
[2m2025-02-06 23:13:56.014[0;39m [32m INFO[0;39m [35m83952[0;39m [2m---[0;39m [2m[pool-1-thread-1][0;39m [36mo.p.t.downloader.classes.WebsiteLogger  [0;39m [2m:[0;39m downloaded url https://www.patreon.com/file?h=96890668&m=267550515 to /Users/asiaserrano/ChromeDownloads/download_2025-02-06_23.13.30/Curbs_Patreon_calzado_54_b.package
[2m2025-02-06 23:13:56.019[0;39m [32m INFO[0;39m [35m83952[0;39m [2m---[0;39m [2m[pool-1-thread-1][0;39m [36mo.p.t.d.downloaders.WebsiteDownloader   [0;39m [2m:[0;39m received payload from kafka: {"url": "https://www.patreon.com/file?h=96890668&m=267550671", "directory": "/Users/asiaserrano/ChromeDownloads/download_2025-02-06_23.13.30", "filename": "Curbs_Patreon_top_76_b.package", "previous": {"url": "https://www.patreon.com/posts/january-2024-96890668", "directory": "/Users/asiaserrano/ChromeDownloads/download_2025-02-06_23.13.30", "filename": "January 2024 | Patreon", "previous": null}}
[2m2025-02-06 23:13:59.491[0;39m [32m INFO[0;39m [35m83952[0;39m [2m---[0;39m [2m[pool-1-thread-1][0;39m [36mo.p.t.downloader.classes.WebsiteLogger  [0;39m [2m:[0;39m downloaded url https://www.patreon.com/file?h=96890668&m=267550671 to /Users/asiaserrano/ChromeDownloads/download_2025-02-06_23.13.30/Curbs_Patreon_top_76_b.package
[2m2025-02-06 23:13:59.492[0;39m [32m INFO[0;39m [35m83952[0;39m [2m---[0;39m [2m[pool-1-thread-1][0;39m [36mo.p.t.d.downloaders.WebsiteDownloader   [0;39m [2m:[0;39m received payload from kafka: {"url": "https://www.patreon.com/file?h=96890668&m=267550667", "directory": "/Users/asiaserrano/ChromeDownloads/download_2025-02-06_23.13.30", "filename": "Curbs_Patreon_short_jeans_3b.package", "previous": {"url": "https://www.patreon.com/posts/january-2024-96890668", "directory": "/Users/asiaserrano/ChromeDownloads/download_2025-02-06_23.13.30", "filename": "January 2024 | Patreon", "previous": null}}
[2m2025-02-06 23:14:04.065[0;39m [32m INFO[0;39m [35m83952[0;39m [2m---[0;39m [2m[pool-1-thread-2][0;39m [36mo.p.t.downloader.classes.WebsiteLogger  [0;39m [2m:[0;39m downloaded url https://www.patreon.com/file?h=96890668&m=267550504 to /Users/asiaserrano/ChromeDownloads/download_2025-02-06_23.13.30/Curbs_hairsS4_533.package
[2m2025-02-06 23:14:04.069[0;39m [32m INFO[0;39m [35m83952[0;39m [2m---[0;39m [2m[pool-1-thread-2][0;39m [36mo.p.t.d.downloaders.WebsiteDownloader   [0;39m [2m:[0;39m received payload from kafka: {"url": "https://www.patreon.com/file?h=96890668&m=267550514", "directory": "/Users/asiaserrano/ChromeDownloads/download_2025-02-06_23.13.30", "filename": "Curbs_Patreon_Body_115_b.package", "previous": {"url": "https://www.patreon.com/posts/january-2024-96890668", "directory": "/Users/asiaserrano/ChromeDownloads/download_2025-02-06_23.13.30", "filename": "January 2024 | Patreon", "previous": null}}
[2m2025-02-06 23:14:05.982[0;39m [32m INFO[0;39m [35m83952[0;39m [2m---[0;39m [2m[pool-1-thread-1][0;39m [36mo.p.t.downloader.classes.WebsiteLogger  [0;39m [2m:[0;39m downloaded url https://www.patreon.com/file?h=96890668&m=267550667 to /Users/asiaserrano/ChromeDownloads/download_2025-02-06_23.13.30/Curbs_Patreon_short_jeans_3b.package
[2m2025-02-06 23:14:05.982[0;39m [32m INFO[0;39m [35m83952[0;39m [2m---[0;39m [2m[pool-1-thread-1][0;39m [36mo.p.t.d.downloaders.WebsiteDownloader   [0;39m [2m:[0;39m received payload from kafka: {"url": "https://www.patreon.com/file?h=96890668&m=267550647", "directory": "/Users/asiaserrano/ChromeDownloads/download_2025-02-06_23.13.30", "filename": "Curbs_Patreon_short_jeans_3.package", "previous": {"url": "https://www.patreon.com/posts/january-2024-96890668", "directory": "/Users/asiaserrano/ChromeDownloads/download_2025-02-06_23.13.30", "filename": "January 2024 | Patreon", "previous": null}}
[2m2025-02-06 23:14:09.517[0;39m [32m INFO[0;39m [35m83952[0;39m [2m---[0;39m [2m[pool-1-thread-1][0;39m [36mo.p.t.downloader.classes.WebsiteLogger  [0;39m [2m:[0;39m downloaded url https://www.patreon.com/file?h=96890668&m=267550647 to /Users/asiaserrano/ChromeDownloads/download_2025-02-06_23.13.30/Curbs_Patreon_short_jeans_3.package
[2m2025-02-06 23:14:09.521[0;39m [32m INFO[0;39m [35m83952[0;39m [2m---[0;39m [2m[pool-1-thread-1][0;39m [36mo.p.t.d.downloaders.WebsiteDownloader   [0;39m [2m:[0;39m received payload from kafka: {"url": "https://www.patreon.com/file?h=96890668&m=267550489", "directory": "/Users/asiaserrano/ChromeDownloads/download_2025-02-06_23.13.30", "filename": "Curbs_Patreon_Body_115.package", "previous": {"url": "https://www.patreon.com/posts/january-2024-96890668", "directory": "/Users/asiaserrano/ChromeDownloads/download_2025-02-06_23.13.30", "filename": "January 2024 | Patreon", "previous": null}}
[2m2025-02-06 23:14:21.251[0;39m [32m INFO[0;39m [35m83952[0;39m [2m---[0;39m [2m[pool-1-thread-1][0;39m [36mo.p.t.downloader.classes.WebsiteLogger  [0;39m [2m:[0;39m downloaded url https://www.patreon.com/file?h=96890668&m=267550489 to /Users/asiaserrano/ChromeDownloads/download_2025-02-06_23.13.30/Curbs_Patreon_Body_115.package
[2m2025-02-06 23:14:21.255[0;39m [32m INFO[0;39m [35m83952[0;39m [2m---[0;39m [2m[pool-1-thread-1][0;39m [36mo.p.t.d.downloaders.WebsiteDownloader   [0;39m [2m:[0;39m received payload from kafka: {"url": "https://www.patreon.com/file?h=96890668&m=267550525", "directory": "/Users/asiaserrano/ChromeDownloads/download_2025-02-06_23.13.30", "filename": "Curbs_Patreon_ChildShoes_01.package", "previous": {"url": "https://www.patreon.com/posts/january-2024-96890668", "directory": "/Users/asiaserrano/ChromeDownloads/download_2025-02-06_23.13.30", "filename": "January 2024 | Patreon", "previous": null}}
[2m2025-02-06 23:14:24.891[0;39m [32m INFO[0;39m [35m83952[0;39m [2m---[0;39m [2m[pool-1-thread-2][0;39m [36mo.p.t.downloader.classes.WebsiteLogger  [0;39m [2m:[0;39m downloaded url https://www.patreon.com/file?h=96890668&m=267550514 to /Users/asiaserrano/ChromeDownloads/download_2025-02-06_23.13.30/Curbs_Patreon_Body_115_b.package
[2m2025-02-06 23:14:24.891[0;39m [32m INFO[0;39m [35m83952[0;39m [2m---[0;39m [2m[pool-1-thread-2][0;39m [36mo.p.t.d.downloaders.WebsiteDownloader   [0;39m [2m:[0;39m received payload from kafka: {"url": "https://www.patreon.com/file?h=96890668&m=267550517", "directory": "/Users/asiaserrano/ChromeDownloads/download_2025-02-06_23.13.30", "filename": "Curbs_Patreon_calzado_54.package", "previous": {"url": "https://www.patreon.com/posts/january-2024-96890668", "directory": "/Users/asiaserrano/ChromeDownloads/download_2025-02-06_23.13.30", "filename": "January 2024 | Patreon", "previous": null}}
[2m2025-02-06 23:14:27.920[0;39m [32m INFO[0;39m [35m83952[0;39m [2m---[0;39m [2m[pool-1-thread-1][0;39m [36mo.p.t.downloader.classes.WebsiteLogger  [0;39m [2m:[0;39m downloaded url https://www.patreon.com/file?h=96890668&m=267550525 to /Users/asiaserrano/ChromeDownloads/download_2025-02-06_23.13.30/Curbs_Patreon_ChildShoes_01.package
[2m2025-02-06 23:14:27.924[0;39m [32m INFO[0;39m [35m83952[0;39m [2m---[0;39m [2m[pool-1-thread-1][0;39m [36mo.p.t.d.downloaders.WebsiteDownloader   [0;39m [2m:[0;39m received payload from kafka: {"url": "https://www.patreon.com/file?h=96890668&m=267550500", "directory": "/Users/asiaserrano/ChromeDownloads/download_2025-02-06_23.13.30", "filename": "Curbs_hairsS4_532.package", "previous": {"url": "https://www.patreon.com/posts/january-2024-96890668", "directory": "/Users/asiaserrano/ChromeDownloads/download_2025-02-06_23.13.30", "filename": "January 2024 | Patreon", "previous": null}}
[2m2025-02-06 23:14:31.540[0;39m [32m INFO[0;39m [35m83952[0;39m [2m---[0;39m [2m[pool-1-thread-2][0;39m [36mo.p.t.downloader.classes.WebsiteLogger  [0;39m [2m:[0;39m downloaded url https://www.patreon.com/file?h=96890668&m=267550517 to /Users/asiaserrano/ChromeDownloads/download_2025-02-06_23.13.30/Curbs_Patreon_calzado_54.package
[2m2025-02-06 23:14:31.540[0;39m [32m INFO[0;39m [35m83952[0;39m [2m---[0;39m [2m[pool-1-thread-2][0;39m [36mo.p.t.d.downloaders.WebsiteDownloader   [0;39m [2m:[0;39m received payload from kafka: {"url": "https://www.patreon.com/file?h=96890668&m=267550640", "directory": "/Users/asiaserrano/ChromeDownloads/download_2025-02-06_23.13.30", "filename": "Curbs_Patreon_panties_13.package", "previous": {"url": "https://www.patreon.com/posts/january-2024-96890668", "directory": "/Users/asiaserrano/ChromeDownloads/download_2025-02-06_23.13.30", "filename": "January 2024 | Patreon", "previous": null}}
[2m2025-02-06 23:14:33.945[0;39m [32m INFO[0;39m [35m83952[0;39m [2m---[0;39m [2m[pool-1-thread-2][0;39m [36mo.p.t.downloader.classes.WebsiteLogger  [0;39m [2m:[0;39m downloaded url https://www.patreon.com/file?h=96890668&m=267550640 to /Users/asiaserrano/ChromeDownloads/download_2025-02-06_23.13.30/Curbs_Patreon_panties_13.package
[2m2025-02-06 23:14:33.947[0;39m [32m INFO[0;39m [35m83952[0;39m [2m---[0;39m [2m[pool-1-thread-2][0;39m [36mo.p.t.d.downloaders.WebsiteDownloader   [0;39m [2m:[0;39m received payload from kafka: {"url": "https://www.patreon.com/file?h=96890668&m=267550648", "directory": "/Users/asiaserrano/ChromeDownloads/download_2025-02-06_23.13.30", "filename": "Curbs_Patreon_MaleShoes_01.package", "previous": {"url": "https://www.patreon.com/posts/january-2024-96890668", "directory": "/Users/asiaserrano/ChromeDownloads/download_2025-02-06_23.13.30", "filename": "January 2024 | Patreon", "previous": null}}
[2m2025-02-06 23:14:41.205[0;39m [32m INFO[0;39m [35m83952[0;39m [2m---[0;39m [2m[pool-1-thread-2][0;39m [36mo.p.t.downloader.classes.WebsiteLogger  [0;39m [2m:[0;39m downloaded url https://www.patreon.com/file?h=96890668&m=267550648 to /Users/asiaserrano/ChromeDownloads/download_2025-02-06_23.13.30/Curbs_Patreon_MaleShoes_01.package
[2m2025-02-06 23:14:41.208[0;39m [32m INFO[0;39m [35m83952[0;39m [2m---[0;39m [2m[pool-1-thread-2][0;39m [36mo.p.t.d.downloaders.WebsiteDownloader   [0;39m [2m:[0;39m received payload from kafka: {"url": "https://www.patreon.com/file?h=96890668&m=267550674", "directory": "/Users/asiaserrano/ChromeDownloads/download_2025-02-06_23.13.30", "filename": "Curbs_Patreon_top_76.package", "previous": {"url": "https://www.patreon.com/posts/january-2024-96890668", "directory": "/Users/asiaserrano/ChromeDownloads/download_2025-02-06_23.13.30", "filename": "January 2024 | Patreon", "previous": null}}
[2m2025-02-06 23:14:45.071[0;39m [32m INFO[0;39m [35m83952[0;39m [2m---[0;39m [2m[pool-1-thread-1][0;39m [36mo.p.t.downloader.classes.WebsiteLogger  [0;39m [2m:[0;39m downloaded url https://www.patreon.com/file?h=96890668&m=267550500 to /Users/asiaserrano/ChromeDownloads/download_2025-02-06_23.13.30/Curbs_hairsS4_532.package
[2m2025-02-06 23:14:45.072[0;39m [32m INFO[0;39m [35m83952[0;39m [2m---[0;39m [2m[pool-1-thread-1][0;39m [36mo.p.t.d.downloaders.WebsiteDownloader   [0;39m [2m:[0;39m received payload from kafka: {"url": "https://www.patreon.com/file?h=40506361&m=90767465", "directory": "/Users/asiaserrano/ChromeDownloads/download_2025-02-06_23.13.30", "filename": "lamatisse_BARE_skintones_olive [genetic].package", "previous": {"url": "https://www.patreon.com/posts/bare-skintone-40506361", "directory": "/Users/asiaserrano/ChromeDownloads/download_2025-02-06_23.13.30", "filename": "bare; a skintone pack | Patreon", "previous": null}}
[2m2025-02-06 23:14:46.479[0;39m [32m INFO[0;39m [35m83952[0;39m [2m---[0;39m [2m[pool-1-thread-2][0;39m [36mo.p.t.downloader.classes.WebsiteLogger  [0;39m [2m:[0;39m downloaded url https://www.patreon.com/file?h=96890668&m=267550674 to /Users/asiaserrano/ChromeDownloads/download_2025-02-06_23.13.30/Curbs_Patreon_top_76.package
[2m2025-02-06 23:14:46.481[0;39m [32m INFO[0;39m [35m83952[0;39m [2m---[0;39m [2m[pool-1-thread-2][0;39m [36mo.p.t.d.downloaders.WebsiteDownloader   [0;39m [2m:[0;39m received payload from kafka: {"url": "https://www.patreon.com/file?h=40506361&m=90767424", "directory": "/Users/asiaserrano/ChromeDownloads/download_2025-02-06_23.13.30", "filename": "lamatisse_BARE_skintones_warm.package", "previous": {"url": "https://www.patreon.com/posts/bare-skintone-40506361", "directory": "/Users/asiaserrano/ChromeDownloads/download_2025-02-06_23.13.30", "filename": "bare; a skintone pack | Patreon", "previous": null}}
[2m2025-02-06 23:14:57.355[0;39m [32m INFO[0;39m [35m83952[0;39m [2m---[0;39m [2m[pool-1-thread-2][0;39m [36mo.p.t.downloader.classes.WebsiteLogger  [0;39m [2m:[0;39m downloaded url https://www.patreon.com/file?h=40506361&m=90767424 to /Users/asiaserrano/ChromeDownloads/download_2025-02-06_23.13.30/lamatisse_BARE_skintones_warm.package
[2m2025-02-06 23:14:57.355[0;39m [32m INFO[0;39m [35m83952[0;39m [2m---[0;39m [2m[pool-1-thread-2][0;39m [36mo.p.t.d.downloaders.WebsiteDownloader   [0;39m [2m:[0;39m received payload from kafka: {"url": "https://www.patreon.com/file?h=40506361&m=88256677", "directory": "/Users/asiaserrano/ChromeDownloads/download_2025-02-06_23.13.30", "filename": "BARE Skintones Old Ver. [genetic] (before 12.07.20).zip", "previous": {"url": "https://www.patreon.com/posts/bare-skintone-40506361", "directory": "/Users/asiaserrano/ChromeDownloads/download_2025-02-06_23.13.30", "filename": "bare; a skintone pack | Patreon", "previous": null}}
[2m2025-02-06 23:15:06.457[0;39m [32m INFO[0;39m [35m83952[0;39m [2m---[0;39m [2m[pool-1-thread-1][0;39m [36mo.p.t.downloader.classes.WebsiteLogger  [0;39m [2m:[0;39m downloaded url https://www.patreon.com/file?h=40506361&m=90767465 to /Users/asiaserrano/ChromeDownloads/download_2025-02-06_23.13.30/lamatisse_BARE_skintones_olive [genetic].package
[2m2025-02-06 23:15:06.462[0;39m [32m INFO[0;39m [35m83952[0;39m [2m---[0;39m [2m[pool-1-thread-1][0;39m [36mo.p.t.d.downloaders.WebsiteDownloader   [0;39m [2m:[0;39m received payload from kafka: {"url": "https://www.patreon.com/file?h=40506361&m=90767479", "directory": "/Users/asiaserrano/ChromeDownloads/download_2025-02-06_23.13.30", "filename": "lamatisse_BARE_skintones_MERGED [genetic].package", "previous": {"url": "https://www.patreon.com/posts/bare-skintone-40506361", "directory": "/Users/asiaserrano/ChromeDownloads/download_2025-02-06_23.13.30", "filename": "bare; a skintone pack | Patreon", "previous": null}}
[2m2025-02-06 23:15:06.687[0;39m [32m INFO[0;39m [35m83952[0;39m [2m---[0;39m [2m[pool-1-thread-3][0;39m [36mo.p.t.downloader.classes.WebsiteLogger  [0;39m [2m:[0;39m downloaded url https://www.patreon.com/file?h=96890668&m=267549092 to /Users/asiaserrano/ChromeDownloads/download_2025-02-06_23.13.30/Curbs_Patreon_jan2024_ ALL.package
[2m2025-02-06 23:15:06.687[0;39m [32m INFO[0;39m [35m83952[0;39m [2m---[0;39m [2m[pool-1-thread-3][0;39m [36mo.p.t.d.downloaders.WebsiteDownloader   [0;39m [2m:[0;39m received payload from kafka: {"url": "https://www.patreon.com/file?h=40506361&m=90767466", "directory": "/Users/asiaserrano/ChromeDownloads/download_2025-02-06_23.13.30", "filename": "lamatisse_BARE_skintones_warm [genetic].package", "previous": {"url": "https://www.patreon.com/posts/bare-skintone-40506361", "directory": "/Users/asiaserrano/ChromeDownloads/download_2025-02-06_23.13.30", "filename": "bare; a skintone pack | Patreon", "previous": null}}
[2m2025-02-06 23:15:21.272[0;39m [32m INFO[0;39m [35m83952[0;39m [2m---[0;39m [2m[pool-1-thread-3][0;39m [36mo.p.t.downloader.classes.WebsiteLogger  [0;39m [2m:[0;39m downloaded url https://www.patreon.com/file?h=40506361&m=90767466 to /Users/asiaserrano/ChromeDownloads/download_2025-02-06_23.13.30/lamatisse_BARE_skintones_warm [genetic].package
[2m2025-02-06 23:15:21.274[0;39m [32m INFO[0;39m [35m83952[0;39m [2m---[0;39m [2m[pool-1-thread-3][0;39m [36mo.p.t.d.downloaders.WebsiteDownloader   [0;39m [2m:[0;39m received payload from kafka: {"url": "https://www.patreon.com/file?h=40506361&m=88256674", "directory": "/Users/asiaserrano/ChromeDownloads/download_2025-02-06_23.13.30", "filename": "BARE Skintones Old Ver. (before 12.07.20).zip", "previous": {"url": "https://www.patreon.com/posts/bare-skintone-40506361", "directory": "/Users/asiaserrano/ChromeDownloads/download_2025-02-06_23.13.30", "filename": "bare; a skintone pack | Patreon", "previous": null}}
[2m2025-02-06 23:15:35.430[0;39m [32m INFO[0;39m [35m83952[0;39m [2m---[0;39m [2m[pool-1-thread-1][0;39m [36mo.p.t.downloader.classes.WebsiteLogger  [0;39m [2m:[0;39m downloaded url https://www.patreon.com/file?h=40506361&m=90767479 to /Users/asiaserrano/ChromeDownloads/download_2025-02-06_23.13.30/lamatisse_BARE_skintones_MERGED [genetic].package
[2m2025-02-06 23:15:35.432[0;39m [32m INFO[0;39m [35m83952[0;39m [2m---[0;39m [2m[pool-1-thread-1][0;39m [36mo.p.t.d.downloaders.WebsiteDownloader   [0;39m [2m:[0;39m received payload from kafka: {"url": "https://www.patreon.com/file?h=40506361&m=90767461", "directory": "/Users/asiaserrano/ChromeDownloads/download_2025-02-06_23.13.30", "filename": "lamatisse_BARE_skintones_cool [genetic].package", "previous": {"url": "https://www.patreon.com/posts/bare-skintone-40506361", "directory": "/Users/asiaserrano/ChromeDownloads/download_2025-02-06_23.13.30", "filename": "bare; a skintone pack | Patreon", "previous": null}}
[2m2025-02-06 23:15:39.257[0;39m [32m INFO[0;39m [35m83952[0;39m [2m---[0;39m [2m[pool-1-thread-1][0;39m [36mo.p.t.downloader.classes.WebsiteLogger  [0;39m [2m:[0;39m downloaded url https://www.patreon.com/file?h=40506361&m=90767461 to /Users/asiaserrano/ChromeDownloads/download_2025-02-06_23.13.30/lamatisse_BARE_skintones_cool [genetic].package
[2m2025-02-06 23:15:39.259[0;39m [32m INFO[0;39m [35m83952[0;39m [2m---[0;39m [2m[pool-1-thread-1][0;39m [36mo.p.t.d.downloaders.WebsiteDownloader   [0;39m [2m:[0;39m received payload from kafka: {"url": "https://www.patreon.com/file?h=40506361&m=90767421", "directory": "/Users/asiaserrano/ChromeDownloads/download_2025-02-06_23.13.30", "filename": "lamatisse_BARE_skintones_cool.package", "previous": {"url": "https://www.patreon.com/posts/bare-skintone-40506361", "directory": "/Users/asiaserrano/ChromeDownloads/download_2025-02-06_23.13.30", "filename": "bare; a skintone pack | Patreon", "previous": null}}
[2m2025-02-06 23:15:44.340[0;39m [32m INFO[0;39m [35m83952[0;39m [2m---[0;39m [2m[pool-1-thread-1][0;39m [36mo.p.t.downloader.classes.WebsiteLogger  [0;39m [2m:[0;39m downloaded url https://www.patreon.com/file?h=40506361&m=90767421 to /Users/asiaserrano/ChromeDownloads/download_2025-02-06_23.13.30/lamatisse_BARE_skintones_cool.package
[2m2025-02-06 23:15:44.343[0;39m [32m INFO[0;39m [35m83952[0;39m [2m---[0;39m [2m[pool-1-thread-1][0;39m [36mo.p.t.d.downloaders.WebsiteDownloader   [0;39m [2m:[0;39m received payload from kafka: {"url": "https://www.patreon.com/file?h=40506361&m=90767457", "directory": "/Users/asiaserrano/ChromeDownloads/download_2025-02-06_23.13.30", "filename": "lamatisse_BARE_skintones_neutral.package", "previous": {"url": "https://www.patreon.com/posts/bare-skintone-40506361", "directory": "/Users/asiaserrano/ChromeDownloads/download_2025-02-06_23.13.30", "filename": "bare; a skintone pack | Patreon", "previous": null}}
[2m2025-02-06 23:15:58.600[0;39m [32m INFO[0;39m [35m83952[0;39m [2m---[0;39m [2m[pool-1-thread-2][0;39m [36mo.p.t.downloader.classes.WebsiteLogger  [0;39m [2m:[0;39m downloaded url https://www.patreon.com/file?h=40506361&m=88256677 to /Users/asiaserrano/ChromeDownloads/download_2025-02-06_23.13.30/BARE Skintones Old Ver. [genetic] (before 12.07.20).zip
[2m2025-02-06 23:15:58.602[0;39m [32m INFO[0;39m [35m83952[0;39m [2m---[0;39m [2m[pool-1-thread-2][0;39m [36mo.p.t.downloader.classes.WebsiteLogger  [0;39m [2m:[0;39m Unzipping file /Users/asiaserrano/ChromeDownloads/download_2025-02-06_23.13.30/BARE Skintones Old Ver. [genetic] (before 12.07.20).zip
[2m2025-02-06 23:15:59.148[0;39m [32m INFO[0;39m [35m83952[0;39m [2m---[0;39m [2m[pool-1-thread-2][0;39m [36mo.p.t.downloader.classes.WebsiteLogger  [0;39m [2m:[0;39m file deleted: /Users/asiaserrano/ChromeDownloads/download_2025-02-06_23.13.30/BARE Skintones Old Ver. [genetic] (before 12.07.20).zip
[2m2025-02-06 23:15:59.155[0;39m [32m INFO[0;39m [35m83952[0;39m [2m---[0;39m [2m[pool-1-thread-2][0;39m [36mo.p.t.d.downloaders.WebsiteDownloader   [0;39m [2m:[0;39m received payload from kafka: {"url": "https://www.patreon.com/file?h=40506361&m=90767446", "directory": "/Users/asiaserrano/ChromeDownloads/download_2025-02-06_23.13.30", "filename": "lamatisse_BARE_skintones_olive.package", "previous": {"url": "https://www.patreon.com/posts/bare-skintone-40506361", "directory": "/Users/asiaserrano/ChromeDownloads/download_2025-02-06_23.13.30", "filename": "bare; a skintone pack | Patreon", "previous": null}}
[2m2025-02-06 23:15:59.194[0;39m [32m INFO[0;39m [35m83952[0;39m [2m---[0;39m [2m[pool-1-thread-1][0;39m [36mo.p.t.downloader.classes.WebsiteLogger  [0;39m [2m:[0;39m downloaded url https://www.patreon.com/file?h=40506361&m=90767457 to /Users/asiaserrano/ChromeDownloads/download_2025-02-06_23.13.30/lamatisse_BARE_skintones_neutral.package
[2m2025-02-06 23:15:59.194[0;39m [32m INFO[0;39m [35m83952[0;39m [2m---[0;39m [2m[pool-1-thread-1][0;39m [36mo.p.t.d.downloaders.WebsiteDownloader   [0;39m [2m:[0;39m received payload from kafka: {"url": "https://www.patreon.com/file?h=40506361&m=90767482", "directory": "/Users/asiaserrano/ChromeDownloads/download_2025-02-06_23.13.30", "filename": "lamatisse_BARE_skintones_MERGED.package", "previous": {"url": "https://www.patreon.com/posts/bare-skintone-40506361", "directory": "/Users/asiaserrano/ChromeDownloads/download_2025-02-06_23.13.30", "filename": "bare; a skintone pack | Patreon", "previous": null}}
[2m2025-02-06 23:16:05.668[0;39m [32m INFO[0;39m [35m83952[0;39m [2m---[0;39m [2m[ntainer#0-0-C-1][0;39m [36morg.apache.kafka.clients.NetworkClient  [0;39m [2m:[0;39m [Consumer clientId=consumer-ts4-website-downloader-1, groupId=ts4-website-downloader] Node -1 disconnected.
[2m2025-02-06 23:16:11.484[0;39m [32m INFO[0;39m [35m83952[0;39m [2m---[0;39m [2m[pool-1-thread-2][0;39m [36mo.p.t.downloader.classes.WebsiteLogger  [0;39m [2m:[0;39m downloaded url https://www.patreon.com/file?h=40506361&m=90767446 to /Users/asiaserrano/ChromeDownloads/download_2025-02-06_23.13.30/lamatisse_BARE_skintones_olive.package
[2m2025-02-06 23:16:11.489[0;39m [32m INFO[0;39m [35m83952[0;39m [2m---[0;39m [2m[pool-1-thread-2][0;39m [36mo.p.t.d.downloaders.WebsiteDownloader   [0;39m [2m:[0;39m received payload from kafka: {"url": "https://www.patreon.com/file?h=40506361&m=90767462", "directory": "/Users/asiaserrano/ChromeDownloads/download_2025-02-06_23.13.30", "filename": "lamatisse_BARE_skintones_neutral [genetic].package", "previous": {"url": "https://www.patreon.com/posts/bare-skintone-40506361", "directory": "/Users/asiaserrano/ChromeDownloads/download_2025-02-06_23.13.30", "filename": "bare; a skintone pack | Patreon", "previous": null}}
[2m2025-02-06 23:16:11.491[0;39m [32m INFO[0;39m [35m83952[0;39m [2m---[0;39m [2m[pool-1-thread-2][0;39m [36mo.p.t.d.downloaders.WebsiteDownloader   [0;39m [2m:[0;39m lamatisse_BARE_skintones_neutral [genetic].package has already been downloaded
[2m2025-02-06 23:16:23.762[0;39m [32m INFO[0;39m [35m83952[0;39m [2m---[0;39m [2m[pool-1-thread-3][0;39m [36mo.p.t.downloader.classes.WebsiteLogger  [0;39m [2m:[0;39m downloaded url https://www.patreon.com/file?h=40506361&m=88256674 to /Users/asiaserrano/ChromeDownloads/download_2025-02-06_23.13.30/BARE Skintones Old Ver. (before 12.07.20).zip
[2m2025-02-06 23:16:23.763[0;39m [32m INFO[0;39m [35m83952[0;39m [2m---[0;39m [2m[pool-1-thread-3][0;39m [36mo.p.t.downloader.classes.WebsiteLogger  [0;39m [2m:[0;39m Unzipping file /Users/asiaserrano/ChromeDownloads/download_2025-02-06_23.13.30/BARE Skintones Old Ver. (before 12.07.20).zip
[2m2025-02-06 23:16:24.204[0;39m [32m INFO[0;39m [35m83952[0;39m [2m---[0;39m [2m[pool-1-thread-3][0;39m [36mo.p.t.downloader.classes.WebsiteLogger  [0;39m [2m:[0;39m file deleted: /Users/asiaserrano/ChromeDownloads/download_2025-02-06_23.13.30/BARE Skintones Old Ver. (before 12.07.20).zip
[2m2025-02-06 23:16:26.555[0;39m [32m INFO[0;39m [35m83952[0;39m [2m---[0;39m [2m[pool-1-thread-1][0;39m [36mo.p.t.downloader.classes.WebsiteLogger  [0;39m [2m:[0;39m downloaded url https://www.patreon.com/file?h=40506361&m=90767482 to /Users/asiaserrano/ChromeDownloads/download_2025-02-06_23.13.30/lamatisse_BARE_skintones_MERGED.package
[2m2025-02-06 23:16:27.007[0;39m [32m INFO[0;39m [35m83952[0;39m [2m---[0;39m [2m[   scheduling-1][0;39m [36mo.p.ts4.utility.classes.Scheduler       [0;39m [2m:[0;39m done in 172 seconds
[2m2025-02-06 23:26:05.853[0;39m [32m INFO[0;39m [35m83952[0;39m [2m---[0;39m [2m[ntainer#0-0-C-1][0;39m [36morg.apache.kafka.clients.NetworkClient  [0;39m [2m:[0;39m [Consumer clientId=consumer-ts4-website-downloader-1, groupId=ts4-website-downloader] Node -1 disconnected.
[2m2025-02-06 23:29:05.945[0;39m [32m INFO[0;39m [35m83952[0;39m [2m---[0;39m [2m[ntainer#0-0-C-1][0;39m [36mk.c.c.i.ConsumerRebalanceListenerInvoker[0;39m [2m:[0;39m [Consumer clientId=consumer-ts4-website-downloader-1, groupId=ts4-website-downloader] Revoke previously assigned partitions ts4-downloader-topic-0
[2m2025-02-06 23:29:05.949[0;39m [32m INFO[0;39m [35m83952[0;39m [2m---[0;39m [2m[ntainer#0-0-C-1][0;39m [36mo.s.k.l.KafkaMessageListenerContainer   [0;39m [2m:[0;39m ts4-website-downloader: partitions revoked: [ts4-downloader-topic-0]
[2m2025-02-06 23:29:05.950[0;39m [32m INFO[0;39m [35m83952[0;39m [2m---[0;39m [2m[ntainer#0-0-C-1][0;39m [36mo.a.k.c.c.internals.ConsumerCoordinator [0;39m [2m:[0;39m [Consumer clientId=consumer-ts4-website-downloader-1, groupId=ts4-website-downloader] Member consumer-ts4-website-downloader-1-10836ecd-966b-4165-aa31-fe96744a7c79 sending LeaveGroup request to coordinator localhost:9092 (id: 2147483646 rack: null) due to the consumer unsubscribed from all topics
[2m2025-02-06 23:29:05.955[0;39m [32m INFO[0;39m [35m83952[0;39m [2m---[0;39m [2m[ntainer#0-0-C-1][0;39m [36mo.a.k.c.c.internals.ConsumerCoordinator [0;39m [2m:[0;39m [Consumer clientId=consumer-ts4-website-downloader-1, groupId=ts4-website-downloader] Resetting generation and member id due to: consumer pro-actively leaving the group
[2m2025-02-06 23:29:05.955[0;39m [32m INFO[0;39m [35m83952[0;39m [2m---[0;39m [2m[ntainer#0-0-C-1][0;39m [36mo.a.k.c.c.internals.ConsumerCoordinator [0;39m [2m:[0;39m [Consumer clientId=consumer-ts4-website-downloader-1, groupId=ts4-website-downloader] Request joining group due to: consumer pro-actively leaving the group
[2m2025-02-06 23:29:05.955[0;39m [32m INFO[0;39m [35m83952[0;39m [2m---[0;39m [2m[ntainer#0-0-C-1][0;39m [36mo.a.k.c.c.internals.LegacyKafkaConsumer [0;39m [2m:[0;39m [Consumer clientId=consumer-ts4-website-downloader-1, groupId=ts4-website-downloader] Unsubscribed all topics or patterns and assigned partitions
[2m2025-02-06 23:29:05.965[0;39m [32m INFO[0;39m [35m83952[0;39m [2m---[0;39m [2m[ntainer#0-0-C-1][0;39m [36mo.a.k.c.c.internals.ConsumerCoordinator [0;39m [2m:[0;39m [Consumer clientId=consumer-ts4-website-downloader-1, groupId=ts4-website-downloader] Resetting generation and member id due to: consumer pro-actively leaving the group
[2m2025-02-06 23:29:05.966[0;39m [32m INFO[0;39m [35m83952[0;39m [2m---[0;39m [2m[ntainer#0-0-C-1][0;39m [36mo.a.k.c.c.internals.ConsumerCoordinator [0;39m [2m:[0;39m [Consumer clientId=consumer-ts4-website-downloader-1, groupId=ts4-website-downloader] Request joining group due to: consumer pro-actively leaving the group
[2m2025-02-06 23:29:06.252[0;39m [32m INFO[0;39m [35m83952[0;39m [2m---[0;39m [2m[ntainer#0-0-C-1][0;39m [36mo.apache.kafka.common.metrics.Metrics   [0;39m [2m:[0;39m Metrics scheduler closed
[2m2025-02-06 23:29:06.252[0;39m [32m INFO[0;39m [35m83952[0;39m [2m---[0;39m [2m[ntainer#0-0-C-1][0;39m [36mo.apache.kafka.common.metrics.Metrics   [0;39m [2m:[0;39m Closing reporter org.apache.kafka.common.metrics.JmxReporter
[2m2025-02-06 23:29:06.252[0;39m [32m INFO[0;39m [35m83952[0;39m [2m---[0;39m [2m[ntainer#0-0-C-1][0;39m [36mo.apache.kafka.common.metrics.Metrics   [0;39m [2m:[0;39m Closing reporter org.apache.kafka.common.telemetry.internals.ClientTelemetryReporter
[2m2025-02-06 23:29:06.252[0;39m [32m INFO[0;39m [35m83952[0;39m [2m---[0;39m [2m[ntainer#0-0-C-1][0;39m [36mo.apache.kafka.common.metrics.Metrics   [0;39m [2m:[0;39m Metrics reporters closed
[2m2025-02-06 23:29:06.264[0;39m [32m INFO[0;39m [35m83952[0;39m [2m---[0;39m [2m[ntainer#0-0-C-1][0;39m [36mo.a.kafka.common.utils.AppInfoParser    [0;39m [2m:[0;39m App info kafka.consumer for consumer-ts4-website-downloader-1 unregistered
[2m2025-02-06 23:29:06.266[0;39m [32m INFO[0;39m [35m83952[0;39m [2m---[0;39m [2m[ntainer#0-0-C-1][0;39m [36mo.s.k.l.KafkaMessageListenerContainer   [0;39m [2m:[0;39m ts4-website-downloader: Consumer stopped
