[2m2025-02-07 01:35:11.387[0;39m [32m INFO[0;39m [35m95858[0;39m [2m---[0;39m [2m[           main][0;39m [36mo.p.t.d.TS4DownloaderApplication        [0;39m [2m:[0;39m Starting TS4DownloaderApplication using Java 21.0.2 with PID 95858 (/Users/asiaserrano/repos/ts4Helper/TS4Downloader/target/classes started by asiaserrano in /Users/asiaserrano/repos/ts4Helper/TS4Downloader)
[2m2025-02-07 01:35:11.395[0;39m [32m INFO[0;39m [35m95858[0;39m [2m---[0;39m [2m[           main][0;39m [36mo.p.t.d.TS4DownloaderApplication        [0;39m [2m:[0;39m The following 1 profile is active: "local"
[2m2025-02-07 01:35:12.755[0;39m [32m INFO[0;39m [35m95858[0;39m [2m---[0;39m [2m[           main][0;39m [36mo.a.k.clients.consumer.ConsumerConfig   [0;39m [2m:[0;39m ConsumerConfig values: 
	allow.auto.create.topics = true
	auto.commit.interval.ms = 5000
	auto.include.jmx.reporter = true
	auto.offset.reset = earliest
	bootstrap.servers = [localhost:9092]
	check.crcs = true
	client.dns.lookup = use_all_dns_ips
	client.id = consumer-ts4-website-downloader-1
	client.rack = 
	connections.max.idle.ms = 540000
	default.api.timeout.ms = 60000
	enable.auto.commit = false
	enable.metrics.push = true
	exclude.internal.topics = true
	fetch.max.bytes = 52428800
	fetch.max.wait.ms = 500
	fetch.min.bytes = 1
	group.id = ts4-website-downloader
	group.instance.id = null
	group.protocol = classic
	group.remote.assignor = null
	heartbeat.interval.ms = 3000
	interceptor.classes = []
	internal.leave.group.on.close = true
	internal.throw.on.fetch.stable.offset.unsupported = false
	isolation.level = read_uncommitted
	key.deserializer = class org.apache.kafka.common.serialization.StringDeserializer
	max.partition.fetch.bytes = 1048576
	max.poll.interval.ms = 300000
	max.poll.records = 500
	metadata.max.age.ms = 300000
	metric.reporters = []
	metrics.num.samples = 2
	metrics.recording.level = INFO
	metrics.sample.window.ms = 30000
	partition.assignment.strategy = [class org.apache.kafka.clients.consumer.RangeAssignor, class org.apache.kafka.clients.consumer.CooperativeStickyAssignor]
	receive.buffer.bytes = 65536
	reconnect.backoff.max.ms = 1000
	reconnect.backoff.ms = 50
	request.timeout.ms = 30000
	retry.backoff.max.ms = 1000
	retry.backoff.ms = 100
	sasl.client.callback.handler.class = null
	sasl.jaas.config = null
	sasl.kerberos.kinit.cmd = /usr/bin/kinit
	sasl.kerberos.min.time.before.relogin = 60000
	sasl.kerberos.service.name = null
	sasl.kerberos.ticket.renew.jitter = 0.05
	sasl.kerberos.ticket.renew.window.factor = 0.8
	sasl.login.callback.handler.class = null
	sasl.login.class = null
	sasl.login.connect.timeout.ms = null
	sasl.login.read.timeout.ms = null
	sasl.login.refresh.buffer.seconds = 300
	sasl.login.refresh.min.period.seconds = 60
	sasl.login.refresh.window.factor = 0.8
	sasl.login.refresh.window.jitter = 0.05
	sasl.login.retry.backoff.max.ms = 10000
	sasl.login.retry.backoff.ms = 100
	sasl.mechanism = GSSAPI
	sasl.oauthbearer.clock.skew.seconds = 30
	sasl.oauthbearer.expected.audience = null
	sasl.oauthbearer.expected.issuer = null
	sasl.oauthbearer.jwks.endpoint.refresh.ms = 3600000
	sasl.oauthbearer.jwks.endpoint.retry.backoff.max.ms = 10000
	sasl.oauthbearer.jwks.endpoint.retry.backoff.ms = 100
	sasl.oauthbearer.jwks.endpoint.url = null
	sasl.oauthbearer.scope.claim.name = scope
	sasl.oauthbearer.sub.claim.name = sub
	sasl.oauthbearer.token.endpoint.url = null
	security.protocol = PLAINTEXT
	security.providers = null
	send.buffer.bytes = 131072
	session.timeout.ms = 45000
	socket.connection.setup.timeout.max.ms = 30000
	socket.connection.setup.timeout.ms = 10000
	ssl.cipher.suites = null
	ssl.enabled.protocols = [TLSv1.2, TLSv1.3]
	ssl.endpoint.identification.algorithm = https
	ssl.engine.factory.class = null
	ssl.key.password = null
	ssl.keymanager.algorithm = SunX509
	ssl.keystore.certificate.chain = null
	ssl.keystore.key = null
	ssl.keystore.location = null
	ssl.keystore.password = null
	ssl.keystore.type = JKS
	ssl.protocol = TLSv1.3
	ssl.provider = null
	ssl.secure.random.implementation = null
	ssl.trustmanager.algorithm = PKIX
	ssl.truststore.certificates = null
	ssl.truststore.location = null
	ssl.truststore.password = null
	ssl.truststore.type = JKS
	value.deserializer = class io.confluent.kafka.serializers.KafkaAvroDeserializer

[2m2025-02-07 01:35:12.829[0;39m [32m INFO[0;39m [35m95858[0;39m [2m---[0;39m [2m[           main][0;39m [36mo.a.k.c.t.i.KafkaMetricsCollector       [0;39m [2m:[0;39m initializing Kafka metrics collector
[2m2025-02-07 01:35:12.886[0;39m [32m INFO[0;39m [35m95858[0;39m [2m---[0;39m [2m[           main][0;39m [36mi.c.k.s.KafkaAvroDeserializerConfig     [0;39m [2m:[0;39m KafkaAvroDeserializerConfig values: 
	auto.register.schemas = true
	avro.reflection.allow.null = false
	avro.use.logical.type.converters = false
	basic.auth.credentials.source = URL
	basic.auth.user.info = [hidden]
	bearer.auth.cache.expiry.buffer.seconds = 300
	bearer.auth.client.id = null
	bearer.auth.client.secret = null
	bearer.auth.credentials.source = STATIC_TOKEN
	bearer.auth.custom.provider.class = null
	bearer.auth.identity.pool.id = null
	bearer.auth.issuer.endpoint.url = null
	bearer.auth.logical.cluster = null
	bearer.auth.scope = null
	bearer.auth.scope.claim.name = scope
	bearer.auth.sub.claim.name = sub
	bearer.auth.token = [hidden]
	context.name.strategy = class io.confluent.kafka.serializers.context.NullContextNameStrategy
	http.connect.timeout.ms = 60000
	http.read.timeout.ms = 60000
	id.compatibility.strict = true
	key.subject.name.strategy = class io.confluent.kafka.serializers.subject.TopicNameStrategy
	latest.cache.size = 1000
	latest.cache.ttl.sec = -1
	latest.compatibility.strict = true
	max.schemas.per.subject = 1000
	normalize.schemas = false
	propagate.schema.tags = false
	proxy.host = 
	proxy.port = -1
	rule.actions = []
	rule.executors = []
	rule.service.loader.enable = true
	schema.format = null
	schema.reflection = false
	schema.registry.basic.auth.user.info = [hidden]
	schema.registry.ssl.cipher.suites = null
	schema.registry.ssl.enabled.protocols = [TLSv1.2, TLSv1.3]
	schema.registry.ssl.endpoint.identification.algorithm = https
	schema.registry.ssl.engine.factory.class = null
	schema.registry.ssl.key.password = null
	schema.registry.ssl.keymanager.algorithm = SunX509
	schema.registry.ssl.keystore.certificate.chain = null
	schema.registry.ssl.keystore.key = null
	schema.registry.ssl.keystore.location = null
	schema.registry.ssl.keystore.password = null
	schema.registry.ssl.keystore.type = JKS
	schema.registry.ssl.protocol = TLSv1.3
	schema.registry.ssl.provider = null
	schema.registry.ssl.secure.random.implementation = null
	schema.registry.ssl.trustmanager.algorithm = PKIX
	schema.registry.ssl.truststore.certificates = null
	schema.registry.ssl.truststore.location = null
	schema.registry.ssl.truststore.password = null
	schema.registry.ssl.truststore.type = JKS
	schema.registry.url = [http://localhost:8081]
	specific.avro.key.type = null
	specific.avro.reader = true
	specific.avro.value.type = null
	use.latest.version = false
	use.latest.with.metadata = null
	use.schema.id = -1
	value.subject.name.strategy = class io.confluent.kafka.serializers.subject.TopicNameStrategy

[2m2025-02-07 01:35:12.887[0;39m [32m INFO[0;39m [35m95858[0;39m [2m---[0;39m [2m[           main][0;39m [36mi.c.k.s.KafkaAvroDeserializerConfig     [0;39m [2m:[0;39m KafkaAvroDeserializerConfig values: 
	auto.register.schemas = true
	avro.reflection.allow.null = false
	avro.use.logical.type.converters = false
	basic.auth.credentials.source = URL
	basic.auth.user.info = [hidden]
	bearer.auth.cache.expiry.buffer.seconds = 300
	bearer.auth.client.id = null
	bearer.auth.client.secret = null
	bearer.auth.credentials.source = STATIC_TOKEN
	bearer.auth.custom.provider.class = null
	bearer.auth.identity.pool.id = null
	bearer.auth.issuer.endpoint.url = null
	bearer.auth.logical.cluster = null
	bearer.auth.scope = null
	bearer.auth.scope.claim.name = scope
	bearer.auth.sub.claim.name = sub
	bearer.auth.token = [hidden]
	context.name.strategy = class io.confluent.kafka.serializers.context.NullContextNameStrategy
	http.connect.timeout.ms = 60000
	http.read.timeout.ms = 60000
	id.compatibility.strict = true
	key.subject.name.strategy = class io.confluent.kafka.serializers.subject.TopicNameStrategy
	latest.cache.size = 1000
	latest.cache.ttl.sec = -1
	latest.compatibility.strict = true
	max.schemas.per.subject = 1000
	normalize.schemas = false
	propagate.schema.tags = false
	proxy.host = 
	proxy.port = -1
	rule.actions = []
	rule.executors = []
	rule.service.loader.enable = true
	schema.format = null
	schema.reflection = false
	schema.registry.basic.auth.user.info = [hidden]
	schema.registry.ssl.cipher.suites = null
	schema.registry.ssl.enabled.protocols = [TLSv1.2, TLSv1.3]
	schema.registry.ssl.endpoint.identification.algorithm = https
	schema.registry.ssl.engine.factory.class = null
	schema.registry.ssl.key.password = null
	schema.registry.ssl.keymanager.algorithm = SunX509
	schema.registry.ssl.keystore.certificate.chain = null
	schema.registry.ssl.keystore.key = null
	schema.registry.ssl.keystore.location = null
	schema.registry.ssl.keystore.password = null
	schema.registry.ssl.keystore.type = JKS
	schema.registry.ssl.protocol = TLSv1.3
	schema.registry.ssl.provider = null
	schema.registry.ssl.secure.random.implementation = null
	schema.registry.ssl.trustmanager.algorithm = PKIX
	schema.registry.ssl.truststore.certificates = null
	schema.registry.ssl.truststore.location = null
	schema.registry.ssl.truststore.password = null
	schema.registry.ssl.truststore.type = JKS
	schema.registry.url = [http://localhost:8081]
	specific.avro.key.type = null
	specific.avro.reader = true
	specific.avro.value.type = null
	use.latest.version = false
	use.latest.with.metadata = null
	use.schema.id = -1
	value.subject.name.strategy = class io.confluent.kafka.serializers.subject.TopicNameStrategy

[2m2025-02-07 01:35:13.074[0;39m [32m INFO[0;39m [35m95858[0;39m [2m---[0;39m [2m[           main][0;39m [36mo.a.k.clients.consumer.ConsumerConfig   [0;39m [2m:[0;39m These configurations '[schema.registry.url, specific.avro.reader]' were supplied but are not used yet.
[2m2025-02-07 01:35:13.084[0;39m [32m INFO[0;39m [35m95858[0;39m [2m---[0;39m [2m[           main][0;39m [36mo.a.kafka.common.utils.AppInfoParser    [0;39m [2m:[0;39m Kafka version: 3.7.1
[2m2025-02-07 01:35:13.085[0;39m [32m INFO[0;39m [35m95858[0;39m [2m---[0;39m [2m[           main][0;39m [36mo.a.kafka.common.utils.AppInfoParser    [0;39m [2m:[0;39m Kafka commitId: e2494e6ffb89f828
[2m2025-02-07 01:35:13.085[0;39m [32m INFO[0;39m [35m95858[0;39m [2m---[0;39m [2m[           main][0;39m [36mo.a.kafka.common.utils.AppInfoParser    [0;39m [2m:[0;39m Kafka startTimeMs: 1738910113079
[2m2025-02-07 01:35:13.099[0;39m [32m INFO[0;39m [35m95858[0;39m [2m---[0;39m [2m[           main][0;39m [36mo.a.k.c.c.internals.LegacyKafkaConsumer [0;39m [2m:[0;39m [Consumer clientId=consumer-ts4-website-downloader-1, groupId=ts4-website-downloader] Subscribed to topic(s): ts4-downloader-topic
[2m2025-02-07 01:35:13.153[0;39m [32m INFO[0;39m [35m95858[0;39m [2m---[0;39m [2m[           main][0;39m [36mo.p.t.d.TS4DownloaderApplication        [0;39m [2m:[0;39m Started TS4DownloaderApplication in 2.079 seconds (process running for 2.818)
[2m2025-02-07 01:35:14.141[0;39m [32m INFO[0;39m [35m95858[0;39m [2m---[0;39m [2m[ntainer#0-0-C-1][0;39m [36morg.apache.kafka.clients.Metadata       [0;39m [2m:[0;39m [Consumer clientId=consumer-ts4-website-downloader-1, groupId=ts4-website-downloader] Cluster ID: MkU3OEVBNTcwNTJENDM2Qk
[2m2025-02-07 01:35:14.145[0;39m [32m INFO[0;39m [35m95858[0;39m [2m---[0;39m [2m[ntainer#0-0-C-1][0;39m [36mo.a.k.c.c.internals.ConsumerCoordinator [0;39m [2m:[0;39m [Consumer clientId=consumer-ts4-website-downloader-1, groupId=ts4-website-downloader] Discovered group coordinator localhost:9092 (id: 2147483646 rack: null)
[2m2025-02-07 01:35:14.146[0;39m [32m INFO[0;39m [35m95858[0;39m [2m---[0;39m [2m[ntainer#0-0-C-1][0;39m [36mo.a.k.c.c.internals.ConsumerCoordinator [0;39m [2m:[0;39m [Consumer clientId=consumer-ts4-website-downloader-1, groupId=ts4-website-downloader] (Re-)joining group
[2m2025-02-07 01:35:14.355[0;39m [32m INFO[0;39m [35m95858[0;39m [2m---[0;39m [2m[ntainer#0-0-C-1][0;39m [36mo.a.k.c.c.internals.ConsumerCoordinator [0;39m [2m:[0;39m [Consumer clientId=consumer-ts4-website-downloader-1, groupId=ts4-website-downloader] Request joining group due to: need to re-join with the given member-id: consumer-ts4-website-downloader-1-942a0829-7001-47a5-928f-1296e99c222b
[2m2025-02-07 01:35:14.356[0;39m [32m INFO[0;39m [35m95858[0;39m [2m---[0;39m [2m[ntainer#0-0-C-1][0;39m [36mo.a.k.c.c.internals.ConsumerCoordinator [0;39m [2m:[0;39m [Consumer clientId=consumer-ts4-website-downloader-1, groupId=ts4-website-downloader] (Re-)joining group
[2m2025-02-07 01:35:14.435[0;39m [32m INFO[0;39m [35m95858[0;39m [2m---[0;39m [2m[ntainer#0-0-C-1][0;39m [36mo.a.k.c.c.internals.ConsumerCoordinator [0;39m [2m:[0;39m [Consumer clientId=consumer-ts4-website-downloader-1, groupId=ts4-website-downloader] Successfully joined group with generation Generation{generationId=13, memberId='consumer-ts4-website-downloader-1-942a0829-7001-47a5-928f-1296e99c222b', protocol='range'}
[2m2025-02-07 01:35:14.443[0;39m [32m INFO[0;39m [35m95858[0;39m [2m---[0;39m [2m[ntainer#0-0-C-1][0;39m [36mo.a.k.c.c.internals.ConsumerCoordinator [0;39m [2m:[0;39m [Consumer clientId=consumer-ts4-website-downloader-1, groupId=ts4-website-downloader] Finished assignment for group at generation 13: {consumer-ts4-website-downloader-1-942a0829-7001-47a5-928f-1296e99c222b=Assignment(partitions=[ts4-downloader-topic-0])}
[2m2025-02-07 01:35:14.471[0;39m [32m INFO[0;39m [35m95858[0;39m [2m---[0;39m [2m[ntainer#0-0-C-1][0;39m [36mo.a.k.c.c.internals.ConsumerCoordinator [0;39m [2m:[0;39m [Consumer clientId=consumer-ts4-website-downloader-1, groupId=ts4-website-downloader] Successfully synced group in generation Generation{generationId=13, memberId='consumer-ts4-website-downloader-1-942a0829-7001-47a5-928f-1296e99c222b', protocol='range'}
[2m2025-02-07 01:35:14.473[0;39m [32m INFO[0;39m [35m95858[0;39m [2m---[0;39m [2m[ntainer#0-0-C-1][0;39m [36mo.a.k.c.c.internals.ConsumerCoordinator [0;39m [2m:[0;39m [Consumer clientId=consumer-ts4-website-downloader-1, groupId=ts4-website-downloader] Notifying assignor about the new Assignment(partitions=[ts4-downloader-topic-0])
[2m2025-02-07 01:35:14.475[0;39m [32m INFO[0;39m [35m95858[0;39m [2m---[0;39m [2m[ntainer#0-0-C-1][0;39m [36mk.c.c.i.ConsumerRebalanceListenerInvoker[0;39m [2m:[0;39m [Consumer clientId=consumer-ts4-website-downloader-1, groupId=ts4-website-downloader] Adding newly assigned partitions: ts4-downloader-topic-0
[2m2025-02-07 01:35:14.492[0;39m [32m INFO[0;39m [35m95858[0;39m [2m---[0;39m [2m[ntainer#0-0-C-1][0;39m [36mo.a.k.c.c.internals.ConsumerUtils       [0;39m [2m:[0;39m Setting offset for partition ts4-downloader-topic-0 to the committed offset FetchPosition{offset=912, offsetEpoch=Optional.empty, currentLeader=LeaderAndEpoch{leader=Optional[localhost:9092 (id: 1 rack: null)], epoch=4}}
[2m2025-02-07 01:35:14.493[0;39m [32m INFO[0;39m [35m95858[0;39m [2m---[0;39m [2m[ntainer#0-0-C-1][0;39m [36mo.s.k.l.KafkaMessageListenerContainer   [0;39m [2m:[0;39m ts4-website-downloader: partitions assigned: [ts4-downloader-topic-0]
[2m2025-02-07 01:35:52.134[0;39m [32m INFO[0;39m [35m95858[0;39m [2m---[0;39m [2m[pool-1-thread-1][0;39m [36mo.p.t.d.downloaders.WebsiteDownloader   [0;39m [2m:[0;39m received payload from kafka: {"url": "https://www.patreon.com/file?h=115612360&m=376278367", "directory": "/Users/asiaserrano/ChromeDownloads/download_2025-02-07_01.35.38", "filename": "Twistedcat_Cherry_Highlighter_Facepaint.package", "previous": {"url": "https://www.patreon.com/posts/115612360", "directory": "/Users/asiaserrano/ChromeDownloads/download_2025-02-07_01.35.38", "filename": "Cherry Makeup Set(Download) | Patreon", "previous": null}}
[2m2025-02-07 01:35:52.134[0;39m [32m INFO[0;39m [35m95858[0;39m [2m---[0;39m [2m[pool-1-thread-2][0;39m [36mo.p.t.d.downloaders.WebsiteDownloader   [0;39m [2m:[0;39m received payload from kafka: {"url": "https://www.patreon.com/file?h=65854521&m=151254953", "directory": "/Users/asiaserrano/ChromeDownloads/download_2025-02-07_01.35.38", "filename": "TwistedCat_Liquorice_Lipstick.package", "previous": {"url": "https://www.patreon.com/posts/65854521", "directory": "/Users/asiaserrano/ChromeDownloads/download_2025-02-07_01.35.38", "filename": "Glazed lipsticks 💄 | Patreon", "previous": null}}
[2m2025-02-07 01:35:52.141[0;39m [32m INFO[0;39m [35m95858[0;39m [2m---[0;39m [2m[pool-1-thread-3][0;39m [36mo.p.t.d.downloaders.WebsiteDownloader   [0;39m [2m:[0;39m received payload from kafka: {"url": "https://www.patreon.com/file?h=115612360&m=376278375", "directory": "/Users/asiaserrano/ChromeDownloads/download_2025-02-07_01.35.38", "filename": "Twistedcat_Cherry_Blush.package", "previous": {"url": "https://www.patreon.com/posts/115612360", "directory": "/Users/asiaserrano/ChromeDownloads/download_2025-02-07_01.35.38", "filename": "Cherry Makeup Set(Download) | Patreon", "previous": null}}
[2m2025-02-07 01:35:52.821[0;39m [32m INFO[0;39m [35m95858[0;39m [2m---[0;39m [2m[pool-1-thread-1][0;39m [36mo.p.t.downloader.classes.WebsiteLogger  [0;39m [2m:[0;39m downloaded url https://www.patreon.com/file?h=115612360&m=376278367 to /Users/asiaserrano/ChromeDownloads/download_2025-02-07_01.35.38/Twistedcat_Cherry_Highlighter_Facepaint.package
[2m2025-02-07 01:35:52.825[0;39m [32m INFO[0;39m [35m95858[0;39m [2m---[0;39m [2m[pool-1-thread-1][0;39m [36mo.p.t.d.downloaders.WebsiteDownloader   [0;39m [2m:[0;39m received payload from kafka: {"url": "https://www.patreon.com/file?h=65854521&m=151254977", "directory": "/Users/asiaserrano/ChromeDownloads/download_2025-02-07_01.35.38", "filename": "TwistedCat_Pudding_Lipstick.package", "previous": {"url": "https://www.patreon.com/posts/65854521", "directory": "/Users/asiaserrano/ChromeDownloads/download_2025-02-07_01.35.38", "filename": "Glazed lipsticks 💄 | Patreon", "previous": null}}
[2m2025-02-07 01:35:52.903[0;39m [32m INFO[0;39m [35m95858[0;39m [2m---[0;39m [2m[pool-1-thread-2][0;39m [36mo.p.t.downloader.classes.WebsiteLogger  [0;39m [2m:[0;39m downloaded url https://www.patreon.com/file?h=65854521&m=151254953 to /Users/asiaserrano/ChromeDownloads/download_2025-02-07_01.35.38/TwistedCat_Liquorice_Lipstick.package
[2m2025-02-07 01:35:52.903[0;39m [32m INFO[0;39m [35m95858[0;39m [2m---[0;39m [2m[pool-1-thread-2][0;39m [36mo.p.t.d.downloaders.WebsiteDownloader   [0;39m [2m:[0;39m received payload from kafka: {"url": "https://www.patreon.com/file?h=115612360&m=376278369", "directory": "/Users/asiaserrano/ChromeDownloads/download_2025-02-07_01.35.38", "filename": "Twistedcat_Cherry_Lipstick.package", "previous": {"url": "https://www.patreon.com/posts/115612360", "directory": "/Users/asiaserrano/ChromeDownloads/download_2025-02-07_01.35.38", "filename": "Cherry Makeup Set(Download) | Patreon", "previous": null}}
[2m2025-02-07 01:35:53.114[0;39m [32m INFO[0;39m [35m95858[0;39m [2m---[0;39m [2m[pool-1-thread-3][0;39m [36mo.p.t.downloader.classes.WebsiteLogger  [0;39m [2m:[0;39m downloaded url https://www.patreon.com/file?h=115612360&m=376278375 to /Users/asiaserrano/ChromeDownloads/download_2025-02-07_01.35.38/Twistedcat_Cherry_Blush.package
[2m2025-02-07 01:35:53.114[0;39m [32m INFO[0;39m [35m95858[0;39m [2m---[0;39m [2m[pool-1-thread-3][0;39m [36mo.p.t.d.downloaders.WebsiteDownloader   [0;39m [2m:[0;39m received payload from kafka: {"url": "https://www.patreon.com/file?h=115612360&m=379508609", "directory": "/Users/asiaserrano/ChromeDownloads/download_2025-02-07_01.35.38", "filename": "Twistedcat_Cherry_Highlighter_Skindetails.package", "previous": {"url": "https://www.patreon.com/posts/115612360", "directory": "/Users/asiaserrano/ChromeDownloads/download_2025-02-07_01.35.38", "filename": "Cherry Makeup Set(Download) | Patreon", "previous": null}}
[2m2025-02-07 01:35:53.349[0;39m [32m INFO[0;39m [35m95858[0;39m [2m---[0;39m [2m[pool-1-thread-1][0;39m [36mo.p.t.downloader.classes.WebsiteLogger  [0;39m [2m:[0;39m downloaded url https://www.patreon.com/file?h=65854521&m=151254977 to /Users/asiaserrano/ChromeDownloads/download_2025-02-07_01.35.38/TwistedCat_Pudding_Lipstick.package
[2m2025-02-07 01:35:53.349[0;39m [32m INFO[0;39m [35m95858[0;39m [2m---[0;39m [2m[pool-1-thread-1][0;39m [36mo.p.t.d.downloaders.WebsiteDownloader   [0;39m [2m:[0;39m received payload from kafka: {"url": "https://www.patreon.com/file?h=115612360&m=376278372", "directory": "/Users/asiaserrano/ChromeDownloads/download_2025-02-07_01.35.38", "filename": "Twistedcat_Cherry_Eyeshadow.package", "previous": {"url": "https://www.patreon.com/posts/115612360", "directory": "/Users/asiaserrano/ChromeDownloads/download_2025-02-07_01.35.38", "filename": "Cherry Makeup Set(Download) | Patreon", "previous": null}}
[2m2025-02-07 01:35:53.605[0;39m [32m INFO[0;39m [35m95858[0;39m [2m---[0;39m [2m[pool-1-thread-3][0;39m [36mo.p.t.downloader.classes.WebsiteLogger  [0;39m [2m:[0;39m downloaded url https://www.patreon.com/file?h=115612360&m=379508609 to /Users/asiaserrano/ChromeDownloads/download_2025-02-07_01.35.38/Twistedcat_Cherry_Highlighter_Skindetails.package
[2m2025-02-07 01:35:53.605[0;39m [32m INFO[0;39m [35m95858[0;39m [2m---[0;39m [2m[pool-1-thread-3][0;39m [36mo.p.t.d.downloaders.WebsiteDownloader   [0;39m [2m:[0;39m received payload from kafka: {"url": "https://www.patreon.com/file?h=67143777&m=155086352", "directory": "/Users/asiaserrano/ChromeDownloads/download_2025-02-07_01.35.38", "filename": "TwistedCat_Pyrite_Eyeshadow.package", "previous": {"url": "https://www.patreon.com/posts/67143777", "directory": "/Users/asiaserrano/ChromeDownloads/download_2025-02-07_01.35.38", "filename": "Pyrite Makeup Set | Patreon", "previous": null}}
[2m2025-02-07 01:35:53.740[0;39m [32m INFO[0;39m [35m95858[0;39m [2m---[0;39m [2m[pool-1-thread-2][0;39m [36mo.p.t.downloader.classes.WebsiteLogger  [0;39m [2m:[0;39m downloaded url https://www.patreon.com/file?h=115612360&m=376278369 to /Users/asiaserrano/ChromeDownloads/download_2025-02-07_01.35.38/Twistedcat_Cherry_Lipstick.package
[2m2025-02-07 01:35:53.741[0;39m [32m INFO[0;39m [35m95858[0;39m [2m---[0;39m [2m[pool-1-thread-2][0;39m [36mo.p.t.d.downloaders.WebsiteDownloader   [0;39m [2m:[0;39m received payload from kafka: {"url": "https://www.patreon.com/file?h=67143777&m=157702822", "directory": "/Users/asiaserrano/ChromeDownloads/download_2025-02-07_01.35.38", "filename": "TwistedCat_Pyrite_Residue_Lipstick.package", "previous": {"url": "https://www.patreon.com/posts/67143777", "directory": "/Users/asiaserrano/ChromeDownloads/download_2025-02-07_01.35.38", "filename": "Pyrite Makeup Set | Patreon", "previous": null}}
[2m2025-02-07 01:35:53.832[0;39m [32m INFO[0;39m [35m95858[0;39m [2m---[0;39m [2m[pool-1-thread-1][0;39m [36mo.p.t.downloader.classes.WebsiteLogger  [0;39m [2m:[0;39m downloaded url https://www.patreon.com/file?h=115612360&m=376278372 to /Users/asiaserrano/ChromeDownloads/download_2025-02-07_01.35.38/Twistedcat_Cherry_Eyeshadow.package
[2m2025-02-07 01:35:53.832[0;39m [32m INFO[0;39m [35m95858[0;39m [2m---[0;39m [2m[pool-1-thread-1][0;39m [36mo.p.t.d.downloaders.WebsiteDownloader   [0;39m [2m:[0;39m received payload from kafka: {"url": "https://www.patreon.com/file?h=67143777&m=155086353", "directory": "/Users/asiaserrano/ChromeDownloads/download_2025-02-07_01.35.38", "filename": "TwistedCat_Pyrite_Metallic_foil.package", "previous": {"url": "https://www.patreon.com/posts/67143777", "directory": "/Users/asiaserrano/ChromeDownloads/download_2025-02-07_01.35.38", "filename": "Pyrite Makeup Set | Patreon", "previous": null}}
[2m2025-02-07 01:35:54.045[0;39m [32m INFO[0;39m [35m95858[0;39m [2m---[0;39m [2m[pool-1-thread-3][0;39m [36mo.p.t.downloader.classes.WebsiteLogger  [0;39m [2m:[0;39m downloaded url https://www.patreon.com/file?h=67143777&m=155086352 to /Users/asiaserrano/ChromeDownloads/download_2025-02-07_01.35.38/TwistedCat_Pyrite_Eyeshadow.package
[2m2025-02-07 01:35:54.045[0;39m [32m INFO[0;39m [35m95858[0;39m [2m---[0;39m [2m[pool-1-thread-3][0;39m [36mo.p.t.d.downloaders.WebsiteDownloader   [0;39m [2m:[0;39m received payload from kafka: {"url": "https://www.patreon.com/file?h=75721197&m=334178467", "directory": "/Users/asiaserrano/ChromeDownloads/download_2025-02-07_01.35.38", "filename": "TwistedCat_Lashes_NO2_RingsConflict.package", "previous": {"url": "https://www.patreon.com/posts/75721197", "directory": "/Users/asiaserrano/ChromeDownloads/download_2025-02-07_01.35.38", "filename": "3D Eyelashes NO.2(Download) | Patreon", "previous": null}}
[2m2025-02-07 01:35:54.301[0;39m [32m INFO[0;39m [35m95858[0;39m [2m---[0;39m [2m[pool-1-thread-1][0;39m [36mo.p.t.downloader.classes.WebsiteLogger  [0;39m [2m:[0;39m downloaded url https://www.patreon.com/file?h=67143777&m=155086353 to /Users/asiaserrano/ChromeDownloads/download_2025-02-07_01.35.38/TwistedCat_Pyrite_Metallic_foil.package
[2m2025-02-07 01:35:54.301[0;39m [32m INFO[0;39m [35m95858[0;39m [2m---[0;39m [2m[pool-1-thread-1][0;39m [36mo.p.t.d.downloaders.WebsiteDownloader   [0;39m [2m:[0;39m received payload from kafka: {"url": "https://www.patreon.com/file?h=75721197&m=334178468", "directory": "/Users/asiaserrano/ChromeDownloads/download_2025-02-07_01.35.38", "filename": "TwistedCat_Lashes_NO2_GlassesConflict.package", "previous": {"url": "https://www.patreon.com/posts/75721197", "directory": "/Users/asiaserrano/ChromeDownloads/download_2025-02-07_01.35.38", "filename": "3D Eyelashes NO.2(Download) | Patreon", "previous": null}}
[2m2025-02-07 01:35:54.467[0;39m [32m INFO[0;39m [35m95858[0;39m [2m---[0;39m [2m[pool-1-thread-2][0;39m [36mo.p.t.downloader.classes.WebsiteLogger  [0;39m [2m:[0;39m downloaded url https://www.patreon.com/file?h=67143777&m=157702822 to /Users/asiaserrano/ChromeDownloads/download_2025-02-07_01.35.38/TwistedCat_Pyrite_Residue_Lipstick.package
[2m2025-02-07 01:35:54.467[0;39m [32m INFO[0;39m [35m95858[0;39m [2m---[0;39m [2m[pool-1-thread-2][0;39m [36mo.p.t.d.downloaders.WebsiteDownloader   [0;39m [2m:[0;39m received payload from kafka: {"url": "https://www.patreon.com/file?h=91785637&m=241022642", "directory": "/Users/asiaserrano/ChromeDownloads/download_2025-02-07_01.35.38", "filename": "TwistedCat_Mocca_Lipstick.package", "previous": {"url": "https://www.patreon.com/posts/91785637", "directory": "/Users/asiaserrano/ChromeDownloads/download_2025-02-07_01.35.38", "filename": "Luscious Lipsticks(Download) | Patreon", "previous": null}}
[2m2025-02-07 01:35:54.472[0;39m [32m INFO[0;39m [35m95858[0;39m [2m---[0;39m [2m[pool-1-thread-3][0;39m [36mo.p.t.downloader.classes.WebsiteLogger  [0;39m [2m:[0;39m downloaded url https://www.patreon.com/file?h=75721197&m=334178467 to /Users/asiaserrano/ChromeDownloads/download_2025-02-07_01.35.38/TwistedCat_Lashes_NO2_RingsConflict.package
[2m2025-02-07 01:35:54.472[0;39m [32m INFO[0;39m [35m95858[0;39m [2m---[0;39m [2m[pool-1-thread-3][0;39m [36mo.p.t.d.downloaders.WebsiteDownloader   [0;39m [2m:[0;39m received payload from kafka: {"url": "https://www.patreon.com/file?h=91785637&m=241022644", "directory": "/Users/asiaserrano/ChromeDownloads/download_2025-02-07_01.35.38", "filename": "TwistedCat_Coral_Lipstick.package", "previous": {"url": "https://www.patreon.com/posts/91785637", "directory": "/Users/asiaserrano/ChromeDownloads/download_2025-02-07_01.35.38", "filename": "Luscious Lipsticks(Download) | Patreon", "previous": null}}
[2m2025-02-07 01:35:54.711[0;39m [32m INFO[0;39m [35m95858[0;39m [2m---[0;39m [2m[pool-1-thread-1][0;39m [36mo.p.t.downloader.classes.WebsiteLogger  [0;39m [2m:[0;39m downloaded url https://www.patreon.com/file?h=75721197&m=334178468 to /Users/asiaserrano/ChromeDownloads/download_2025-02-07_01.35.38/TwistedCat_Lashes_NO2_GlassesConflict.package
[2m2025-02-07 01:35:54.711[0;39m [32m INFO[0;39m [35m95858[0;39m [2m---[0;39m [2m[pool-1-thread-1][0;39m [36mo.p.t.d.downloaders.WebsiteDownloader   [0;39m [2m:[0;39m received payload from kafka: {"url": "https://www.patreon.com/file?h=79344568&m=190935472", "directory": "/Users/asiaserrano/ChromeDownloads/download_2025-02-07_01.35.38", "filename": "TwistedCat_DarkHour_Eyeliner.package", "previous": {"url": "https://www.patreon.com/posts/79344568", "directory": "/Users/asiaserrano/ChromeDownloads/download_2025-02-07_01.35.38", "filename": "Dark Hour Makeup set(Download) | Patreon", "previous": null}}
[2m2025-02-07 01:35:54.878[0;39m [32m INFO[0;39m [35m95858[0;39m [2m---[0;39m [2m[pool-1-thread-3][0;39m [36mo.p.t.downloader.classes.WebsiteLogger  [0;39m [2m:[0;39m downloaded url https://www.patreon.com/file?h=91785637&m=241022644 to /Users/asiaserrano/ChromeDownloads/download_2025-02-07_01.35.38/TwistedCat_Coral_Lipstick.package
[2m2025-02-07 01:35:54.878[0;39m [32m INFO[0;39m [35m95858[0;39m [2m---[0;39m [2m[pool-1-thread-3][0;39m [36mo.p.t.d.downloaders.WebsiteDownloader   [0;39m [2m:[0;39m received payload from kafka: {"url": "https://www.patreon.com/file?h=79344568&m=190935474", "directory": "/Users/asiaserrano/ChromeDownloads/download_2025-02-07_01.35.38", "filename": "Twistedcat_DarkHour_Lipstick.package", "previous": {"url": "https://www.patreon.com/posts/79344568", "directory": "/Users/asiaserrano/ChromeDownloads/download_2025-02-07_01.35.38", "filename": "Dark Hour Makeup set(Download) | Patreon", "previous": null}}
[2m2025-02-07 01:35:55.061[0;39m [32m INFO[0;39m [35m95858[0;39m [2m---[0;39m [2m[pool-1-thread-1][0;39m [36mo.p.t.downloader.classes.WebsiteLogger  [0;39m [2m:[0;39m downloaded url https://www.patreon.com/file?h=79344568&m=190935472 to /Users/asiaserrano/ChromeDownloads/download_2025-02-07_01.35.38/TwistedCat_DarkHour_Eyeliner.package
[2m2025-02-07 01:35:55.062[0;39m [32m INFO[0;39m [35m95858[0;39m [2m---[0;39m [2m[pool-1-thread-1][0;39m [36mo.p.t.d.downloaders.WebsiteDownloader   [0;39m [2m:[0;39m received payload from kafka: {"url": "https://www.patreon.com/file?h=79344568&m=190935473", "directory": "/Users/asiaserrano/ChromeDownloads/download_2025-02-07_01.35.38", "filename": "TwistedCat_DarkHour_Eyeshadow.package", "previous": {"url": "https://www.patreon.com/posts/79344568", "directory": "/Users/asiaserrano/ChromeDownloads/download_2025-02-07_01.35.38", "filename": "Dark Hour Makeup set(Download) | Patreon", "previous": null}}
[2m2025-02-07 01:35:55.077[0;39m [32m INFO[0;39m [35m95858[0;39m [2m---[0;39m [2m[pool-1-thread-2][0;39m [36mo.p.t.downloader.classes.WebsiteLogger  [0;39m [2m:[0;39m downloaded url https://www.patreon.com/file?h=91785637&m=241022642 to /Users/asiaserrano/ChromeDownloads/download_2025-02-07_01.35.38/TwistedCat_Mocca_Lipstick.package
[2m2025-02-07 01:35:55.078[0;39m [32m INFO[0;39m [35m95858[0;39m [2m---[0;39m [2m[pool-1-thread-2][0;39m [36mo.p.t.d.downloaders.WebsiteDownloader   [0;39m [2m:[0;39m received payload from kafka: {"url": "https://www.patreon.com/file?h=63887916&m=173220198", "directory": "/Users/asiaserrano/ChromeDownloads/download_2025-02-07_01.35.38", "filename": "TwistedCat_QuartzHighlighter_Soft_Facepaint.package", "previous": {"url": "https://www.patreon.com/posts/63887916", "directory": "/Users/asiaserrano/ChromeDownloads/download_2025-02-07_01.35.38", "filename": "Quartz Highlighters | Patreon", "previous": null}}
[2m2025-02-07 01:35:55.682[0;39m [32m INFO[0;39m [35m95858[0;39m [2m---[0;39m [2m[pool-1-thread-1][0;39m [36mo.p.t.downloader.classes.WebsiteLogger  [0;39m [2m:[0;39m downloaded url https://www.patreon.com/file?h=79344568&m=190935473 to /Users/asiaserrano/ChromeDownloads/download_2025-02-07_01.35.38/TwistedCat_DarkHour_Eyeshadow.package
[2m2025-02-07 01:35:55.683[0;39m [32m INFO[0;39m [35m95858[0;39m [2m---[0;39m [2m[pool-1-thread-1][0;39m [36mo.p.t.d.downloaders.WebsiteDownloader   [0;39m [2m:[0;39m received payload from kafka: {"url": "https://www.patreon.com/file?h=73341457&m=175036229", "directory": "/Users/asiaserrano/ChromeDownloads/download_2025-02-07_01.35.38", "filename": "Twistedcat_Prism_Eyeshadow.package", "previous": {"url": "https://www.patreon.com/posts/73341457", "directory": "/Users/asiaserrano/ChromeDownloads/download_2025-02-07_01.35.38", "filename": "Prism Makeup Set | Patreon", "previous": null}}
[2m2025-02-07 01:35:55.688[0;39m [32m INFO[0;39m [35m95858[0;39m [2m---[0;39m [2m[pool-1-thread-2][0;39m [36mo.p.t.downloader.classes.WebsiteLogger  [0;39m [2m:[0;39m downloaded url https://www.patreon.com/file?h=63887916&m=173220198 to /Users/asiaserrano/ChromeDownloads/download_2025-02-07_01.35.38/TwistedCat_QuartzHighlighter_Soft_Facepaint.package
[2m2025-02-07 01:35:55.688[0;39m [32m INFO[0;39m [35m95858[0;39m [2m---[0;39m [2m[pool-1-thread-2][0;39m [36mo.p.t.d.downloaders.WebsiteDownloader   [0;39m [2m:[0;39m received payload from kafka: {"url": "https://www.patreon.com/file?h=73341457&m=172229841", "directory": "/Users/asiaserrano/ChromeDownloads/download_2025-02-07_01.35.38", "filename": "TwistedCat_Prism_Lipstick.package", "previous": {"url": "https://www.patreon.com/posts/73341457", "directory": "/Users/asiaserrano/ChromeDownloads/download_2025-02-07_01.35.38", "filename": "Prism Makeup Set | Patreon", "previous": null}}
[2m2025-02-07 01:35:55.718[0;39m [32m INFO[0;39m [35m95858[0;39m [2m---[0;39m [2m[pool-1-thread-3][0;39m [36mo.p.t.downloader.classes.WebsiteLogger  [0;39m [2m:[0;39m downloaded url https://www.patreon.com/file?h=79344568&m=190935474 to /Users/asiaserrano/ChromeDownloads/download_2025-02-07_01.35.38/Twistedcat_DarkHour_Lipstick.package
[2m2025-02-07 01:35:55.719[0;39m [32m INFO[0;39m [35m95858[0;39m [2m---[0;39m [2m[pool-1-thread-3][0;39m [36mo.p.t.d.downloaders.WebsiteDownloader   [0;39m [2m:[0;39m received payload from kafka: {"url": "https://www.patreon.com/file?h=63887916&m=173220184", "directory": "/Users/asiaserrano/ChromeDownloads/download_2025-02-07_01.35.38", "filename": "TwistedCat_QuartzHighlighter_Intense_Freckles.package", "previous": {"url": "https://www.patreon.com/posts/63887916", "directory": "/Users/asiaserrano/ChromeDownloads/download_2025-02-07_01.35.38", "filename": "Quartz Highlighters | Patreon", "previous": null}}
[2m2025-02-07 01:35:56.279[0;39m [32m INFO[0;39m [35m95858[0;39m [2m---[0;39m [2m[pool-1-thread-2][0;39m [36mo.p.t.downloader.classes.WebsiteLogger  [0;39m [2m:[0;39m downloaded url https://www.patreon.com/file?h=73341457&m=172229841 to /Users/asiaserrano/ChromeDownloads/download_2025-02-07_01.35.38/TwistedCat_Prism_Lipstick.package
[2m2025-02-07 01:35:56.280[0;39m [32m INFO[0;39m [35m95858[0;39m [2m---[0;39m [2m[pool-1-thread-2][0;39m [36mo.p.t.d.downloaders.WebsiteDownloader   [0;39m [2m:[0;39m received payload from kafka: {"url": "https://www.patreon.com/file?h=63887916&m=173220186", "directory": "/Users/asiaserrano/ChromeDownloads/download_2025-02-07_01.35.38", "filename": "TwistedCat_QuartzHighlighter_Intense_Mole.package", "previous": {"url": "https://www.patreon.com/posts/63887916", "directory": "/Users/asiaserrano/ChromeDownloads/download_2025-02-07_01.35.38", "filename": "Quartz Highlighters | Patreon", "previous": null}}
[2m2025-02-07 01:35:56.328[0;39m [32m INFO[0;39m [35m95858[0;39m [2m---[0;39m [2m[pool-1-thread-3][0;39m [36mo.p.t.downloader.classes.WebsiteLogger  [0;39m [2m:[0;39m downloaded url https://www.patreon.com/file?h=63887916&m=173220184 to /Users/asiaserrano/ChromeDownloads/download_2025-02-07_01.35.38/TwistedCat_QuartzHighlighter_Intense_Freckles.package
[2m2025-02-07 01:35:56.329[0;39m [32m INFO[0;39m [35m95858[0;39m [2m---[0;39m [2m[pool-1-thread-3][0;39m [36mo.p.t.d.downloaders.WebsiteDownloader   [0;39m [2m:[0;39m received payload from kafka: {"url": "https://www.patreon.com/file?h=63887916&m=173220197", "directory": "/Users/asiaserrano/ChromeDownloads/download_2025-02-07_01.35.38", "filename": "TwistedCat_QuartzHighlighter_Soft_Freckles.package", "previous": {"url": "https://www.patreon.com/posts/63887916", "directory": "/Users/asiaserrano/ChromeDownloads/download_2025-02-07_01.35.38", "filename": "Quartz Highlighters | Patreon", "previous": null}}
[2m2025-02-07 01:35:56.371[0;39m [32m INFO[0;39m [35m95858[0;39m [2m---[0;39m [2m[pool-1-thread-1][0;39m [36mo.p.t.downloader.classes.WebsiteLogger  [0;39m [2m:[0;39m downloaded url https://www.patreon.com/file?h=73341457&m=175036229 to /Users/asiaserrano/ChromeDownloads/download_2025-02-07_01.35.38/Twistedcat_Prism_Eyeshadow.package
[2m2025-02-07 01:35:56.371[0;39m [32m INFO[0;39m [35m95858[0;39m [2m---[0;39m [2m[pool-1-thread-1][0;39m [36mo.p.t.d.downloaders.WebsiteDownloader   [0;39m [2m:[0;39m received payload from kafka: {"url": "https://www.patreon.com/file?h=63887916&m=173220203", "directory": "/Users/asiaserrano/ChromeDownloads/download_2025-02-07_01.35.38", "filename": "TwistedCat_QuartzHighlighter_Soft_Mole.package", "previous": {"url": "https://www.patreon.com/posts/63887916", "directory": "/Users/asiaserrano/ChromeDownloads/download_2025-02-07_01.35.38", "filename": "Quartz Highlighters | Patreon", "previous": null}}
[2m2025-02-07 01:35:56.918[0;39m [32m INFO[0;39m [35m95858[0;39m [2m---[0;39m [2m[pool-1-thread-2][0;39m [36mo.p.t.downloader.classes.WebsiteLogger  [0;39m [2m:[0;39m downloaded url https://www.patreon.com/file?h=63887916&m=173220186 to /Users/asiaserrano/ChromeDownloads/download_2025-02-07_01.35.38/TwistedCat_QuartzHighlighter_Intense_Mole.package
[2m2025-02-07 01:35:56.918[0;39m [32m INFO[0;39m [35m95858[0;39m [2m---[0;39m [2m[pool-1-thread-2][0;39m [36mo.p.t.d.downloaders.WebsiteDownloader   [0;39m [2m:[0;39m received payload from kafka: {"url": "https://www.patreon.com/file?h=63887916&m=173220181", "directory": "/Users/asiaserrano/ChromeDownloads/download_2025-02-07_01.35.38", "filename": "TwistedCat_QuartzHighlighter_Intense_Facepaint.package", "previous": {"url": "https://www.patreon.com/posts/63887916", "directory": "/Users/asiaserrano/ChromeDownloads/download_2025-02-07_01.35.38", "filename": "Quartz Highlighters | Patreon", "previous": null}}
[2m2025-02-07 01:35:56.937[0;39m [32m INFO[0;39m [35m95858[0;39m [2m---[0;39m [2m[pool-1-thread-3][0;39m [36mo.p.t.downloader.classes.WebsiteLogger  [0;39m [2m:[0;39m downloaded url https://www.patreon.com/file?h=63887916&m=173220197 to /Users/asiaserrano/ChromeDownloads/download_2025-02-07_01.35.38/TwistedCat_QuartzHighlighter_Soft_Freckles.package
[2m2025-02-07 01:35:56.937[0;39m [32m INFO[0;39m [35m95858[0;39m [2m---[0;39m [2m[pool-1-thread-3][0;39m [36mo.p.t.d.downloaders.WebsiteDownloader   [0;39m [2m:[0;39m received payload from kafka: {"url": "https://www.patreon.com/file?h=85423123&m=212990078", "directory": "/Users/asiaserrano/ChromeDownloads/download_2025-02-07_01.35.38", "filename": "TwistedCat_SoftGlam_Eyeshadow.package", "previous": {"url": "https://www.patreon.com/posts/85423123", "directory": "/Users/asiaserrano/ChromeDownloads/download_2025-02-07_01.35.38", "filename": "Soft Glam Makeup Set(Download) | Patreon", "previous": null}}
[2m2025-02-07 01:35:56.978[0;39m [32m INFO[0;39m [35m95858[0;39m [2m---[0;39m [2m[pool-1-thread-1][0;39m [36mo.p.t.downloader.classes.WebsiteLogger  [0;39m [2m:[0;39m downloaded url https://www.patreon.com/file?h=63887916&m=173220203 to /Users/asiaserrano/ChromeDownloads/download_2025-02-07_01.35.38/TwistedCat_QuartzHighlighter_Soft_Mole.package
[2m2025-02-07 01:35:56.979[0;39m [32m INFO[0;39m [35m95858[0;39m [2m---[0;39m [2m[pool-1-thread-1][0;39m [36mo.p.t.d.downloaders.WebsiteDownloader   [0;39m [2m:[0;39m received payload from kafka: {"url": "https://www.patreon.com/file?h=85423123&m=212990101", "directory": "/Users/asiaserrano/ChromeDownloads/download_2025-02-07_01.35.38", "filename": "TwistedCat_SoftGlam_Lips.package", "previous": {"url": "https://www.patreon.com/posts/85423123", "directory": "/Users/asiaserrano/ChromeDownloads/download_2025-02-07_01.35.38", "filename": "Soft Glam Makeup Set(Download) | Patreon", "previous": null}}
[2m2025-02-07 01:35:57.653[0;39m [32m INFO[0;39m [35m95858[0;39m [2m---[0;39m [2m[pool-1-thread-3][0;39m [36mo.p.t.downloader.classes.WebsiteLogger  [0;39m [2m:[0;39m downloaded url https://www.patreon.com/file?h=85423123&m=212990078 to /Users/asiaserrano/ChromeDownloads/download_2025-02-07_01.35.38/TwistedCat_SoftGlam_Eyeshadow.package
[2m2025-02-07 01:35:57.653[0;39m [32m INFO[0;39m [35m95858[0;39m [2m---[0;39m [2m[pool-1-thread-3][0;39m [36mo.p.t.d.downloaders.WebsiteDownloader   [0;39m [2m:[0;39m received payload from kafka: {"url": "https://www.patreon.com/file?h=85423123&m=212990074", "directory": "/Users/asiaserrano/ChromeDownloads/download_2025-02-07_01.35.38", "filename": "TwistedCat_SoftGlam_GlitterOverlay.package", "previous": {"url": "https://www.patreon.com/posts/85423123", "directory": "/Users/asiaserrano/ChromeDownloads/download_2025-02-07_01.35.38", "filename": "Soft Glam Makeup Set(Download) | Patreon", "previous": null}}
[2m2025-02-07 01:35:57.662[0;39m [32m INFO[0;39m [35m95858[0;39m [2m---[0;39m [2m[pool-1-thread-2][0;39m [36mo.p.t.downloader.classes.WebsiteLogger  [0;39m [2m:[0;39m downloaded url https://www.patreon.com/file?h=63887916&m=173220181 to /Users/asiaserrano/ChromeDownloads/download_2025-02-07_01.35.38/TwistedCat_QuartzHighlighter_Intense_Facepaint.package
[2m2025-02-07 01:35:57.662[0;39m [32m INFO[0;39m [35m95858[0;39m [2m---[0;39m [2m[pool-1-thread-2][0;39m [36mo.p.t.d.downloaders.WebsiteDownloader   [0;39m [2m:[0;39m received payload from kafka: {"url": "https://www.patreon.com/file?h=67674397&m=175036820", "directory": "/Users/asiaserrano/ChromeDownloads/download_2025-02-07_01.35.38", "filename": "TwistedCat_Wings_Eyeshadow.package", "previous": {"url": "https://www.patreon.com/posts/67674397", "directory": "/Users/asiaserrano/ChromeDownloads/download_2025-02-07_01.35.38", "filename": "Wings Makeup Set | Patreon", "previous": null}}
[2m2025-02-07 01:35:57.685[0;39m [32m INFO[0;39m [35m95858[0;39m [2m---[0;39m [2m[pool-1-thread-1][0;39m [36mo.p.t.downloader.classes.WebsiteLogger  [0;39m [2m:[0;39m downloaded url https://www.patreon.com/file?h=85423123&m=212990101 to /Users/asiaserrano/ChromeDownloads/download_2025-02-07_01.35.38/TwistedCat_SoftGlam_Lips.package
[2m2025-02-07 01:35:57.685[0;39m [32m INFO[0;39m [35m95858[0;39m [2m---[0;39m [2m[pool-1-thread-1][0;39m [36mo.p.t.d.downloaders.WebsiteDownloader   [0;39m [2m:[0;39m received payload from kafka: {"url": "https://www.patreon.com/file?h=67674397&m=156559872", "directory": "/Users/asiaserrano/ChromeDownloads/download_2025-02-07_01.35.38", "filename": "TwistedCat_Wings_Lipstick.package", "previous": {"url": "https://www.patreon.com/posts/67674397", "directory": "/Users/asiaserrano/ChromeDownloads/download_2025-02-07_01.35.38", "filename": "Wings Makeup Set | Patreon", "previous": null}}
[2m2025-02-07 01:35:58.227[0;39m [32m INFO[0;39m [35m95858[0;39m [2m---[0;39m [2m[pool-1-thread-2][0;39m [36mo.p.t.downloader.classes.WebsiteLogger  [0;39m [2m:[0;39m downloaded url https://www.patreon.com/file?h=67674397&m=175036820 to /Users/asiaserrano/ChromeDownloads/download_2025-02-07_01.35.38/TwistedCat_Wings_Eyeshadow.package
[2m2025-02-07 01:35:58.227[0;39m [32m INFO[0;39m [35m95858[0;39m [2m---[0;39m [2m[pool-1-thread-2][0;39m [36mo.p.t.d.downloaders.WebsiteDownloader   [0;39m [2m:[0;39m received payload from kafka: {"url": "https://www.patreon.com/file?h=68424727&m=158676049", "directory": "/Users/asiaserrano/ChromeDownloads/download_2025-02-07_01.35.38", "filename": "TwistedCat_Graphicliner.package", "previous": {"url": "https://www.patreon.com/posts/68424727", "directory": "/Users/asiaserrano/ChromeDownloads/download_2025-02-07_01.35.38", "filename": "Bonus gift - Graphic Eyeliner | Patreon", "previous": null}}
[2m2025-02-07 01:35:58.233[0;39m [32m INFO[0;39m [35m95858[0;39m [2m---[0;39m [2m[pool-1-thread-3][0;39m [36mo.p.t.downloader.classes.WebsiteLogger  [0;39m [2m:[0;39m downloaded url https://www.patreon.com/file?h=85423123&m=212990074 to /Users/asiaserrano/ChromeDownloads/download_2025-02-07_01.35.38/TwistedCat_SoftGlam_GlitterOverlay.package
[2m2025-02-07 01:35:58.233[0;39m [32m INFO[0;39m [35m95858[0;39m [2m---[0;39m [2m[pool-1-thread-3][0;39m [36mo.p.t.d.downloaders.WebsiteDownloader   [0;39m [2m:[0;39m received payload from kafka: {"url": "https://www.patreon.com/file?h=64799844&m=148065076", "directory": "/Users/asiaserrano/ChromeDownloads/download_2025-02-07_01.35.38", "filename": "Twistedcat_SourFruit_Lipstick.package", "previous": {"url": "https://www.patreon.com/posts/64799844", "directory": "/Users/asiaserrano/ChromeDownloads/download_2025-02-07_01.35.38", "filename": "Sour Fruit Makeup Set 🥝 | Patreon", "previous": null}}
[2m2025-02-07 01:35:58.303[0;39m [32m INFO[0;39m [35m95858[0;39m [2m---[0;39m [2m[pool-1-thread-1][0;39m [36mo.p.t.downloader.classes.WebsiteLogger  [0;39m [2m:[0;39m downloaded url https://www.patreon.com/file?h=67674397&m=156559872 to /Users/asiaserrano/ChromeDownloads/download_2025-02-07_01.35.38/TwistedCat_Wings_Lipstick.package
[2m2025-02-07 01:35:58.304[0;39m [32m INFO[0;39m [35m95858[0;39m [2m---[0;39m [2m[pool-1-thread-1][0;39m [36mo.p.t.d.downloaders.WebsiteDownloader   [0;39m [2m:[0;39m received payload from kafka: {"url": "https://www.patreon.com/file?h=64799844&m=149858960", "directory": "/Users/asiaserrano/ChromeDownloads/download_2025-02-07_01.35.38", "filename": "TwistedCat_SourFruit_Blush.package", "previous": {"url": "https://www.patreon.com/posts/64799844", "directory": "/Users/asiaserrano/ChromeDownloads/download_2025-02-07_01.35.38", "filename": "Sour Fruit Makeup Set 🥝 | Patreon", "previous": null}}
[2m2025-02-07 01:35:58.629[0;39m [32m INFO[0;39m [35m95858[0;39m [2m---[0;39m [2m[pool-1-thread-2][0;39m [36mo.p.t.downloader.classes.WebsiteLogger  [0;39m [2m:[0;39m downloaded url https://www.patreon.com/file?h=68424727&m=158676049 to /Users/asiaserrano/ChromeDownloads/download_2025-02-07_01.35.38/TwistedCat_Graphicliner.package
[2m2025-02-07 01:35:58.629[0;39m [32m INFO[0;39m [35m95858[0;39m [2m---[0;39m [2m[pool-1-thread-2][0;39m [36mo.p.t.d.downloaders.WebsiteDownloader   [0;39m [2m:[0;39m received payload from kafka: {"url": "https://www.patreon.com/file?h=64799844&m=148065062", "directory": "/Users/asiaserrano/ChromeDownloads/download_2025-02-07_01.35.38", "filename": "TwistedCat_SourFruit_Eyeshadow.package", "previous": {"url": "https://www.patreon.com/posts/64799844", "directory": "/Users/asiaserrano/ChromeDownloads/download_2025-02-07_01.35.38", "filename": "Sour Fruit Makeup Set 🥝 | Patreon", "previous": null}}
[2m2025-02-07 01:35:58.763[0;39m [32m INFO[0;39m [35m95858[0;39m [2m---[0;39m [2m[pool-1-thread-1][0;39m [36mo.p.t.downloader.classes.WebsiteLogger  [0;39m [2m:[0;39m downloaded url https://www.patreon.com/file?h=64799844&m=149858960 to /Users/asiaserrano/ChromeDownloads/download_2025-02-07_01.35.38/TwistedCat_SourFruit_Blush.package
[2m2025-02-07 01:35:58.764[0;39m [32m INFO[0;39m [35m95858[0;39m [2m---[0;39m [2m[pool-1-thread-1][0;39m [36mo.p.t.d.downloaders.WebsiteDownloader   [0;39m [2m:[0;39m received payload from kafka: {"url": "https://www.patreon.com/file?h=75465527&m=178809389", "directory": "/Users/asiaserrano/ChromeDownloads/download_2025-02-07_01.35.38", "filename": "TwistedCat_Mirage_Eyeliner.package", "previous": {"url": "https://www.patreon.com/posts/75465527", "directory": "/Users/asiaserrano/ChromeDownloads/download_2025-02-07_01.35.38", "filename": "Mirage Makeup set (Download) | Patreon", "previous": null}}
[2m2025-02-07 01:35:59.166[0;39m [32m INFO[0;39m [35m95858[0;39m [2m---[0;39m [2m[pool-1-thread-1][0;39m [36mo.p.t.downloader.classes.WebsiteLogger  [0;39m [2m:[0;39m downloaded url https://www.patreon.com/file?h=75465527&m=178809389 to /Users/asiaserrano/ChromeDownloads/download_2025-02-07_01.35.38/TwistedCat_Mirage_Eyeliner.package
[2m2025-02-07 01:35:59.167[0;39m [32m INFO[0;39m [35m95858[0;39m [2m---[0;39m [2m[pool-1-thread-1][0;39m [36mo.p.t.d.downloaders.WebsiteDownloader   [0;39m [2m:[0;39m received payload from kafka: {"url": "https://www.patreon.com/file?h=75465527&m=178809390", "directory": "/Users/asiaserrano/ChromeDownloads/download_2025-02-07_01.35.38", "filename": "TwistedCat_Mirage_Lipstick.package", "previous": {"url": "https://www.patreon.com/posts/75465527", "directory": "/Users/asiaserrano/ChromeDownloads/download_2025-02-07_01.35.38", "filename": "Mirage Makeup set (Download) | Patreon", "previous": null}}
[2m2025-02-07 01:35:59.220[0;39m [32m INFO[0;39m [35m95858[0;39m [2m---[0;39m [2m[pool-1-thread-3][0;39m [36mo.p.t.downloader.classes.WebsiteLogger  [0;39m [2m:[0;39m downloaded url https://www.patreon.com/file?h=64799844&m=148065076 to /Users/asiaserrano/ChromeDownloads/download_2025-02-07_01.35.38/Twistedcat_SourFruit_Lipstick.package
[2m2025-02-07 01:35:59.220[0;39m [32m INFO[0;39m [35m95858[0;39m [2m---[0;39m [2m[pool-1-thread-3][0;39m [36mo.p.t.d.downloaders.WebsiteDownloader   [0;39m [2m:[0;39m received payload from kafka: {"url": "https://www.patreon.com/file?h=75465527&m=178809392", "directory": "/Users/asiaserrano/ChromeDownloads/download_2025-02-07_01.35.38", "filename": "TwistedCat_Mirage_Eyeshadow.package", "previous": {"url": "https://www.patreon.com/posts/75465527", "directory": "/Users/asiaserrano/ChromeDownloads/download_2025-02-07_01.35.38", "filename": "Mirage Makeup set (Download) | Patreon", "previous": null}}
[2m2025-02-07 01:35:59.282[0;39m [32m INFO[0;39m [35m95858[0;39m [2m---[0;39m [2m[pool-1-thread-2][0;39m [36mo.p.t.downloader.classes.WebsiteLogger  [0;39m [2m:[0;39m downloaded url https://www.patreon.com/file?h=64799844&m=148065062 to /Users/asiaserrano/ChromeDownloads/download_2025-02-07_01.35.38/TwistedCat_SourFruit_Eyeshadow.package
[2m2025-02-07 01:35:59.282[0;39m [32m INFO[0;39m [35m95858[0;39m [2m---[0;39m [2m[pool-1-thread-2][0;39m [36mo.p.t.d.downloaders.WebsiteDownloader   [0;39m [2m:[0;39m received payload from kafka: {"url": "https://www.patreon.com/file?h=87086695&m=334175647", "directory": "/Users/asiaserrano/ChromeDownloads/download_2025-02-07_01.35.38", "filename": "TwistedCat_Lashes_NO3_GlassesConflict.package", "previous": {"url": "https://www.patreon.com/posts/87086695", "directory": "/Users/asiaserrano/ChromeDownloads/download_2025-02-07_01.35.38", "filename": "3D Lashes No.3(Download) | Patreon", "previous": null}}
[2m2025-02-07 01:35:59.723[0;39m [32m INFO[0;39m [35m95858[0;39m [2m---[0;39m [2m[pool-1-thread-2][0;39m [36mo.p.t.downloader.classes.WebsiteLogger  [0;39m [2m:[0;39m downloaded url https://www.patreon.com/file?h=87086695&m=334175647 to /Users/asiaserrano/ChromeDownloads/download_2025-02-07_01.35.38/TwistedCat_Lashes_NO3_GlassesConflict.package
[2m2025-02-07 01:35:59.723[0;39m [32m INFO[0;39m [35m95858[0;39m [2m---[0;39m [2m[pool-1-thread-2][0;39m [36mo.p.t.d.downloaders.WebsiteDownloader   [0;39m [2m:[0;39m received payload from kafka: {"url": "https://www.patreon.com/file?h=87086695&m=334175648", "directory": "/Users/asiaserrano/ChromeDownloads/download_2025-02-07_01.35.38", "filename": "TwistedCat_Lashes_NO3_RingsConflict.package", "previous": {"url": "https://www.patreon.com/posts/87086695", "directory": "/Users/asiaserrano/ChromeDownloads/download_2025-02-07_01.35.38", "filename": "3D Lashes No.3(Download) | Patreon", "previous": null}}
[2m2025-02-07 01:35:59.743[0;39m [32m INFO[0;39m [35m95858[0;39m [2m---[0;39m [2m[pool-1-thread-1][0;39m [36mo.p.t.downloader.classes.WebsiteLogger  [0;39m [2m:[0;39m downloaded url https://www.patreon.com/file?h=75465527&m=178809390 to /Users/asiaserrano/ChromeDownloads/download_2025-02-07_01.35.38/TwistedCat_Mirage_Lipstick.package
[2m2025-02-07 01:35:59.743[0;39m [32m INFO[0;39m [35m95858[0;39m [2m---[0;39m [2m[pool-1-thread-1][0;39m [36mo.p.t.d.downloaders.WebsiteDownloader   [0;39m [2m:[0;39m received payload from kafka: {"url": "https://www.patreon.com/file?h=69971849&m=334179076", "directory": "/Users/asiaserrano/ChromeDownloads/download_2025-02-07_01.35.38", "filename": "TwistedCat_Lashes_NO1_GlassesConflict.package", "previous": {"url": "https://www.patreon.com/posts/69971849", "directory": "/Users/asiaserrano/ChromeDownloads/download_2025-02-07_01.35.38", "filename": "3D Eyelashes No.1 | Patreon", "previous": null}}
[2m2025-02-07 01:35:59.888[0;39m [32m INFO[0;39m [35m95858[0;39m [2m---[0;39m [2m[pool-1-thread-3][0;39m [36mo.p.t.downloader.classes.WebsiteLogger  [0;39m [2m:[0;39m downloaded url https://www.patreon.com/file?h=75465527&m=178809392 to /Users/asiaserrano/ChromeDownloads/download_2025-02-07_01.35.38/TwistedCat_Mirage_Eyeshadow.package
[2m2025-02-07 01:35:59.889[0;39m [32m INFO[0;39m [35m95858[0;39m [2m---[0;39m [2m[pool-1-thread-3][0;39m [36mo.p.t.d.downloaders.WebsiteDownloader   [0;39m [2m:[0;39m received payload from kafka: {"url": "https://www.patreon.com/file?h=109525323&m=337367435", "directory": "/Users/asiaserrano/ChromeDownloads/download_2025-02-07_01.35.38", "filename": "Twistedcat_DateNight_Eyeliner_02.package", "previous": {"url": "https://www.patreon.com/posts/109525323", "directory": "/Users/asiaserrano/ChromeDownloads/download_2025-02-07_01.35.38", "filename": "Date Night Makeup Set(Download) | Patreon", "previous": null}}
[2m2025-02-07 01:36:00.073[0;39m [32m INFO[0;39m [35m95858[0;39m [2m---[0;39m [2m[pool-1-thread-2][0;39m [36mo.p.t.downloader.classes.WebsiteLogger  [0;39m [2m:[0;39m downloaded url https://www.patreon.com/file?h=87086695&m=334175648 to /Users/asiaserrano/ChromeDownloads/download_2025-02-07_01.35.38/TwistedCat_Lashes_NO3_RingsConflict.package
[2m2025-02-07 01:36:00.074[0;39m [32m INFO[0;39m [35m95858[0;39m [2m---[0;39m [2m[pool-1-thread-2][0;39m [36mo.p.t.d.downloaders.WebsiteDownloader   [0;39m [2m:[0;39m received payload from kafka: {"url": "https://www.patreon.com/file?h=109525323&m=337367468", "directory": "/Users/asiaserrano/ChromeDownloads/download_2025-02-07_01.35.38", "filename": "Twistedcat_DateNight_Lipstick.package", "previous": {"url": "https://www.patreon.com/posts/109525323", "directory": "/Users/asiaserrano/ChromeDownloads/download_2025-02-07_01.35.38", "filename": "Date Night Makeup Set(Download) | Patreon", "previous": null}}
[2m2025-02-07 01:36:00.121[0;39m [32m INFO[0;39m [35m95858[0;39m [2m---[0;39m [2m[pool-1-thread-1][0;39m [36mo.p.t.downloader.classes.WebsiteLogger  [0;39m [2m:[0;39m downloaded url https://www.patreon.com/file?h=69971849&m=334179076 to /Users/asiaserrano/ChromeDownloads/download_2025-02-07_01.35.38/TwistedCat_Lashes_NO1_GlassesConflict.package
[2m2025-02-07 01:36:00.122[0;39m [32m INFO[0;39m [35m95858[0;39m [2m---[0;39m [2m[pool-1-thread-1][0;39m [36mo.p.t.d.downloaders.WebsiteDownloader   [0;39m [2m:[0;39m received payload from kafka: {"url": "https://www.patreon.com/file?h=109525323&m=337367450", "directory": "/Users/asiaserrano/ChromeDownloads/download_2025-02-07_01.35.38", "filename": "Twistedcat_DateNight_Eyeshadow.package", "previous": {"url": "https://www.patreon.com/posts/109525323", "directory": "/Users/asiaserrano/ChromeDownloads/download_2025-02-07_01.35.38", "filename": "Date Night Makeup Set(Download) | Patreon", "previous": null}}
[2m2025-02-07 01:36:00.222[0;39m [32m INFO[0;39m [35m95858[0;39m [2m---[0;39m [2m[pool-1-thread-3][0;39m [36mo.p.t.downloader.classes.WebsiteLogger  [0;39m [2m:[0;39m downloaded url https://www.patreon.com/file?h=109525323&m=337367435 to /Users/asiaserrano/ChromeDownloads/download_2025-02-07_01.35.38/Twistedcat_DateNight_Eyeliner_02.package
[2m2025-02-07 01:36:00.223[0;39m [32m INFO[0;39m [35m95858[0;39m [2m---[0;39m [2m[pool-1-thread-3][0;39m [36mo.p.t.d.downloaders.WebsiteDownloader   [0;39m [2m:[0;39m received payload from kafka: {"url": "https://www.patreon.com/file?h=109525323&m=337367434", "directory": "/Users/asiaserrano/ChromeDownloads/download_2025-02-07_01.35.38", "filename": "Twistedcat_DateNight_Eyeliner_03.package", "previous": {"url": "https://www.patreon.com/posts/109525323", "directory": "/Users/asiaserrano/ChromeDownloads/download_2025-02-07_01.35.38", "filename": "Date Night Makeup Set(Download) | Patreon", "previous": null}}
[2m2025-02-07 01:36:00.573[0;39m [32m INFO[0;39m [35m95858[0;39m [2m---[0;39m [2m[pool-1-thread-2][0;39m [36mo.p.t.downloader.classes.WebsiteLogger  [0;39m [2m:[0;39m downloaded url https://www.patreon.com/file?h=109525323&m=337367468 to /Users/asiaserrano/ChromeDownloads/download_2025-02-07_01.35.38/Twistedcat_DateNight_Lipstick.package
[2m2025-02-07 01:36:00.574[0;39m [32m INFO[0;39m [35m95858[0;39m [2m---[0;39m [2m[pool-1-thread-2][0;39m [36mo.p.t.d.downloaders.WebsiteDownloader   [0;39m [2m:[0;39m received payload from kafka: {"url": "https://www.patreon.com/file?h=109525323&m=337367445", "directory": "/Users/asiaserrano/ChromeDownloads/download_2025-02-07_01.35.38", "filename": "Twistedcat_DateNight_Eyeliner_01.package", "previous": {"url": "https://www.patreon.com/posts/109525323", "directory": "/Users/asiaserrano/ChromeDownloads/download_2025-02-07_01.35.38", "filename": "Date Night Makeup Set(Download) | Patreon", "previous": null}}
[2m2025-02-07 01:36:00.727[0;39m [32m INFO[0;39m [35m95858[0;39m [2m---[0;39m [2m[pool-1-thread-3][0;39m [36mo.p.t.downloader.classes.WebsiteLogger  [0;39m [2m:[0;39m downloaded url https://www.patreon.com/file?h=109525323&m=337367434 to /Users/asiaserrano/ChromeDownloads/download_2025-02-07_01.35.38/Twistedcat_DateNight_Eyeliner_03.package
[2m2025-02-07 01:36:00.728[0;39m [32m INFO[0;39m [35m95858[0;39m [2m---[0;39m [2m[pool-1-thread-3][0;39m [36mo.p.t.d.downloaders.WebsiteDownloader   [0;39m [2m:[0;39m received payload from kafka: {"url": "https://www.patreon.com/file?h=63011193&m=142822310", "directory": "/Users/asiaserrano/ChromeDownloads/download_2025-02-07_01.35.38", "filename": "TwistedCat_Slayer_Eyeliner_Low.package", "previous": {"url": "https://www.patreon.com/posts/63011193", "directory": "/Users/asiaserrano/ChromeDownloads/download_2025-02-07_01.35.38", "filename": "Slayer Makeup Set | Patreon", "previous": null}}
[2m2025-02-07 01:36:00.811[0;39m [32m INFO[0;39m [35m95858[0;39m [2m---[0;39m [2m[pool-1-thread-1][0;39m [36mo.p.t.downloader.classes.WebsiteLogger  [0;39m [2m:[0;39m downloaded url https://www.patreon.com/file?h=109525323&m=337367450 to /Users/asiaserrano/ChromeDownloads/download_2025-02-07_01.35.38/Twistedcat_DateNight_Eyeshadow.package
[2m2025-02-07 01:36:00.811[0;39m [32m INFO[0;39m [35m95858[0;39m [2m---[0;39m [2m[pool-1-thread-1][0;39m [36mo.p.t.d.downloaders.WebsiteDownloader   [0;39m [2m:[0;39m received payload from kafka: {"url": "https://www.patreon.com/file?h=63011193&m=142822326", "directory": "/Users/asiaserrano/ChromeDownloads/download_2025-02-07_01.35.38", "filename": "TwistedCat_Slayer_Eyeshadow.package", "previous": {"url": "https://www.patreon.com/posts/63011193", "directory": "/Users/asiaserrano/ChromeDownloads/download_2025-02-07_01.35.38", "filename": "Slayer Makeup Set | Patreon", "previous": null}}
[2m2025-02-07 01:36:00.997[0;39m [32m INFO[0;39m [35m95858[0;39m [2m---[0;39m [2m[pool-1-thread-2][0;39m [36mo.p.t.downloader.classes.WebsiteLogger  [0;39m [2m:[0;39m downloaded url https://www.patreon.com/file?h=109525323&m=337367445 to /Users/asiaserrano/ChromeDownloads/download_2025-02-07_01.35.38/Twistedcat_DateNight_Eyeliner_01.package
[2m2025-02-07 01:36:00.998[0;39m [32m INFO[0;39m [35m95858[0;39m [2m---[0;39m [2m[pool-1-thread-2][0;39m [36mo.p.t.d.downloaders.WebsiteDownloader   [0;39m [2m:[0;39m received payload from kafka: {"url": "https://www.patreon.com/file?h=82900166&m=202972132", "directory": "/Users/asiaserrano/ChromeDownloads/download_2025-02-07_01.35.38", "filename": "TwistedCat_Heatwave_Lipstick.package", "previous": {"url": "https://www.patreon.com/posts/82900166", "directory": "/Users/asiaserrano/ChromeDownloads/download_2025-02-07_01.35.38", "filename": "Heatwave Makeup set(Download) | Patreon", "previous": null}}
[2m2025-02-07 01:36:01.105[0;39m [32m INFO[0;39m [35m95858[0;39m [2m---[0;39m [2m[pool-1-thread-3][0;39m [36mo.p.t.downloader.classes.WebsiteLogger  [0;39m [2m:[0;39m downloaded url https://www.patreon.com/file?h=63011193&m=142822310 to /Users/asiaserrano/ChromeDownloads/download_2025-02-07_01.35.38/TwistedCat_Slayer_Eyeliner_Low.package
[2m2025-02-07 01:36:01.105[0;39m [32m INFO[0;39m [35m95858[0;39m [2m---[0;39m [2m[pool-1-thread-3][0;39m [36mo.p.t.d.downloaders.WebsiteDownloader   [0;39m [2m:[0;39m received payload from kafka: {"url": "https://www.patreon.com/file?h=82900166&m=202972134", "directory": "/Users/asiaserrano/ChromeDownloads/download_2025-02-07_01.35.38", "filename": "TwistedCat_Heatwave_Blush.package", "previous": {"url": "https://www.patreon.com/posts/82900166", "directory": "/Users/asiaserrano/ChromeDownloads/download_2025-02-07_01.35.38", "filename": "Heatwave Makeup set(Download) | Patreon", "previous": null}}
[2m2025-02-07 01:36:01.190[0;39m [32m INFO[0;39m [35m95858[0;39m [2m---[0;39m [2m[pool-1-thread-1][0;39m [36mo.p.t.downloader.classes.WebsiteLogger  [0;39m [2m:[0;39m downloaded url https://www.patreon.com/file?h=63011193&m=142822326 to /Users/asiaserrano/ChromeDownloads/download_2025-02-07_01.35.38/TwistedCat_Slayer_Eyeshadow.package
[2m2025-02-07 01:36:01.190[0;39m [32m INFO[0;39m [35m95858[0;39m [2m---[0;39m [2m[pool-1-thread-1][0;39m [36mo.p.t.d.downloaders.WebsiteDownloader   [0;39m [2m:[0;39m received payload from kafka: {"url": "https://www.patreon.com/file?h=63011193&m=142822295", "directory": "/Users/asiaserrano/ChromeDownloads/download_2025-02-07_01.35.38", "filename": "TwistedCat_Slayer_Eyeliner_Tall.package", "previous": {"url": "https://www.patreon.com/posts/63011193", "directory": "/Users/asiaserrano/ChromeDownloads/download_2025-02-07_01.35.38", "filename": "Slayer Makeup Set | Patreon", "previous": null}}
[2m2025-02-07 01:36:01.495[0;39m [32m INFO[0;39m [35m95858[0;39m [2m---[0;39m [2m[pool-1-thread-2][0;39m [36mo.p.t.downloader.classes.WebsiteLogger  [0;39m [2m:[0;39m downloaded url https://www.patreon.com/file?h=82900166&m=202972132 to /Users/asiaserrano/ChromeDownloads/download_2025-02-07_01.35.38/TwistedCat_Heatwave_Lipstick.package
[2m2025-02-07 01:36:01.496[0;39m [32m INFO[0;39m [35m95858[0;39m [2m---[0;39m [2m[pool-1-thread-2][0;39m [36mo.p.t.d.downloaders.WebsiteDownloader   [0;39m [2m:[0;39m received payload from kafka: {"url": "https://www.patreon.com/file?h=82900166&m=202972133", "directory": "/Users/asiaserrano/ChromeDownloads/download_2025-02-07_01.35.38", "filename": "TwistedCat_Heatwave_Eyeshadow.package", "previous": {"url": "https://www.patreon.com/posts/82900166", "directory": "/Users/asiaserrano/ChromeDownloads/download_2025-02-07_01.35.38", "filename": "Heatwave Makeup set(Download) | Patreon", "previous": null}}
[2m2025-02-07 01:36:01.555[0;39m [32m INFO[0;39m [35m95858[0;39m [2m---[0;39m [2m[pool-1-thread-1][0;39m [36mo.p.t.downloader.classes.WebsiteLogger  [0;39m [2m:[0;39m downloaded url https://www.patreon.com/file?h=63011193&m=142822295 to /Users/asiaserrano/ChromeDownloads/download_2025-02-07_01.35.38/TwistedCat_Slayer_Eyeliner_Tall.package
[2m2025-02-07 01:36:01.556[0;39m [32m INFO[0;39m [35m95858[0;39m [2m---[0;39m [2m[pool-1-thread-1][0;39m [36mo.p.t.d.downloaders.WebsiteDownloader   [0;39m [2m:[0;39m received payload from kafka: {"url": "https://www.patreon.com/file?h=70285115&m=164000571", "directory": "/Users/asiaserrano/ChromeDownloads/download_2025-02-07_01.35.38", "filename": "TwistedCat_Glow_Eyeshadow.package", "previous": {"url": "https://www.patreon.com/posts/70285115", "directory": "/Users/asiaserrano/ChromeDownloads/download_2025-02-07_01.35.38", "filename": "Glow Makeup set | Patreon", "previous": null}}
[2m2025-02-07 01:36:01.792[0;39m [32m INFO[0;39m [35m95858[0;39m [2m---[0;39m [2m[pool-1-thread-3][0;39m [36mo.p.t.downloader.classes.WebsiteLogger  [0;39m [2m:[0;39m downloaded url https://www.patreon.com/file?h=82900166&m=202972134 to /Users/asiaserrano/ChromeDownloads/download_2025-02-07_01.35.38/TwistedCat_Heatwave_Blush.package
[2m2025-02-07 01:36:01.792[0;39m [32m INFO[0;39m [35m95858[0;39m [2m---[0;39m [2m[pool-1-thread-3][0;39m [36mo.p.t.d.downloaders.WebsiteDownloader   [0;39m [2m:[0;39m received payload from kafka: {"url": "https://www.patreon.com/file?h=70285115&m=163853996", "directory": "/Users/asiaserrano/ChromeDownloads/download_2025-02-07_01.35.38", "filename": "TwistedCat_Glow_Lipstick.package", "previous": {"url": "https://www.patreon.com/posts/70285115", "directory": "/Users/asiaserrano/ChromeDownloads/download_2025-02-07_01.35.38", "filename": "Glow Makeup set | Patreon", "previous": null}}
[2m2025-02-07 01:36:01.991[0;39m [32m INFO[0;39m [35m95858[0;39m [2m---[0;39m [2m[pool-1-thread-2][0;39m [36mo.p.t.downloader.classes.WebsiteLogger  [0;39m [2m:[0;39m downloaded url https://www.patreon.com/file?h=82900166&m=202972133 to /Users/asiaserrano/ChromeDownloads/download_2025-02-07_01.35.38/TwistedCat_Heatwave_Eyeshadow.package
[2m2025-02-07 01:36:01.991[0;39m [32m INFO[0;39m [35m95858[0;39m [2m---[0;39m [2m[pool-1-thread-2][0;39m [36mo.p.t.d.downloaders.WebsiteDownloader   [0;39m [2m:[0;39m received payload from kafka: {"url": "https://www.patreon.com/file?h=98166580&m=334174899", "directory": "/Users/asiaserrano/ChromeDownloads/download_2025-02-07_01.35.38", "filename": "TwistedCat_Lashes_NO4_RingsConflict.package", "previous": {"url": "https://www.patreon.com/posts/98166580", "directory": "/Users/asiaserrano/ChromeDownloads/download_2025-02-07_01.35.38", "filename": "3D Lashes No.4(Download) | Patreon", "previous": null}}
[2m2025-02-07 01:36:02.442[0;39m [32m INFO[0;39m [35m95858[0;39m [2m---[0;39m [2m[pool-1-thread-3][0;39m [36mo.p.t.downloader.classes.WebsiteLogger  [0;39m [2m:[0;39m downloaded url https://www.patreon.com/file?h=70285115&m=163853996 to /Users/asiaserrano/ChromeDownloads/download_2025-02-07_01.35.38/TwistedCat_Glow_Lipstick.package
[2m2025-02-07 01:36:02.442[0;39m [32m INFO[0;39m [35m95858[0;39m [2m---[0;39m [2m[pool-1-thread-3][0;39m [36mo.p.t.d.downloaders.WebsiteDownloader   [0;39m [2m:[0;39m received payload from kafka: {"url": "https://www.patreon.com/file?h=98166580&m=334174898", "directory": "/Users/asiaserrano/ChromeDownloads/download_2025-02-07_01.35.38", "filename": "TwistedCat_Lashes_NO4_GlassesConflict.package", "previous": {"url": "https://www.patreon.com/posts/98166580", "directory": "/Users/asiaserrano/ChromeDownloads/download_2025-02-07_01.35.38", "filename": "3D Lashes No.4(Download) | Patreon", "previous": null}}
[2m2025-02-07 01:36:02.490[0;39m [32m INFO[0;39m [35m95858[0;39m [2m---[0;39m [2m[pool-1-thread-2][0;39m [36mo.p.t.downloader.classes.WebsiteLogger  [0;39m [2m:[0;39m downloaded url https://www.patreon.com/file?h=98166580&m=334174899 to /Users/asiaserrano/ChromeDownloads/download_2025-02-07_01.35.38/TwistedCat_Lashes_NO4_RingsConflict.package
[2m2025-02-07 01:36:02.490[0;39m [32m INFO[0;39m [35m95858[0;39m [2m---[0;39m [2m[pool-1-thread-2][0;39m [36mo.p.t.d.downloaders.WebsiteDownloader   [0;39m [2m:[0;39m received payload from kafka: {"url": "https://www.patreon.com/file?h=71756549&m=167718219", "directory": "/Users/asiaserrano/ChromeDownloads/download_2025-02-07_01.35.38", "filename": "Twistedcat_Stalker_Eyeliner.package", "previous": {"url": "https://www.patreon.com/posts/71756549", "directory": "/Users/asiaserrano/ChromeDownloads/download_2025-02-07_01.35.38", "filename": "Stalker Makeup set | Patreon", "previous": null}}
[2m2025-02-07 01:36:02.595[0;39m [32m INFO[0;39m [35m95858[0;39m [2m---[0;39m [2m[pool-1-thread-1][0;39m [36mo.p.t.downloader.classes.WebsiteLogger  [0;39m [2m:[0;39m downloaded url https://www.patreon.com/file?h=70285115&m=164000571 to /Users/asiaserrano/ChromeDownloads/download_2025-02-07_01.35.38/TwistedCat_Glow_Eyeshadow.package
[2m2025-02-07 01:36:02.596[0;39m [32m INFO[0;39m [35m95858[0;39m [2m---[0;39m [2m[pool-1-thread-1][0;39m [36mo.p.t.d.downloaders.WebsiteDownloader   [0;39m [2m:[0;39m received payload from kafka: {"url": "https://www.patreon.com/file?h=71756549&m=167718221", "directory": "/Users/asiaserrano/ChromeDownloads/download_2025-02-07_01.35.38", "filename": "Twistedcat_Stalker_Lipstick.package", "previous": {"url": "https://www.patreon.com/posts/71756549", "directory": "/Users/asiaserrano/ChromeDownloads/download_2025-02-07_01.35.38", "filename": "Stalker Makeup set | Patreon", "previous": null}}
[2m2025-02-07 01:36:02.830[0;39m [32m INFO[0;39m [35m95858[0;39m [2m---[0;39m [2m[pool-1-thread-2][0;39m [36mo.p.t.downloader.classes.WebsiteLogger  [0;39m [2m:[0;39m downloaded url https://www.patreon.com/file?h=71756549&m=167718219 to /Users/asiaserrano/ChromeDownloads/download_2025-02-07_01.35.38/Twistedcat_Stalker_Eyeliner.package
[2m2025-02-07 01:36:02.830[0;39m [32m INFO[0;39m [35m95858[0;39m [2m---[0;39m [2m[pool-1-thread-2][0;39m [36mo.p.t.d.downloaders.WebsiteDownloader   [0;39m [2m:[0;39m received payload from kafka: {"url": "https://www.patreon.com/file?h=71756549&m=167718222", "directory": "/Users/asiaserrano/ChromeDownloads/download_2025-02-07_01.35.38", "filename": "Twistedcat_Stalker_Eyeshadow.package", "previous": {"url": "https://www.patreon.com/posts/71756549", "directory": "/Users/asiaserrano/ChromeDownloads/download_2025-02-07_01.35.38", "filename": "Stalker Makeup set | Patreon", "previous": null}}
[2m2025-02-07 01:36:02.855[0;39m [32m INFO[0;39m [35m95858[0;39m [2m---[0;39m [2m[pool-1-thread-3][0;39m [36mo.p.t.downloader.classes.WebsiteLogger  [0;39m [2m:[0;39m downloaded url https://www.patreon.com/file?h=98166580&m=334174898 to /Users/asiaserrano/ChromeDownloads/download_2025-02-07_01.35.38/TwistedCat_Lashes_NO4_GlassesConflict.package
[2m2025-02-07 01:36:02.855[0;39m [32m INFO[0;39m [35m95858[0;39m [2m---[0;39m [2m[pool-1-thread-3][0;39m [36mo.p.t.d.downloaders.WebsiteDownloader   [0;39m [2m:[0;39m received payload from kafka: {"url": "https://www.patreon.com/file?h=77102771&m=183896778", "directory": "/Users/asiaserrano/ChromeDownloads/download_2025-02-07_01.35.38", "filename": "TwistedCat_Frosty_Liner.package", "previous": {"url": "https://www.patreon.com/posts/77102771", "directory": "/Users/asiaserrano/ChromeDownloads/download_2025-02-07_01.35.38", "filename": "Frosty Set(Download) | Patreon", "previous": null}}
[2m2025-02-07 01:36:03.029[0;39m [32m INFO[0;39m [35m95858[0;39m [2m---[0;39m [2m[pool-1-thread-1][0;39m [36mo.p.t.downloader.classes.WebsiteLogger  [0;39m [2m:[0;39m downloaded url https://www.patreon.com/file?h=71756549&m=167718221 to /Users/asiaserrano/ChromeDownloads/download_2025-02-07_01.35.38/Twistedcat_Stalker_Lipstick.package
[2m2025-02-07 01:36:03.029[0;39m [32m INFO[0;39m [35m95858[0;39m [2m---[0;39m [2m[pool-1-thread-1][0;39m [36mo.p.t.d.downloaders.WebsiteDownloader   [0;39m [2m:[0;39m received payload from kafka: {"url": "https://www.patreon.com/file?h=77102771&m=334177102", "directory": "/Users/asiaserrano/ChromeDownloads/download_2025-02-07_01.35.38", "filename": "TwistedCat_Lashes_Frosty_GlassesConflict.package", "previous": {"url": "https://www.patreon.com/posts/77102771", "directory": "/Users/asiaserrano/ChromeDownloads/download_2025-02-07_01.35.38", "filename": "Frosty Set(Download) | Patreon", "previous": null}}
[2m2025-02-07 01:36:03.291[0;39m [32m INFO[0;39m [35m95858[0;39m [2m---[0;39m [2m[pool-1-thread-3][0;39m [36mo.p.t.downloader.classes.WebsiteLogger  [0;39m [2m:[0;39m downloaded url https://www.patreon.com/file?h=77102771&m=183896778 to /Users/asiaserrano/ChromeDownloads/download_2025-02-07_01.35.38/TwistedCat_Frosty_Liner.package
[2m2025-02-07 01:36:03.292[0;39m [32m INFO[0;39m [35m95858[0;39m [2m---[0;39m [2m[pool-1-thread-3][0;39m [36mo.p.t.d.downloaders.WebsiteDownloader   [0;39m [2m:[0;39m received payload from kafka: {"url": "https://www.patreon.com/file?h=77102771&m=183896783", "directory": "/Users/asiaserrano/ChromeDownloads/download_2025-02-07_01.35.38", "filename": "TwistedCat_Frosty_Eyeshadow.package", "previous": {"url": "https://www.patreon.com/posts/77102771", "directory": "/Users/asiaserrano/ChromeDownloads/download_2025-02-07_01.35.38", "filename": "Frosty Set(Download) | Patreon", "previous": null}}
[2m2025-02-07 01:36:03.369[0;39m [32m INFO[0;39m [35m95858[0;39m [2m---[0;39m [2m[pool-1-thread-2][0;39m [36mo.p.t.downloader.classes.WebsiteLogger  [0;39m [2m:[0;39m downloaded url https://www.patreon.com/file?h=71756549&m=167718222 to /Users/asiaserrano/ChromeDownloads/download_2025-02-07_01.35.38/Twistedcat_Stalker_Eyeshadow.package
[2m2025-02-07 01:36:03.369[0;39m [32m INFO[0;39m [35m95858[0;39m [2m---[0;39m [2m[pool-1-thread-2][0;39m [36mo.p.t.d.downloaders.WebsiteDownloader   [0;39m [2m:[0;39m received payload from kafka: {"url": "https://www.patreon.com/file?h=77102771&m=334177099", "directory": "/Users/asiaserrano/ChromeDownloads/download_2025-02-07_01.35.38", "filename": "TwistedCat_Lashes_Frosty_RingsConflict.package", "previous": {"url": "https://www.patreon.com/posts/77102771", "directory": "/Users/asiaserrano/ChromeDownloads/download_2025-02-07_01.35.38", "filename": "Frosty Set(Download) | Patreon", "previous": null}}
[2m2025-02-07 01:36:03.385[0;39m [32m INFO[0;39m [35m95858[0;39m [2m---[0;39m [2m[pool-1-thread-1][0;39m [36mo.p.t.downloader.classes.WebsiteLogger  [0;39m [2m:[0;39m downloaded url https://www.patreon.com/file?h=77102771&m=334177102 to /Users/asiaserrano/ChromeDownloads/download_2025-02-07_01.35.38/TwistedCat_Lashes_Frosty_GlassesConflict.package
[2m2025-02-07 01:36:03.732[0;39m [32m INFO[0;39m [35m95858[0;39m [2m---[0;39m [2m[pool-1-thread-2][0;39m [36mo.p.t.downloader.classes.WebsiteLogger  [0;39m [2m:[0;39m downloaded url https://www.patreon.com/file?h=77102771&m=334177099 to /Users/asiaserrano/ChromeDownloads/download_2025-02-07_01.35.38/TwistedCat_Lashes_Frosty_RingsConflict.package
[2m2025-02-07 01:36:03.769[0;39m [32m INFO[0;39m [35m95858[0;39m [2m---[0;39m [2m[pool-1-thread-3][0;39m [36mo.p.t.downloader.classes.WebsiteLogger  [0;39m [2m:[0;39m downloaded url https://www.patreon.com/file?h=77102771&m=183896783 to /Users/asiaserrano/ChromeDownloads/download_2025-02-07_01.35.38/TwistedCat_Frosty_Eyeshadow.package
[2m2025-02-07 01:36:04.006[0;39m [32m INFO[0;39m [35m95858[0;39m [2m---[0;39m [2m[   scheduling-1][0;39m [36mo.p.ts4.utility.classes.Scheduler       [0;39m [2m:[0;39m done in 11 seconds
[2m2025-02-07 01:39:39.462[0;39m [32m INFO[0;39m [35m95858[0;39m [2m---[0;39m [2m[ntainer#0-0-C-1][0;39m [36mk.c.c.i.ConsumerRebalanceListenerInvoker[0;39m [2m:[0;39m [Consumer clientId=consumer-ts4-website-downloader-1, groupId=ts4-website-downloader] Revoke previously assigned partitions ts4-downloader-topic-0
[2m2025-02-07 01:39:39.468[0;39m [32m INFO[0;39m [35m95858[0;39m [2m---[0;39m [2m[ntainer#0-0-C-1][0;39m [36mo.s.k.l.KafkaMessageListenerContainer   [0;39m [2m:[0;39m ts4-website-downloader: partitions revoked: [ts4-downloader-topic-0]
[2m2025-02-07 01:39:39.470[0;39m [32m INFO[0;39m [35m95858[0;39m [2m---[0;39m [2m[ntainer#0-0-C-1][0;39m [36mo.a.k.c.c.internals.ConsumerCoordinator [0;39m [2m:[0;39m [Consumer clientId=consumer-ts4-website-downloader-1, groupId=ts4-website-downloader] Member consumer-ts4-website-downloader-1-942a0829-7001-47a5-928f-1296e99c222b sending LeaveGroup request to coordinator localhost:9092 (id: 2147483646 rack: null) due to the consumer unsubscribed from all topics
[2m2025-02-07 01:39:39.472[0;39m [32m INFO[0;39m [35m95858[0;39m [2m---[0;39m [2m[ntainer#0-0-C-1][0;39m [36mo.a.k.c.c.internals.ConsumerCoordinator [0;39m [2m:[0;39m [Consumer clientId=consumer-ts4-website-downloader-1, groupId=ts4-website-downloader] Resetting generation and member id due to: consumer pro-actively leaving the group
[2m2025-02-07 01:39:39.472[0;39m [32m INFO[0;39m [35m95858[0;39m [2m---[0;39m [2m[ntainer#0-0-C-1][0;39m [36mo.a.k.c.c.internals.ConsumerCoordinator [0;39m [2m:[0;39m [Consumer clientId=consumer-ts4-website-downloader-1, groupId=ts4-website-downloader] Request joining group due to: consumer pro-actively leaving the group
[2m2025-02-07 01:39:39.472[0;39m [32m INFO[0;39m [35m95858[0;39m [2m---[0;39m [2m[ntainer#0-0-C-1][0;39m [36mo.a.k.c.c.internals.LegacyKafkaConsumer [0;39m [2m:[0;39m [Consumer clientId=consumer-ts4-website-downloader-1, groupId=ts4-website-downloader] Unsubscribed all topics or patterns and assigned partitions
[2m2025-02-07 01:39:39.479[0;39m [32m INFO[0;39m [35m95858[0;39m [2m---[0;39m [2m[ntainer#0-0-C-1][0;39m [36mo.a.k.c.c.internals.ConsumerCoordinator [0;39m [2m:[0;39m [Consumer clientId=consumer-ts4-website-downloader-1, groupId=ts4-website-downloader] Resetting generation and member id due to: consumer pro-actively leaving the group
[2m2025-02-07 01:39:39.479[0;39m [32m INFO[0;39m [35m95858[0;39m [2m---[0;39m [2m[ntainer#0-0-C-1][0;39m [36mo.a.k.c.c.internals.ConsumerCoordinator [0;39m [2m:[0;39m [Consumer clientId=consumer-ts4-website-downloader-1, groupId=ts4-website-downloader] Request joining group due to: consumer pro-actively leaving the group
[2m2025-02-07 01:39:39.938[0;39m [32m INFO[0;39m [35m95858[0;39m [2m---[0;39m [2m[ntainer#0-0-C-1][0;39m [36mo.apache.kafka.common.metrics.Metrics   [0;39m [2m:[0;39m Metrics scheduler closed
[2m2025-02-07 01:39:39.938[0;39m [32m INFO[0;39m [35m95858[0;39m [2m---[0;39m [2m[ntainer#0-0-C-1][0;39m [36mo.apache.kafka.common.metrics.Metrics   [0;39m [2m:[0;39m Closing reporter org.apache.kafka.common.metrics.JmxReporter
[2m2025-02-07 01:39:39.938[0;39m [32m INFO[0;39m [35m95858[0;39m [2m---[0;39m [2m[ntainer#0-0-C-1][0;39m [36mo.apache.kafka.common.metrics.Metrics   [0;39m [2m:[0;39m Closing reporter org.apache.kafka.common.telemetry.internals.ClientTelemetryReporter
[2m2025-02-07 01:39:39.938[0;39m [32m INFO[0;39m [35m95858[0;39m [2m---[0;39m [2m[ntainer#0-0-C-1][0;39m [36mo.apache.kafka.common.metrics.Metrics   [0;39m [2m:[0;39m Metrics reporters closed
[2m2025-02-07 01:39:39.959[0;39m [32m INFO[0;39m [35m95858[0;39m [2m---[0;39m [2m[ntainer#0-0-C-1][0;39m [36mo.a.kafka.common.utils.AppInfoParser    [0;39m [2m:[0;39m App info kafka.consumer for consumer-ts4-website-downloader-1 unregistered
[2m2025-02-07 01:39:39.972[0;39m [32m INFO[0;39m [35m95858[0;39m [2m---[0;39m [2m[ntainer#0-0-C-1][0;39m [36mo.s.k.l.KafkaMessageListenerContainer   [0;39m [2m:[0;39m ts4-website-downloader: Consumer stopped
