[2m2025-02-05 05:00:00.001[0;39m [32m INFO[0;39m [35m29432[0;39m [2m---[0;39m [2m[   scheduling-1][0;39m [36mo.p.ts4.utility.classes.BatchComponent  [0;39m [2m:[0;39m INACTIVE
[2m2025-02-05 05:00:05.008[0;39m [32m INFO[0;39m [35m29432[0;39m [2m---[0;39m [2m[   scheduling-1][0;39m [36mo.p.ts4.utility.classes.BatchComponent  [0;39m [2m:[0;39m INACTIVE
[2m2025-02-05 05:00:10.014[0;39m [32m INFO[0;39m [35m29432[0;39m [2m---[0;39m [2m[   scheduling-1][0;39m [36mo.p.ts4.utility.classes.BatchComponent  [0;39m [2m:[0;39m INACTIVE
[2m2025-02-05 05:00:15.006[0;39m [32m INFO[0;39m [35m29432[0;39m [2m---[0;39m [2m[   scheduling-1][0;39m [36mo.p.ts4.utility.classes.BatchComponent  [0;39m [2m:[0;39m INACTIVE
[2m2025-02-05 05:00:20.000[0;39m [32m INFO[0;39m [35m29432[0;39m [2m---[0;39m [2m[   scheduling-1][0;39m [36mo.p.ts4.utility.classes.BatchComponent  [0;39m [2m:[0;39m INACTIVE
[2m2025-02-05 05:00:25.000[0;39m [32m INFO[0;39m [35m29432[0;39m [2m---[0;39m [2m[   scheduling-1][0;39m [36mo.p.ts4.utility.classes.BatchComponent  [0;39m [2m:[0;39m INACTIVE
[2m2025-02-05 05:00:30.004[0;39m [32m INFO[0;39m [35m29432[0;39m [2m---[0;39m [2m[   scheduling-1][0;39m [36mo.p.ts4.utility.classes.BatchComponent  [0;39m [2m:[0;39m INACTIVE
[2m2025-02-05 05:00:35.000[0;39m [32m INFO[0;39m [35m29432[0;39m [2m---[0;39m [2m[   scheduling-1][0;39m [36mo.p.ts4.utility.classes.BatchComponent  [0;39m [2m:[0;39m INACTIVE
[2m2025-02-05 05:00:40.008[0;39m [32m INFO[0;39m [35m29432[0;39m [2m---[0;39m [2m[   scheduling-1][0;39m [36mo.p.ts4.utility.classes.BatchComponent  [0;39m [2m:[0;39m INACTIVE
[2m2025-02-05 05:00:45.010[0;39m [32m INFO[0;39m [35m29432[0;39m [2m---[0;39m [2m[   scheduling-1][0;39m [36mo.p.ts4.utility.classes.BatchComponent  [0;39m [2m:[0;39m INACTIVE
[2m2025-02-05 05:00:50.009[0;39m [32m INFO[0;39m [35m29432[0;39m [2m---[0;39m [2m[   scheduling-1][0;39m [36mo.p.ts4.utility.classes.BatchComponent  [0;39m [2m:[0;39m INACTIVE
[2m2025-02-05 05:00:55.002[0;39m [32m INFO[0;39m [35m29432[0;39m [2m---[0;39m [2m[   scheduling-1][0;39m [36mo.p.ts4.utility.classes.BatchComponent  [0;39m [2m:[0;39m INACTIVE
[2m2025-02-05 05:01:00.002[0;39m [32m INFO[0;39m [35m29432[0;39m [2m---[0;39m [2m[   scheduling-1][0;39m [36mo.p.ts4.utility.classes.BatchComponent  [0;39m [2m:[0;39m INACTIVE
[2m2025-02-05 05:01:05.008[0;39m [32m INFO[0;39m [35m29432[0;39m [2m---[0;39m [2m[   scheduling-1][0;39m [36mo.p.ts4.utility.classes.BatchComponent  [0;39m [2m:[0;39m INACTIVE
[2m2025-02-05 05:01:10.008[0;39m [32m INFO[0;39m [35m29432[0;39m [2m---[0;39m [2m[   scheduling-1][0;39m [36mo.p.ts4.utility.classes.BatchComponent  [0;39m [2m:[0;39m INACTIVE
[2m2025-02-05 05:01:15.008[0;39m [32m INFO[0;39m [35m29432[0;39m [2m---[0;39m [2m[   scheduling-1][0;39m [36mo.p.ts4.utility.classes.BatchComponent  [0;39m [2m:[0;39m INACTIVE
[2m2025-02-05 05:01:20.010[0;39m [32m INFO[0;39m [35m29432[0;39m [2m---[0;39m [2m[   scheduling-1][0;39m [36mo.p.ts4.utility.classes.BatchComponent  [0;39m [2m:[0;39m INACTIVE
[2m2025-02-05 05:01:25.008[0;39m [32m INFO[0;39m [35m29432[0;39m [2m---[0;39m [2m[   scheduling-1][0;39m [36mo.p.ts4.utility.classes.BatchComponent  [0;39m [2m:[0;39m INACTIVE
[2m2025-02-05 05:01:30.002[0;39m [32m INFO[0;39m [35m29432[0;39m [2m---[0;39m [2m[   scheduling-1][0;39m [36mo.p.ts4.utility.classes.BatchComponent  [0;39m [2m:[0;39m INACTIVE
[2m2025-02-05 05:01:35.008[0;39m [32m INFO[0;39m [35m29432[0;39m [2m---[0;39m [2m[   scheduling-1][0;39m [36mo.p.ts4.utility.classes.BatchComponent  [0;39m [2m:[0;39m INACTIVE
[2m2025-02-05 05:01:40.008[0;39m [32m INFO[0;39m [35m29432[0;39m [2m---[0;39m [2m[   scheduling-1][0;39m [36mo.p.ts4.utility.classes.BatchComponent  [0;39m [2m:[0;39m INACTIVE
[2m2025-02-05 05:01:45.008[0;39m [32m INFO[0;39m [35m29432[0;39m [2m---[0;39m [2m[   scheduling-1][0;39m [36mo.p.ts4.utility.classes.BatchComponent  [0;39m [2m:[0;39m INACTIVE
[2m2025-02-05 05:01:50.008[0;39m [32m INFO[0;39m [35m29432[0;39m [2m---[0;39m [2m[   scheduling-1][0;39m [36mo.p.ts4.utility.classes.BatchComponent  [0;39m [2m:[0;39m INACTIVE
[2m2025-02-05 05:01:55.000[0;39m [32m INFO[0;39m [35m29432[0;39m [2m---[0;39m [2m[   scheduling-1][0;39m [36mo.p.ts4.utility.classes.BatchComponent  [0;39m [2m:[0;39m INACTIVE
[2m2025-02-05 05:02:00.009[0;39m [32m INFO[0;39m [35m29432[0;39m [2m---[0;39m [2m[   scheduling-1][0;39m [36mo.p.ts4.utility.classes.BatchComponent  [0;39m [2m:[0;39m INACTIVE
[2m2025-02-05 05:02:05.007[0;39m [32m INFO[0;39m [35m29432[0;39m [2m---[0;39m [2m[   scheduling-1][0;39m [36mo.p.ts4.utility.classes.BatchComponent  [0;39m [2m:[0;39m INACTIVE
[2m2025-02-05 05:02:10.007[0;39m [32m INFO[0;39m [35m29432[0;39m [2m---[0;39m [2m[   scheduling-1][0;39m [36mo.p.ts4.utility.classes.BatchComponent  [0;39m [2m:[0;39m INACTIVE
[2m2025-02-05 05:02:15.000[0;39m [32m INFO[0;39m [35m29432[0;39m [2m---[0;39m [2m[   scheduling-1][0;39m [36mo.p.ts4.utility.classes.BatchComponent  [0;39m [2m:[0;39m INACTIVE
[2m2025-02-05 05:02:20.008[0;39m [32m INFO[0;39m [35m29432[0;39m [2m---[0;39m [2m[   scheduling-1][0;39m [36mo.p.ts4.utility.classes.BatchComponent  [0;39m [2m:[0;39m INACTIVE
[2m2025-02-05 05:02:25.008[0;39m [32m INFO[0;39m [35m29432[0;39m [2m---[0;39m [2m[   scheduling-1][0;39m [36mo.p.ts4.utility.classes.BatchComponent  [0;39m [2m:[0;39m INACTIVE
[2m2025-02-05 05:02:30.004[0;39m [32m INFO[0;39m [35m29432[0;39m [2m---[0;39m [2m[   scheduling-1][0;39m [36mo.p.ts4.utility.classes.BatchComponent  [0;39m [2m:[0;39m INACTIVE
[2m2025-02-05 05:02:35.007[0;39m [32m INFO[0;39m [35m29432[0;39m [2m---[0;39m [2m[   scheduling-1][0;39m [36mo.p.ts4.utility.classes.BatchComponent  [0;39m [2m:[0;39m INACTIVE
[2m2025-02-05 05:02:40.008[0;39m [32m INFO[0;39m [35m29432[0;39m [2m---[0;39m [2m[   scheduling-1][0;39m [36mo.p.ts4.utility.classes.BatchComponent  [0;39m [2m:[0;39m INACTIVE
[2m2025-02-05 05:02:45.007[0;39m [32m INFO[0;39m [35m29432[0;39m [2m---[0;39m [2m[   scheduling-1][0;39m [36mo.p.ts4.utility.classes.BatchComponent  [0;39m [2m:[0;39m INACTIVE
[2m2025-02-05 05:02:50.008[0;39m [32m INFO[0;39m [35m29432[0;39m [2m---[0;39m [2m[   scheduling-1][0;39m [36mo.p.ts4.utility.classes.BatchComponent  [0;39m [2m:[0;39m INACTIVE
[2m2025-02-05 05:02:55.007[0;39m [32m INFO[0;39m [35m29432[0;39m [2m---[0;39m [2m[   scheduling-1][0;39m [36mo.p.ts4.utility.classes.BatchComponent  [0;39m [2m:[0;39m INACTIVE
[2m2025-02-05 05:03:00.001[0;39m [32m INFO[0;39m [35m29432[0;39m [2m---[0;39m [2m[   scheduling-1][0;39m [36mo.p.ts4.utility.classes.BatchComponent  [0;39m [2m:[0;39m INACTIVE
[2m2025-02-05 05:03:05.009[0;39m [32m INFO[0;39m [35m29432[0;39m [2m---[0;39m [2m[   scheduling-1][0;39m [36mo.p.ts4.utility.classes.BatchComponent  [0;39m [2m:[0;39m INACTIVE
[2m2025-02-05 05:03:10.000[0;39m [32m INFO[0;39m [35m29432[0;39m [2m---[0;39m [2m[   scheduling-1][0;39m [36mo.p.ts4.utility.classes.BatchComponent  [0;39m [2m:[0;39m INACTIVE
[2m2025-02-05 05:03:15.006[0;39m [32m INFO[0;39m [35m29432[0;39m [2m---[0;39m [2m[   scheduling-1][0;39m [36mo.p.ts4.utility.classes.BatchComponent  [0;39m [2m:[0;39m INACTIVE
[2m2025-02-05 05:03:20.000[0;39m [32m INFO[0;39m [35m29432[0;39m [2m---[0;39m [2m[   scheduling-1][0;39m [36mo.p.ts4.utility.classes.BatchComponent  [0;39m [2m:[0;39m INACTIVE
[2m2025-02-05 05:05:39.990[0;39m [32m INFO[0;39m [35m29432[0;39m [2m---[0;39m [2m[site-downloader][0;39m [36mo.a.k.c.c.internals.ConsumerCoordinator [0;39m [2m:[0;39m [Consumer clientId=consumer-ts4-website-downloader-1, groupId=ts4-website-downloader] Group coordinator localhost:9092 (id: 2147483646 rack: null) is unavailable or invalid due to cause: session timed out without receiving a heartbeat response. isDisconnected: false. Rediscovery will be attempted.
[2m2025-02-05 05:05:39.991[0;39m [32m INFO[0;39m [35m29432[0;39m [2m---[0;39m [2m[site-downloader][0;39m [36mo.a.k.c.c.internals.ConsumerCoordinator [0;39m [2m:[0;39m [Consumer clientId=consumer-ts4-website-downloader-1, groupId=ts4-website-downloader] Requesting disconnect from last known coordinator localhost:9092 (id: 2147483646 rack: null)
[2m2025-02-05 05:05:39.991[0;39m [32m INFO[0;39m [35m29432[0;39m [2m---[0;39m [2m[site-downloader][0;39m [36morg.apache.kafka.clients.NetworkClient  [0;39m [2m:[0;39m [Consumer clientId=consumer-ts4-website-downloader-1, groupId=ts4-website-downloader] Client requested disconnect from node 2147483646
[2m2025-02-05 05:05:39.998[0;39m [32m INFO[0;39m [35m29432[0;39m [2m---[0;39m [2m[ntainer#0-0-C-1][0;39m [36mo.a.k.c.c.internals.ConsumerCoordinator [0;39m [2m:[0;39m [Consumer clientId=consumer-ts4-website-downloader-1, groupId=ts4-website-downloader] Discovered group coordinator localhost:9092 (id: 2147483646 rack: null)
[2m2025-02-05 05:05:39.998[0;39m [32m INFO[0;39m [35m29432[0;39m [2m---[0;39m [2m[ntainer#0-0-C-1][0;39m [36mo.a.k.c.c.internals.ConsumerCoordinator [0;39m [2m:[0;39m [Consumer clientId=consumer-ts4-website-downloader-1, groupId=ts4-website-downloader] Group coordinator localhost:9092 (id: 2147483646 rack: null) is unavailable or invalid due to cause: coordinator unavailable. isDisconnected: false. Rediscovery will be attempted.
[2m2025-02-05 05:05:39.998[0;39m [32m INFO[0;39m [35m29432[0;39m [2m---[0;39m [2m[ntainer#0-0-C-1][0;39m [36mo.a.k.c.c.internals.ConsumerCoordinator [0;39m [2m:[0;39m [Consumer clientId=consumer-ts4-website-downloader-1, groupId=ts4-website-downloader] Requesting disconnect from last known coordinator localhost:9092 (id: 2147483646 rack: null)
[2m2025-02-05 05:05:40.096[0;39m [32m INFO[0;39m [35m29432[0;39m [2m---[0;39m [2m[ntainer#0-0-C-1][0;39m [36mo.a.k.c.c.internals.ConsumerCoordinator [0;39m [2m:[0;39m [Consumer clientId=consumer-ts4-website-downloader-1, groupId=ts4-website-downloader] Discovered group coordinator localhost:9092 (id: 2147483646 rack: null)
[2m2025-02-05 05:05:40.181[0;39m [32m INFO[0;39m [35m29432[0;39m [2m---[0;39m [2m[   scheduling-1][0;39m [36mo.p.ts4.utility.classes.BatchComponent  [0;39m [2m:[0;39m INACTIVE
[2m2025-02-05 05:05:45.001[0;39m [32m INFO[0;39m [35m29432[0;39m [2m---[0;39m [2m[   scheduling-1][0;39m [36mo.p.ts4.utility.classes.BatchComponent  [0;39m [2m:[0;39m INACTIVE
[2m2025-02-05 05:05:50.010[0;39m [32m INFO[0;39m [35m29432[0;39m [2m---[0;39m [2m[   scheduling-1][0;39m [36mo.p.ts4.utility.classes.BatchComponent  [0;39m [2m:[0;39m INACTIVE
[2m2025-02-05 05:05:55.010[0;39m [32m INFO[0;39m [35m29432[0;39m [2m---[0;39m [2m[   scheduling-1][0;39m [36mo.p.ts4.utility.classes.BatchComponent  [0;39m [2m:[0;39m INACTIVE
[2m2025-02-05 05:06:00.006[0;39m [32m INFO[0;39m [35m29432[0;39m [2m---[0;39m [2m[   scheduling-1][0;39m [36mo.p.ts4.utility.classes.BatchComponent  [0;39m [2m:[0;39m INACTIVE
[2m2025-02-05 05:06:05.001[0;39m [32m INFO[0;39m [35m29432[0;39m [2m---[0;39m [2m[   scheduling-1][0;39m [36mo.p.ts4.utility.classes.BatchComponent  [0;39m [2m:[0;39m INACTIVE
[2m2025-02-05 05:06:10.007[0;39m [32m INFO[0;39m [35m29432[0;39m [2m---[0;39m [2m[   scheduling-1][0;39m [36mo.p.ts4.utility.classes.BatchComponent  [0;39m [2m:[0;39m INACTIVE
[2m2025-02-05 05:06:15.007[0;39m [32m INFO[0;39m [35m29432[0;39m [2m---[0;39m [2m[   scheduling-1][0;39m [36mo.p.ts4.utility.classes.BatchComponent  [0;39m [2m:[0;39m INACTIVE
[2m2025-02-05 05:06:20.008[0;39m [32m INFO[0;39m [35m29432[0;39m [2m---[0;39m [2m[   scheduling-1][0;39m [36mo.p.ts4.utility.classes.BatchComponent  [0;39m [2m:[0;39m INACTIVE
[2m2025-02-05 05:06:25.014[0;39m [32m INFO[0;39m [35m29432[0;39m [2m---[0;39m [2m[   scheduling-1][0;39m [36mo.p.ts4.utility.classes.BatchComponent  [0;39m [2m:[0;39m INACTIVE
[2m2025-02-05 05:23:42.121[0;39m [32m INFO[0;39m [35m29432[0;39m [2m---[0;39m [2m[site-downloader][0;39m [36mo.a.k.c.c.internals.ConsumerCoordinator [0;39m [2m:[0;39m [Consumer clientId=consumer-ts4-website-downloader-1, groupId=ts4-website-downloader] Group coordinator localhost:9092 (id: 2147483646 rack: null) is unavailable or invalid due to cause: session timed out without receiving a heartbeat response. isDisconnected: false. Rediscovery will be attempted.
[2m2025-02-05 05:23:42.122[0;39m [32m INFO[0;39m [35m29432[0;39m [2m---[0;39m [2m[site-downloader][0;39m [36mo.a.k.c.c.internals.ConsumerCoordinator [0;39m [2m:[0;39m [Consumer clientId=consumer-ts4-website-downloader-1, groupId=ts4-website-downloader] Requesting disconnect from last known coordinator localhost:9092 (id: 2147483646 rack: null)
[2m2025-02-05 05:23:42.122[0;39m [32m INFO[0;39m [35m29432[0;39m [2m---[0;39m [2m[site-downloader][0;39m [36morg.apache.kafka.clients.NetworkClient  [0;39m [2m:[0;39m [Consumer clientId=consumer-ts4-website-downloader-1, groupId=ts4-website-downloader] Client requested disconnect from node 2147483646
[2m2025-02-05 05:23:42.140[0;39m [32m INFO[0;39m [35m29432[0;39m [2m---[0;39m [2m[ntainer#0-0-C-1][0;39m [36mo.a.k.c.c.internals.ConsumerCoordinator [0;39m [2m:[0;39m [Consumer clientId=consumer-ts4-website-downloader-1, groupId=ts4-website-downloader] Discovered group coordinator localhost:9092 (id: 2147483646 rack: null)
[2m2025-02-05 05:23:42.140[0;39m [32m INFO[0;39m [35m29432[0;39m [2m---[0;39m [2m[ntainer#0-0-C-1][0;39m [36mo.a.k.c.c.internals.ConsumerCoordinator [0;39m [2m:[0;39m [Consumer clientId=consumer-ts4-website-downloader-1, groupId=ts4-website-downloader] Group coordinator localhost:9092 (id: 2147483646 rack: null) is unavailable or invalid due to cause: coordinator unavailable. isDisconnected: false. Rediscovery will be attempted.
[2m2025-02-05 05:23:42.140[0;39m [32m INFO[0;39m [35m29432[0;39m [2m---[0;39m [2m[ntainer#0-0-C-1][0;39m [36mo.a.k.c.c.internals.ConsumerCoordinator [0;39m [2m:[0;39m [Consumer clientId=consumer-ts4-website-downloader-1, groupId=ts4-website-downloader] Requesting disconnect from last known coordinator localhost:9092 (id: 2147483646 rack: null)
[2m2025-02-05 05:23:42.246[0;39m [32m INFO[0;39m [35m29432[0;39m [2m---[0;39m [2m[ntainer#0-0-C-1][0;39m [36mo.a.k.c.c.internals.ConsumerCoordinator [0;39m [2m:[0;39m [Consumer clientId=consumer-ts4-website-downloader-1, groupId=ts4-website-downloader] Discovered group coordinator localhost:9092 (id: 2147483646 rack: null)
[2m2025-02-05 05:23:45.010[0;39m [32m INFO[0;39m [35m29432[0;39m [2m---[0;39m [2m[   scheduling-1][0;39m [36mo.p.ts4.utility.classes.BatchComponent  [0;39m [2m:[0;39m INACTIVE
[2m2025-02-05 05:23:50.000[0;39m [32m INFO[0;39m [35m29432[0;39m [2m---[0;39m [2m[   scheduling-1][0;39m [36mo.p.ts4.utility.classes.BatchComponent  [0;39m [2m:[0;39m INACTIVE
[2m2025-02-05 05:23:55.005[0;39m [32m INFO[0;39m [35m29432[0;39m [2m---[0;39m [2m[   scheduling-1][0;39m [36mo.p.ts4.utility.classes.BatchComponent  [0;39m [2m:[0;39m INACTIVE
[2m2025-02-05 05:24:00.001[0;39m [32m INFO[0;39m [35m29432[0;39m [2m---[0;39m [2m[   scheduling-1][0;39m [36mo.p.ts4.utility.classes.BatchComponent  [0;39m [2m:[0;39m INACTIVE
[2m2025-02-05 05:24:05.008[0;39m [32m INFO[0;39m [35m29432[0;39m [2m---[0;39m [2m[   scheduling-1][0;39m [36mo.p.ts4.utility.classes.BatchComponent  [0;39m [2m:[0;39m INACTIVE
[2m2025-02-05 05:24:10.005[0;39m [32m INFO[0;39m [35m29432[0;39m [2m---[0;39m [2m[   scheduling-1][0;39m [36mo.p.ts4.utility.classes.BatchComponent  [0;39m [2m:[0;39m INACTIVE
[2m2025-02-05 05:24:15.003[0;39m [32m INFO[0;39m [35m29432[0;39m [2m---[0;39m [2m[   scheduling-1][0;39m [36mo.p.ts4.utility.classes.BatchComponent  [0;39m [2m:[0;39m INACTIVE
[2m2025-02-05 05:24:20.009[0;39m [32m INFO[0;39m [35m29432[0;39m [2m---[0;39m [2m[   scheduling-1][0;39m [36mo.p.ts4.utility.classes.BatchComponent  [0;39m [2m:[0;39m INACTIVE
[2m2025-02-05 05:24:25.006[0;39m [32m INFO[0;39m [35m29432[0;39m [2m---[0;39m [2m[   scheduling-1][0;39m [36mo.p.ts4.utility.classes.BatchComponent  [0;39m [2m:[0;39m INACTIVE
[2m2025-02-05 05:40:52.966[0;39m [32m INFO[0;39m [35m29432[0;39m [2m---[0;39m [2m[site-downloader][0;39m [36mo.a.k.c.c.internals.ConsumerCoordinator [0;39m [2m:[0;39m [Consumer clientId=consumer-ts4-website-downloader-1, groupId=ts4-website-downloader] Group coordinator localhost:9092 (id: 2147483646 rack: null) is unavailable or invalid due to cause: session timed out without receiving a heartbeat response. isDisconnected: false. Rediscovery will be attempted.
[2m2025-02-05 05:40:52.966[0;39m [32m INFO[0;39m [35m29432[0;39m [2m---[0;39m [2m[site-downloader][0;39m [36mo.a.k.c.c.internals.ConsumerCoordinator [0;39m [2m:[0;39m [Consumer clientId=consumer-ts4-website-downloader-1, groupId=ts4-website-downloader] Requesting disconnect from last known coordinator localhost:9092 (id: 2147483646 rack: null)
[2m2025-02-05 05:40:52.967[0;39m [32m INFO[0;39m [35m29432[0;39m [2m---[0;39m [2m[site-downloader][0;39m [36morg.apache.kafka.clients.NetworkClient  [0;39m [2m:[0;39m [Consumer clientId=consumer-ts4-website-downloader-1, groupId=ts4-website-downloader] Client requested disconnect from node 2147483646
[2m2025-02-05 05:40:52.983[0;39m [32m INFO[0;39m [35m29432[0;39m [2m---[0;39m [2m[ntainer#0-0-C-1][0;39m [36mo.a.k.c.c.internals.ConsumerCoordinator [0;39m [2m:[0;39m [Consumer clientId=consumer-ts4-website-downloader-1, groupId=ts4-website-downloader] Discovered group coordinator localhost:9092 (id: 2147483646 rack: null)
[2m2025-02-05 05:40:52.983[0;39m [32m INFO[0;39m [35m29432[0;39m [2m---[0;39m [2m[ntainer#0-0-C-1][0;39m [36mo.a.k.c.c.internals.ConsumerCoordinator [0;39m [2m:[0;39m [Consumer clientId=consumer-ts4-website-downloader-1, groupId=ts4-website-downloader] Group coordinator localhost:9092 (id: 2147483646 rack: null) is unavailable or invalid due to cause: coordinator unavailable. isDisconnected: false. Rediscovery will be attempted.
[2m2025-02-05 05:40:52.983[0;39m [32m INFO[0;39m [35m29432[0;39m [2m---[0;39m [2m[ntainer#0-0-C-1][0;39m [36mo.a.k.c.c.internals.ConsumerCoordinator [0;39m [2m:[0;39m [Consumer clientId=consumer-ts4-website-downloader-1, groupId=ts4-website-downloader] Requesting disconnect from last known coordinator localhost:9092 (id: 2147483646 rack: null)
[2m2025-02-05 05:40:53.089[0;39m [32m INFO[0;39m [35m29432[0;39m [2m---[0;39m [2m[ntainer#0-0-C-1][0;39m [36mo.a.k.c.c.internals.ConsumerCoordinator [0;39m [2m:[0;39m [Consumer clientId=consumer-ts4-website-downloader-1, groupId=ts4-website-downloader] Discovered group coordinator localhost:9092 (id: 2147483646 rack: null)
[2m2025-02-05 05:40:53.730[0;39m [32m INFO[0;39m [35m29432[0;39m [2m---[0;39m [2m[   scheduling-1][0;39m [36mo.p.ts4.utility.classes.BatchComponent  [0;39m [2m:[0;39m INACTIVE
[2m2025-02-05 05:40:55.008[0;39m [32m INFO[0;39m [35m29432[0;39m [2m---[0;39m [2m[   scheduling-1][0;39m [36mo.p.ts4.utility.classes.BatchComponent  [0;39m [2m:[0;39m INACTIVE
[2m2025-02-05 05:41:00.006[0;39m [32m INFO[0;39m [35m29432[0;39m [2m---[0;39m [2m[   scheduling-1][0;39m [36mo.p.ts4.utility.classes.BatchComponent  [0;39m [2m:[0;39m INACTIVE
[2m2025-02-05 05:41:05.007[0;39m [32m INFO[0;39m [35m29432[0;39m [2m---[0;39m [2m[   scheduling-1][0;39m [36mo.p.ts4.utility.classes.BatchComponent  [0;39m [2m:[0;39m INACTIVE
[2m2025-02-05 05:41:10.009[0;39m [32m INFO[0;39m [35m29432[0;39m [2m---[0;39m [2m[   scheduling-1][0;39m [36mo.p.ts4.utility.classes.BatchComponent  [0;39m [2m:[0;39m INACTIVE
[2m2025-02-05 05:41:15.004[0;39m [32m INFO[0;39m [35m29432[0;39m [2m---[0;39m [2m[   scheduling-1][0;39m [36mo.p.ts4.utility.classes.BatchComponent  [0;39m [2m:[0;39m INACTIVE
[2m2025-02-05 05:41:20.009[0;39m [32m INFO[0;39m [35m29432[0;39m [2m---[0;39m [2m[   scheduling-1][0;39m [36mo.p.ts4.utility.classes.BatchComponent  [0;39m [2m:[0;39m INACTIVE
[2m2025-02-05 05:41:25.010[0;39m [32m INFO[0;39m [35m29432[0;39m [2m---[0;39m [2m[   scheduling-1][0;39m [36mo.p.ts4.utility.classes.BatchComponent  [0;39m [2m:[0;39m INACTIVE
[2m2025-02-05 05:41:30.007[0;39m [32m INFO[0;39m [35m29432[0;39m [2m---[0;39m [2m[   scheduling-1][0;39m [36mo.p.ts4.utility.classes.BatchComponent  [0;39m [2m:[0;39m INACTIVE
[2m2025-02-05 05:41:35.004[0;39m [32m INFO[0;39m [35m29432[0;39m [2m---[0;39m [2m[   scheduling-1][0;39m [36mo.p.ts4.utility.classes.BatchComponent  [0;39m [2m:[0;39m INACTIVE
[2m2025-02-05 05:41:40.009[0;39m [32m INFO[0;39m [35m29432[0;39m [2m---[0;39m [2m[   scheduling-1][0;39m [36mo.p.ts4.utility.classes.BatchComponent  [0;39m [2m:[0;39m INACTIVE
[2m2025-02-05 05:41:45.009[0;39m [32m INFO[0;39m [35m29432[0;39m [2m---[0;39m [2m[   scheduling-1][0;39m [36mo.p.ts4.utility.classes.BatchComponent  [0;39m [2m:[0;39m INACTIVE
[2m2025-02-05 05:41:50.008[0;39m [32m INFO[0;39m [35m29432[0;39m [2m---[0;39m [2m[   scheduling-1][0;39m [36mo.p.ts4.utility.classes.BatchComponent  [0;39m [2m:[0;39m INACTIVE
[2m2025-02-05 05:41:55.008[0;39m [32m INFO[0;39m [35m29432[0;39m [2m---[0;39m [2m[   scheduling-1][0;39m [36mo.p.ts4.utility.classes.BatchComponent  [0;39m [2m:[0;39m INACTIVE
[2m2025-02-05 05:42:00.010[0;39m [32m INFO[0;39m [35m29432[0;39m [2m---[0;39m [2m[   scheduling-1][0;39m [36mo.p.ts4.utility.classes.BatchComponent  [0;39m [2m:[0;39m INACTIVE
[2m2025-02-05 05:42:05.007[0;39m [32m INFO[0;39m [35m29432[0;39m [2m---[0;39m [2m[   scheduling-1][0;39m [36mo.p.ts4.utility.classes.BatchComponent  [0;39m [2m:[0;39m INACTIVE
[2m2025-02-05 05:42:10.010[0;39m [32m INFO[0;39m [35m29432[0;39m [2m---[0;39m [2m[   scheduling-1][0;39m [36mo.p.ts4.utility.classes.BatchComponent  [0;39m [2m:[0;39m INACTIVE
[2m2025-02-05 05:42:15.003[0;39m [32m INFO[0;39m [35m29432[0;39m [2m---[0;39m [2m[   scheduling-1][0;39m [36mo.p.ts4.utility.classes.BatchComponent  [0;39m [2m:[0;39m INACTIVE
[2m2025-02-05 05:42:20.009[0;39m [32m INFO[0;39m [35m29432[0;39m [2m---[0;39m [2m[   scheduling-1][0;39m [36mo.p.ts4.utility.classes.BatchComponent  [0;39m [2m:[0;39m INACTIVE
[2m2025-02-05 05:42:25.010[0;39m [32m INFO[0;39m [35m29432[0;39m [2m---[0;39m [2m[   scheduling-1][0;39m [36mo.p.ts4.utility.classes.BatchComponent  [0;39m [2m:[0;39m INACTIVE
[2m2025-02-05 05:42:30.010[0;39m [32m INFO[0;39m [35m29432[0;39m [2m---[0;39m [2m[   scheduling-1][0;39m [36mo.p.ts4.utility.classes.BatchComponent  [0;39m [2m:[0;39m INACTIVE
[2m2025-02-05 05:42:35.005[0;39m [32m INFO[0;39m [35m29432[0;39m [2m---[0;39m [2m[   scheduling-1][0;39m [36mo.p.ts4.utility.classes.BatchComponent  [0;39m [2m:[0;39m INACTIVE
[2m2025-02-05 05:42:40.008[0;39m [32m INFO[0;39m [35m29432[0;39m [2m---[0;39m [2m[   scheduling-1][0;39m [36mo.p.ts4.utility.classes.BatchComponent  [0;39m [2m:[0;39m INACTIVE
[2m2025-02-05 05:42:45.007[0;39m [32m INFO[0;39m [35m29432[0;39m [2m---[0;39m [2m[   scheduling-1][0;39m [36mo.p.ts4.utility.classes.BatchComponent  [0;39m [2m:[0;39m INACTIVE
[2m2025-02-05 05:42:50.010[0;39m [32m INFO[0;39m [35m29432[0;39m [2m---[0;39m [2m[   scheduling-1][0;39m [36mo.p.ts4.utility.classes.BatchComponent  [0;39m [2m:[0;39m INACTIVE
[2m2025-02-05 05:42:55.009[0;39m [32m INFO[0;39m [35m29432[0;39m [2m---[0;39m [2m[   scheduling-1][0;39m [36mo.p.ts4.utility.classes.BatchComponent  [0;39m [2m:[0;39m INACTIVE
[2m2025-02-05 05:43:00.001[0;39m [32m INFO[0;39m [35m29432[0;39m [2m---[0;39m [2m[   scheduling-1][0;39m [36mo.p.ts4.utility.classes.BatchComponent  [0;39m [2m:[0;39m INACTIVE
[2m2025-02-05 05:43:05.007[0;39m [32m INFO[0;39m [35m29432[0;39m [2m---[0;39m [2m[   scheduling-1][0;39m [36mo.p.ts4.utility.classes.BatchComponent  [0;39m [2m:[0;39m INACTIVE
[2m2025-02-05 05:43:10.004[0;39m [32m INFO[0;39m [35m29432[0;39m [2m---[0;39m [2m[   scheduling-1][0;39m [36mo.p.ts4.utility.classes.BatchComponent  [0;39m [2m:[0;39m INACTIVE
[2m2025-02-05 05:43:15.005[0;39m [32m INFO[0;39m [35m29432[0;39m [2m---[0;39m [2m[   scheduling-1][0;39m [36mo.p.ts4.utility.classes.BatchComponent  [0;39m [2m:[0;39m INACTIVE
[2m2025-02-05 05:43:20.009[0;39m [32m INFO[0;39m [35m29432[0;39m [2m---[0;39m [2m[   scheduling-1][0;39m [36mo.p.ts4.utility.classes.BatchComponent  [0;39m [2m:[0;39m INACTIVE
[2m2025-02-05 05:43:25.008[0;39m [32m INFO[0;39m [35m29432[0;39m [2m---[0;39m [2m[   scheduling-1][0;39m [36mo.p.ts4.utility.classes.BatchComponent  [0;39m [2m:[0;39m INACTIVE
[2m2025-02-05 05:43:30.004[0;39m [32m INFO[0;39m [35m29432[0;39m [2m---[0;39m [2m[   scheduling-1][0;39m [36mo.p.ts4.utility.classes.BatchComponent  [0;39m [2m:[0;39m INACTIVE
[2m2025-02-05 05:43:35.009[0;39m [32m INFO[0;39m [35m29432[0;39m [2m---[0;39m [2m[   scheduling-1][0;39m [36mo.p.ts4.utility.classes.BatchComponent  [0;39m [2m:[0;39m INACTIVE
[2m2025-02-05 05:43:40.010[0;39m [32m INFO[0;39m [35m29432[0;39m [2m---[0;39m [2m[   scheduling-1][0;39m [36mo.p.ts4.utility.classes.BatchComponent  [0;39m [2m:[0;39m INACTIVE
[2m2025-02-05 05:43:45.003[0;39m [32m INFO[0;39m [35m29432[0;39m [2m---[0;39m [2m[   scheduling-1][0;39m [36mo.p.ts4.utility.classes.BatchComponent  [0;39m [2m:[0;39m INACTIVE
[2m2025-02-05 05:43:50.004[0;39m [32m INFO[0;39m [35m29432[0;39m [2m---[0;39m [2m[   scheduling-1][0;39m [36mo.p.ts4.utility.classes.BatchComponent  [0;39m [2m:[0;39m INACTIVE
[2m2025-02-05 05:43:55.001[0;39m [32m INFO[0;39m [35m29432[0;39m [2m---[0;39m [2m[   scheduling-1][0;39m [36mo.p.ts4.utility.classes.BatchComponent  [0;39m [2m:[0;39m INACTIVE
[2m2025-02-05 05:44:00.004[0;39m [32m INFO[0;39m [35m29432[0;39m [2m---[0;39m [2m[   scheduling-1][0;39m [36mo.p.ts4.utility.classes.BatchComponent  [0;39m [2m:[0;39m INACTIVE
[2m2025-02-05 05:44:05.004[0;39m [32m INFO[0;39m [35m29432[0;39m [2m---[0;39m [2m[   scheduling-1][0;39m [36mo.p.ts4.utility.classes.BatchComponent  [0;39m [2m:[0;39m INACTIVE
[2m2025-02-05 05:44:10.002[0;39m [32m INFO[0;39m [35m29432[0;39m [2m---[0;39m [2m[   scheduling-1][0;39m [36mo.p.ts4.utility.classes.BatchComponent  [0;39m [2m:[0;39m INACTIVE
[2m2025-02-05 05:44:15.000[0;39m [32m INFO[0;39m [35m29432[0;39m [2m---[0;39m [2m[   scheduling-1][0;39m [36mo.p.ts4.utility.classes.BatchComponent  [0;39m [2m:[0;39m INACTIVE
[2m2025-02-05 05:44:20.005[0;39m [32m INFO[0;39m [35m29432[0;39m [2m---[0;39m [2m[   scheduling-1][0;39m [36mo.p.ts4.utility.classes.BatchComponent  [0;39m [2m:[0;39m INACTIVE
[2m2025-02-05 05:44:25.009[0;39m [32m INFO[0;39m [35m29432[0;39m [2m---[0;39m [2m[   scheduling-1][0;39m [36mo.p.ts4.utility.classes.BatchComponent  [0;39m [2m:[0;39m INACTIVE
[2m2025-02-05 05:44:30.010[0;39m [32m INFO[0;39m [35m29432[0;39m [2m---[0;39m [2m[   scheduling-1][0;39m [36mo.p.ts4.utility.classes.BatchComponent  [0;39m [2m:[0;39m INACTIVE
[2m2025-02-05 05:44:35.010[0;39m [32m INFO[0;39m [35m29432[0;39m [2m---[0;39m [2m[   scheduling-1][0;39m [36mo.p.ts4.utility.classes.BatchComponent  [0;39m [2m:[0;39m INACTIVE
[2m2025-02-05 05:44:40.008[0;39m [32m INFO[0;39m [35m29432[0;39m [2m---[0;39m [2m[   scheduling-1][0;39m [36mo.p.ts4.utility.classes.BatchComponent  [0;39m [2m:[0;39m INACTIVE
[2m2025-02-05 05:44:45.009[0;39m [32m INFO[0;39m [35m29432[0;39m [2m---[0;39m [2m[   scheduling-1][0;39m [36mo.p.ts4.utility.classes.BatchComponent  [0;39m [2m:[0;39m INACTIVE
[2m2025-02-05 05:44:50.010[0;39m [32m INFO[0;39m [35m29432[0;39m [2m---[0;39m [2m[   scheduling-1][0;39m [36mo.p.ts4.utility.classes.BatchComponent  [0;39m [2m:[0;39m INACTIVE
[2m2025-02-05 05:44:55.010[0;39m [32m INFO[0;39m [35m29432[0;39m [2m---[0;39m [2m[   scheduling-1][0;39m [36mo.p.ts4.utility.classes.BatchComponent  [0;39m [2m:[0;39m INACTIVE
[2m2025-02-05 05:45:00.009[0;39m [32m INFO[0;39m [35m29432[0;39m [2m---[0;39m [2m[   scheduling-1][0;39m [36mo.p.ts4.utility.classes.BatchComponent  [0;39m [2m:[0;39m INACTIVE
[2m2025-02-05 05:45:05.006[0;39m [32m INFO[0;39m [35m29432[0;39m [2m---[0;39m [2m[   scheduling-1][0;39m [36mo.p.ts4.utility.classes.BatchComponent  [0;39m [2m:[0;39m INACTIVE
[2m2025-02-05 05:45:10.008[0;39m [32m INFO[0;39m [35m29432[0;39m [2m---[0;39m [2m[   scheduling-1][0;39m [36mo.p.ts4.utility.classes.BatchComponent  [0;39m [2m:[0;39m INACTIVE
[2m2025-02-05 05:45:15.006[0;39m [32m INFO[0;39m [35m29432[0;39m [2m---[0;39m [2m[   scheduling-1][0;39m [36mo.p.ts4.utility.classes.BatchComponent  [0;39m [2m:[0;39m INACTIVE
[2m2025-02-05 05:45:20.006[0;39m [32m INFO[0;39m [35m29432[0;39m [2m---[0;39m [2m[   scheduling-1][0;39m [36mo.p.ts4.utility.classes.BatchComponent  [0;39m [2m:[0;39m INACTIVE
[2m2025-02-05 05:45:25.003[0;39m [32m INFO[0;39m [35m29432[0;39m [2m---[0;39m [2m[   scheduling-1][0;39m [36mo.p.ts4.utility.classes.BatchComponent  [0;39m [2m:[0;39m INACTIVE
[2m2025-02-05 05:45:30.009[0;39m [32m INFO[0;39m [35m29432[0;39m [2m---[0;39m [2m[   scheduling-1][0;39m [36mo.p.ts4.utility.classes.BatchComponent  [0;39m [2m:[0;39m INACTIVE
[2m2025-02-05 05:45:35.001[0;39m [32m INFO[0;39m [35m29432[0;39m [2m---[0;39m [2m[   scheduling-1][0;39m [36mo.p.ts4.utility.classes.BatchComponent  [0;39m [2m:[0;39m INACTIVE
[2m2025-02-05 05:45:40.003[0;39m [32m INFO[0;39m [35m29432[0;39m [2m---[0;39m [2m[   scheduling-1][0;39m [36mo.p.ts4.utility.classes.BatchComponent  [0;39m [2m:[0;39m INACTIVE
[2m2025-02-05 05:45:45.009[0;39m [32m INFO[0;39m [35m29432[0;39m [2m---[0;39m [2m[   scheduling-1][0;39m [36mo.p.ts4.utility.classes.BatchComponent  [0;39m [2m:[0;39m INACTIVE
[2m2025-02-05 05:45:50.009[0;39m [32m INFO[0;39m [35m29432[0;39m [2m---[0;39m [2m[   scheduling-1][0;39m [36mo.p.ts4.utility.classes.BatchComponent  [0;39m [2m:[0;39m INACTIVE
[2m2025-02-05 05:45:55.003[0;39m [32m INFO[0;39m [35m29432[0;39m [2m---[0;39m [2m[   scheduling-1][0;39m [36mo.p.ts4.utility.classes.BatchComponent  [0;39m [2m:[0;39m INACTIVE
[2m2025-02-05 05:46:00.004[0;39m [32m INFO[0;39m [35m29432[0;39m [2m---[0;39m [2m[   scheduling-1][0;39m [36mo.p.ts4.utility.classes.BatchComponent  [0;39m [2m:[0;39m INACTIVE
[2m2025-02-05 05:46:05.009[0;39m [32m INFO[0;39m [35m29432[0;39m [2m---[0;39m [2m[   scheduling-1][0;39m [36mo.p.ts4.utility.classes.BatchComponent  [0;39m [2m:[0;39m INACTIVE
[2m2025-02-05 05:46:10.008[0;39m [32m INFO[0;39m [35m29432[0;39m [2m---[0;39m [2m[   scheduling-1][0;39m [36mo.p.ts4.utility.classes.BatchComponent  [0;39m [2m:[0;39m INACTIVE
[2m2025-02-05 05:46:15.006[0;39m [32m INFO[0;39m [35m29432[0;39m [2m---[0;39m [2m[   scheduling-1][0;39m [36mo.p.ts4.utility.classes.BatchComponent  [0;39m [2m:[0;39m INACTIVE
[2m2025-02-05 05:46:20.008[0;39m [32m INFO[0;39m [35m29432[0;39m [2m---[0;39m [2m[   scheduling-1][0;39m [36mo.p.ts4.utility.classes.BatchComponent  [0;39m [2m:[0;39m INACTIVE
[2m2025-02-05 05:46:25.009[0;39m [32m INFO[0;39m [35m29432[0;39m [2m---[0;39m [2m[   scheduling-1][0;39m [36mo.p.ts4.utility.classes.BatchComponent  [0;39m [2m:[0;39m INACTIVE
[2m2025-02-05 05:46:30.000[0;39m [32m INFO[0;39m [35m29432[0;39m [2m---[0;39m [2m[   scheduling-1][0;39m [36mo.p.ts4.utility.classes.BatchComponent  [0;39m [2m:[0;39m INACTIVE
[2m2025-02-05 05:46:35.000[0;39m [32m INFO[0;39m [35m29432[0;39m [2m---[0;39m [2m[   scheduling-1][0;39m [36mo.p.ts4.utility.classes.BatchComponent  [0;39m [2m:[0;39m INACTIVE
[2m2025-02-05 05:46:40.009[0;39m [32m INFO[0;39m [35m29432[0;39m [2m---[0;39m [2m[   scheduling-1][0;39m [36mo.p.ts4.utility.classes.BatchComponent  [0;39m [2m:[0;39m INACTIVE
[2m2025-02-05 05:46:45.002[0;39m [32m INFO[0;39m [35m29432[0;39m [2m---[0;39m [2m[   scheduling-1][0;39m [36mo.p.ts4.utility.classes.BatchComponent  [0;39m [2m:[0;39m INACTIVE
[2m2025-02-05 05:46:50.009[0;39m [32m INFO[0;39m [35m29432[0;39m [2m---[0;39m [2m[   scheduling-1][0;39m [36mo.p.ts4.utility.classes.BatchComponent  [0;39m [2m:[0;39m INACTIVE
[2m2025-02-05 05:46:55.009[0;39m [32m INFO[0;39m [35m29432[0;39m [2m---[0;39m [2m[   scheduling-1][0;39m [36mo.p.ts4.utility.classes.BatchComponent  [0;39m [2m:[0;39m INACTIVE
[2m2025-02-05 05:47:00.008[0;39m [32m INFO[0;39m [35m29432[0;39m [2m---[0;39m [2m[   scheduling-1][0;39m [36mo.p.ts4.utility.classes.BatchComponent  [0;39m [2m:[0;39m INACTIVE
[2m2025-02-05 05:47:05.004[0;39m [32m INFO[0;39m [35m29432[0;39m [2m---[0;39m [2m[   scheduling-1][0;39m [36mo.p.ts4.utility.classes.BatchComponent  [0;39m [2m:[0;39m INACTIVE
[2m2025-02-05 05:47:10.000[0;39m [32m INFO[0;39m [35m29432[0;39m [2m---[0;39m [2m[   scheduling-1][0;39m [36mo.p.ts4.utility.classes.BatchComponent  [0;39m [2m:[0;39m INACTIVE
