2025-01-12T01:25:25.714-05:00  INFO 13223 --- [TS4Downloader] [main] t.h.T.Ts4DownloaderApplication           : Starting Ts4DownloaderApplication using Java 23.0.1 with PID 13223 (/Users/asiaserrano/repos/ts4Helper/TS4Downloader/target/classes started by asiaserrano in /Users/asiaserrano/repos/ts4Helper/TS4Downloader)
2025-01-12T01:25:25.716-05:00  INFO 13223 --- [TS4Downloader] [main] t.h.T.Ts4DownloaderApplication           : The following 1 profile is active: "local"
2025-01-12T01:25:26.066-05:00  INFO 13223 --- [TS4Downloader] [main] o.s.b.w.embedded.tomcat.TomcatWebServer  : Tomcat initialized with port 9080 (http)
2025-01-12T01:25:26.070-05:00  INFO 13223 --- [TS4Downloader] [main] o.apache.catalina.core.StandardService   : Starting service [Tomcat]
2025-01-12T01:25:26.070-05:00  INFO 13223 --- [TS4Downloader] [main] o.apache.catalina.core.StandardEngine    : Starting Servlet engine: [Apache Tomcat/10.1.34]
2025-01-12T01:25:26.083-05:00  INFO 13223 --- [TS4Downloader] [main] o.a.c.c.C.[Tomcat].[localhost].[/]       : Initializing Spring embedded WebApplicationContext
2025-01-12T01:25:26.083-05:00  INFO 13223 --- [TS4Downloader] [main] w.s.c.ServletWebServerApplicationContext : Root WebApplicationContext: initialization completed in 350 ms
2025-01-12T01:25:26.228-05:00  WARN 13223 --- [TS4Downloader] [main] .s.s.UserDetailsServiceAutoConfiguration : 

Using generated security password: 7f4b2496-a8d4-4659-b144-f2f5d5417ccb

This generated password is for development use only. Your security configuration must be updated before running your application in production.

2025-01-12T01:25:26.232-05:00  INFO 13223 --- [TS4Downloader] [main] r$InitializeUserDetailsManagerConfigurer : Global AuthenticationManager configured with UserDetailsService bean with name inMemoryUserDetailsManager
2025-01-12T01:25:26.428-05:00  INFO 13223 --- [TS4Downloader] [main] o.s.b.w.embedded.tomcat.TomcatWebServer  : Tomcat started on port 9080 (http) with context path '/'
2025-01-12T01:25:26.431-05:00  INFO 13223 --- [TS4Downloader] [main] t.h.T.Ts4DownloaderApplication           : Started Ts4DownloaderApplication in 0.858 seconds (process running for 1.185)
2025-01-12T01:25:33.003-05:00  INFO 13223 --- [TS4Downloader] [http-nio-9080-exec-1] o.a.c.c.C.[Tomcat].[localhost].[/]       : Initializing Spring DispatcherServlet 'dispatcherServlet'
2025-01-12T01:25:33.004-05:00  INFO 13223 --- [TS4Downloader] [http-nio-9080-exec-1] o.s.web.servlet.DispatcherServlet        : Initializing Servlet 'dispatcherServlet'
2025-01-12T01:25:33.006-05:00  INFO 13223 --- [TS4Downloader] [http-nio-9080-exec-1] o.s.web.servlet.DispatcherServlet        : Completed initialization in 2 ms
2025-01-12T01:25:33.034-05:00  INFO 13223 --- [TS4Downloader] [http-nio-9080-exec-1] t.h.TS4Downloader.utilities.FileUtility  : existing folder for /Users/asiaserrano/ChromeDownloads
2025-01-12T01:25:33.610-05:00  INFO 13223 --- [TS4Downloader] [http-nio-9080-exec-1] t.h.TS4Downloader.utilities.FileUtility  : folder created for /Users/asiaserrano/ChromeDownloads/la-medusa-plataform-sandals-sims4
2025-01-12T01:25:34.671-05:00  INFO 13223 --- [TS4Downloader] [http-nio-9080-exec-1] t.h.TS4Downloader.utilities.URLUtility   : downloaded url https://click.simsfinds.com/download?flid=173321671320709&pass=2307102333&version=1733216713&key=9e4a77dd0c64425f1da52a38303d83e3&cid=316599 to /Users/asiaserrano/ChromeDownloads/la-medusa-plataform-sandals-sims4/la-medusa-plataform-sandals-sims4.package
2025-01-12T01:25:35.639-05:00  INFO 13223 --- [TS4Downloader] [http-nio-9080-exec-1] t.h.TS4Downloader.utilities.FileUtility  : folder created for /Users/asiaserrano/ChromeDownloads/GoldFish Spring Breath dress
2025-01-12T01:25:37.327-05:00  INFO 13223 --- [TS4Downloader] [http-nio-9080-exec-1] t.h.TS4Downloader.utilities.URLUtility   : downloaded url https://www.curseforge.com/api/v1/mods/1008775/files/6029686/download to /Users/asiaserrano/ChromeDownloads/GoldFish Spring Breath dress/GoldFish Spring Breath dress.zip
2025-01-12T01:25:37.328-05:00  INFO 13223 --- [TS4Downloader] [http-nio-9080-exec-1] t.h.T.utilities.UnzipUtility             : unzipping zip file: /Users/asiaserrano/ChromeDownloads/GoldFish Spring Breath dress/GoldFish Spring Breath dress.zip
2025-01-12T01:25:37.329-05:00  INFO 13223 --- [TS4Downloader] [http-nio-9080-exec-1] t.h.TS4Downloader.utilities.FileUtility  : folder created for /Users/asiaserrano/ChromeDownloads/GoldFish Spring Breath dress/GoldFish Spring Breath dress
2025-01-12T01:25:37.889-05:00  INFO 13223 --- [TS4Downloader] [http-nio-9080-exec-1] t.h.TS4Downloader.utilities.FileUtility  : folder created for /Users/asiaserrano/ChromeDownloads/SxV Year of the Rabbit - 11 items
2025-01-12T01:25:38.226-05:00  INFO 13223 --- [TS4Downloader] [http-nio-9080-exec-1] t.h.TS4Downloader.utilities.URLUtility   : downloaded url https://c10.patreonusercontent.com/4/patreon-media/p/post/75418958/f797399d91834b15847e748ca2ce5b49/eyJhIjoxLCJwIjoxfQ%3D%3D/1.package?token-time=1736812800&token-hash=aaueUsXioFVtnFYVcXKXUelspXvCDEUDwDtow_Euv2M%3D to /Users/asiaserrano/ChromeDownloads/SxV Year of the Rabbit - 11 items/serenity_FelicityEarrings.package
2025-01-12T01:25:38.889-05:00  INFO 13223 --- [TS4Downloader] [http-nio-9080-exec-1] t.h.TS4Downloader.utilities.URLUtility   : downloaded url https://c10.patreonusercontent.com/4/patreon-media/p/post/75418958/a25d4bdd408649ebab236ad61aa89414/eyJhIjoxLCJwIjoxfQ%3D%3D/1.package?token-time=1736812800&token-hash=sCrT8h9IQ266H6pCk8wye2wsRaqnnV53exxtHiFVHSk%3D to /Users/asiaserrano/ChromeDownloads/SxV Year of the Rabbit - 11 items/serenity_PeiSkirt.package
2025-01-12T01:25:40.495-05:00  INFO 13223 --- [TS4Downloader] [http-nio-9080-exec-1] t.h.TS4Downloader.utilities.URLUtility   : downloaded url https://c10.patreonusercontent.com/4/patreon-media/p/post/75418958/258e5b82a45e45bfb2a3c4d672b162e3/eyJhIjoxLCJwIjoxfQ%3D%3D/1.package?token-time=1736812800&token-hash=JmWI3ruUD2F7YqZOP2abWUgGO0EkVq_6iIs5suqyTtA%3D to /Users/asiaserrano/ChromeDownloads/SxV Year of the Rabbit - 11 items/serenity_MagnoliaDress.package
2025-01-12T01:25:47.663-05:00  INFO 13223 --- [TS4Downloader] [http-nio-9080-exec-1] t.h.TS4Downloader.utilities.URLUtility   : downloaded url https://c10.patreonusercontent.com/4/patreon-media/p/post/75418958/2c70dadba62244809e347ee4e318d780/eyJhIjoxLCJwIjoxfQ%3D%3D/1.zip?token-time=1736812800&token-hash=HU2SF0PB6g4MJEnh7bwhCbdKXEDLL4C7ZPif1YG8vWE%3D to /Users/asiaserrano/ChromeDownloads/SxV Year of the Rabbit - 11 items/SxV Year of the Rabbit - 11 Items.zip
2025-01-12T01:25:47.664-05:00  INFO 13223 --- [TS4Downloader] [http-nio-9080-exec-1] t.h.T.utilities.UnzipUtility             : unzipping zip file: /Users/asiaserrano/ChromeDownloads/SxV Year of the Rabbit - 11 items/SxV Year of the Rabbit - 11 Items.zip
2025-01-12T01:25:47.664-05:00  INFO 13223 --- [TS4Downloader] [http-nio-9080-exec-1] t.h.TS4Downloader.utilities.FileUtility  : folder created for /Users/asiaserrano/ChromeDownloads/SxV Year of the Rabbit - 11 items/SxV Year of the Rabbit - 11 Items
2025-01-12T01:25:48.458-05:00  INFO 13223 --- [TS4Downloader] [http-nio-9080-exec-1] t.h.TS4Downloader.utilities.URLUtility   : downloaded url https://c10.patreonusercontent.com/4/patreon-media/p/post/75418958/37cd362c54e645f1b283778b2a2fee51/eyJhIjoxLCJwIjoxfQ%3D%3D/1.package?token-time=1736812800&token-hash=Uvc3rwien7JrOnvI3pSO8n20uQsYE7rCkOqUl6edbOk%3D to /Users/asiaserrano/ChromeDownloads/SxV Year of the Rabbit - 11 items/serenity_DaniellaDress_v2.package
2025-01-12T01:25:49.288-05:00  INFO 13223 --- [TS4Downloader] [http-nio-9080-exec-1] t.h.TS4Downloader.utilities.URLUtility   : downloaded url https://c10.patreonusercontent.com/4/patreon-media/p/post/75418958/6f8bccc55bf14ffdbd870687a0f076ef/eyJhIjoxLCJwIjoxfQ%3D%3D/1.package?token-time=1736812800&token-hash=MYTwNoIKVTvaPIwgQWa9Wc2AIaG7gdSt4ptNiUmGKhw%3D to /Users/asiaserrano/ChromeDownloads/SxV Year of the Rabbit - 11 items/serenity_JingDressv2.package
2025-01-12T01:25:49.411-05:00  INFO 13223 --- [TS4Downloader] [http-nio-9080-exec-1] t.h.TS4Downloader.utilities.URLUtility   : downloaded url https://c10.patreonusercontent.com/4/patreon-media/p/post/75418958/f13efa383ee94d36b3ad151ba83bb733/eyJhIjoxLCJwIjoxfQ%3D%3D/1.package?token-time=1736812800&token-hash=CCoSqZSrjyfQ5SvsDZsa2BFluvoTF-5EVaK21H-xUCY%3D to /Users/asiaserrano/ChromeDownloads/SxV Year of the Rabbit - 11 items/serenity_HuaNecklace.package
2025-01-12T01:25:50.240-05:00  INFO 13223 --- [TS4Downloader] [http-nio-9080-exec-1] t.h.TS4Downloader.utilities.URLUtility   : downloaded url https://c10.patreonusercontent.com/4/patreon-media/p/post/75418958/66afc8aeaff540d4961f7f3766cad1fa/eyJhIjoxLCJwIjoxfQ%3D%3D/1.package?token-time=1736812800&token-hash=BNQO_6Vy2JYPmLa6BLUSNAxzH8jdtEuwMad468gu4gE%3D to /Users/asiaserrano/ChromeDownloads/SxV Year of the Rabbit - 11 items/serenity_DaniellaDress.package
2025-01-12T01:25:50.492-05:00  INFO 13223 --- [TS4Downloader] [http-nio-9080-exec-1] t.h.TS4Downloader.utilities.URLUtility   : downloaded url https://c10.patreonusercontent.com/4/patreon-media/p/post/75418958/c0896e0e0c66429cbdebef26533bce84/eyJhIjoxLCJwIjoxfQ%3D%3D/1.package?token-time=1736812800&token-hash=VIVvhNA4-RcMcEQkmeZaXBnujRHVp8H208eAU9FGsDc%3D to /Users/asiaserrano/ChromeDownloads/SxV Year of the Rabbit - 11 items/serenity_LissaPumps.package
2025-01-12T01:25:51.639-05:00  INFO 13223 --- [TS4Downloader] [http-nio-9080-exec-1] t.h.TS4Downloader.utilities.URLUtility   : downloaded url https://c10.patreonusercontent.com/4/patreon-media/p/post/75418958/c4b1d68e062247fc95bc61d4ef383dcd/eyJhIjoxLCJwIjoxfQ%3D%3D/1.package?token-time=1736812800&token-hash=SfBGuSIotERQqSv9dAUshP9oNBZaAUaHQtWprT3oQDY%3D to /Users/asiaserrano/ChromeDownloads/SxV Year of the Rabbit - 11 items/serenity_JingDress.package
2025-01-12T01:25:52.989-05:00  INFO 13223 --- [TS4Downloader] [http-nio-9080-exec-1] t.h.TS4Downloader.utilities.URLUtility   : downloaded url https://c10.patreonusercontent.com/4/patreon-media/p/post/75418958/6795724c38c64d21ad656f1a3d8b1486/eyJhIjoxLCJwIjoxfQ%3D%3D/1.package?token-time=1736812800&token-hash=Y4Azy9YFi9torRCK2S0lKOZF2bEs5CQSMkExr48t4as%3D to /Users/asiaserrano/ChromeDownloads/SxV Year of the Rabbit - 11 items/serenity_MagnoliaTop.package
2025-01-12T01:25:53.549-05:00  INFO 13223 --- [TS4Downloader] [http-nio-9080-exec-1] t.h.TS4Downloader.utilities.URLUtility   : downloaded url https://c10.patreonusercontent.com/4/patreon-media/p/post/75418958/53d5eed254f04854850b90403f2eee74/eyJhIjoxLCJwIjoxfQ%3D%3D/1.package?token-time=1736812800&token-hash=kHz5p7KEszmNG33rReleTBIXWO8xbQq8c0jmRbwTwwE%3D to /Users/asiaserrano/ChromeDownloads/SxV Year of the Rabbit - 11 items/serenity_PeiTop.package
2025-01-12T01:27:04.764-05:00  INFO 13223 --- [TS4Downloader] [SpringApplicationShutdownHook] o.s.b.w.e.tomcat.GracefulShutdown        : Commencing graceful shutdown. Waiting for active requests to complete
2025-01-12T01:27:04.767-05:00  INFO 13223 --- [TS4Downloader] [tomcat-shutdown] o.s.b.w.e.tomcat.GracefulShutdown        : Graceful shutdown complete
