[2m2025-01-25 03:00:02.087[0;39m [32m INFO[0;39m [35m42343[0;39m [2m---[0;39m [2m[pool-1-thread-5][0;39m [36mo.e.consumers.MyThirdTopicConsumer      [0;39m [2m:[0;39m received message: /Users/asiaserrano/ChromeDownloads/donwload_2025-01-25_02.54.42/SSalon - hairstyle - GP147.zip
[2m2025-01-25 03:00:02.116[0;39m [32m INFO[0;39m [35m42343[0;39m [2m---[0;39m [2m[pool-1-thread-5][0;39m [36mo.e.consumers.MyThirdTopicConsumer      [0;39m [2m:[0;39m Unzipping file /Users/asiaserrano/ChromeDownloads/donwload_2025-01-25_02.54.42/SSalon - hairstyle - GP147.zip
[2m2025-01-25 03:00:02.208[0;39m [32m INFO[0;39m [35m42343[0;39m [2m---[0;39m [2m[pool-1-thread-5][0;39m [36mo.e.consumers.MyThirdTopicConsumer      [0;39m [2m:[0;39m file deleted: /Users/asiaserrano/ChromeDownloads/donwload_2025-01-25_02.54.42/SSalon - hairstyle - GP147.zip
[2m2025-01-25 03:00:05.427[0;39m [32m INFO[0;39m [35m42343[0;39m [2m---[0;39m [2m[pool-1-thread-6][0;39m [36mo.e.consumers.MyThirdTopicConsumer      [0;39m [2m:[0;39m received message: /Users/asiaserrano/ChromeDownloads/donwload_2025-01-25_02.54.42/SSalon hair S8.zip
[2m2025-01-25 03:00:05.429[0;39m [32m INFO[0;39m [35m42343[0;39m [2m---[0;39m [2m[pool-1-thread-6][0;39m [36mo.e.consumers.MyThirdTopicConsumer      [0;39m [2m:[0;39m Unzipping file /Users/asiaserrano/ChromeDownloads/donwload_2025-01-25_02.54.42/SSalon hair S8.zip
[2m2025-01-25 03:00:05.487[0;39m [32m INFO[0;39m [35m42343[0;39m [2m---[0;39m [2m[pool-1-thread-6][0;39m [36mo.e.consumers.MyThirdTopicConsumer      [0;39m [2m:[0;39m file deleted: /Users/asiaserrano/ChromeDownloads/donwload_2025-01-25_02.54.42/SSalon hair S8.zip
[2m2025-01-25 03:00:09.736[0;39m [32m INFO[0;39m [35m42343[0;39m [2m---[0;39m [2m[pool-1-thread-7][0;39m [36mo.e.consumers.MyThirdTopicConsumer      [0;39m [2m:[0;39m received message: /Users/asiaserrano/ChromeDownloads/donwload_2025-01-25_02.54.42/SSalon hair SH40.zip
[2m2025-01-25 03:00:09.738[0;39m [32m INFO[0;39m [35m42343[0;39m [2m---[0;39m [2m[pool-1-thread-7][0;39m [36mo.e.consumers.MyThirdTopicConsumer      [0;39m [2m:[0;39m Unzipping file /Users/asiaserrano/ChromeDownloads/donwload_2025-01-25_02.54.42/SSalon hair SH40.zip
[2m2025-01-25 03:00:09.798[0;39m [32m INFO[0;39m [35m42343[0;39m [2m---[0;39m [2m[pool-1-thread-7][0;39m [36mo.e.consumers.MyThirdTopicConsumer      [0;39m [2m:[0;39m file deleted: /Users/asiaserrano/ChromeDownloads/donwload_2025-01-25_02.54.42/SSalon hair SH40.zip
[2m2025-01-25 03:00:14.691[0;39m [32m INFO[0;39m [35m42343[0;39m [2m---[0;39m [2m[pool-1-thread-8][0;39m [36mo.e.consumers.MyThirdTopicConsumer      [0;39m [2m:[0;39m received message: /Users/asiaserrano/ChromeDownloads/donwload_2025-01-25_02.54.42/SSalon hair H101.zip
[2m2025-01-25 03:00:14.692[0;39m [32m INFO[0;39m [35m42343[0;39m [2m---[0;39m [2m[pool-1-thread-8][0;39m [36mo.e.consumers.MyThirdTopicConsumer      [0;39m [2m:[0;39m Unzipping file /Users/asiaserrano/ChromeDownloads/donwload_2025-01-25_02.54.42/SSalon hair H101.zip
[2m2025-01-25 03:00:14.710[0;39m [32m INFO[0;39m [35m42343[0;39m [2m---[0;39m [2m[pool-1-thread-8][0;39m [36mo.e.consumers.MyThirdTopicConsumer      [0;39m [2m:[0;39m file deleted: /Users/asiaserrano/ChromeDownloads/donwload_2025-01-25_02.54.42/SSalon hair H101.zip
[2m2025-01-25 03:00:15.985[0;39m [32m INFO[0;39m [35m42343[0;39m [2m---[0;39m [2m[pool-1-thread-9][0;39m [36mo.e.consumers.MyThirdTopicConsumer      [0;39m [2m:[0;39m received message: /Users/asiaserrano/ChromeDownloads/donwload_2025-01-25_02.54.42/SSalon - hairstyle - MN173.zip
[2m2025-01-25 03:00:15.985[0;39m [32m INFO[0;39m [35m42343[0;39m [2m---[0;39m [2m[pool-1-thread-9][0;39m [36mo.e.consumers.MyThirdTopicConsumer      [0;39m [2m:[0;39m Unzipping file /Users/asiaserrano/ChromeDownloads/donwload_2025-01-25_02.54.42/SSalon - hairstyle - MN173.zip
[2m2025-01-25 03:00:16.035[0;39m [32m INFO[0;39m [35m42343[0;39m [2m---[0;39m [2m[pool-1-thread-9][0;39m [36mo.e.consumers.MyThirdTopicConsumer      [0;39m [2m:[0;39m file deleted: /Users/asiaserrano/ChromeDownloads/donwload_2025-01-25_02.54.42/SSalon - hairstyle - MN173.zip
[2m2025-01-25 03:00:16.503[0;39m [32m INFO[0;39m [35m42343[0;39m [2m---[0;39m [2m[ool-1-thread-10][0;39m [36mo.e.consumers.MyThirdTopicConsumer      [0;39m [2m:[0;39m received message: /Users/asiaserrano/ChromeDownloads/donwload_2025-01-25_02.54.42/SSalon - hairstyle - SS139.zip
[2m2025-01-25 03:00:16.503[0;39m [32m INFO[0;39m [35m42343[0;39m [2m---[0;39m [2m[ool-1-thread-10][0;39m [36mo.e.consumers.MyThirdTopicConsumer      [0;39m [2m:[0;39m Unzipping file /Users/asiaserrano/ChromeDownloads/donwload_2025-01-25_02.54.42/SSalon - hairstyle - SS139.zip
[2m2025-01-25 03:00:16.558[0;39m [32m INFO[0;39m [35m42343[0;39m [2m---[0;39m [2m[ool-1-thread-10][0;39m [36mo.e.consumers.MyThirdTopicConsumer      [0;39m [2m:[0;39m file deleted: /Users/asiaserrano/ChromeDownloads/donwload_2025-01-25_02.54.42/SSalon - hairstyle - SS139.zip
[2m2025-01-25 03:00:16.922[0;39m [32m INFO[0;39m [35m42343[0;39m [2m---[0;39m [2m[ool-1-thread-11][0;39m [36mo.e.consumers.MyThirdTopicConsumer      [0;39m [2m:[0;39m received message: /Users/asiaserrano/ChromeDownloads/donwload_2025-01-25_02.54.42/SSalon hair H108.zip
[2m2025-01-25 03:00:16.922[0;39m [32m INFO[0;39m [35m42343[0;39m [2m---[0;39m [2m[ool-1-thread-11][0;39m [36mo.e.consumers.MyThirdTopicConsumer      [0;39m [2m:[0;39m Unzipping file /Users/asiaserrano/ChromeDownloads/donwload_2025-01-25_02.54.42/SSalon hair H108.zip
[2m2025-01-25 03:00:16.953[0;39m [32m INFO[0;39m [35m42343[0;39m [2m---[0;39m [2m[ool-1-thread-11][0;39m [36mo.e.consumers.MyThirdTopicConsumer      [0;39m [2m:[0;39m file deleted: /Users/asiaserrano/ChromeDownloads/donwload_2025-01-25_02.54.42/SSalon hair H108.zip
[2m2025-01-25 03:00:17.964[0;39m [32m INFO[0;39m [35m42343[0;39m [2m---[0;39m [2m[ool-1-thread-12][0;39m [36mo.e.consumers.MyThirdTopicConsumer      [0;39m [2m:[0;39m received message: /Users/asiaserrano/ChromeDownloads/donwload_2025-01-25_02.54.42/SSalon Hair B13.zip
[2m2025-01-25 03:00:17.964[0;39m [32m INFO[0;39m [35m42343[0;39m [2m---[0;39m [2m[ool-1-thread-12][0;39m [36mo.e.consumers.MyThirdTopicConsumer      [0;39m [2m:[0;39m Unzipping file /Users/asiaserrano/ChromeDownloads/donwload_2025-01-25_02.54.42/SSalon Hair B13.zip
[2m2025-01-25 03:00:18.004[0;39m [32m INFO[0;39m [35m42343[0;39m [2m---[0;39m [2m[ool-1-thread-12][0;39m [36mo.e.consumers.MyThirdTopicConsumer      [0;39m [2m:[0;39m file deleted: /Users/asiaserrano/ChromeDownloads/donwload_2025-01-25_02.54.42/SSalon Hair B13.zip
[2m2025-01-25 03:00:18.761[0;39m [32m INFO[0;39m [35m42343[0;39m [2m---[0;39m [2m[ool-1-thread-13][0;39m [36mo.e.consumers.MyThirdTopicConsumer      [0;39m [2m:[0;39m received message: /Users/asiaserrano/ChromeDownloads/donwload_2025-01-25_02.54.42/SSalon Hairstyle P16.zip
[2m2025-01-25 03:00:18.762[0;39m [32m INFO[0;39m [35m42343[0;39m [2m---[0;39m [2m[ool-1-thread-13][0;39m [36mo.e.consumers.MyThirdTopicConsumer      [0;39m [2m:[0;39m Unzipping file /Users/asiaserrano/ChromeDownloads/donwload_2025-01-25_02.54.42/SSalon Hairstyle P16.zip
[2m2025-01-25 03:00:18.799[0;39m [32m INFO[0;39m [35m42343[0;39m [2m---[0;39m [2m[ool-1-thread-13][0;39m [36mo.e.consumers.MyThirdTopicConsumer      [0;39m [2m:[0;39m file deleted: /Users/asiaserrano/ChromeDownloads/donwload_2025-01-25_02.54.42/SSalon Hairstyle P16.zip
[2m2025-01-25 03:00:19.652[0;39m [32m INFO[0;39m [35m42343[0;39m [2m---[0;39m [2m[ool-1-thread-14][0;39m [36mo.e.consumers.MyThirdTopicConsumer      [0;39m [2m:[0;39m received message: /Users/asiaserrano/ChromeDownloads/donwload_2025-01-25_02.54.42/SSalon Hairstyle S19.zip
[2m2025-01-25 03:00:19.652[0;39m [32m INFO[0;39m [35m42343[0;39m [2m---[0;39m [2m[ool-1-thread-14][0;39m [36mo.e.consumers.MyThirdTopicConsumer      [0;39m [2m:[0;39m Unzipping file /Users/asiaserrano/ChromeDownloads/donwload_2025-01-25_02.54.42/SSalon Hairstyle S19.zip
[2m2025-01-25 03:00:19.682[0;39m [32m INFO[0;39m [35m42343[0;39m [2m---[0;39m [2m[ool-1-thread-14][0;39m [36mo.e.consumers.MyThirdTopicConsumer      [0;39m [2m:[0;39m file deleted: /Users/asiaserrano/ChromeDownloads/donwload_2025-01-25_02.54.42/SSalon Hairstyle S19.zip
[2m2025-01-25 03:00:20.052[0;39m [32m INFO[0;39m [35m42343[0;39m [2m---[0;39m [2m[ool-1-thread-15][0;39m [36mo.e.consumers.MyThirdTopicConsumer      [0;39m [2m:[0;39m received message: /Users/asiaserrano/ChromeDownloads/donwload_2025-01-25_02.54.42/SSalon - hair - S127.zip
[2m2025-01-25 03:00:20.052[0;39m [32m INFO[0;39m [35m42343[0;39m [2m---[0;39m [2m[ool-1-thread-15][0;39m [36mo.e.consumers.MyThirdTopicConsumer      [0;39m [2m:[0;39m Unzipping file /Users/asiaserrano/ChromeDownloads/donwload_2025-01-25_02.54.42/SSalon - hair - S127.zip
[2m2025-01-25 03:00:20.114[0;39m [32m INFO[0;39m [35m42343[0;39m [2m---[0;39m [2m[ool-1-thread-15][0;39m [36mo.e.consumers.MyThirdTopicConsumer      [0;39m [2m:[0;39m file deleted: /Users/asiaserrano/ChromeDownloads/donwload_2025-01-25_02.54.42/SSalon - hair - S127.zip
[2m2025-01-25 03:00:20.661[0;39m [32m INFO[0;39m [35m42343[0;39m [2m---[0;39m [2m[ool-1-thread-16][0;39m [36mo.e.consumers.MyThirdTopicConsumer      [0;39m [2m:[0;39m received message: /Users/asiaserrano/ChromeDownloads/donwload_2025-01-25_02.54.42/SSalon hair S12.zip
[2m2025-01-25 03:00:20.661[0;39m [32m INFO[0;39m [35m42343[0;39m [2m---[0;39m [2m[ool-1-thread-16][0;39m [36mo.e.consumers.MyThirdTopicConsumer      [0;39m [2m:[0;39m Unzipping file /Users/asiaserrano/ChromeDownloads/donwload_2025-01-25_02.54.42/SSalon hair S12.zip
[2m2025-01-25 03:00:20.698[0;39m [32m INFO[0;39m [35m42343[0;39m [2m---[0;39m [2m[ool-1-thread-16][0;39m [36mo.e.consumers.MyThirdTopicConsumer      [0;39m [2m:[0;39m file deleted: /Users/asiaserrano/ChromeDownloads/donwload_2025-01-25_02.54.42/SSalon hair S12.zip
[2m2025-01-25 03:00:22.224[0;39m [32m INFO[0;39m [35m42343[0;39m [2m---[0;39m [2m[ool-1-thread-17][0;39m [36mo.e.consumers.MyThirdTopicConsumer      [0;39m [2m:[0;39m received message: /Users/asiaserrano/ChromeDownloads/donwload_2025-01-25_02.54.42/SSalon hair SH31.zip
[2m2025-01-25 03:00:22.224[0;39m [32m INFO[0;39m [35m42343[0;39m [2m---[0;39m [2m[ool-1-thread-17][0;39m [36mo.e.consumers.MyThirdTopicConsumer      [0;39m [2m:[0;39m Unzipping file /Users/asiaserrano/ChromeDownloads/donwload_2025-01-25_02.54.42/SSalon hair SH31.zip
[2m2025-01-25 03:00:22.258[0;39m [32m INFO[0;39m [35m42343[0;39m [2m---[0;39m [2m[ool-1-thread-17][0;39m [36mo.e.consumers.MyThirdTopicConsumer      [0;39m [2m:[0;39m file deleted: /Users/asiaserrano/ChromeDownloads/donwload_2025-01-25_02.54.42/SSalon hair SH31.zip
[2m2025-01-25 03:00:22.859[0;39m [32m INFO[0;39m [35m42343[0;39m [2m---[0;39m [2m[ool-1-thread-18][0;39m [36mo.e.consumers.MyThirdTopicConsumer      [0;39m [2m:[0;39m received message: /Users/asiaserrano/ChromeDownloads/donwload_2025-01-25_02.54.42/SSalon hair H50.zip
[2m2025-01-25 03:00:22.859[0;39m [32m INFO[0;39m [35m42343[0;39m [2m---[0;39m [2m[ool-1-thread-18][0;39m [36mo.e.consumers.MyThirdTopicConsumer      [0;39m [2m:[0;39m Unzipping file /Users/asiaserrano/ChromeDownloads/donwload_2025-01-25_02.54.42/SSalon hair H50.zip
[2m2025-01-25 03:00:22.912[0;39m [32m INFO[0;39m [35m42343[0;39m [2m---[0;39m [2m[ool-1-thread-18][0;39m [36mo.e.consumers.MyThirdTopicConsumer      [0;39m [2m:[0;39m file deleted: /Users/asiaserrano/ChromeDownloads/donwload_2025-01-25_02.54.42/SSalon hair H50.zip
[2m2025-01-25 03:00:23.287[0;39m [32m INFO[0;39m [35m42343[0;39m [2m---[0;39m [2m[ool-1-thread-19][0;39m [36mo.e.consumers.MyThirdTopicConsumer      [0;39m [2m:[0;39m received message: /Users/asiaserrano/ChromeDownloads/donwload_2025-01-25_02.54.42/SSalon - hairstyle - UA163.zip
[2m2025-01-25 03:00:23.287[0;39m [32m INFO[0;39m [35m42343[0;39m [2m---[0;39m [2m[ool-1-thread-19][0;39m [36mo.e.consumers.MyThirdTopicConsumer      [0;39m [2m:[0;39m Unzipping file /Users/asiaserrano/ChromeDownloads/donwload_2025-01-25_02.54.42/SSalon - hairstyle - UA163.zip
[2m2025-01-25 03:00:23.330[0;39m [32m INFO[0;39m [35m42343[0;39m [2m---[0;39m [2m[ool-1-thread-19][0;39m [36mo.e.consumers.MyThirdTopicConsumer      [0;39m [2m:[0;39m file deleted: /Users/asiaserrano/ChromeDownloads/donwload_2025-01-25_02.54.42/SSalon - hairstyle - UA163.zip
[2m2025-01-25 03:00:24.920[0;39m [32m INFO[0;39m [35m42343[0;39m [2m---[0;39m [2m[ool-1-thread-20][0;39m [36mo.e.consumers.MyThirdTopicConsumer      [0;39m [2m:[0;39m received message: /Users/asiaserrano/ChromeDownloads/donwload_2025-01-25_02.54.42/SSalon hair B56.zip
[2m2025-01-25 03:00:24.921[0;39m [32m INFO[0;39m [35m42343[0;39m [2m---[0;39m [2m[ool-1-thread-20][0;39m [36mo.e.consumers.MyThirdTopicConsumer      [0;39m [2m:[0;39m Unzipping file /Users/asiaserrano/ChromeDownloads/donwload_2025-01-25_02.54.42/SSalon hair B56.zip
[2m2025-01-25 03:00:24.972[0;39m [32m INFO[0;39m [35m42343[0;39m [2m---[0;39m [2m[ool-1-thread-20][0;39m [36mo.e.consumers.MyThirdTopicConsumer      [0;39m [2m:[0;39m file deleted: /Users/asiaserrano/ChromeDownloads/donwload_2025-01-25_02.54.42/SSalon hair B56.zip
[2m2025-01-25 03:00:25.015[0;39m [32m INFO[0;39m [35m42343[0;39m [2m---[0;39m [2m[ool-1-thread-21][0;39m [36mo.e.consumers.MyThirdTopicConsumer      [0;39m [2m:[0;39m received message: /Users/asiaserrano/ChromeDownloads/donwload_2025-01-25_02.54.42/SSalon hairstyle B59.zip
[2m2025-01-25 03:00:25.015[0;39m [32m INFO[0;39m [35m42343[0;39m [2m---[0;39m [2m[ool-1-thread-21][0;39m [36mo.e.consumers.MyThirdTopicConsumer      [0;39m [2m:[0;39m Unzipping file /Users/asiaserrano/ChromeDownloads/donwload_2025-01-25_02.54.42/SSalon hairstyle B59.zip
[2m2025-01-25 03:00:25.047[0;39m [32m INFO[0;39m [35m42343[0;39m [2m---[0;39m [2m[ool-1-thread-21][0;39m [36mo.e.consumers.MyThirdTopicConsumer      [0;39m [2m:[0;39m file deleted: /Users/asiaserrano/ChromeDownloads/donwload_2025-01-25_02.54.42/SSalon hairstyle B59.zip
[2m2025-01-25 03:00:27.947[0;39m [32m INFO[0;39m [35m42343[0;39m [2m---[0;39m [2m[ool-1-thread-22][0;39m [36mo.e.consumers.MyThirdTopicConsumer      [0;39m [2m:[0;39m received message: /Users/asiaserrano/ChromeDownloads/donwload_2025-01-25_02.54.42/SSalon hair S17.zip
[2m2025-01-25 03:00:27.947[0;39m [32m INFO[0;39m [35m42343[0;39m [2m---[0;39m [2m[ool-1-thread-22][0;39m [36mo.e.consumers.MyThirdTopicConsumer      [0;39m [2m:[0;39m Unzipping file /Users/asiaserrano/ChromeDownloads/donwload_2025-01-25_02.54.42/SSalon hair S17.zip
[2m2025-01-25 03:00:27.991[0;39m [32m INFO[0;39m [35m42343[0;39m [2m---[0;39m [2m[ool-1-thread-22][0;39m [36mo.e.consumers.MyThirdTopicConsumer      [0;39m [2m:[0;39m file deleted: /Users/asiaserrano/ChromeDownloads/donwload_2025-01-25_02.54.42/SSalon hair S17.zip
[2m2025-01-25 03:00:28.113[0;39m [32m INFO[0;39m [35m42343[0;39m [2m---[0;39m [2m[ool-1-thread-23][0;39m [36mo.e.consumers.MyThirdTopicConsumer      [0;39m [2m:[0;39m received message: /Users/asiaserrano/ChromeDownloads/donwload_2025-01-25_02.54.42/SSalon - hairstyle - SH162.zip
[2m2025-01-25 03:00:28.114[0;39m [32m INFO[0;39m [35m42343[0;39m [2m---[0;39m [2m[ool-1-thread-23][0;39m [36mo.e.consumers.MyThirdTopicConsumer      [0;39m [2m:[0;39m Unzipping file /Users/asiaserrano/ChromeDownloads/donwload_2025-01-25_02.54.42/SSalon - hairstyle - SH162.zip
[2m2025-01-25 03:00:28.139[0;39m [32m INFO[0;39m [35m42343[0;39m [2m---[0;39m [2m[ool-1-thread-23][0;39m [36mo.e.consumers.MyThirdTopicConsumer      [0;39m [2m:[0;39m file deleted: /Users/asiaserrano/ChromeDownloads/donwload_2025-01-25_02.54.42/SSalon - hairstyle - SH162.zip
[2m2025-01-25 03:00:31.830[0;39m [32m INFO[0;39m [35m42343[0;39m [2m---[0;39m [2m[ool-1-thread-24][0;39m [36mo.e.consumers.MyThirdTopicConsumer      [0;39m [2m:[0;39m received message: /Users/asiaserrano/ChromeDownloads/donwload_2025-01-25_02.54.42/SSalon hair P25.zip
[2m2025-01-25 03:00:31.830[0;39m [32m INFO[0;39m [35m42343[0;39m [2m---[0;39m [2m[ool-1-thread-24][0;39m [36mo.e.consumers.MyThirdTopicConsumer      [0;39m [2m:[0;39m Unzipping file /Users/asiaserrano/ChromeDownloads/donwload_2025-01-25_02.54.42/SSalon hair P25.zip
[2m2025-01-25 03:00:31.893[0;39m [32m INFO[0;39m [35m42343[0;39m [2m---[0;39m [2m[ool-1-thread-24][0;39m [36mo.e.consumers.MyThirdTopicConsumer      [0;39m [2m:[0;39m file deleted: /Users/asiaserrano/ChromeDownloads/donwload_2025-01-25_02.54.42/SSalon hair P25.zip
[2m2025-01-25 03:00:33.457[0;39m [32m INFO[0;39m [35m42343[0;39m [2m---[0;39m [2m[ool-1-thread-25][0;39m [36mo.e.consumers.MyThirdTopicConsumer      [0;39m [2m:[0;39m received message: /Users/asiaserrano/ChromeDownloads/donwload_2025-01-25_02.54.42/SSalon hairstyle B53.zip
[2m2025-01-25 03:00:33.457[0;39m [32m INFO[0;39m [35m42343[0;39m [2m---[0;39m [2m[ool-1-thread-25][0;39m [36mo.e.consumers.MyThirdTopicConsumer      [0;39m [2m:[0;39m Unzipping file /Users/asiaserrano/ChromeDownloads/donwload_2025-01-25_02.54.42/SSalon hairstyle B53.zip
[2m2025-01-25 03:00:33.500[0;39m [32m INFO[0;39m [35m42343[0;39m [2m---[0;39m [2m[ool-1-thread-25][0;39m [36mo.e.consumers.MyThirdTopicConsumer      [0;39m [2m:[0;39m file deleted: /Users/asiaserrano/ChromeDownloads/donwload_2025-01-25_02.54.42/SSalon hairstyle B53.zip
[2m2025-01-25 03:00:35.476[0;39m [32m INFO[0;39m [35m42343[0;39m [2m---[0;39m [2m[ool-1-thread-26][0;39m [36mo.e.consumers.MyThirdTopicConsumer      [0;39m [2m:[0;39m received message: /Users/asiaserrano/ChromeDownloads/donwload_2025-01-25_02.54.42/SSalon - hairstyle - HN171.zip
[2m2025-01-25 03:00:35.477[0;39m [32m INFO[0;39m [35m42343[0;39m [2m---[0;39m [2m[ool-1-thread-26][0;39m [36mo.e.consumers.MyThirdTopicConsumer      [0;39m [2m:[0;39m Unzipping file /Users/asiaserrano/ChromeDownloads/donwload_2025-01-25_02.54.42/SSalon - hairstyle - HN171.zip
[2m2025-01-25 03:00:35.508[0;39m [32m INFO[0;39m [35m42343[0;39m [2m---[0;39m [2m[ool-1-thread-27][0;39m [36mo.e.consumers.MyThirdTopicConsumer      [0;39m [2m:[0;39m received message: /Users/asiaserrano/ChromeDownloads/donwload_2025-01-25_02.54.42/SSalon - hairstyle - H124.zip
[2m2025-01-25 03:00:35.508[0;39m [32m INFO[0;39m [35m42343[0;39m [2m---[0;39m [2m[ool-1-thread-27][0;39m [36mo.e.consumers.MyThirdTopicConsumer      [0;39m [2m:[0;39m Unzipping file /Users/asiaserrano/ChromeDownloads/donwload_2025-01-25_02.54.42/SSalon - hairstyle - H124.zip
[2m2025-01-25 03:00:35.523[0;39m [32m INFO[0;39m [35m42343[0;39m [2m---[0;39m [2m[ool-1-thread-26][0;39m [36mo.e.consumers.MyThirdTopicConsumer      [0;39m [2m:[0;39m file deleted: /Users/asiaserrano/ChromeDownloads/donwload_2025-01-25_02.54.42/SSalon - hairstyle - HN171.zip
[2m2025-01-25 03:00:35.551[0;39m [32m INFO[0;39m [35m42343[0;39m [2m---[0;39m [2m[ool-1-thread-27][0;39m [36mo.e.consumers.MyThirdTopicConsumer      [0;39m [2m:[0;39m file deleted: /Users/asiaserrano/ChromeDownloads/donwload_2025-01-25_02.54.42/SSalon - hairstyle - H124.zip
[2m2025-01-25 03:00:37.272[0;39m [32m INFO[0;39m [35m42343[0;39m [2m---[0;39m [2m[ool-1-thread-28][0;39m [36mo.e.consumers.MyThirdTopicConsumer      [0;39m [2m:[0;39m received message: /Users/asiaserrano/ChromeDownloads/donwload_2025-01-25_02.54.42/SSalon hairstyle S98.zip
[2m2025-01-25 03:00:37.273[0;39m [32m INFO[0;39m [35m42343[0;39m [2m---[0;39m [2m[ool-1-thread-28][0;39m [36mo.e.consumers.MyThirdTopicConsumer      [0;39m [2m:[0;39m Unzipping file /Users/asiaserrano/ChromeDownloads/donwload_2025-01-25_02.54.42/SSalon hairstyle S98.zip
[2m2025-01-25 03:00:37.319[0;39m [32m INFO[0;39m [35m42343[0;39m [2m---[0;39m [2m[ool-1-thread-28][0;39m [36mo.e.consumers.MyThirdTopicConsumer      [0;39m [2m:[0;39m file deleted: /Users/asiaserrano/ChromeDownloads/donwload_2025-01-25_02.54.42/SSalon hairstyle S98.zip
[2m2025-01-25 03:00:37.605[0;39m [32m INFO[0;39m [35m42343[0;39m [2m---[0;39m [2m[ool-1-thread-29][0;39m [36mo.e.consumers.MyThirdTopicConsumer      [0;39m [2m:[0;39m received message: /Users/asiaserrano/ChromeDownloads/donwload_2025-01-25_02.54.42/SSalon hairstyle S97.zip
[2m2025-01-25 03:00:37.605[0;39m [32m INFO[0;39m [35m42343[0;39m [2m---[0;39m [2m[ool-1-thread-29][0;39m [36mo.e.consumers.MyThirdTopicConsumer      [0;39m [2m:[0;39m Unzipping file /Users/asiaserrano/ChromeDownloads/donwload_2025-01-25_02.54.42/SSalon hairstyle S97.zip
[2m2025-01-25 03:00:37.647[0;39m [32m INFO[0;39m [35m42343[0;39m [2m---[0;39m [2m[ool-1-thread-29][0;39m [36mo.e.consumers.MyThirdTopicConsumer      [0;39m [2m:[0;39m file deleted: /Users/asiaserrano/ChromeDownloads/donwload_2025-01-25_02.54.42/SSalon hairstyle S97.zip
[2m2025-01-25 03:00:38.118[0;39m [32m INFO[0;39m [35m42343[0;39m [2m---[0;39m [2m[ool-1-thread-30][0;39m [36mo.e.consumers.MyThirdTopicConsumer      [0;39m [2m:[0;39m received message: /Users/asiaserrano/ChromeDownloads/donwload_2025-01-25_02.54.42/SSalon hairstyle M47.zip
[2m2025-01-25 03:00:38.119[0;39m [32m INFO[0;39m [35m42343[0;39m [2m---[0;39m [2m[ool-1-thread-30][0;39m [36mo.e.consumers.MyThirdTopicConsumer      [0;39m [2m:[0;39m Unzipping file /Users/asiaserrano/ChromeDownloads/donwload_2025-01-25_02.54.42/SSalon hairstyle M47.zip
[2m2025-01-25 03:00:38.154[0;39m [32m INFO[0;39m [35m42343[0;39m [2m---[0;39m [2m[ool-1-thread-31][0;39m [36mo.e.consumers.MyThirdTopicConsumer      [0;39m [2m:[0;39m received message: /Users/asiaserrano/ChromeDownloads/donwload_2025-01-25_02.54.42/SSalon - hairstyle - T145.zip
[2m2025-01-25 03:00:38.154[0;39m [32m INFO[0;39m [35m42343[0;39m [2m---[0;39m [2m[ool-1-thread-31][0;39m [36mo.e.consumers.MyThirdTopicConsumer      [0;39m [2m:[0;39m Unzipping file /Users/asiaserrano/ChromeDownloads/donwload_2025-01-25_02.54.42/SSalon - hairstyle - T145.zip
[2m2025-01-25 03:00:38.178[0;39m [32m INFO[0;39m [35m42343[0;39m [2m---[0;39m [2m[ool-1-thread-30][0;39m [36mo.e.consumers.MyThirdTopicConsumer      [0;39m [2m:[0;39m file deleted: /Users/asiaserrano/ChromeDownloads/donwload_2025-01-25_02.54.42/SSalon hairstyle M47.zip
[2m2025-01-25 03:00:38.194[0;39m [32m INFO[0;39m [35m42343[0;39m [2m---[0;39m [2m[ool-1-thread-31][0;39m [36mo.e.consumers.MyThirdTopicConsumer      [0;39m [2m:[0;39m file deleted: /Users/asiaserrano/ChromeDownloads/donwload_2025-01-25_02.54.42/SSalon - hairstyle - T145.zip
[2m2025-01-25 03:00:39.503[0;39m [32m INFO[0;39m [35m42343[0;39m [2m---[0;39m [2m[ool-1-thread-32][0;39m [36mo.e.consumers.MyThirdTopicConsumer      [0;39m [2m:[0;39m received message: /Users/asiaserrano/ChromeDownloads/donwload_2025-01-25_02.54.42/SSalon - hairstyle - HN160.zip
[2m2025-01-25 03:00:39.503[0;39m [32m INFO[0;39m [35m42343[0;39m [2m---[0;39m [2m[ool-1-thread-32][0;39m [36mo.e.consumers.MyThirdTopicConsumer      [0;39m [2m:[0;39m Unzipping file /Users/asiaserrano/ChromeDownloads/donwload_2025-01-25_02.54.42/SSalon - hairstyle - HN160.zip
[2m2025-01-25 03:00:39.535[0;39m [32m INFO[0;39m [35m42343[0;39m [2m---[0;39m [2m[ool-1-thread-33][0;39m [36mo.e.consumers.MyThirdTopicConsumer      [0;39m [2m:[0;39m received message: /Users/asiaserrano/ChromeDownloads/donwload_2025-01-25_02.54.42/SSalon - hair - H120.zip
[2m2025-01-25 03:00:39.535[0;39m [32m INFO[0;39m [35m42343[0;39m [2m---[0;39m [2m[ool-1-thread-33][0;39m [36mo.e.consumers.MyThirdTopicConsumer      [0;39m [2m:[0;39m Unzipping file /Users/asiaserrano/ChromeDownloads/donwload_2025-01-25_02.54.42/SSalon - hair - H120.zip
[2m2025-01-25 03:00:39.553[0;39m [32m INFO[0;39m [35m42343[0;39m [2m---[0;39m [2m[ool-1-thread-32][0;39m [36mo.e.consumers.MyThirdTopicConsumer      [0;39m [2m:[0;39m file deleted: /Users/asiaserrano/ChromeDownloads/donwload_2025-01-25_02.54.42/SSalon - hairstyle - HN160.zip
[2m2025-01-25 03:00:39.570[0;39m [32m INFO[0;39m [35m42343[0;39m [2m---[0;39m [2m[ool-1-thread-33][0;39m [36mo.e.consumers.MyThirdTopicConsumer      [0;39m [2m:[0;39m file deleted: /Users/asiaserrano/ChromeDownloads/donwload_2025-01-25_02.54.42/SSalon - hair - H120.zip
[2m2025-01-25 03:00:42.891[0;39m [32m INFO[0;39m [35m42343[0;39m [2m---[0;39m [2m[ool-1-thread-34][0;39m [36mo.e.consumers.MyThirdTopicConsumer      [0;39m [2m:[0;39m received message: /Users/asiaserrano/ChromeDownloads/donwload_2025-01-25_02.54.42/SSalon - hairstyle - HN154.zip
[2m2025-01-25 03:00:42.892[0;39m [32m INFO[0;39m [35m42343[0;39m [2m---[0;39m [2m[ool-1-thread-34][0;39m [36mo.e.consumers.MyThirdTopicConsumer      [0;39m [2m:[0;39m Unzipping file /Users/asiaserrano/ChromeDownloads/donwload_2025-01-25_02.54.42/SSalon - hairstyle - HN154.zip
[2m2025-01-25 03:00:42.935[0;39m [32m INFO[0;39m [35m42343[0;39m [2m---[0;39m [2m[ool-1-thread-34][0;39m [36mo.e.consumers.MyThirdTopicConsumer      [0;39m [2m:[0;39m file deleted: /Users/asiaserrano/ChromeDownloads/donwload_2025-01-25_02.54.42/SSalon - hairstyle - HN154.zip
[2m2025-01-25 03:00:43.529[0;39m [32m INFO[0;39m [35m42343[0;39m [2m---[0;39m [2m[ool-1-thread-35][0;39m [36mo.e.consumers.MyThirdTopicConsumer      [0;39m [2m:[0;39m received message: /Users/asiaserrano/ChromeDownloads/donwload_2025-01-25_02.54.42/SSalon Hairstyle S28.zip
[2m2025-01-25 03:00:43.530[0;39m [32m INFO[0;39m [35m42343[0;39m [2m---[0;39m [2m[ool-1-thread-35][0;39m [36mo.e.consumers.MyThirdTopicConsumer      [0;39m [2m:[0;39m Unzipping file /Users/asiaserrano/ChromeDownloads/donwload_2025-01-25_02.54.42/SSalon Hairstyle S28.zip
[2m2025-01-25 03:00:43.578[0;39m [32m INFO[0;39m [35m42343[0;39m [2m---[0;39m [2m[ool-1-thread-35][0;39m [36mo.e.consumers.MyThirdTopicConsumer      [0;39m [2m:[0;39m file deleted: /Users/asiaserrano/ChromeDownloads/donwload_2025-01-25_02.54.42/SSalon Hairstyle S28.zip
[2m2025-01-25 03:00:47.730[0;39m [32m INFO[0;39m [35m42343[0;39m [2m---[0;39m [2m[ool-1-thread-36][0;39m [36mo.e.consumers.MyThirdTopicConsumer      [0;39m [2m:[0;39m received message: /Users/asiaserrano/ChromeDownloads/donwload_2025-01-25_02.54.42/SSalon - hairstyle - NH155.zip
[2m2025-01-25 03:00:47.730[0;39m [32m INFO[0;39m [35m42343[0;39m [2m---[0;39m [2m[ool-1-thread-36][0;39m [36mo.e.consumers.MyThirdTopicConsumer      [0;39m [2m:[0;39m Unzipping file /Users/asiaserrano/ChromeDownloads/donwload_2025-01-25_02.54.42/SSalon - hairstyle - NH155.zip
[2m2025-01-25 03:00:47.762[0;39m [32m INFO[0;39m [35m42343[0;39m [2m---[0;39m [2m[ool-1-thread-36][0;39m [36mo.e.consumers.MyThirdTopicConsumer      [0;39m [2m:[0;39m file deleted: /Users/asiaserrano/ChromeDownloads/donwload_2025-01-25_02.54.42/SSalon - hairstyle - NH155.zip
[2m2025-01-25 03:00:47.815[0;39m [32m INFO[0;39m [35m42343[0;39m [2m---[0;39m [2m[ool-1-thread-37][0;39m [36mo.e.consumers.MyThirdTopicConsumer      [0;39m [2m:[0;39m received message: /Users/asiaserrano/ChromeDownloads/donwload_2025-01-25_02.54.42/SSalon hair S4.zip
[2m2025-01-25 03:00:47.815[0;39m [32m INFO[0;39m [35m42343[0;39m [2m---[0;39m [2m[ool-1-thread-37][0;39m [36mo.e.consumers.MyThirdTopicConsumer      [0;39m [2m:[0;39m Unzipping file /Users/asiaserrano/ChromeDownloads/donwload_2025-01-25_02.54.42/SSalon hair S4.zip
[2m2025-01-25 03:00:47.847[0;39m [32m INFO[0;39m [35m42343[0;39m [2m---[0;39m [2m[ool-1-thread-37][0;39m [36mo.e.consumers.MyThirdTopicConsumer      [0;39m [2m:[0;39m file deleted: /Users/asiaserrano/ChromeDownloads/donwload_2025-01-25_02.54.42/SSalon hair S4.zip
[2m2025-01-25 03:00:48.107[0;39m [32m INFO[0;39m [35m42343[0;39m [2m---[0;39m [2m[ool-1-thread-38][0;39m [36mo.e.consumers.MyThirdTopicConsumer      [0;39m [2m:[0;39m received message: /Users/asiaserrano/ChromeDownloads/donwload_2025-01-25_02.54.42/SSalon Hair S42.zip
[2m2025-01-25 03:00:48.107[0;39m [32m INFO[0;39m [35m42343[0;39m [2m---[0;39m [2m[ool-1-thread-38][0;39m [36mo.e.consumers.MyThirdTopicConsumer      [0;39m [2m:[0;39m Unzipping file /Users/asiaserrano/ChromeDownloads/donwload_2025-01-25_02.54.42/SSalon Hair S42.zip
[2m2025-01-25 03:00:48.145[0;39m [32m INFO[0;39m [35m42343[0;39m [2m---[0;39m [2m[ool-1-thread-38][0;39m [36mo.e.consumers.MyThirdTopicConsumer      [0;39m [2m:[0;39m file deleted: /Users/asiaserrano/ChromeDownloads/donwload_2025-01-25_02.54.42/SSalon Hair S42.zip
[2m2025-01-25 03:00:48.505[0;39m [32m INFO[0;39m [35m42343[0;39m [2m---[0;39m [2m[ool-1-thread-39][0;39m [36mo.e.consumers.MyThirdTopicConsumer      [0;39m [2m:[0;39m received message: /Users/asiaserrano/ChromeDownloads/donwload_2025-01-25_02.54.42/SSalon Hair R15.zip
[2m2025-01-25 03:00:48.505[0;39m [32m INFO[0;39m [35m42343[0;39m [2m---[0;39m [2m[ool-1-thread-39][0;39m [36mo.e.consumers.MyThirdTopicConsumer      [0;39m [2m:[0;39m Unzipping file /Users/asiaserrano/ChromeDownloads/donwload_2025-01-25_02.54.42/SSalon Hair R15.zip
[2m2025-01-25 03:00:48.541[0;39m [32m INFO[0;39m [35m42343[0;39m [2m---[0;39m [2m[ool-1-thread-39][0;39m [36mo.e.consumers.MyThirdTopicConsumer      [0;39m [2m:[0;39m file deleted: /Users/asiaserrano/ChromeDownloads/donwload_2025-01-25_02.54.42/SSalon Hair R15.zip
[2m2025-01-25 03:00:50.184[0;39m [32m INFO[0;39m [35m42343[0;39m [2m---[0;39m [2m[ool-1-thread-40][0;39m [36mo.e.consumers.MyThirdTopicConsumer      [0;39m [2m:[0;39m received message: /Users/asiaserrano/ChromeDownloads/donwload_2025-01-25_02.54.42/SSalon hair H102.zip
[2m2025-01-25 03:00:50.184[0;39m [32m INFO[0;39m [35m42343[0;39m [2m---[0;39m [2m[ool-1-thread-40][0;39m [36mo.e.consumers.MyThirdTopicConsumer      [0;39m [2m:[0;39m Unzipping file /Users/asiaserrano/ChromeDownloads/donwload_2025-01-25_02.54.42/SSalon hair H102.zip
[2m2025-01-25 03:00:50.232[0;39m [32m INFO[0;39m [35m42343[0;39m [2m---[0;39m [2m[ool-1-thread-40][0;39m [36mo.e.consumers.MyThirdTopicConsumer      [0;39m [2m:[0;39m file deleted: /Users/asiaserrano/ChromeDownloads/donwload_2025-01-25_02.54.42/SSalon hair H102.zip
[2m2025-01-25 03:00:50.250[0;39m [32m INFO[0;39m [35m42343[0;39m [2m---[0;39m [2m[ool-1-thread-41][0;39m [36mo.e.consumers.MyThirdTopicConsumer      [0;39m [2m:[0;39m received message: /Users/asiaserrano/ChromeDownloads/donwload_2025-01-25_02.54.42/SSalon - hairstyle - H123.zip
[2m2025-01-25 03:00:50.250[0;39m [32m INFO[0;39m [35m42343[0;39m [2m---[0;39m [2m[ool-1-thread-41][0;39m [36mo.e.consumers.MyThirdTopicConsumer      [0;39m [2m:[0;39m Unzipping file /Users/asiaserrano/ChromeDownloads/donwload_2025-01-25_02.54.42/SSalon - hairstyle - H123.zip
[2m2025-01-25 03:00:50.285[0;39m [32m INFO[0;39m [35m42343[0;39m [2m---[0;39m [2m[ool-1-thread-41][0;39m [36mo.e.consumers.MyThirdTopicConsumer      [0;39m [2m:[0;39m file deleted: /Users/asiaserrano/ChromeDownloads/donwload_2025-01-25_02.54.42/SSalon - hairstyle - H123.zip
[2m2025-01-25 03:00:51.051[0;39m [32m INFO[0;39m [35m42343[0;39m [2m---[0;39m [2m[ool-1-thread-42][0;39m [36mo.e.consumers.MyThirdTopicConsumer      [0;39m [2m:[0;39m received message: /Users/asiaserrano/ChromeDownloads/donwload_2025-01-25_02.54.42/SSalon - hairstyle - SS138.zip
[2m2025-01-25 03:00:51.051[0;39m [32m INFO[0;39m [35m42343[0;39m [2m---[0;39m [2m[ool-1-thread-42][0;39m [36mo.e.consumers.MyThirdTopicConsumer      [0;39m [2m:[0;39m Unzipping file /Users/asiaserrano/ChromeDownloads/donwload_2025-01-25_02.54.42/SSalon - hairstyle - SS138.zip
[2m2025-01-25 03:00:51.125[0;39m [32m INFO[0;39m [35m42343[0;39m [2m---[0;39m [2m[ool-1-thread-42][0;39m [36mo.e.consumers.MyThirdTopicConsumer      [0;39m [2m:[0;39m file deleted: /Users/asiaserrano/ChromeDownloads/donwload_2025-01-25_02.54.42/SSalon - hairstyle - SS138.zip
[2m2025-01-25 03:00:51.743[0;39m [32m INFO[0;39m [35m42343[0;39m [2m---[0;39m [2m[ool-1-thread-43][0;39m [36mo.e.consumers.MyThirdTopicConsumer      [0;39m [2m:[0;39m received message: /Users/asiaserrano/ChromeDownloads/donwload_2025-01-25_02.54.42/SSalon hairstyle B61.zip
[2m2025-01-25 03:00:51.743[0;39m [32m INFO[0;39m [35m42343[0;39m [2m---[0;39m [2m[ool-1-thread-43][0;39m [36mo.e.consumers.MyThirdTopicConsumer      [0;39m [2m:[0;39m Unzipping file /Users/asiaserrano/ChromeDownloads/donwload_2025-01-25_02.54.42/SSalon hairstyle B61.zip
[2m2025-01-25 03:00:51.783[0;39m [32m INFO[0;39m [35m42343[0;39m [2m---[0;39m [2m[ool-1-thread-43][0;39m [36mo.e.consumers.MyThirdTopicConsumer      [0;39m [2m:[0;39m file deleted: /Users/asiaserrano/ChromeDownloads/donwload_2025-01-25_02.54.42/SSalon hairstyle B61.zip
[2m2025-01-25 03:00:52.210[0;39m [32m INFO[0;39m [35m42343[0;39m [2m---[0;39m [2m[ool-1-thread-44][0;39m [36mo.e.consumers.MyThirdTopicConsumer      [0;39m [2m:[0;39m received message: /Users/asiaserrano/ChromeDownloads/donwload_2025-01-25_02.54.42/SSalon hairstyle B60.zip
[2m2025-01-25 03:00:52.211[0;39m [32m INFO[0;39m [35m42343[0;39m [2m---[0;39m [2m[ool-1-thread-44][0;39m [36mo.e.consumers.MyThirdTopicConsumer      [0;39m [2m:[0;39m Unzipping file /Users/asiaserrano/ChromeDownloads/donwload_2025-01-25_02.54.42/SSalon hairstyle B60.zip
[2m2025-01-25 03:00:52.250[0;39m [32m INFO[0;39m [35m42343[0;39m [2m---[0;39m [2m[ool-1-thread-44][0;39m [36mo.e.consumers.MyThirdTopicConsumer      [0;39m [2m:[0;39m file deleted: /Users/asiaserrano/ChromeDownloads/donwload_2025-01-25_02.54.42/SSalon hairstyle B60.zip
[2m2025-01-25 03:00:52.504[0;39m [32m INFO[0;39m [35m42343[0;39m [2m---[0;39m [2m[ool-1-thread-45][0;39m [36mo.e.consumers.MyThirdTopicConsumer      [0;39m [2m:[0;39m received message: /Users/asiaserrano/ChromeDownloads/donwload_2025-01-25_02.54.42/SSalon hair H105.zip
[2m2025-01-25 03:00:52.504[0;39m [32m INFO[0;39m [35m42343[0;39m [2m---[0;39m [2m[ool-1-thread-45][0;39m [36mo.e.consumers.MyThirdTopicConsumer      [0;39m [2m:[0;39m Unzipping file /Users/asiaserrano/ChromeDownloads/donwload_2025-01-25_02.54.42/SSalon hair H105.zip
[2m2025-01-25 03:00:52.528[0;39m [32m INFO[0;39m [35m42343[0;39m [2m---[0;39m [2m[ool-1-thread-45][0;39m [36mo.e.consumers.MyThirdTopicConsumer      [0;39m [2m:[0;39m file deleted: /Users/asiaserrano/ChromeDownloads/donwload_2025-01-25_02.54.42/SSalon hair H105.zip
[2m2025-01-25 03:00:52.662[0;39m [32m INFO[0;39m [35m42343[0;39m [2m---[0;39m [2m[ool-1-thread-46][0;39m [36mo.e.consumers.MyThirdTopicConsumer      [0;39m [2m:[0;39m received message: /Users/asiaserrano/ChromeDownloads/donwload_2025-01-25_02.54.42/SSalon - hairstyle - 143.zip
[2m2025-01-25 03:00:52.663[0;39m [32m INFO[0;39m [35m42343[0;39m [2m---[0;39m [2m[ool-1-thread-46][0;39m [36mo.e.consumers.MyThirdTopicConsumer      [0;39m [2m:[0;39m Unzipping file /Users/asiaserrano/ChromeDownloads/donwload_2025-01-25_02.54.42/SSalon - hairstyle - 143.zip
[2m2025-01-25 03:00:52.699[0;39m [32m INFO[0;39m [35m42343[0;39m [2m---[0;39m [2m[ool-1-thread-46][0;39m [36mo.e.consumers.MyThirdTopicConsumer      [0;39m [2m:[0;39m file deleted: /Users/asiaserrano/ChromeDownloads/donwload_2025-01-25_02.54.42/SSalon - hairstyle - 143.zip
[2m2025-01-25 03:00:53.361[0;39m [32m INFO[0;39m [35m42343[0;39m [2m---[0;39m [2m[ool-1-thread-47][0;39m [36mo.e.consumers.MyThirdTopicConsumer      [0;39m [2m:[0;39m received message: /Users/asiaserrano/ChromeDownloads/donwload_2025-01-25_02.54.42/SSalon - hairstyle - H121.zip
[2m2025-01-25 03:00:53.361[0;39m [32m INFO[0;39m [35m42343[0;39m [2m---[0;39m [2m[ool-1-thread-47][0;39m [36mo.e.consumers.MyThirdTopicConsumer      [0;39m [2m:[0;39m Unzipping file /Users/asiaserrano/ChromeDownloads/donwload_2025-01-25_02.54.42/SSalon - hairstyle - H121.zip
[2m2025-01-25 03:00:53.399[0;39m [32m INFO[0;39m [35m42343[0;39m [2m---[0;39m [2m[ool-1-thread-47][0;39m [36mo.e.consumers.MyThirdTopicConsumer      [0;39m [2m:[0;39m file deleted: /Users/asiaserrano/ChromeDownloads/donwload_2025-01-25_02.54.42/SSalon - hairstyle - H121.zip
[2m2025-01-25 03:00:54.200[0;39m [32m INFO[0;39m [35m42343[0;39m [2m---[0;39m [2m[ool-1-thread-48][0;39m [36mo.e.consumers.MyThirdTopicConsumer      [0;39m [2m:[0;39m received message: /Users/asiaserrano/ChromeDownloads/donwload_2025-01-25_02.54.42/SSalon hair S100.zip
[2m2025-01-25 03:00:54.200[0;39m [32m INFO[0;39m [35m42343[0;39m [2m---[0;39m [2m[ool-1-thread-48][0;39m [36mo.e.consumers.MyThirdTopicConsumer      [0;39m [2m:[0;39m Unzipping file /Users/asiaserrano/ChromeDownloads/donwload_2025-01-25_02.54.42/SSalon hair S100.zip
[2m2025-01-25 03:00:54.228[0;39m [32m INFO[0;39m [35m42343[0;39m [2m---[0;39m [2m[ool-1-thread-48][0;39m [36mo.e.consumers.MyThirdTopicConsumer      [0;39m [2m:[0;39m file deleted: /Users/asiaserrano/ChromeDownloads/donwload_2025-01-25_02.54.42/SSalon hair S100.zip
[2m2025-01-25 03:00:55.413[0;39m [32m INFO[0;39m [35m42343[0;39m [2m---[0;39m [2m[ool-1-thread-49][0;39m [36mo.e.consumers.MyThirdTopicConsumer      [0;39m [2m:[0;39m received message: /Users/asiaserrano/ChromeDownloads/donwload_2025-01-25_02.54.42/SSalon - hair - H115.zip
[2m2025-01-25 03:00:55.413[0;39m [32m INFO[0;39m [35m42343[0;39m [2m---[0;39m [2m[ool-1-thread-49][0;39m [36mo.e.consumers.MyThirdTopicConsumer      [0;39m [2m:[0;39m Unzipping file /Users/asiaserrano/ChromeDownloads/donwload_2025-01-25_02.54.42/SSalon - hair - H115.zip
[2m2025-01-25 03:00:55.460[0;39m [32m INFO[0;39m [35m42343[0;39m [2m---[0;39m [2m[ool-1-thread-49][0;39m [36mo.e.consumers.MyThirdTopicConsumer      [0;39m [2m:[0;39m file deleted: /Users/asiaserrano/ChromeDownloads/donwload_2025-01-25_02.54.42/SSalon - hair - H115.zip
[2m2025-01-25 03:00:56.453[0;39m [32m INFO[0;39m [35m42343[0;39m [2m---[0;39m [2m[ool-1-thread-50][0;39m [36mo.e.consumers.MyThirdTopicConsumer      [0;39m [2m:[0;39m received message: /Users/asiaserrano/ChromeDownloads/donwload_2025-01-25_02.54.42/SSalon hairstyle - B191.zip
[2m2025-01-25 03:00:56.454[0;39m [32m INFO[0;39m [35m42343[0;39m [2m---[0;39m [2m[ool-1-thread-50][0;39m [36mo.e.consumers.MyThirdTopicConsumer      [0;39m [2m:[0;39m Unzipping file /Users/asiaserrano/ChromeDownloads/donwload_2025-01-25_02.54.42/SSalon hairstyle - B191.zip
[2m2025-01-25 03:00:56.485[0;39m [32m INFO[0;39m [35m42343[0;39m [2m---[0;39m [2m[ool-1-thread-50][0;39m [36mo.e.consumers.MyThirdTopicConsumer      [0;39m [2m:[0;39m file deleted: /Users/asiaserrano/ChromeDownloads/donwload_2025-01-25_02.54.42/SSalon hairstyle - B191.zip
[2m2025-01-25 03:00:58.100[0;39m [32m INFO[0;39m [35m42343[0;39m [2m---[0;39m [2m[ool-1-thread-51][0;39m [36mo.e.consumers.MyThirdTopicConsumer      [0;39m [2m:[0;39m received message: /Users/asiaserrano/ChromeDownloads/donwload_2025-01-25_02.54.42/SSalon - hairstyle - H125.zip
[2m2025-01-25 03:00:58.101[0;39m [32m INFO[0;39m [35m42343[0;39m [2m---[0;39m [2m[ool-1-thread-51][0;39m [36mo.e.consumers.MyThirdTopicConsumer      [0;39m [2m:[0;39m Unzipping file /Users/asiaserrano/ChromeDownloads/donwload_2025-01-25_02.54.42/SSalon - hairstyle - H125.zip
[2m2025-01-25 03:00:58.107[0;39m [32m INFO[0;39m [35m42343[0;39m [2m---[0;39m [2m[ool-1-thread-52][0;39m [36mo.e.consumers.MyThirdTopicConsumer      [0;39m [2m:[0;39m received message: /Users/asiaserrano/ChromeDownloads/donwload_2025-01-25_02.54.42/SSalon - hairstyle - GP165.zip
[2m2025-01-25 03:00:58.107[0;39m [32m INFO[0;39m [35m42343[0;39m [2m---[0;39m [2m[ool-1-thread-52][0;39m [36mo.e.consumers.MyThirdTopicConsumer      [0;39m [2m:[0;39m Unzipping file /Users/asiaserrano/ChromeDownloads/donwload_2025-01-25_02.54.42/SSalon - hairstyle - GP165.zip
[2m2025-01-25 03:00:58.144[0;39m [32m INFO[0;39m [35m42343[0;39m [2m---[0;39m [2m[ool-1-thread-52][0;39m [36mo.e.consumers.MyThirdTopicConsumer      [0;39m [2m:[0;39m file deleted: /Users/asiaserrano/ChromeDownloads/donwload_2025-01-25_02.54.42/SSalon - hairstyle - GP165.zip
[2m2025-01-25 03:00:58.153[0;39m [32m INFO[0;39m [35m42343[0;39m [2m---[0;39m [2m[ool-1-thread-51][0;39m [36mo.e.consumers.MyThirdTopicConsumer      [0;39m [2m:[0;39m file deleted: /Users/asiaserrano/ChromeDownloads/donwload_2025-01-25_02.54.42/SSalon - hairstyle - H125.zip
[2m2025-01-25 03:01:03.260[0;39m [32m INFO[0;39m [35m42343[0;39m [2m---[0;39m [2m[ool-1-thread-53][0;39m [36mo.e.consumers.MyThirdTopicConsumer      [0;39m [2m:[0;39m received message: /Users/asiaserrano/ChromeDownloads/donwload_2025-01-25_02.54.42/SSalon - Hair - B 22.zip
[2m2025-01-25 03:01:03.261[0;39m [32m INFO[0;39m [35m42343[0;39m [2m---[0;39m [2m[ool-1-thread-53][0;39m [36mo.e.consumers.MyThirdTopicConsumer      [0;39m [2m:[0;39m Unzipping file /Users/asiaserrano/ChromeDownloads/donwload_2025-01-25_02.54.42/SSalon - Hair - B 22.zip
[2m2025-01-25 03:01:03.329[0;39m [32m INFO[0;39m [35m42343[0;39m [2m---[0;39m [2m[ool-1-thread-53][0;39m [36mo.e.consumers.MyThirdTopicConsumer      [0;39m [2m:[0;39m file deleted: /Users/asiaserrano/ChromeDownloads/donwload_2025-01-25_02.54.42/SSalon - Hair - B 22.zip
[2m2025-01-25 03:01:04.396[0;39m [32m INFO[0;39m [35m42343[0;39m [2m---[0;39m [2m[ool-1-thread-54][0;39m [36mo.e.consumers.MyThirdTopicConsumer      [0;39m [2m:[0;39m received message: /Users/asiaserrano/ChromeDownloads/donwload_2025-01-25_02.54.42/SSalon - hairstyle - B193.zip
[2m2025-01-25 03:01:04.397[0;39m [32m INFO[0;39m [35m42343[0;39m [2m---[0;39m [2m[ool-1-thread-54][0;39m [36mo.e.consumers.MyThirdTopicConsumer      [0;39m [2m:[0;39m Unzipping file /Users/asiaserrano/ChromeDownloads/donwload_2025-01-25_02.54.42/SSalon - hairstyle - B193.zip
[2m2025-01-25 03:01:04.459[0;39m [32m INFO[0;39m [35m42343[0;39m [2m---[0;39m [2m[ool-1-thread-54][0;39m [36mo.e.consumers.MyThirdTopicConsumer      [0;39m [2m:[0;39m file deleted: /Users/asiaserrano/ChromeDownloads/donwload_2025-01-25_02.54.42/SSalon - hairstyle - B193.zip
[2m2025-01-25 03:01:04.764[0;39m [32m INFO[0;39m [35m42343[0;39m [2m---[0;39m [2m[ool-1-thread-55][0;39m [36mo.e.consumers.MyThirdTopicConsumer      [0;39m [2m:[0;39m received message: /Users/asiaserrano/ChromeDownloads/donwload_2025-01-25_02.54.42/SSalon - hairstyle - GP168.zip
[2m2025-01-25 03:01:04.765[0;39m [32m INFO[0;39m [35m42343[0;39m [2m---[0;39m [2m[ool-1-thread-55][0;39m [36mo.e.consumers.MyThirdTopicConsumer      [0;39m [2m:[0;39m Unzipping file /Users/asiaserrano/ChromeDownloads/donwload_2025-01-25_02.54.42/SSalon - hairstyle - GP168.zip
[2m2025-01-25 03:01:04.847[0;39m [32m INFO[0;39m [35m42343[0;39m [2m---[0;39m [2m[ool-1-thread-55][0;39m [36mo.e.consumers.MyThirdTopicConsumer      [0;39m [2m:[0;39m file deleted: /Users/asiaserrano/ChromeDownloads/donwload_2025-01-25_02.54.42/SSalon - hairstyle - GP168.zip
[2m2025-01-25 03:01:06.403[0;39m [32m INFO[0;39m [35m42343[0;39m [2m---[0;39m [2m[ool-1-thread-56][0;39m [36mo.e.consumers.MyThirdTopicConsumer      [0;39m [2m:[0;39m received message: /Users/asiaserrano/ChromeDownloads/donwload_2025-01-25_02.54.42/SSalon - hair - H117.zip
[2m2025-01-25 03:01:06.404[0;39m [32m INFO[0;39m [35m42343[0;39m [2m---[0;39m [2m[ool-1-thread-56][0;39m [36mo.e.consumers.MyThirdTopicConsumer      [0;39m [2m:[0;39m Unzipping file /Users/asiaserrano/ChromeDownloads/donwload_2025-01-25_02.54.42/SSalon - hair - H117.zip
[2m2025-01-25 03:01:06.450[0;39m [32m INFO[0;39m [35m42343[0;39m [2m---[0;39m [2m[ool-1-thread-56][0;39m [36mo.e.consumers.MyThirdTopicConsumer      [0;39m [2m:[0;39m file deleted: /Users/asiaserrano/ChromeDownloads/donwload_2025-01-25_02.54.42/SSalon - hair - H117.zip
[2m2025-01-25 03:01:06.710[0;39m [32m INFO[0;39m [35m42343[0;39m [2m---[0;39m [2m[ool-1-thread-57][0;39m [36mo.e.consumers.MyThirdTopicConsumer      [0;39m [2m:[0;39m received message: /Users/asiaserrano/ChromeDownloads/donwload_2025-01-25_02.54.42/SSalon - hairstyle - GP166.zip
[2m2025-01-25 03:01:06.710[0;39m [32m INFO[0;39m [35m42343[0;39m [2m---[0;39m [2m[ool-1-thread-57][0;39m [36mo.e.consumers.MyThirdTopicConsumer      [0;39m [2m:[0;39m Unzipping file /Users/asiaserrano/ChromeDownloads/donwload_2025-01-25_02.54.42/SSalon - hairstyle - GP166.zip
[2m2025-01-25 03:01:06.758[0;39m [32m INFO[0;39m [35m42343[0;39m [2m---[0;39m [2m[ool-1-thread-57][0;39m [36mo.e.consumers.MyThirdTopicConsumer      [0;39m [2m:[0;39m file deleted: /Users/asiaserrano/ChromeDownloads/donwload_2025-01-25_02.54.42/SSalon - hairstyle - GP166.zip
[2m2025-01-25 03:01:07.491[0;39m [32m INFO[0;39m [35m42343[0;39m [2m---[0;39m [2m[ool-1-thread-58][0;39m [36mo.e.consumers.MyThirdTopicConsumer      [0;39m [2m:[0;39m received message: /Users/asiaserrano/ChromeDownloads/donwload_2025-01-25_02.54.42/SSalon - hairstyle - SS137.zip
[2m2025-01-25 03:01:07.491[0;39m [32m INFO[0;39m [35m42343[0;39m [2m---[0;39m [2m[ool-1-thread-58][0;39m [36mo.e.consumers.MyThirdTopicConsumer      [0;39m [2m:[0;39m Unzipping file /Users/asiaserrano/ChromeDownloads/donwload_2025-01-25_02.54.42/SSalon - hairstyle - SS137.zip
[2m2025-01-25 03:01:07.570[0;39m [32m INFO[0;39m [35m42343[0;39m [2m---[0;39m [2m[ool-1-thread-58][0;39m [36mo.e.consumers.MyThirdTopicConsumer      [0;39m [2m:[0;39m file deleted: /Users/asiaserrano/ChromeDownloads/donwload_2025-01-25_02.54.42/SSalon - hairstyle - SS137.zip
[2m2025-01-25 03:01:07.872[0;39m [32m INFO[0;39m [35m42343[0;39m [2m---[0;39m [2m[ool-1-thread-59][0;39m [36mo.e.consumers.MyThirdTopicConsumer      [0;39m [2m:[0;39m received message: /Users/asiaserrano/ChromeDownloads/donwload_2025-01-25_02.54.42/SSalon - Hairstyle - S26.zip
[2m2025-01-25 03:01:07.872[0;39m [32m INFO[0;39m [35m42343[0;39m [2m---[0;39m [2m[ool-1-thread-59][0;39m [36mo.e.consumers.MyThirdTopicConsumer      [0;39m [2m:[0;39m Unzipping file /Users/asiaserrano/ChromeDownloads/donwload_2025-01-25_02.54.42/SSalon - Hairstyle - S26.zip
[2m2025-01-25 03:01:07.912[0;39m [32m INFO[0;39m [35m42343[0;39m [2m---[0;39m [2m[ool-1-thread-59][0;39m [36mo.e.consumers.MyThirdTopicConsumer      [0;39m [2m:[0;39m file deleted: /Users/asiaserrano/ChromeDownloads/donwload_2025-01-25_02.54.42/SSalon - Hairstyle - S26.zip
[2m2025-01-25 03:01:07.981[0;39m [32m INFO[0;39m [35m42343[0;39m [2m---[0;39m [2m[ool-1-thread-60][0;39m [36mo.e.consumers.MyThirdTopicConsumer      [0;39m [2m:[0;39m received message: /Users/asiaserrano/ChromeDownloads/donwload_2025-01-25_02.54.42/SSalon - hair - H116.zip
[2m2025-01-25 03:01:07.981[0;39m [32m INFO[0;39m [35m42343[0;39m [2m---[0;39m [2m[ool-1-thread-60][0;39m [36mo.e.consumers.MyThirdTopicConsumer      [0;39m [2m:[0;39m Unzipping file /Users/asiaserrano/ChromeDownloads/donwload_2025-01-25_02.54.42/SSalon - hair - H116.zip
[2m2025-01-25 03:01:08.010[0;39m [32m INFO[0;39m [35m42343[0;39m [2m---[0;39m [2m[ool-1-thread-60][0;39m [36mo.e.consumers.MyThirdTopicConsumer      [0;39m [2m:[0;39m file deleted: /Users/asiaserrano/ChromeDownloads/donwload_2025-01-25_02.54.42/SSalon - hair - H116.zip
[2m2025-01-25 03:01:08.475[0;39m [32m INFO[0;39m [35m42343[0;39m [2m---[0;39m [2m[ool-1-thread-61][0;39m [36mo.e.consumers.MyThirdTopicConsumer      [0;39m [2m:[0;39m received message: /Users/asiaserrano/ChromeDownloads/donwload_2025-01-25_02.54.42/SSalon - hairstyle - HN157.zip
[2m2025-01-25 03:01:08.475[0;39m [32m INFO[0;39m [35m42343[0;39m [2m---[0;39m [2m[ool-1-thread-61][0;39m [36mo.e.consumers.MyThirdTopicConsumer      [0;39m [2m:[0;39m Unzipping file /Users/asiaserrano/ChromeDownloads/donwload_2025-01-25_02.54.42/SSalon - hairstyle - HN157.zip
[2m2025-01-25 03:01:08.521[0;39m [32m INFO[0;39m [35m42343[0;39m [2m---[0;39m [2m[ool-1-thread-61][0;39m [36mo.e.consumers.MyThirdTopicConsumer      [0;39m [2m:[0;39m file deleted: /Users/asiaserrano/ChromeDownloads/donwload_2025-01-25_02.54.42/SSalon - hairstyle - HN157.zip
[2m2025-01-25 03:01:09.896[0;39m [32m INFO[0;39m [35m42343[0;39m [2m---[0;39m [2m[ool-1-thread-62][0;39m [36mo.e.consumers.MyThirdTopicConsumer      [0;39m [2m:[0;39m received message: /Users/asiaserrano/ChromeDownloads/donwload_2025-01-25_02.54.42/SSalon - hairstyle - HN153.zip
[2m2025-01-25 03:01:09.896[0;39m [32m INFO[0;39m [35m42343[0;39m [2m---[0;39m [2m[ool-1-thread-62][0;39m [36mo.e.consumers.MyThirdTopicConsumer      [0;39m [2m:[0;39m Unzipping file /Users/asiaserrano/ChromeDownloads/donwload_2025-01-25_02.54.42/SSalon - hairstyle - HN153.zip
[2m2025-01-25 03:01:09.927[0;39m [32m INFO[0;39m [35m42343[0;39m [2m---[0;39m [2m[ool-1-thread-62][0;39m [36mo.e.consumers.MyThirdTopicConsumer      [0;39m [2m:[0;39m file deleted: /Users/asiaserrano/ChromeDownloads/donwload_2025-01-25_02.54.42/SSalon - hairstyle - HN153.zip
[2m2025-01-25 03:01:10.086[0;39m [32m INFO[0;39m [35m42343[0;39m [2m---[0;39m [2m[ool-1-thread-63][0;39m [36mo.e.consumers.MyThirdTopicConsumer      [0;39m [2m:[0;39m received message: /Users/asiaserrano/ChromeDownloads/donwload_2025-01-25_02.54.42/SSalon - hairstyle - HN161.zip
[2m2025-01-25 03:01:10.087[0;39m [32m INFO[0;39m [35m42343[0;39m [2m---[0;39m [2m[ool-1-thread-63][0;39m [36mo.e.consumers.MyThirdTopicConsumer      [0;39m [2m:[0;39m Unzipping file /Users/asiaserrano/ChromeDownloads/donwload_2025-01-25_02.54.42/SSalon - hairstyle - HN161.zip
[2m2025-01-25 03:01:10.151[0;39m [32m INFO[0;39m [35m42343[0;39m [2m---[0;39m [2m[ool-1-thread-63][0;39m [36mo.e.consumers.MyThirdTopicConsumer      [0;39m [2m:[0;39m file deleted: /Users/asiaserrano/ChromeDownloads/donwload_2025-01-25_02.54.42/SSalon - hairstyle - HN161.zip
[2m2025-01-25 03:01:10.687[0;39m [32m INFO[0;39m [35m42343[0;39m [2m---[0;39m [2m[ool-1-thread-64][0;39m [36mo.e.consumers.MyThirdTopicConsumer      [0;39m [2m:[0;39m received message: /Users/asiaserrano/ChromeDownloads/donwload_2025-01-25_02.54.42/SSalon - hairstyle - MP189.zip
[2m2025-01-25 03:01:10.688[0;39m [32m INFO[0;39m [35m42343[0;39m [2m---[0;39m [2m[ool-1-thread-64][0;39m [36mo.e.consumers.MyThirdTopicConsumer      [0;39m [2m:[0;39m Unzipping file /Users/asiaserrano/ChromeDownloads/donwload_2025-01-25_02.54.42/SSalon - hairstyle - MP189.zip
[2m2025-01-25 03:01:10.767[0;39m [32m INFO[0;39m [35m42343[0;39m [2m---[0;39m [2m[ool-1-thread-64][0;39m [36mo.e.consumers.MyThirdTopicConsumer      [0;39m [2m:[0;39m file deleted: /Users/asiaserrano/ChromeDownloads/donwload_2025-01-25_02.54.42/SSalon - hairstyle - MP189.zip
[2m2025-01-25 03:01:11.720[0;39m [32m INFO[0;39m [35m42343[0;39m [2m---[0;39m [2m[ool-1-thread-65][0;39m [36mo.e.consumers.MyThirdTopicConsumer      [0;39m [2m:[0;39m received message: /Users/asiaserrano/ChromeDownloads/donwload_2025-01-25_02.54.42/SSalon - hair - H119.zip
[2m2025-01-25 03:01:11.721[0;39m [32m INFO[0;39m [35m42343[0;39m [2m---[0;39m [2m[ool-1-thread-65][0;39m [36mo.e.consumers.MyThirdTopicConsumer      [0;39m [2m:[0;39m Unzipping file /Users/asiaserrano/ChromeDownloads/donwload_2025-01-25_02.54.42/SSalon - hair - H119.zip
[2m2025-01-25 03:01:11.777[0;39m [32m INFO[0;39m [35m42343[0;39m [2m---[0;39m [2m[ool-1-thread-65][0;39m [36mo.e.consumers.MyThirdTopicConsumer      [0;39m [2m:[0;39m file deleted: /Users/asiaserrano/ChromeDownloads/donwload_2025-01-25_02.54.42/SSalon - hair - H119.zip
[2m2025-01-25 03:01:12.437[0;39m [32m INFO[0;39m [35m42343[0;39m [2m---[0;39m [2m[ool-1-thread-66][0;39m [36mo.e.consumers.MyThirdTopicConsumer      [0;39m [2m:[0;39m received message: /Users/asiaserrano/ChromeDownloads/donwload_2025-01-25_02.54.42/SSalon hair H104.zip
[2m2025-01-25 03:01:12.437[0;39m [32m INFO[0;39m [35m42343[0;39m [2m---[0;39m [2m[ool-1-thread-66][0;39m [36mo.e.consumers.MyThirdTopicConsumer      [0;39m [2m:[0;39m Unzipping file /Users/asiaserrano/ChromeDownloads/donwload_2025-01-25_02.54.42/SSalon hair H104.zip
[2m2025-01-25 03:01:12.489[0;39m [32m INFO[0;39m [35m42343[0;39m [2m---[0;39m [2m[ool-1-thread-66][0;39m [36mo.e.consumers.MyThirdTopicConsumer      [0;39m [2m:[0;39m file deleted: /Users/asiaserrano/ChromeDownloads/donwload_2025-01-25_02.54.42/SSalon hair H104.zip
[2m2025-01-25 03:01:12.980[0;39m [32m INFO[0;39m [35m42343[0;39m [2m---[0;39m [2m[ool-1-thread-67][0;39m [36mo.e.consumers.MyThirdTopicConsumer      [0;39m [2m:[0;39m received message: /Users/asiaserrano/ChromeDownloads/donwload_2025-01-25_02.54.42/SSalon hair H103.zip
[2m2025-01-25 03:01:12.981[0;39m [32m INFO[0;39m [35m42343[0;39m [2m---[0;39m [2m[ool-1-thread-67][0;39m [36mo.e.consumers.MyThirdTopicConsumer      [0;39m [2m:[0;39m Unzipping file /Users/asiaserrano/ChromeDownloads/donwload_2025-01-25_02.54.42/SSalon hair H103.zip
[2m2025-01-25 03:01:13.023[0;39m [32m INFO[0;39m [35m42343[0;39m [2m---[0;39m [2m[ool-1-thread-67][0;39m [36mo.e.consumers.MyThirdTopicConsumer      [0;39m [2m:[0;39m file deleted: /Users/asiaserrano/ChromeDownloads/donwload_2025-01-25_02.54.42/SSalon hair H103.zip
[2m2025-01-25 03:01:13.940[0;39m [32m INFO[0;39m [35m42343[0;39m [2m---[0;39m [2m[ool-1-thread-68][0;39m [36mo.e.consumers.MyThirdTopicConsumer      [0;39m [2m:[0;39m received message: /Users/asiaserrano/ChromeDownloads/donwload_2025-01-25_02.54.42/SSalon - hairstyle - H132.zip
[2m2025-01-25 03:01:13.941[0;39m [32m INFO[0;39m [35m42343[0;39m [2m---[0;39m [2m[ool-1-thread-68][0;39m [36mo.e.consumers.MyThirdTopicConsumer      [0;39m [2m:[0;39m Unzipping file /Users/asiaserrano/ChromeDownloads/donwload_2025-01-25_02.54.42/SSalon - hairstyle - H132.zip
[2m2025-01-25 03:01:14.006[0;39m [32m INFO[0;39m [35m42343[0;39m [2m---[0;39m [2m[ool-1-thread-68][0;39m [36mo.e.consumers.MyThirdTopicConsumer      [0;39m [2m:[0;39m file deleted: /Users/asiaserrano/ChromeDownloads/donwload_2025-01-25_02.54.42/SSalon - hairstyle - H132.zip
[2m2025-01-25 03:01:15.375[0;39m [32m INFO[0;39m [35m42343[0;39m [2m---[0;39m [2m[ool-1-thread-69][0;39m [36mo.e.consumers.MyThirdTopicConsumer      [0;39m [2m:[0;39m received message: /Users/asiaserrano/ChromeDownloads/donwload_2025-01-25_02.54.42/SSalon - hairstyle - SS136.zip
[2m2025-01-25 03:01:15.376[0;39m [32m INFO[0;39m [35m42343[0;39m [2m---[0;39m [2m[ool-1-thread-69][0;39m [36mo.e.consumers.MyThirdTopicConsumer      [0;39m [2m:[0;39m Unzipping file /Users/asiaserrano/ChromeDownloads/donwload_2025-01-25_02.54.42/SSalon - hairstyle - SS136.zip
[2m2025-01-25 03:01:15.452[0;39m [32m INFO[0;39m [35m42343[0;39m [2m---[0;39m [2m[ool-1-thread-69][0;39m [36mo.e.consumers.MyThirdTopicConsumer      [0;39m [2m:[0;39m file deleted: /Users/asiaserrano/ChromeDownloads/donwload_2025-01-25_02.54.42/SSalon - hairstyle - SS136.zip
[2m2025-01-25 03:01:15.763[0;39m [32m INFO[0;39m [35m42343[0;39m [2m---[0;39m [2m[ool-1-thread-70][0;39m [36mo.e.consumers.MyThirdTopicConsumer      [0;39m [2m:[0;39m received message: /Users/asiaserrano/ChromeDownloads/donwload_2025-01-25_02.54.42/SSalon hairstyle S96.zip
[2m2025-01-25 03:01:15.763[0;39m [32m INFO[0;39m [35m42343[0;39m [2m---[0;39m [2m[ool-1-thread-70][0;39m [36mo.e.consumers.MyThirdTopicConsumer      [0;39m [2m:[0;39m Unzipping file /Users/asiaserrano/ChromeDownloads/donwload_2025-01-25_02.54.42/SSalon hairstyle S96.zip
[2m2025-01-25 03:01:15.807[0;39m [32m INFO[0;39m [35m42343[0;39m [2m---[0;39m [2m[ool-1-thread-70][0;39m [36mo.e.consumers.MyThirdTopicConsumer      [0;39m [2m:[0;39m file deleted: /Users/asiaserrano/ChromeDownloads/donwload_2025-01-25_02.54.42/SSalon hairstyle S96.zip
[2m2025-01-25 03:01:15.835[0;39m [32m INFO[0;39m [35m42343[0;39m [2m---[0;39m [2m[ool-1-thread-71][0;39m [36mo.e.consumers.MyThirdTopicConsumer      [0;39m [2m:[0;39m received message: /Users/asiaserrano/ChromeDownloads/donwload_2025-01-25_02.54.42/SSalon - hairstyle - NH156.zip
[2m2025-01-25 03:01:15.835[0;39m [32m INFO[0;39m [35m42343[0;39m [2m---[0;39m [2m[ool-1-thread-71][0;39m [36mo.e.consumers.MyThirdTopicConsumer      [0;39m [2m:[0;39m Unzipping file /Users/asiaserrano/ChromeDownloads/donwload_2025-01-25_02.54.42/SSalon - hairstyle - NH156.zip
[2m2025-01-25 03:01:15.869[0;39m [32m INFO[0;39m [35m42343[0;39m [2m---[0;39m [2m[ool-1-thread-71][0;39m [36mo.e.consumers.MyThirdTopicConsumer      [0;39m [2m:[0;39m file deleted: /Users/asiaserrano/ChromeDownloads/donwload_2025-01-25_02.54.42/SSalon - hairstyle - NH156.zip
[2m2025-01-25 03:01:16.462[0;39m [32m INFO[0;39m [35m42343[0;39m [2m---[0;39m [2m[ool-1-thread-72][0;39m [36mo.e.consumers.MyThirdTopicConsumer      [0;39m [2m:[0;39m received message: /Users/asiaserrano/ChromeDownloads/donwload_2025-01-25_02.54.42/SSalon - hairstyle - 144.zip
[2m2025-01-25 03:01:16.462[0;39m [32m INFO[0;39m [35m42343[0;39m [2m---[0;39m [2m[ool-1-thread-72][0;39m [36mo.e.consumers.MyThirdTopicConsumer      [0;39m [2m:[0;39m Unzipping file /Users/asiaserrano/ChromeDownloads/donwload_2025-01-25_02.54.42/SSalon - hairstyle - 144.zip
[2m2025-01-25 03:01:16.535[0;39m [32m INFO[0;39m [35m42343[0;39m [2m---[0;39m [2m[ool-1-thread-72][0;39m [36mo.e.consumers.MyThirdTopicConsumer      [0;39m [2m:[0;39m file deleted: /Users/asiaserrano/ChromeDownloads/donwload_2025-01-25_02.54.42/SSalon - hairstyle - 144.zip
[2m2025-01-25 03:01:16.898[0;39m [32m INFO[0;39m [35m42343[0;39m [2m---[0;39m [2m[ool-1-thread-73][0;39m [36mo.e.consumers.MyThirdTopicConsumer      [0;39m [2m:[0;39m received message: /Users/asiaserrano/ChromeDownloads/donwload_2025-01-25_02.54.42/SSalon hairstyle B58.zip
[2m2025-01-25 03:01:16.898[0;39m [32m INFO[0;39m [35m42343[0;39m [2m---[0;39m [2m[ool-1-thread-73][0;39m [36mo.e.consumers.MyThirdTopicConsumer      [0;39m [2m:[0;39m Unzipping file /Users/asiaserrano/ChromeDownloads/donwload_2025-01-25_02.54.42/SSalon hairstyle B58.zip
[2m2025-01-25 03:01:16.940[0;39m [32m INFO[0;39m [35m42343[0;39m [2m---[0;39m [2m[ool-1-thread-73][0;39m [36mo.e.consumers.MyThirdTopicConsumer      [0;39m [2m:[0;39m file deleted: /Users/asiaserrano/ChromeDownloads/donwload_2025-01-25_02.54.42/SSalon hairstyle B58.zip
[2m2025-01-25 03:01:17.294[0;39m [32m INFO[0;39m [35m42343[0;39m [2m---[0;39m [2m[ool-1-thread-74][0;39m [36mo.e.consumers.MyThirdTopicConsumer      [0;39m [2m:[0;39m received message: /Users/asiaserrano/ChromeDownloads/donwload_2025-01-25_02.54.42/SSalon - hair - H118.zip
[2m2025-01-25 03:01:17.294[0;39m [32m INFO[0;39m [35m42343[0;39m [2m---[0;39m [2m[ool-1-thread-74][0;39m [36mo.e.consumers.MyThirdTopicConsumer      [0;39m [2m:[0;39m Unzipping file /Users/asiaserrano/ChromeDownloads/donwload_2025-01-25_02.54.42/SSalon - hair - H118.zip
[2m2025-01-25 03:01:17.321[0;39m [32m INFO[0;39m [35m42343[0;39m [2m---[0;39m [2m[ool-1-thread-75][0;39m [36mo.e.consumers.MyThirdTopicConsumer      [0;39m [2m:[0;39m received message: /Users/asiaserrano/ChromeDownloads/donwload_2025-01-25_02.54.42/SSalon - hairstyle - AB170.zip
[2m2025-01-25 03:01:17.321[0;39m [32m INFO[0;39m [35m42343[0;39m [2m---[0;39m [2m[ool-1-thread-75][0;39m [36mo.e.consumers.MyThirdTopicConsumer      [0;39m [2m:[0;39m Unzipping file /Users/asiaserrano/ChromeDownloads/donwload_2025-01-25_02.54.42/SSalon - hairstyle - AB170.zip
[2m2025-01-25 03:01:17.344[0;39m [32m INFO[0;39m [35m42343[0;39m [2m---[0;39m [2m[ool-1-thread-74][0;39m [36mo.e.consumers.MyThirdTopicConsumer      [0;39m [2m:[0;39m file deleted: /Users/asiaserrano/ChromeDownloads/donwload_2025-01-25_02.54.42/SSalon - hair - H118.zip
[2m2025-01-25 03:01:17.365[0;39m [32m INFO[0;39m [35m42343[0;39m [2m---[0;39m [2m[ool-1-thread-75][0;39m [36mo.e.consumers.MyThirdTopicConsumer      [0;39m [2m:[0;39m file deleted: /Users/asiaserrano/ChromeDownloads/donwload_2025-01-25_02.54.42/SSalon - hairstyle - AB170.zip
[2m2025-01-25 03:01:17.687[0;39m [32m INFO[0;39m [35m42343[0;39m [2m---[0;39m [2m[ool-1-thread-76][0;39m [36mo.e.consumers.MyThirdTopicConsumer      [0;39m [2m:[0;39m received message: /Users/asiaserrano/ChromeDownloads/donwload_2025-01-25_02.54.42/SSalon hairstyle B62.zip
[2m2025-01-25 03:01:17.687[0;39m [32m INFO[0;39m [35m42343[0;39m [2m---[0;39m [2m[ool-1-thread-76][0;39m [36mo.e.consumers.MyThirdTopicConsumer      [0;39m [2m:[0;39m Unzipping file /Users/asiaserrano/ChromeDownloads/donwload_2025-01-25_02.54.42/SSalon hairstyle B62.zip
[2m2025-01-25 03:01:17.724[0;39m [32m INFO[0;39m [35m42343[0;39m [2m---[0;39m [2m[ool-1-thread-76][0;39m [36mo.e.consumers.MyThirdTopicConsumer      [0;39m [2m:[0;39m file deleted: /Users/asiaserrano/ChromeDownloads/donwload_2025-01-25_02.54.42/SSalon hairstyle B62.zip
[2m2025-01-25 03:01:17.971[0;39m [32m INFO[0;39m [35m42343[0;39m [2m---[0;39m [2m[ool-1-thread-77][0;39m [36mo.e.consumers.MyThirdTopicConsumer      [0;39m [2m:[0;39m received message: /Users/asiaserrano/ChromeDownloads/donwload_2025-01-25_02.54.42/SSalon - hairstyle - MS164.zip
[2m2025-01-25 03:01:17.971[0;39m [32m INFO[0;39m [35m42343[0;39m [2m---[0;39m [2m[ool-1-thread-77][0;39m [36mo.e.consumers.MyThirdTopicConsumer      [0;39m [2m:[0;39m Unzipping file /Users/asiaserrano/ChromeDownloads/donwload_2025-01-25_02.54.42/SSalon - hairstyle - MS164.zip
[2m2025-01-25 03:01:17.974[0;39m [32m INFO[0;39m [35m42343[0;39m [2m---[0;39m [2m[ool-1-thread-78][0;39m [36mo.e.consumers.MyThirdTopicConsumer      [0;39m [2m:[0;39m received message: /Users/asiaserrano/ChromeDownloads/donwload_2025-01-25_02.54.42/SSalon Hair L11.zip
[2m2025-01-25 03:01:17.974[0;39m [32m INFO[0;39m [35m42343[0;39m [2m---[0;39m [2m[ool-1-thread-78][0;39m [36mo.e.consumers.MyThirdTopicConsumer      [0;39m [2m:[0;39m Unzipping file /Users/asiaserrano/ChromeDownloads/donwload_2025-01-25_02.54.42/SSalon Hair L11.zip
[2m2025-01-25 03:01:18.018[0;39m [32m INFO[0;39m [35m42343[0;39m [2m---[0;39m [2m[ool-1-thread-77][0;39m [36mo.e.consumers.MyThirdTopicConsumer      [0;39m [2m:[0;39m file deleted: /Users/asiaserrano/ChromeDownloads/donwload_2025-01-25_02.54.42/SSalon - hairstyle - MS164.zip
[2m2025-01-25 03:01:18.034[0;39m [32m INFO[0;39m [35m42343[0;39m [2m---[0;39m [2m[ool-1-thread-78][0;39m [36mo.e.consumers.MyThirdTopicConsumer      [0;39m [2m:[0;39m file deleted: /Users/asiaserrano/ChromeDownloads/donwload_2025-01-25_02.54.42/SSalon Hair L11.zip
[2m2025-01-25 03:01:19.006[0;39m [32m INFO[0;39m [35m42343[0;39m [2m---[0;39m [2m[ool-1-thread-79][0;39m [36mo.e.consumers.MyThirdTopicConsumer      [0;39m [2m:[0;39m received message: /Users/asiaserrano/ChromeDownloads/donwload_2025-01-25_02.54.42/SSalon - hairstyle - B192.zip
[2m2025-01-25 03:01:19.007[0;39m [32m INFO[0;39m [35m42343[0;39m [2m---[0;39m [2m[ool-1-thread-79][0;39m [36mo.e.consumers.MyThirdTopicConsumer      [0;39m [2m:[0;39m Unzipping file /Users/asiaserrano/ChromeDownloads/donwload_2025-01-25_02.54.42/SSalon - hairstyle - B192.zip
[2m2025-01-25 03:01:19.026[0;39m [32m INFO[0;39m [35m42343[0;39m [2m---[0;39m [2m[ool-1-thread-80][0;39m [36mo.e.consumers.MyThirdTopicConsumer      [0;39m [2m:[0;39m received message: /Users/asiaserrano/ChromeDownloads/donwload_2025-01-25_02.54.42/SSalon - hairstyle - H134.zip
[2m2025-01-25 03:01:19.026[0;39m [32m INFO[0;39m [35m42343[0;39m [2m---[0;39m [2m[ool-1-thread-80][0;39m [36mo.e.consumers.MyThirdTopicConsumer      [0;39m [2m:[0;39m Unzipping file /Users/asiaserrano/ChromeDownloads/donwload_2025-01-25_02.54.42/SSalon - hairstyle - H134.zip
[2m2025-01-25 03:01:19.047[0;39m [32m INFO[0;39m [35m42343[0;39m [2m---[0;39m [2m[ool-1-thread-79][0;39m [36mo.e.consumers.MyThirdTopicConsumer      [0;39m [2m:[0;39m file deleted: /Users/asiaserrano/ChromeDownloads/donwload_2025-01-25_02.54.42/SSalon - hairstyle - B192.zip
[2m2025-01-25 03:01:19.071[0;39m [32m INFO[0;39m [35m42343[0;39m [2m---[0;39m [2m[ool-1-thread-80][0;39m [36mo.e.consumers.MyThirdTopicConsumer      [0;39m [2m:[0;39m file deleted: /Users/asiaserrano/ChromeDownloads/donwload_2025-01-25_02.54.42/SSalon - hairstyle - H134.zip
[2m2025-01-25 03:01:20.305[0;39m [32m INFO[0;39m [35m42343[0;39m [2m---[0;39m [2m[ool-1-thread-81][0;39m [36mo.e.consumers.MyThirdTopicConsumer      [0;39m [2m:[0;39m received message: /Users/asiaserrano/ChromeDownloads/donwload_2025-01-25_02.54.42/SSalon hairstyle P46.zip
[2m2025-01-25 03:01:20.305[0;39m [32m INFO[0;39m [35m42343[0;39m [2m---[0;39m [2m[ool-1-thread-81][0;39m [36mo.e.consumers.MyThirdTopicConsumer      [0;39m [2m:[0;39m Unzipping file /Users/asiaserrano/ChromeDownloads/donwload_2025-01-25_02.54.42/SSalon hairstyle P46.zip
[2m2025-01-25 03:01:20.381[0;39m [32m INFO[0;39m [35m42343[0;39m [2m---[0;39m [2m[ool-1-thread-81][0;39m [36mo.e.consumers.MyThirdTopicConsumer      [0;39m [2m:[0;39m file deleted: /Users/asiaserrano/ChromeDownloads/donwload_2025-01-25_02.54.42/SSalon hairstyle P46.zip
[2m2025-01-25 03:01:20.427[0;39m [32m INFO[0;39m [35m42343[0;39m [2m---[0;39m [2m[ool-1-thread-82][0;39m [36mo.e.consumers.MyThirdTopicConsumer      [0;39m [2m:[0;39m received message: /Users/asiaserrano/ChromeDownloads/donwload_2025-01-25_02.54.42/SSalon hairstyle B75.zip
[2m2025-01-25 03:01:20.427[0;39m [32m INFO[0;39m [35m42343[0;39m [2m---[0;39m [2m[ool-1-thread-82][0;39m [36mo.e.consumers.MyThirdTopicConsumer      [0;39m [2m:[0;39m Unzipping file /Users/asiaserrano/ChromeDownloads/donwload_2025-01-25_02.54.42/SSalon hairstyle B75.zip
[2m2025-01-25 03:01:20.455[0;39m [32m INFO[0;39m [35m42343[0;39m [2m---[0;39m [2m[ool-1-thread-82][0;39m [36mo.e.consumers.MyThirdTopicConsumer      [0;39m [2m:[0;39m file deleted: /Users/asiaserrano/ChromeDownloads/donwload_2025-01-25_02.54.42/SSalon hairstyle B75.zip
[2m2025-01-25 03:01:22.460[0;39m [32m INFO[0;39m [35m42343[0;39m [2m---[0;39m [2m[ool-1-thread-83][0;39m [36mo.e.consumers.MyThirdTopicConsumer      [0;39m [2m:[0;39m received message: /Users/asiaserrano/ChromeDownloads/donwload_2025-01-25_02.54.42/SSalon - hairstyle - BA149.zip
[2m2025-01-25 03:01:22.460[0;39m [32m INFO[0;39m [35m42343[0;39m [2m---[0;39m [2m[ool-1-thread-83][0;39m [36mo.e.consumers.MyThirdTopicConsumer      [0;39m [2m:[0;39m Unzipping file /Users/asiaserrano/ChromeDownloads/donwload_2025-01-25_02.54.42/SSalon - hairstyle - BA149.zip
[2m2025-01-25 03:01:22.546[0;39m [32m INFO[0;39m [35m42343[0;39m [2m---[0;39m [2m[ool-1-thread-83][0;39m [36mo.e.consumers.MyThirdTopicConsumer      [0;39m [2m:[0;39m file deleted: /Users/asiaserrano/ChromeDownloads/donwload_2025-01-25_02.54.42/SSalon - hairstyle - BA149.zip
[2m2025-01-25 03:01:23.734[0;39m [32m INFO[0;39m [35m42343[0;39m [2m---[0;39m [2m[ool-1-thread-84][0;39m [36mo.e.consumers.MyThirdTopicConsumer      [0;39m [2m:[0;39m received message: /Users/asiaserrano/ChromeDownloads/donwload_2025-01-25_02.54.42/SSalon hair S99.zip
[2m2025-01-25 03:01:23.734[0;39m [32m INFO[0;39m [35m42343[0;39m [2m---[0;39m [2m[ool-1-thread-84][0;39m [36mo.e.consumers.MyThirdTopicConsumer      [0;39m [2m:[0;39m Unzipping file /Users/asiaserrano/ChromeDownloads/donwload_2025-01-25_02.54.42/SSalon hair S99.zip
[2m2025-01-25 03:01:23.784[0;39m [32m INFO[0;39m [35m42343[0;39m [2m---[0;39m [2m[ool-1-thread-84][0;39m [36mo.e.consumers.MyThirdTopicConsumer      [0;39m [2m:[0;39m file deleted: /Users/asiaserrano/ChromeDownloads/donwload_2025-01-25_02.54.42/SSalon hair S99.zip
[2m2025-01-25 03:01:23.997[0;39m [32m INFO[0;39m [35m42343[0;39m [2m---[0;39m [2m[ool-1-thread-85][0;39m [36mo.e.consumers.MyThirdTopicConsumer      [0;39m [2m:[0;39m received message: /Users/asiaserrano/ChromeDownloads/donwload_2025-01-25_02.54.42/SSalon - hairstyle - H122.zip
[2m2025-01-25 03:01:23.997[0;39m [32m INFO[0;39m [35m42343[0;39m [2m---[0;39m [2m[ool-1-thread-85][0;39m [36mo.e.consumers.MyThirdTopicConsumer      [0;39m [2m:[0;39m Unzipping file /Users/asiaserrano/ChromeDownloads/donwload_2025-01-25_02.54.42/SSalon - hairstyle - H122.zip
[2m2025-01-25 03:01:24.035[0;39m [32m INFO[0;39m [35m42343[0;39m [2m---[0;39m [2m[ool-1-thread-85][0;39m [36mo.e.consumers.MyThirdTopicConsumer      [0;39m [2m:[0;39m file deleted: /Users/asiaserrano/ChromeDownloads/donwload_2025-01-25_02.54.42/SSalon - hairstyle - H122.zip
[2m2025-01-25 03:01:25.321[0;39m [32m INFO[0;39m [35m42343[0;39m [2m---[0;39m [2m[ool-1-thread-86][0;39m [36mo.e.consumers.MyThirdTopicConsumer      [0;39m [2m:[0;39m received message: /Users/asiaserrano/ChromeDownloads/donwload_2025-01-25_02.54.42/SSalon - hairstyle - CS140.zip
[2m2025-01-25 03:01:25.324[0;39m [32m INFO[0;39m [35m42343[0;39m [2m---[0;39m [2m[ool-1-thread-86][0;39m [36mo.e.consumers.MyThirdTopicConsumer      [0;39m [2m:[0;39m Unzipping file /Users/asiaserrano/ChromeDownloads/donwload_2025-01-25_02.54.42/SSalon - hairstyle - CS140.zip
[2m2025-01-25 03:01:25.434[0;39m [32m INFO[0;39m [35m42343[0;39m [2m---[0;39m [2m[ool-1-thread-86][0;39m [36mo.e.consumers.MyThirdTopicConsumer      [0;39m [2m:[0;39m file deleted: /Users/asiaserrano/ChromeDownloads/donwload_2025-01-25_02.54.42/SSalon - hairstyle - CS140.zip
[2m2025-01-25 03:01:27.425[0;39m [32m INFO[0;39m [35m42343[0;39m [2m---[0;39m [2m[ool-1-thread-87][0;39m [36mo.e.consumers.MyThirdTopicConsumer      [0;39m [2m:[0;39m received message: /Users/asiaserrano/ChromeDownloads/donwload_2025-01-25_02.54.42/SSalon - hairstyle - H135.zip
[2m2025-01-25 03:01:27.425[0;39m [32m INFO[0;39m [35m42343[0;39m [2m---[0;39m [2m[ool-1-thread-87][0;39m [36mo.e.consumers.MyThirdTopicConsumer      [0;39m [2m:[0;39m Unzipping file /Users/asiaserrano/ChromeDownloads/donwload_2025-01-25_02.54.42/SSalon - hairstyle - H135.zip
[2m2025-01-25 03:01:27.505[0;39m [32m INFO[0;39m [35m42343[0;39m [2m---[0;39m [2m[ool-1-thread-87][0;39m [36mo.e.consumers.MyThirdTopicConsumer      [0;39m [2m:[0;39m file deleted: /Users/asiaserrano/ChromeDownloads/donwload_2025-01-25_02.54.42/SSalon - hairstyle - H135.zip
[2m2025-01-25 03:01:27.672[0;39m [32m INFO[0;39m [35m42343[0;39m [2m---[0;39m [2m[ool-1-thread-88][0;39m [36mo.e.consumers.MyThirdTopicConsumer      [0;39m [2m:[0;39m received message: /Users/asiaserrano/ChromeDownloads/donwload_2025-01-25_02.54.42/SSalon - hairstyle - J142.zip
[2m2025-01-25 03:01:27.672[0;39m [32m INFO[0;39m [35m42343[0;39m [2m---[0;39m [2m[ool-1-thread-88][0;39m [36mo.e.consumers.MyThirdTopicConsumer      [0;39m [2m:[0;39m Unzipping file /Users/asiaserrano/ChromeDownloads/donwload_2025-01-25_02.54.42/SSalon - hairstyle - J142.zip
[2m2025-01-25 03:01:27.734[0;39m [32m INFO[0;39m [35m42343[0;39m [2m---[0;39m [2m[ool-1-thread-88][0;39m [36mo.e.consumers.MyThirdTopicConsumer      [0;39m [2m:[0;39m file deleted: /Users/asiaserrano/ChromeDownloads/donwload_2025-01-25_02.54.42/SSalon - hairstyle - J142.zip
[2m2025-01-25 03:01:28.358[0;39m [32m INFO[0;39m [35m42343[0;39m [2m---[0;39m [2m[ool-1-thread-89][0;39m [36mo.e.consumers.MyThirdTopicConsumer      [0;39m [2m:[0;39m received message: /Users/asiaserrano/ChromeDownloads/donwload_2025-01-25_02.54.42/SSalon Hairstyle H106.zip
[2m2025-01-25 03:01:28.359[0;39m [32m INFO[0;39m [35m42343[0;39m [2m---[0;39m [2m[ool-1-thread-89][0;39m [36mo.e.consumers.MyThirdTopicConsumer      [0;39m [2m:[0;39m Unzipping file /Users/asiaserrano/ChromeDownloads/donwload_2025-01-25_02.54.42/SSalon Hairstyle H106.zip
[2m2025-01-25 03:01:28.441[0;39m [32m INFO[0;39m [35m42343[0;39m [2m---[0;39m [2m[ool-1-thread-89][0;39m [36mo.e.consumers.MyThirdTopicConsumer      [0;39m [2m:[0;39m file deleted: /Users/asiaserrano/ChromeDownloads/donwload_2025-01-25_02.54.42/SSalon Hairstyle H106.zip
[2m2025-01-25 03:01:28.454[0;39m [32m INFO[0;39m [35m42343[0;39m [2m---[0;39m [2m[ool-1-thread-90][0;39m [36mo.e.consumers.MyThirdTopicConsumer      [0;39m [2m:[0;39m received message: /Users/asiaserrano/ChromeDownloads/donwload_2025-01-25_02.54.42/SSalon - hairstyle - BA148.zip
[2m2025-01-25 03:01:28.454[0;39m [32m INFO[0;39m [35m42343[0;39m [2m---[0;39m [2m[ool-1-thread-90][0;39m [36mo.e.consumers.MyThirdTopicConsumer      [0;39m [2m:[0;39m Unzipping file /Users/asiaserrano/ChromeDownloads/donwload_2025-01-25_02.54.42/SSalon - hairstyle - BA148.zip
[2m2025-01-25 03:01:28.522[0;39m [32m INFO[0;39m [35m42343[0;39m [2m---[0;39m [2m[ool-1-thread-90][0;39m [36mo.e.consumers.MyThirdTopicConsumer      [0;39m [2m:[0;39m file deleted: /Users/asiaserrano/ChromeDownloads/donwload_2025-01-25_02.54.42/SSalon - hairstyle - BA148.zip
[2m2025-01-25 03:01:28.955[0;39m [32m INFO[0;39m [35m42343[0;39m [2m---[0;39m [2m[ool-1-thread-91][0;39m [36mo.e.consumers.MyThirdTopicConsumer      [0;39m [2m:[0;39m received message: /Users/asiaserrano/ChromeDownloads/donwload_2025-01-25_02.54.42/SSalon Hair 01.zip
[2m2025-01-25 03:01:28.956[0;39m [32m INFO[0;39m [35m42343[0;39m [2m---[0;39m [2m[ool-1-thread-91][0;39m [36mo.e.consumers.MyThirdTopicConsumer      [0;39m [2m:[0;39m Unzipping file /Users/asiaserrano/ChromeDownloads/donwload_2025-01-25_02.54.42/SSalon Hair 01.zip
[2m2025-01-25 03:01:29.051[0;39m [32m INFO[0;39m [35m42343[0;39m [2m---[0;39m [2m[ool-1-thread-91][0;39m [36mo.e.consumers.MyThirdTopicConsumer      [0;39m [2m:[0;39m file deleted: /Users/asiaserrano/ChromeDownloads/donwload_2025-01-25_02.54.42/SSalon Hair 01.zip
[2m2025-01-25 03:01:29.292[0;39m [32m INFO[0;39m [35m42343[0;39m [2m---[0;39m [2m[ool-1-thread-92][0;39m [36mo.e.consumers.MyThirdTopicConsumer      [0;39m [2m:[0;39m received message: /Users/asiaserrano/ChromeDownloads/donwload_2025-01-25_02.54.42/SSalon - hairstyle - SS146.zip
[2m2025-01-25 03:01:29.292[0;39m [32m INFO[0;39m [35m42343[0;39m [2m---[0;39m [2m[ool-1-thread-92][0;39m [36mo.e.consumers.MyThirdTopicConsumer      [0;39m [2m:[0;39m Unzipping file /Users/asiaserrano/ChromeDownloads/donwload_2025-01-25_02.54.42/SSalon - hairstyle - SS146.zip
[2m2025-01-25 03:01:29.356[0;39m [32m INFO[0;39m [35m42343[0;39m [2m---[0;39m [2m[ool-1-thread-92][0;39m [36mo.e.consumers.MyThirdTopicConsumer      [0;39m [2m:[0;39m file deleted: /Users/asiaserrano/ChromeDownloads/donwload_2025-01-25_02.54.42/SSalon - hairstyle - SS146.zip
[2m2025-01-25 03:01:30.055[0;39m [32m INFO[0;39m [35m42343[0;39m [2m---[0;39m [2m[ool-1-thread-93][0;39m [36mo.e.consumers.MyThirdTopicConsumer      [0;39m [2m:[0;39m received message: /Users/asiaserrano/ChromeDownloads/donwload_2025-01-25_02.54.42/SSalon - hairstyle - T141.zip
[2m2025-01-25 03:01:30.056[0;39m [32m INFO[0;39m [35m42343[0;39m [2m---[0;39m [2m[ool-1-thread-93][0;39m [36mo.e.consumers.MyThirdTopicConsumer      [0;39m [2m:[0;39m Unzipping file /Users/asiaserrano/ChromeDownloads/donwload_2025-01-25_02.54.42/SSalon - hairstyle - T141.zip
[2m2025-01-25 03:01:30.139[0;39m [32m INFO[0;39m [35m42343[0;39m [2m---[0;39m [2m[ool-1-thread-93][0;39m [36mo.e.consumers.MyThirdTopicConsumer      [0;39m [2m:[0;39m file deleted: /Users/asiaserrano/ChromeDownloads/donwload_2025-01-25_02.54.42/SSalon - hairstyle - T141.zip
[2m2025-01-25 03:02:28.035[0;39m [32m INFO[0;39m [35m42343[0;39m [2m---[0;39m [2m[ool-1-thread-94][0;39m [36mo.e.consumers.MyThirdTopicConsumer      [0;39m [2m:[0;39m received message: /Users/asiaserrano/ChromeDownloads/donwload_2025-01-25_02.54.42/SSalon hair B57.zip
[2m2025-01-25 03:02:28.036[0;39m [32m INFO[0;39m [35m42343[0;39m [2m---[0;39m [2m[ool-1-thread-94][0;39m [36mo.e.consumers.MyThirdTopicConsumer      [0;39m [2m:[0;39m Unzipping file /Users/asiaserrano/ChromeDownloads/donwload_2025-01-25_02.54.42/SSalon hair B57.zip
[2m2025-01-25 03:02:28.092[0;39m [32m INFO[0;39m [35m42343[0;39m [2m---[0;39m [2m[ool-1-thread-94][0;39m [36mo.e.consumers.MyThirdTopicConsumer      [0;39m [2m:[0;39m file deleted: /Users/asiaserrano/ChromeDownloads/donwload_2025-01-25_02.54.42/SSalon hair B57.zip
[2m2025-01-25 03:02:53.316[0;39m [32m INFO[0;39m [35m42343[0;39m [2m---[0;39m [2m[ntainer#0-0-C-1][0;39m [36morg.apache.kafka.clients.NetworkClient  [0;39m [2m:[0;39m [Consumer clientId=consumer-consumer-group-1, groupId=consumer-group] Node -1 disconnected.
[2m2025-01-25 03:26:55.022[0;39m [32m INFO[0;39m [35m42343[0;39m [2m---[0;39m [2m[ consumer-group][0;39m [36mo.a.k.c.c.internals.ConsumerCoordinator [0;39m [2m:[0;39m [Consumer clientId=consumer-consumer-group-1, groupId=consumer-group] Group coordinator localhost:9092 (id: 2147483646 rack: null) is unavailable or invalid due to cause: session timed out without receiving a heartbeat response. isDisconnected: false. Rediscovery will be attempted.
[2m2025-01-25 03:26:55.040[0;39m [32m INFO[0;39m [35m42343[0;39m [2m---[0;39m [2m[ consumer-group][0;39m [36mo.a.k.c.c.internals.ConsumerCoordinator [0;39m [2m:[0;39m [Consumer clientId=consumer-consumer-group-1, groupId=consumer-group] Requesting disconnect from last known coordinator localhost:9092 (id: 2147483646 rack: null)
[2m2025-01-25 03:26:55.045[0;39m [32m INFO[0;39m [35m42343[0;39m [2m---[0;39m [2m[ consumer-group][0;39m [36morg.apache.kafka.clients.NetworkClient  [0;39m [2m:[0;39m [Consumer clientId=consumer-consumer-group-1, groupId=consumer-group] Client requested disconnect from node 2147483646
[2m2025-01-25 03:26:55.089[0;39m [32m INFO[0;39m [35m42343[0;39m [2m---[0;39m [2m[ntainer#0-0-C-1][0;39m [36mo.a.k.c.c.internals.ConsumerCoordinator [0;39m [2m:[0;39m [Consumer clientId=consumer-consumer-group-1, groupId=consumer-group] Discovered group coordinator localhost:9092 (id: 2147483646 rack: null)
[2m2025-01-25 03:42:20.278[0;39m [32m INFO[0;39m [35m42343[0;39m [2m---[0;39m [2m[ consumer-group][0;39m [36mo.a.k.c.c.internals.ConsumerCoordinator [0;39m [2m:[0;39m [Consumer clientId=consumer-consumer-group-1, groupId=consumer-group] Group coordinator localhost:9092 (id: 2147483646 rack: null) is unavailable or invalid due to cause: session timed out without receiving a heartbeat response. isDisconnected: false. Rediscovery will be attempted.
[2m2025-01-25 03:42:20.282[0;39m [32m INFO[0;39m [35m42343[0;39m [2m---[0;39m [2m[ consumer-group][0;39m [36mo.a.k.c.c.internals.ConsumerCoordinator [0;39m [2m:[0;39m [Consumer clientId=consumer-consumer-group-1, groupId=consumer-group] Requesting disconnect from last known coordinator localhost:9092 (id: 2147483646 rack: null)
[2m2025-01-25 03:42:20.282[0;39m [32m INFO[0;39m [35m42343[0;39m [2m---[0;39m [2m[ consumer-group][0;39m [36morg.apache.kafka.clients.NetworkClient  [0;39m [2m:[0;39m [Consumer clientId=consumer-consumer-group-1, groupId=consumer-group] Client requested disconnect from node 2147483646
[2m2025-01-25 03:42:20.293[0;39m [32m INFO[0;39m [35m42343[0;39m [2m---[0;39m [2m[ntainer#0-0-C-1][0;39m [36mo.a.k.c.c.internals.ConsumerCoordinator [0;39m [2m:[0;39m [Consumer clientId=consumer-consumer-group-1, groupId=consumer-group] Discovered group coordinator localhost:9092 (id: 2147483646 rack: null)
[2m2025-01-25 03:42:20.293[0;39m [32m INFO[0;39m [35m42343[0;39m [2m---[0;39m [2m[ntainer#0-0-C-1][0;39m [36mo.a.k.c.c.internals.ConsumerCoordinator [0;39m [2m:[0;39m [Consumer clientId=consumer-consumer-group-1, groupId=consumer-group] Group coordinator localhost:9092 (id: 2147483646 rack: null) is unavailable or invalid due to cause: coordinator unavailable. isDisconnected: false. Rediscovery will be attempted.
[2m2025-01-25 03:42:20.293[0;39m [32m INFO[0;39m [35m42343[0;39m [2m---[0;39m [2m[ntainer#0-0-C-1][0;39m [36mo.a.k.c.c.internals.ConsumerCoordinator [0;39m [2m:[0;39m [Consumer clientId=consumer-consumer-group-1, groupId=consumer-group] Requesting disconnect from last known coordinator localhost:9092 (id: 2147483646 rack: null)
[2m2025-01-25 03:42:20.386[0;39m [32m INFO[0;39m [35m42343[0;39m [2m---[0;39m [2m[ntainer#0-0-C-1][0;39m [36mo.a.k.c.c.internals.ConsumerCoordinator [0;39m [2m:[0;39m [Consumer clientId=consumer-consumer-group-1, groupId=consumer-group] Discovered group coordinator localhost:9092 (id: 2147483646 rack: null)
[2m2025-01-25 03:50:58.774[0;39m [32m INFO[0;39m [35m42343[0;39m [2m---[0;39m [2m[ntainer#0-0-C-1][0;39m [36morg.apache.kafka.clients.NetworkClient  [0;39m [2m:[0;39m [Consumer clientId=consumer-consumer-group-1, groupId=consumer-group] Disconnecting from node 1 due to request timeout.
[2m2025-01-25 03:50:58.873[0;39m [32m INFO[0;39m [35m42343[0;39m [2m---[0;39m [2m[ntainer#0-0-C-1][0;39m [36morg.apache.kafka.clients.NetworkClient  [0;39m [2m:[0;39m [Consumer clientId=consumer-consumer-group-1, groupId=consumer-group] Cancelled in-flight FETCH request with correlation id 2809 due to node 1 being disconnected (elapsed time since creation: 513832ms, elapsed time since send: 513832ms, request timeout: 30000ms)
[2m2025-01-25 03:50:58.885[0;39m [32m INFO[0;39m [35m42343[0;39m [2m---[0;39m [2m[ consumer-group][0;39m [36mo.a.k.c.c.internals.ConsumerCoordinator [0;39m [2m:[0;39m [Consumer clientId=consumer-consumer-group-1, groupId=consumer-group] Group coordinator localhost:9092 (id: 2147483646 rack: null) is unavailable or invalid due to cause: session timed out without receiving a heartbeat response. isDisconnected: false. Rediscovery will be attempted.
[2m2025-01-25 03:50:58.886[0;39m [32m INFO[0;39m [35m42343[0;39m [2m---[0;39m [2m[ consumer-group][0;39m [36mo.a.k.c.c.internals.ConsumerCoordinator [0;39m [2m:[0;39m [Consumer clientId=consumer-consumer-group-1, groupId=consumer-group] Requesting disconnect from last known coordinator localhost:9092 (id: 2147483646 rack: null)
[2m2025-01-25 03:50:58.886[0;39m [32m INFO[0;39m [35m42343[0;39m [2m---[0;39m [2m[ consumer-group][0;39m [36morg.apache.kafka.clients.NetworkClient  [0;39m [2m:[0;39m [Consumer clientId=consumer-consumer-group-1, groupId=consumer-group] Client requested disconnect from node 2147483646
[2m2025-01-25 03:50:58.887[0;39m [32m INFO[0;39m [35m42343[0;39m [2m---[0;39m [2m[ntainer#0-0-C-1][0;39m [36mo.a.kafka.clients.FetchSessionHandler   [0;39m [2m:[0;39m [Consumer clientId=consumer-consumer-group-1, groupId=consumer-group] Error sending fetch request (sessionId=751009139, epoch=2222) to node 1:

org.apache.kafka.common.errors.DisconnectException: null

[2m2025-01-25 03:50:58.920[0;39m [32m INFO[0;39m [35m42343[0;39m [2m---[0;39m [2m[ntainer#0-0-C-1][0;39m [36mo.a.k.c.c.internals.ConsumerCoordinator [0;39m [2m:[0;39m [Consumer clientId=consumer-consumer-group-1, groupId=consumer-group] Discovered group coordinator localhost:9092 (id: 2147483646 rack: null)
[2m2025-01-25 03:50:58.920[0;39m [32m INFO[0;39m [35m42343[0;39m [2m---[0;39m [2m[ntainer#0-0-C-1][0;39m [36mo.a.k.c.c.internals.ConsumerCoordinator [0;39m [2m:[0;39m [Consumer clientId=consumer-consumer-group-1, groupId=consumer-group] Group coordinator localhost:9092 (id: 2147483646 rack: null) is unavailable or invalid due to cause: coordinator unavailable. isDisconnected: false. Rediscovery will be attempted.
[2m2025-01-25 03:50:58.920[0;39m [32m INFO[0;39m [35m42343[0;39m [2m---[0;39m [2m[ntainer#0-0-C-1][0;39m [36mo.a.k.c.c.internals.ConsumerCoordinator [0;39m [2m:[0;39m [Consumer clientId=consumer-consumer-group-1, groupId=consumer-group] Requesting disconnect from last known coordinator localhost:9092 (id: 2147483646 rack: null)
[2m2025-01-25 03:50:59.045[0;39m [32m INFO[0;39m [35m42343[0;39m [2m---[0;39m [2m[ntainer#0-0-C-1][0;39m [36mo.a.k.c.c.internals.ConsumerCoordinator [0;39m [2m:[0;39m [Consumer clientId=consumer-consumer-group-1, groupId=consumer-group] Discovered group coordinator localhost:9092 (id: 2147483646 rack: null)
[2m2025-01-25 03:51:38.074[0;39m [32m INFO[0;39m [35m42343[0;39m [2m---[0;39m [2m[ntainer#0-0-C-1][0;39m [36mo.a.k.c.c.internals.ConsumerCoordinator [0;39m [2m:[0;39m [Consumer clientId=consumer-consumer-group-1, groupId=consumer-group] Request joining group due to: group is already rebalancing
[2m2025-01-25 03:51:38.082[0;39m [32m INFO[0;39m [35m42343[0;39m [2m---[0;39m [2m[ntainer#0-0-C-1][0;39m [36mk.c.c.i.ConsumerRebalanceListenerInvoker[0;39m [2m:[0;39m [Consumer clientId=consumer-consumer-group-1, groupId=consumer-group] Revoke previously assigned partitions my-third-topic-0
[2m2025-01-25 03:51:38.090[0;39m [32m INFO[0;39m [35m42343[0;39m [2m---[0;39m [2m[ntainer#0-0-C-1][0;39m [36mo.s.k.l.KafkaMessageListenerContainer   [0;39m [2m:[0;39m consumer-group: partitions revoked: [my-third-topic-0]
[2m2025-01-25 03:51:38.092[0;39m [32m INFO[0;39m [35m42343[0;39m [2m---[0;39m [2m[ntainer#0-0-C-1][0;39m [36mo.a.k.c.c.internals.ConsumerCoordinator [0;39m [2m:[0;39m [Consumer clientId=consumer-consumer-group-1, groupId=consumer-group] (Re-)joining group
[2m2025-01-25 03:51:38.134[0;39m [32m INFO[0;39m [35m42343[0;39m [2m---[0;39m [2m[ntainer#0-0-C-1][0;39m [36mo.a.k.c.c.internals.ConsumerCoordinator [0;39m [2m:[0;39m [Consumer clientId=consumer-consumer-group-1, groupId=consumer-group] Successfully joined group with generation Generation{generationId=186, memberId='consumer-consumer-group-1-8180d58e-d170-4181-9a56-a1a2f9c5573a', protocol='range'}
[2m2025-01-25 03:51:38.531[0;39m [32m INFO[0;39m [35m42343[0;39m [2m---[0;39m [2m[ntainer#0-0-C-1][0;39m [36mo.a.k.c.c.internals.ConsumerCoordinator [0;39m [2m:[0;39m [Consumer clientId=consumer-consumer-group-1, groupId=consumer-group] Finished assignment for group at generation 186: {consumer-consumer-group-1-4d980d2a-45c4-487c-b29c-19e4fcc55879=Assignment(partitions=[my-second-topic-0]), consumer-consumer-group-1-8180d58e-d170-4181-9a56-a1a2f9c5573a=Assignment(partitions=[my-third-topic-0])}
[2m2025-01-25 03:51:38.557[0;39m [32m INFO[0;39m [35m42343[0;39m [2m---[0;39m [2m[ntainer#0-0-C-1][0;39m [36mo.a.k.c.c.internals.ConsumerCoordinator [0;39m [2m:[0;39m [Consumer clientId=consumer-consumer-group-1, groupId=consumer-group] Successfully synced group in generation Generation{generationId=186, memberId='consumer-consumer-group-1-8180d58e-d170-4181-9a56-a1a2f9c5573a', protocol='range'}
[2m2025-01-25 03:51:38.557[0;39m [32m INFO[0;39m [35m42343[0;39m [2m---[0;39m [2m[ntainer#0-0-C-1][0;39m [36mo.a.k.c.c.internals.ConsumerCoordinator [0;39m [2m:[0;39m [Consumer clientId=consumer-consumer-group-1, groupId=consumer-group] Notifying assignor about the new Assignment(partitions=[my-third-topic-0])
[2m2025-01-25 03:51:38.558[0;39m [32m INFO[0;39m [35m42343[0;39m [2m---[0;39m [2m[ntainer#0-0-C-1][0;39m [36mk.c.c.i.ConsumerRebalanceListenerInvoker[0;39m [2m:[0;39m [Consumer clientId=consumer-consumer-group-1, groupId=consumer-group] Adding newly assigned partitions: my-third-topic-0
[2m2025-01-25 03:51:38.573[0;39m [32m INFO[0;39m [35m42343[0;39m [2m---[0;39m [2m[ntainer#0-0-C-1][0;39m [36mo.a.k.c.c.internals.ConsumerUtils       [0;39m [2m:[0;39m Setting offset for partition my-third-topic-0 to the committed offset FetchPosition{offset=3374, offsetEpoch=Optional.empty, currentLeader=LeaderAndEpoch{leader=Optional[localhost:9092 (id: 1 rack: null)], epoch=0}}
[2m2025-01-25 03:51:38.575[0;39m [32m INFO[0;39m [35m42343[0;39m [2m---[0;39m [2m[ntainer#0-0-C-1][0;39m [36mo.s.k.l.KafkaMessageListenerContainer   [0;39m [2m:[0;39m consumer-group: partitions assigned: [my-third-topic-0]
[2m2025-01-25 03:51:39.825[0;39m [32m INFO[0;39m [35m42343[0;39m [2m---[0;39m [2m[ntainer#0-0-C-1][0;39m [36mk.c.c.i.ConsumerRebalanceListenerInvoker[0;39m [2m:[0;39m [Consumer clientId=consumer-consumer-group-1, groupId=consumer-group] Revoke previously assigned partitions my-third-topic-0
[2m2025-01-25 03:51:39.825[0;39m [32m INFO[0;39m [35m42343[0;39m [2m---[0;39m [2m[ntainer#0-0-C-1][0;39m [36mo.s.k.l.KafkaMessageListenerContainer   [0;39m [2m:[0;39m consumer-group: partitions revoked: [my-third-topic-0]
[2m2025-01-25 03:51:39.826[0;39m [32m INFO[0;39m [35m42343[0;39m [2m---[0;39m [2m[ntainer#0-0-C-1][0;39m [36mo.a.k.c.c.internals.ConsumerCoordinator [0;39m [2m:[0;39m [Consumer clientId=consumer-consumer-group-1, groupId=consumer-group] Member consumer-consumer-group-1-8180d58e-d170-4181-9a56-a1a2f9c5573a sending LeaveGroup request to coordinator localhost:9092 (id: 2147483646 rack: null) due to the consumer unsubscribed from all topics
[2m2025-01-25 03:51:39.828[0;39m [32m INFO[0;39m [35m42343[0;39m [2m---[0;39m [2m[ntainer#0-0-C-1][0;39m [36mo.a.k.c.c.internals.ConsumerCoordinator [0;39m [2m:[0;39m [Consumer clientId=consumer-consumer-group-1, groupId=consumer-group] Resetting generation and member id due to: consumer pro-actively leaving the group
[2m2025-01-25 03:51:39.828[0;39m [32m INFO[0;39m [35m42343[0;39m [2m---[0;39m [2m[ntainer#0-0-C-1][0;39m [36mo.a.k.c.c.internals.ConsumerCoordinator [0;39m [2m:[0;39m [Consumer clientId=consumer-consumer-group-1, groupId=consumer-group] Request joining group due to: consumer pro-actively leaving the group
[2m2025-01-25 03:51:39.828[0;39m [32m INFO[0;39m [35m42343[0;39m [2m---[0;39m [2m[ntainer#0-0-C-1][0;39m [36mo.a.k.c.c.internals.LegacyKafkaConsumer [0;39m [2m:[0;39m [Consumer clientId=consumer-consumer-group-1, groupId=consumer-group] Unsubscribed all topics or patterns and assigned partitions
[2m2025-01-25 03:51:39.836[0;39m [32m INFO[0;39m [35m42343[0;39m [2m---[0;39m [2m[ntainer#0-0-C-1][0;39m [36mo.a.k.c.c.internals.ConsumerCoordinator [0;39m [2m:[0;39m [Consumer clientId=consumer-consumer-group-1, groupId=consumer-group] Resetting generation and member id due to: consumer pro-actively leaving the group
[2m2025-01-25 03:51:39.837[0;39m [32m INFO[0;39m [35m42343[0;39m [2m---[0;39m [2m[ntainer#0-0-C-1][0;39m [36mo.a.k.c.c.internals.ConsumerCoordinator [0;39m [2m:[0;39m [Consumer clientId=consumer-consumer-group-1, groupId=consumer-group] Request joining group due to: consumer pro-actively leaving the group
[2m2025-01-25 03:51:40.116[0;39m [32m INFO[0;39m [35m42343[0;39m [2m---[0;39m [2m[ntainer#0-0-C-1][0;39m [36mo.apache.kafka.common.metrics.Metrics   [0;39m [2m:[0;39m Metrics scheduler closed
[2m2025-01-25 03:51:40.116[0;39m [32m INFO[0;39m [35m42343[0;39m [2m---[0;39m [2m[ntainer#0-0-C-1][0;39m [36mo.apache.kafka.common.metrics.Metrics   [0;39m [2m:[0;39m Closing reporter org.apache.kafka.common.metrics.JmxReporter
[2m2025-01-25 03:51:40.117[0;39m [32m INFO[0;39m [35m42343[0;39m [2m---[0;39m [2m[ntainer#0-0-C-1][0;39m [36mo.apache.kafka.common.metrics.Metrics   [0;39m [2m:[0;39m Closing reporter org.apache.kafka.common.telemetry.internals.ClientTelemetryReporter
[2m2025-01-25 03:51:40.117[0;39m [32m INFO[0;39m [35m42343[0;39m [2m---[0;39m [2m[ntainer#0-0-C-1][0;39m [36mo.apache.kafka.common.metrics.Metrics   [0;39m [2m:[0;39m Metrics reporters closed
[2m2025-01-25 03:51:40.128[0;39m [32m INFO[0;39m [35m42343[0;39m [2m---[0;39m [2m[ntainer#0-0-C-1][0;39m [36mo.a.kafka.common.utils.AppInfoParser    [0;39m [2m:[0;39m App info kafka.consumer for consumer-consumer-group-1 unregistered
[2m2025-01-25 03:51:40.129[0;39m [32m INFO[0;39m [35m42343[0;39m [2m---[0;39m [2m[ntainer#0-0-C-1][0;39m [36mo.s.k.l.KafkaMessageListenerContainer   [0;39m [2m:[0;39m consumer-group: Consumer stopped
[2m2025-01-25 03:51:40.132[0;39m [32m INFO[0;39m [35m42343[0;39m [2m---[0;39m [2m[ionShutdownHook][0;39m [36mo.s.b.w.e.tomcat.GracefulShutdown       [0;39m [2m:[0;39m Commencing graceful shutdown. Waiting for active requests to complete
[2m2025-01-25 03:51:40.140[0;39m [32m INFO[0;39m [35m42343[0;39m [2m---[0;39m [2m[tomcat-shutdown][0;39m [36mo.s.b.w.e.tomcat.GracefulShutdown       [0;39m [2m:[0;39m Graceful shutdown complete
