[2m2025-02-05 04:04:40.114[0;39m [32m INFO[0;39m [35m29414[0;39m [2m---[0;39m [2m[ebsite-consumer][0;39m [36mo.a.k.c.c.internals.ConsumerCoordinator [0;39m [2m:[0;39m [Consumer clientId=consumer-ts4-website-consumer-1, groupId=ts4-website-consumer] Group coordinator localhost:9092 (id: 2147483646 rack: null) is unavailable or invalid due to cause: session timed out without receiving a heartbeat response. isDisconnected: false. Rediscovery will be attempted.
[2m2025-02-05 04:04:40.123[0;39m [32m INFO[0;39m [35m29414[0;39m [2m---[0;39m [2m[ebsite-consumer][0;39m [36mo.a.k.c.c.internals.ConsumerCoordinator [0;39m [2m:[0;39m [Consumer clientId=consumer-ts4-website-consumer-1, groupId=ts4-website-consumer] Requesting disconnect from last known coordinator localhost:9092 (id: 2147483646 rack: null)
[2m2025-02-05 04:04:40.123[0;39m [32m INFO[0;39m [35m29414[0;39m [2m---[0;39m [2m[ebsite-consumer][0;39m [36morg.apache.kafka.clients.NetworkClient  [0;39m [2m:[0;39m [Consumer clientId=consumer-ts4-website-consumer-1, groupId=ts4-website-consumer] Client requested disconnect from node 2147483646
[2m2025-02-05 04:04:40.129[0;39m [32m INFO[0;39m [35m29414[0;39m [2m---[0;39m [2m[ntainer#0-0-C-1][0;39m [36mo.a.k.c.c.internals.ConsumerCoordinator [0;39m [2m:[0;39m [Consumer clientId=consumer-ts4-website-consumer-1, groupId=ts4-website-consumer] Discovered group coordinator localhost:9092 (id: 2147483646 rack: null)
[2m2025-02-05 04:04:40.129[0;39m [32m INFO[0;39m [35m29414[0;39m [2m---[0;39m [2m[ntainer#0-0-C-1][0;39m [36mo.a.k.c.c.internals.ConsumerCoordinator [0;39m [2m:[0;39m [Consumer clientId=consumer-ts4-website-consumer-1, groupId=ts4-website-consumer] Group coordinator localhost:9092 (id: 2147483646 rack: null) is unavailable or invalid due to cause: coordinator unavailable. isDisconnected: false. Rediscovery will be attempted.
[2m2025-02-05 04:04:40.129[0;39m [32m INFO[0;39m [35m29414[0;39m [2m---[0;39m [2m[ntainer#0-0-C-1][0;39m [36mo.a.k.c.c.internals.ConsumerCoordinator [0;39m [2m:[0;39m [Consumer clientId=consumer-ts4-website-consumer-1, groupId=ts4-website-consumer] Requesting disconnect from last known coordinator localhost:9092 (id: 2147483646 rack: null)
[2m2025-02-05 04:04:40.222[0;39m [32m INFO[0;39m [35m29414[0;39m [2m---[0;39m [2m[ntainer#0-0-C-1][0;39m [36mo.a.k.c.c.internals.ConsumerCoordinator [0;39m [2m:[0;39m [Consumer clientId=consumer-ts4-website-consumer-1, groupId=ts4-website-consumer] Discovered group coordinator localhost:9092 (id: 2147483646 rack: null)
[2m2025-02-05 04:04:43.762[0;39m [32m INFO[0;39m [35m29414[0;39m [2m---[0;39m [2m[   scheduling-1][0;39m [36mo.p.ts4.utility.classes.BatchComponent  [0;39m [2m:[0;39m INACTIVE
[2m2025-02-05 04:04:45.008[0;39m [32m INFO[0;39m [35m29414[0;39m [2m---[0;39m [2m[   scheduling-1][0;39m [36mo.p.ts4.utility.classes.BatchComponent  [0;39m [2m:[0;39m INACTIVE
[2m2025-02-05 04:04:50.003[0;39m [32m INFO[0;39m [35m29414[0;39m [2m---[0;39m [2m[   scheduling-1][0;39m [36mo.p.ts4.utility.classes.BatchComponent  [0;39m [2m:[0;39m INACTIVE
[2m2025-02-05 04:04:55.006[0;39m [32m INFO[0;39m [35m29414[0;39m [2m---[0;39m [2m[   scheduling-1][0;39m [36mo.p.ts4.utility.classes.BatchComponent  [0;39m [2m:[0;39m INACTIVE
[2m2025-02-05 04:05:00.001[0;39m [32m INFO[0;39m [35m29414[0;39m [2m---[0;39m [2m[   scheduling-1][0;39m [36mo.p.ts4.utility.classes.BatchComponent  [0;39m [2m:[0;39m INACTIVE
[2m2025-02-05 04:05:05.005[0;39m [32m INFO[0;39m [35m29414[0;39m [2m---[0;39m [2m[   scheduling-1][0;39m [36mo.p.ts4.utility.classes.BatchComponent  [0;39m [2m:[0;39m INACTIVE
[2m2025-02-05 04:05:10.001[0;39m [32m INFO[0;39m [35m29414[0;39m [2m---[0;39m [2m[   scheduling-1][0;39m [36mo.p.ts4.utility.classes.BatchComponent  [0;39m [2m:[0;39m INACTIVE
[2m2025-02-05 04:05:15.004[0;39m [32m INFO[0;39m [35m29414[0;39m [2m---[0;39m [2m[   scheduling-1][0;39m [36mo.p.ts4.utility.classes.BatchComponent  [0;39m [2m:[0;39m INACTIVE
[2m2025-02-05 04:05:20.005[0;39m [32m INFO[0;39m [35m29414[0;39m [2m---[0;39m [2m[   scheduling-1][0;39m [36mo.p.ts4.utility.classes.BatchComponent  [0;39m [2m:[0;39m INACTIVE
[2m2025-02-05 04:05:25.007[0;39m [32m INFO[0;39m [35m29414[0;39m [2m---[0;39m [2m[   scheduling-1][0;39m [36mo.p.ts4.utility.classes.BatchComponent  [0;39m [2m:[0;39m INACTIVE
[2m2025-02-05 04:21:25.110[0;39m [32m INFO[0;39m [35m29414[0;39m [2m---[0;39m [2m[ebsite-consumer][0;39m [36mo.a.k.c.c.internals.ConsumerCoordinator [0;39m [2m:[0;39m [Consumer clientId=consumer-ts4-website-consumer-1, groupId=ts4-website-consumer] Group coordinator localhost:9092 (id: 2147483646 rack: null) is unavailable or invalid due to cause: session timed out without receiving a heartbeat response. isDisconnected: false. Rediscovery will be attempted.
[2m2025-02-05 04:21:25.111[0;39m [32m INFO[0;39m [35m29414[0;39m [2m---[0;39m [2m[ebsite-consumer][0;39m [36mo.a.k.c.c.internals.ConsumerCoordinator [0;39m [2m:[0;39m [Consumer clientId=consumer-ts4-website-consumer-1, groupId=ts4-website-consumer] Requesting disconnect from last known coordinator localhost:9092 (id: 2147483646 rack: null)
[2m2025-02-05 04:21:25.112[0;39m [32m INFO[0;39m [35m29414[0;39m [2m---[0;39m [2m[ebsite-consumer][0;39m [36morg.apache.kafka.clients.NetworkClient  [0;39m [2m:[0;39m [Consumer clientId=consumer-ts4-website-consumer-1, groupId=ts4-website-consumer] Client requested disconnect from node 2147483646
[2m2025-02-05 04:21:25.119[0;39m [32m INFO[0;39m [35m29414[0;39m [2m---[0;39m [2m[ntainer#0-0-C-1][0;39m [36mo.a.k.c.c.internals.ConsumerCoordinator [0;39m [2m:[0;39m [Consumer clientId=consumer-ts4-website-consumer-1, groupId=ts4-website-consumer] Discovered group coordinator localhost:9092 (id: 2147483646 rack: null)
[2m2025-02-05 04:21:25.119[0;39m [32m INFO[0;39m [35m29414[0;39m [2m---[0;39m [2m[ntainer#0-0-C-1][0;39m [36mo.a.k.c.c.internals.ConsumerCoordinator [0;39m [2m:[0;39m [Consumer clientId=consumer-ts4-website-consumer-1, groupId=ts4-website-consumer] Group coordinator localhost:9092 (id: 2147483646 rack: null) is unavailable or invalid due to cause: coordinator unavailable. isDisconnected: false. Rediscovery will be attempted.
[2m2025-02-05 04:21:25.119[0;39m [32m INFO[0;39m [35m29414[0;39m [2m---[0;39m [2m[ntainer#0-0-C-1][0;39m [36mo.a.k.c.c.internals.ConsumerCoordinator [0;39m [2m:[0;39m [Consumer clientId=consumer-ts4-website-consumer-1, groupId=ts4-website-consumer] Requesting disconnect from last known coordinator localhost:9092 (id: 2147483646 rack: null)
[2m2025-02-05 04:21:25.241[0;39m [32m INFO[0;39m [35m29414[0;39m [2m---[0;39m [2m[ntainer#0-0-C-1][0;39m [36mo.a.k.c.c.internals.ConsumerCoordinator [0;39m [2m:[0;39m [Consumer clientId=consumer-ts4-website-consumer-1, groupId=ts4-website-consumer] Discovered group coordinator localhost:9092 (id: 2147483646 rack: null)
[2m2025-02-05 04:21:27.845[0;39m [32m INFO[0;39m [35m29414[0;39m [2m---[0;39m [2m[   scheduling-1][0;39m [36mo.p.ts4.utility.classes.BatchComponent  [0;39m [2m:[0;39m INACTIVE
[2m2025-02-05 04:21:30.010[0;39m [32m INFO[0;39m [35m29414[0;39m [2m---[0;39m [2m[   scheduling-1][0;39m [36mo.p.ts4.utility.classes.BatchComponent  [0;39m [2m:[0;39m INACTIVE
[2m2025-02-05 04:21:35.009[0;39m [32m INFO[0;39m [35m29414[0;39m [2m---[0;39m [2m[   scheduling-1][0;39m [36mo.p.ts4.utility.classes.BatchComponent  [0;39m [2m:[0;39m INACTIVE
[2m2025-02-05 04:21:40.002[0;39m [32m INFO[0;39m [35m29414[0;39m [2m---[0;39m [2m[   scheduling-1][0;39m [36mo.p.ts4.utility.classes.BatchComponent  [0;39m [2m:[0;39m INACTIVE
[2m2025-02-05 04:21:45.006[0;39m [32m INFO[0;39m [35m29414[0;39m [2m---[0;39m [2m[   scheduling-1][0;39m [36mo.p.ts4.utility.classes.BatchComponent  [0;39m [2m:[0;39m INACTIVE
[2m2025-02-05 04:21:50.006[0;39m [32m INFO[0;39m [35m29414[0;39m [2m---[0;39m [2m[   scheduling-1][0;39m [36mo.p.ts4.utility.classes.BatchComponent  [0;39m [2m:[0;39m INACTIVE
[2m2025-02-05 04:21:55.006[0;39m [32m INFO[0;39m [35m29414[0;39m [2m---[0;39m [2m[   scheduling-1][0;39m [36mo.p.ts4.utility.classes.BatchComponent  [0;39m [2m:[0;39m INACTIVE
[2m2025-02-05 04:22:00.005[0;39m [32m INFO[0;39m [35m29414[0;39m [2m---[0;39m [2m[   scheduling-1][0;39m [36mo.p.ts4.utility.classes.BatchComponent  [0;39m [2m:[0;39m INACTIVE
[2m2025-02-05 04:22:05.009[0;39m [32m INFO[0;39m [35m29414[0;39m [2m---[0;39m [2m[   scheduling-1][0;39m [36mo.p.ts4.utility.classes.BatchComponent  [0;39m [2m:[0;39m INACTIVE
[2m2025-02-05 04:22:10.000[0;39m [32m INFO[0;39m [35m29414[0;39m [2m---[0;39m [2m[   scheduling-1][0;39m [36mo.p.ts4.utility.classes.BatchComponent  [0;39m [2m:[0;39m INACTIVE
[2m2025-02-05 04:37:26.814[0;39m [32m INFO[0;39m [35m29414[0;39m [2m---[0;39m [2m[ebsite-consumer][0;39m [36mo.a.k.c.c.internals.ConsumerCoordinator [0;39m [2m:[0;39m [Consumer clientId=consumer-ts4-website-consumer-1, groupId=ts4-website-consumer] Group coordinator localhost:9092 (id: 2147483646 rack: null) is unavailable or invalid due to cause: session timed out without receiving a heartbeat response. isDisconnected: false. Rediscovery will be attempted.
[2m2025-02-05 04:37:26.815[0;39m [32m INFO[0;39m [35m29414[0;39m [2m---[0;39m [2m[ebsite-consumer][0;39m [36mo.a.k.c.c.internals.ConsumerCoordinator [0;39m [2m:[0;39m [Consumer clientId=consumer-ts4-website-consumer-1, groupId=ts4-website-consumer] Requesting disconnect from last known coordinator localhost:9092 (id: 2147483646 rack: null)
[2m2025-02-05 04:37:26.815[0;39m [32m INFO[0;39m [35m29414[0;39m [2m---[0;39m [2m[ebsite-consumer][0;39m [36morg.apache.kafka.clients.NetworkClient  [0;39m [2m:[0;39m [Consumer clientId=consumer-ts4-website-consumer-1, groupId=ts4-website-consumer] Client requested disconnect from node 2147483646
[2m2025-02-05 04:37:26.825[0;39m [32m INFO[0;39m [35m29414[0;39m [2m---[0;39m [2m[ntainer#0-0-C-1][0;39m [36mo.a.k.c.c.internals.ConsumerCoordinator [0;39m [2m:[0;39m [Consumer clientId=consumer-ts4-website-consumer-1, groupId=ts4-website-consumer] Discovered group coordinator localhost:9092 (id: 2147483646 rack: null)
[2m2025-02-05 04:37:26.825[0;39m [32m INFO[0;39m [35m29414[0;39m [2m---[0;39m [2m[ntainer#0-0-C-1][0;39m [36mo.a.k.c.c.internals.ConsumerCoordinator [0;39m [2m:[0;39m [Consumer clientId=consumer-ts4-website-consumer-1, groupId=ts4-website-consumer] Group coordinator localhost:9092 (id: 2147483646 rack: null) is unavailable or invalid due to cause: coordinator unavailable. isDisconnected: false. Rediscovery will be attempted.
[2m2025-02-05 04:37:26.825[0;39m [32m INFO[0;39m [35m29414[0;39m [2m---[0;39m [2m[ntainer#0-0-C-1][0;39m [36mo.a.k.c.c.internals.ConsumerCoordinator [0;39m [2m:[0;39m [Consumer clientId=consumer-ts4-website-consumer-1, groupId=ts4-website-consumer] Requesting disconnect from last known coordinator localhost:9092 (id: 2147483646 rack: null)
[2m2025-02-05 04:37:26.939[0;39m [32m INFO[0;39m [35m29414[0;39m [2m---[0;39m [2m[ntainer#0-0-C-1][0;39m [36mo.a.k.c.c.internals.ConsumerCoordinator [0;39m [2m:[0;39m [Consumer clientId=consumer-ts4-website-consumer-1, groupId=ts4-website-consumer] Discovered group coordinator localhost:9092 (id: 2147483646 rack: null)
[2m2025-02-05 04:37:29.981[0;39m [32m INFO[0;39m [35m29414[0;39m [2m---[0;39m [2m[   scheduling-1][0;39m [36mo.p.ts4.utility.classes.BatchComponent  [0;39m [2m:[0;39m INACTIVE
[2m2025-02-05 04:37:30.003[0;39m [32m INFO[0;39m [35m29414[0;39m [2m---[0;39m [2m[   scheduling-1][0;39m [36mo.p.ts4.utility.classes.BatchComponent  [0;39m [2m:[0;39m INACTIVE
[2m2025-02-05 04:37:35.001[0;39m [32m INFO[0;39m [35m29414[0;39m [2m---[0;39m [2m[   scheduling-1][0;39m [36mo.p.ts4.utility.classes.BatchComponent  [0;39m [2m:[0;39m INACTIVE
[2m2025-02-05 04:37:40.005[0;39m [32m INFO[0;39m [35m29414[0;39m [2m---[0;39m [2m[   scheduling-1][0;39m [36mo.p.ts4.utility.classes.BatchComponent  [0;39m [2m:[0;39m INACTIVE
[2m2025-02-05 04:37:45.006[0;39m [32m INFO[0;39m [35m29414[0;39m [2m---[0;39m [2m[   scheduling-1][0;39m [36mo.p.ts4.utility.classes.BatchComponent  [0;39m [2m:[0;39m INACTIVE
[2m2025-02-05 04:37:50.006[0;39m [32m INFO[0;39m [35m29414[0;39m [2m---[0;39m [2m[   scheduling-1][0;39m [36mo.p.ts4.utility.classes.BatchComponent  [0;39m [2m:[0;39m INACTIVE
[2m2025-02-05 04:37:55.005[0;39m [32m INFO[0;39m [35m29414[0;39m [2m---[0;39m [2m[   scheduling-1][0;39m [36mo.p.ts4.utility.classes.BatchComponent  [0;39m [2m:[0;39m INACTIVE
[2m2025-02-05 04:38:00.007[0;39m [32m INFO[0;39m [35m29414[0;39m [2m---[0;39m [2m[   scheduling-1][0;39m [36mo.p.ts4.utility.classes.BatchComponent  [0;39m [2m:[0;39m INACTIVE
[2m2025-02-05 04:38:05.005[0;39m [32m INFO[0;39m [35m29414[0;39m [2m---[0;39m [2m[   scheduling-1][0;39m [36mo.p.ts4.utility.classes.BatchComponent  [0;39m [2m:[0;39m INACTIVE
[2m2025-02-05 04:38:10.005[0;39m [32m INFO[0;39m [35m29414[0;39m [2m---[0;39m [2m[   scheduling-1][0;39m [36mo.p.ts4.utility.classes.BatchComponent  [0;39m [2m:[0;39m INACTIVE
[2m2025-02-05 04:38:22.820[0;39m [32m INFO[0;39m [35m29414[0;39m [2m---[0;39m [2m[   scheduling-1][0;39m [36mo.p.ts4.utility.classes.BatchComponent  [0;39m [2m:[0;39m INACTIVE
[2m2025-02-05 04:38:25.004[0;39m [32m INFO[0;39m [35m29414[0;39m [2m---[0;39m [2m[   scheduling-1][0;39m [36mo.p.ts4.utility.classes.BatchComponent  [0;39m [2m:[0;39m INACTIVE
[2m2025-02-05 04:38:30.000[0;39m [32m INFO[0;39m [35m29414[0;39m [2m---[0;39m [2m[   scheduling-1][0;39m [36mo.p.ts4.utility.classes.BatchComponent  [0;39m [2m:[0;39m INACTIVE
[2m2025-02-05 04:38:35.005[0;39m [32m INFO[0;39m [35m29414[0;39m [2m---[0;39m [2m[   scheduling-1][0;39m [36mo.p.ts4.utility.classes.BatchComponent  [0;39m [2m:[0;39m INACTIVE
[2m2025-02-05 04:38:40.006[0;39m [32m INFO[0;39m [35m29414[0;39m [2m---[0;39m [2m[   scheduling-1][0;39m [36mo.p.ts4.utility.classes.BatchComponent  [0;39m [2m:[0;39m INACTIVE
[2m2025-02-05 04:38:45.004[0;39m [32m INFO[0;39m [35m29414[0;39m [2m---[0;39m [2m[   scheduling-1][0;39m [36mo.p.ts4.utility.classes.BatchComponent  [0;39m [2m:[0;39m INACTIVE
[2m2025-02-05 04:38:50.004[0;39m [32m INFO[0;39m [35m29414[0;39m [2m---[0;39m [2m[   scheduling-1][0;39m [36mo.p.ts4.utility.classes.BatchComponent  [0;39m [2m:[0;39m INACTIVE
[2m2025-02-05 04:38:55.007[0;39m [32m INFO[0;39m [35m29414[0;39m [2m---[0;39m [2m[   scheduling-1][0;39m [36mo.p.ts4.utility.classes.BatchComponent  [0;39m [2m:[0;39m INACTIVE
[2m2025-02-05 04:39:00.005[0;39m [32m INFO[0;39m [35m29414[0;39m [2m---[0;39m [2m[   scheduling-1][0;39m [36mo.p.ts4.utility.classes.BatchComponent  [0;39m [2m:[0;39m INACTIVE
[2m2025-02-05 04:39:05.010[0;39m [32m INFO[0;39m [35m29414[0;39m [2m---[0;39m [2m[   scheduling-1][0;39m [36mo.p.ts4.utility.classes.BatchComponent  [0;39m [2m:[0;39m INACTIVE
[2m2025-02-05 04:55:57.936[0;39m [32m INFO[0;39m [35m29414[0;39m [2m---[0;39m [2m[ebsite-consumer][0;39m [36mo.a.k.c.c.internals.ConsumerCoordinator [0;39m [2m:[0;39m [Consumer clientId=consumer-ts4-website-consumer-1, groupId=ts4-website-consumer] Group coordinator localhost:9092 (id: 2147483646 rack: null) is unavailable or invalid due to cause: session timed out without receiving a heartbeat response. isDisconnected: false. Rediscovery will be attempted.
[2m2025-02-05 04:55:57.937[0;39m [32m INFO[0;39m [35m29414[0;39m [2m---[0;39m [2m[ebsite-consumer][0;39m [36mo.a.k.c.c.internals.ConsumerCoordinator [0;39m [2m:[0;39m [Consumer clientId=consumer-ts4-website-consumer-1, groupId=ts4-website-consumer] Requesting disconnect from last known coordinator localhost:9092 (id: 2147483646 rack: null)
[2m2025-02-05 04:55:57.938[0;39m [32m INFO[0;39m [35m29414[0;39m [2m---[0;39m [2m[ebsite-consumer][0;39m [36morg.apache.kafka.clients.NetworkClient  [0;39m [2m:[0;39m [Consumer clientId=consumer-ts4-website-consumer-1, groupId=ts4-website-consumer] Client requested disconnect from node 2147483646
[2m2025-02-05 04:55:57.943[0;39m [32m INFO[0;39m [35m29414[0;39m [2m---[0;39m [2m[ntainer#0-0-C-1][0;39m [36mo.a.k.c.c.internals.ConsumerCoordinator [0;39m [2m:[0;39m [Consumer clientId=consumer-ts4-website-consumer-1, groupId=ts4-website-consumer] Discovered group coordinator localhost:9092 (id: 2147483646 rack: null)
[2m2025-02-05 04:55:57.944[0;39m [32m INFO[0;39m [35m29414[0;39m [2m---[0;39m [2m[ntainer#0-0-C-1][0;39m [36mo.a.k.c.c.internals.ConsumerCoordinator [0;39m [2m:[0;39m [Consumer clientId=consumer-ts4-website-consumer-1, groupId=ts4-website-consumer] Group coordinator localhost:9092 (id: 2147483646 rack: null) is unavailable or invalid due to cause: coordinator unavailable. isDisconnected: false. Rediscovery will be attempted.
[2m2025-02-05 04:55:57.944[0;39m [32m INFO[0;39m [35m29414[0;39m [2m---[0;39m [2m[ntainer#0-0-C-1][0;39m [36mo.a.k.c.c.internals.ConsumerCoordinator [0;39m [2m:[0;39m [Consumer clientId=consumer-ts4-website-consumer-1, groupId=ts4-website-consumer] Requesting disconnect from last known coordinator localhost:9092 (id: 2147483646 rack: null)
[2m2025-02-05 04:55:58.052[0;39m [32m INFO[0;39m [35m29414[0;39m [2m---[0;39m [2m[ntainer#0-0-C-1][0;39m [36mo.a.k.c.c.internals.ConsumerCoordinator [0;39m [2m:[0;39m [Consumer clientId=consumer-ts4-website-consumer-1, groupId=ts4-website-consumer] Discovered group coordinator localhost:9092 (id: 2147483646 rack: null)
[2m2025-02-05 04:55:58.631[0;39m [32m INFO[0;39m [35m29414[0;39m [2m---[0;39m [2m[   scheduling-1][0;39m [36mo.p.ts4.utility.classes.BatchComponent  [0;39m [2m:[0;39m INACTIVE
[2m2025-02-05 04:56:00.006[0;39m [32m INFO[0;39m [35m29414[0;39m [2m---[0;39m [2m[   scheduling-1][0;39m [36mo.p.ts4.utility.classes.BatchComponent  [0;39m [2m:[0;39m INACTIVE
[2m2025-02-05 04:56:05.006[0;39m [32m INFO[0;39m [35m29414[0;39m [2m---[0;39m [2m[   scheduling-1][0;39m [36mo.p.ts4.utility.classes.BatchComponent  [0;39m [2m:[0;39m INACTIVE
[2m2025-02-05 04:56:10.007[0;39m [32m INFO[0;39m [35m29414[0;39m [2m---[0;39m [2m[   scheduling-1][0;39m [36mo.p.ts4.utility.classes.BatchComponent  [0;39m [2m:[0;39m INACTIVE
[2m2025-02-05 04:56:15.008[0;39m [32m INFO[0;39m [35m29414[0;39m [2m---[0;39m [2m[   scheduling-1][0;39m [36mo.p.ts4.utility.classes.BatchComponent  [0;39m [2m:[0;39m INACTIVE
[2m2025-02-05 04:56:20.008[0;39m [32m INFO[0;39m [35m29414[0;39m [2m---[0;39m [2m[   scheduling-1][0;39m [36mo.p.ts4.utility.classes.BatchComponent  [0;39m [2m:[0;39m INACTIVE
[2m2025-02-05 04:56:25.009[0;39m [32m INFO[0;39m [35m29414[0;39m [2m---[0;39m [2m[   scheduling-1][0;39m [36mo.p.ts4.utility.classes.BatchComponent  [0;39m [2m:[0;39m INACTIVE
[2m2025-02-05 04:56:30.009[0;39m [32m INFO[0;39m [35m29414[0;39m [2m---[0;39m [2m[   scheduling-1][0;39m [36mo.p.ts4.utility.classes.BatchComponent  [0;39m [2m:[0;39m INACTIVE
[2m2025-02-05 04:56:35.002[0;39m [32m INFO[0;39m [35m29414[0;39m [2m---[0;39m [2m[   scheduling-1][0;39m [36mo.p.ts4.utility.classes.BatchComponent  [0;39m [2m:[0;39m INACTIVE
[2m2025-02-05 04:56:40.000[0;39m [32m INFO[0;39m [35m29414[0;39m [2m---[0;39m [2m[   scheduling-1][0;39m [36mo.p.ts4.utility.classes.BatchComponent  [0;39m [2m:[0;39m INACTIVE
[2m2025-02-05 04:56:45.004[0;39m [32m INFO[0;39m [35m29414[0;39m [2m---[0;39m [2m[   scheduling-1][0;39m [36mo.p.ts4.utility.classes.BatchComponent  [0;39m [2m:[0;39m INACTIVE
[2m2025-02-05 04:56:50.001[0;39m [32m INFO[0;39m [35m29414[0;39m [2m---[0;39m [2m[   scheduling-1][0;39m [36mo.p.ts4.utility.classes.BatchComponent  [0;39m [2m:[0;39m INACTIVE
[2m2025-02-05 04:56:55.009[0;39m [32m INFO[0;39m [35m29414[0;39m [2m---[0;39m [2m[   scheduling-1][0;39m [36mo.p.ts4.utility.classes.BatchComponent  [0;39m [2m:[0;39m INACTIVE
[2m2025-02-05 04:57:00.008[0;39m [32m INFO[0;39m [35m29414[0;39m [2m---[0;39m [2m[   scheduling-1][0;39m [36mo.p.ts4.utility.classes.BatchComponent  [0;39m [2m:[0;39m INACTIVE
[2m2025-02-05 04:57:05.000[0;39m [32m INFO[0;39m [35m29414[0;39m [2m---[0;39m [2m[   scheduling-1][0;39m [36mo.p.ts4.utility.classes.BatchComponent  [0;39m [2m:[0;39m INACTIVE
[2m2025-02-05 04:57:10.009[0;39m [32m INFO[0;39m [35m29414[0;39m [2m---[0;39m [2m[   scheduling-1][0;39m [36mo.p.ts4.utility.classes.BatchComponent  [0;39m [2m:[0;39m INACTIVE
[2m2025-02-05 04:57:15.006[0;39m [32m INFO[0;39m [35m29414[0;39m [2m---[0;39m [2m[   scheduling-1][0;39m [36mo.p.ts4.utility.classes.BatchComponent  [0;39m [2m:[0;39m INACTIVE
[2m2025-02-05 04:57:20.009[0;39m [32m INFO[0;39m [35m29414[0;39m [2m---[0;39m [2m[   scheduling-1][0;39m [36mo.p.ts4.utility.classes.BatchComponent  [0;39m [2m:[0;39m INACTIVE
[2m2025-02-05 04:57:25.005[0;39m [32m INFO[0;39m [35m29414[0;39m [2m---[0;39m [2m[   scheduling-1][0;39m [36mo.p.ts4.utility.classes.BatchComponent  [0;39m [2m:[0;39m INACTIVE
[2m2025-02-05 04:57:30.005[0;39m [32m INFO[0;39m [35m29414[0;39m [2m---[0;39m [2m[   scheduling-1][0;39m [36mo.p.ts4.utility.classes.BatchComponent  [0;39m [2m:[0;39m INACTIVE
[2m2025-02-05 04:57:35.001[0;39m [32m INFO[0;39m [35m29414[0;39m [2m---[0;39m [2m[   scheduling-1][0;39m [36mo.p.ts4.utility.classes.BatchComponent  [0;39m [2m:[0;39m INACTIVE
[2m2025-02-05 04:57:40.002[0;39m [32m INFO[0;39m [35m29414[0;39m [2m---[0;39m [2m[   scheduling-1][0;39m [36mo.p.ts4.utility.classes.BatchComponent  [0;39m [2m:[0;39m INACTIVE
[2m2025-02-05 04:57:45.000[0;39m [32m INFO[0;39m [35m29414[0;39m [2m---[0;39m [2m[   scheduling-1][0;39m [36mo.p.ts4.utility.classes.BatchComponent  [0;39m [2m:[0;39m INACTIVE
[2m2025-02-05 04:57:50.007[0;39m [32m INFO[0;39m [35m29414[0;39m [2m---[0;39m [2m[   scheduling-1][0;39m [36mo.p.ts4.utility.classes.BatchComponent  [0;39m [2m:[0;39m INACTIVE
[2m2025-02-05 04:57:55.010[0;39m [32m INFO[0;39m [35m29414[0;39m [2m---[0;39m [2m[   scheduling-1][0;39m [36mo.p.ts4.utility.classes.BatchComponent  [0;39m [2m:[0;39m INACTIVE
[2m2025-02-05 04:58:00.010[0;39m [32m INFO[0;39m [35m29414[0;39m [2m---[0;39m [2m[   scheduling-1][0;39m [36mo.p.ts4.utility.classes.BatchComponent  [0;39m [2m:[0;39m INACTIVE
[2m2025-02-05 04:58:05.006[0;39m [32m INFO[0;39m [35m29414[0;39m [2m---[0;39m [2m[   scheduling-1][0;39m [36mo.p.ts4.utility.classes.BatchComponent  [0;39m [2m:[0;39m INACTIVE
[2m2025-02-05 04:58:10.004[0;39m [32m INFO[0;39m [35m29414[0;39m [2m---[0;39m [2m[   scheduling-1][0;39m [36mo.p.ts4.utility.classes.BatchComponent  [0;39m [2m:[0;39m INACTIVE
[2m2025-02-05 04:58:15.010[0;39m [32m INFO[0;39m [35m29414[0;39m [2m---[0;39m [2m[   scheduling-1][0;39m [36mo.p.ts4.utility.classes.BatchComponent  [0;39m [2m:[0;39m INACTIVE
[2m2025-02-05 04:58:20.008[0;39m [32m INFO[0;39m [35m29414[0;39m [2m---[0;39m [2m[   scheduling-1][0;39m [36mo.p.ts4.utility.classes.BatchComponent  [0;39m [2m:[0;39m INACTIVE
[2m2025-02-05 04:58:25.006[0;39m [32m INFO[0;39m [35m29414[0;39m [2m---[0;39m [2m[   scheduling-1][0;39m [36mo.p.ts4.utility.classes.BatchComponent  [0;39m [2m:[0;39m INACTIVE
[2m2025-02-05 04:58:30.002[0;39m [32m INFO[0;39m [35m29414[0;39m [2m---[0;39m [2m[   scheduling-1][0;39m [36mo.p.ts4.utility.classes.BatchComponent  [0;39m [2m:[0;39m INACTIVE
[2m2025-02-05 04:58:35.007[0;39m [32m INFO[0;39m [35m29414[0;39m [2m---[0;39m [2m[   scheduling-1][0;39m [36mo.p.ts4.utility.classes.BatchComponent  [0;39m [2m:[0;39m INACTIVE
[2m2025-02-05 04:58:40.001[0;39m [32m INFO[0;39m [35m29414[0;39m [2m---[0;39m [2m[   scheduling-1][0;39m [36mo.p.ts4.utility.classes.BatchComponent  [0;39m [2m:[0;39m INACTIVE
[2m2025-02-05 04:58:45.002[0;39m [32m INFO[0;39m [35m29414[0;39m [2m---[0;39m [2m[   scheduling-1][0;39m [36mo.p.ts4.utility.classes.BatchComponent  [0;39m [2m:[0;39m INACTIVE
[2m2025-02-05 04:58:50.009[0;39m [32m INFO[0;39m [35m29414[0;39m [2m---[0;39m [2m[   scheduling-1][0;39m [36mo.p.ts4.utility.classes.BatchComponent  [0;39m [2m:[0;39m INACTIVE
[2m2025-02-05 04:58:55.007[0;39m [32m INFO[0;39m [35m29414[0;39m [2m---[0;39m [2m[   scheduling-1][0;39m [36mo.p.ts4.utility.classes.BatchComponent  [0;39m [2m:[0;39m INACTIVE
[2m2025-02-05 04:59:00.001[0;39m [32m INFO[0;39m [35m29414[0;39m [2m---[0;39m [2m[   scheduling-1][0;39m [36mo.p.ts4.utility.classes.BatchComponent  [0;39m [2m:[0;39m INACTIVE
[2m2025-02-05 04:59:05.003[0;39m [32m INFO[0;39m [35m29414[0;39m [2m---[0;39m [2m[   scheduling-1][0;39m [36mo.p.ts4.utility.classes.BatchComponent  [0;39m [2m:[0;39m INACTIVE
[2m2025-02-05 04:59:10.006[0;39m [32m INFO[0;39m [35m29414[0;39m [2m---[0;39m [2m[   scheduling-1][0;39m [36mo.p.ts4.utility.classes.BatchComponent  [0;39m [2m:[0;39m INACTIVE
[2m2025-02-05 04:59:15.003[0;39m [32m INFO[0;39m [35m29414[0;39m [2m---[0;39m [2m[   scheduling-1][0;39m [36mo.p.ts4.utility.classes.BatchComponent  [0;39m [2m:[0;39m INACTIVE
[2m2025-02-05 04:59:20.003[0;39m [32m INFO[0;39m [35m29414[0;39m [2m---[0;39m [2m[   scheduling-1][0;39m [36mo.p.ts4.utility.classes.BatchComponent  [0;39m [2m:[0;39m INACTIVE
[2m2025-02-05 04:59:25.009[0;39m [32m INFO[0;39m [35m29414[0;39m [2m---[0;39m [2m[   scheduling-1][0;39m [36mo.p.ts4.utility.classes.BatchComponent  [0;39m [2m:[0;39m INACTIVE
[2m2025-02-05 04:59:30.006[0;39m [32m INFO[0;39m [35m29414[0;39m [2m---[0;39m [2m[   scheduling-1][0;39m [36mo.p.ts4.utility.classes.BatchComponent  [0;39m [2m:[0;39m INACTIVE
[2m2025-02-05 04:59:35.008[0;39m [32m INFO[0;39m [35m29414[0;39m [2m---[0;39m [2m[   scheduling-1][0;39m [36mo.p.ts4.utility.classes.BatchComponent  [0;39m [2m:[0;39m INACTIVE
[2m2025-02-05 04:59:40.007[0;39m [32m INFO[0;39m [35m29414[0;39m [2m---[0;39m [2m[   scheduling-1][0;39m [36mo.p.ts4.utility.classes.BatchComponent  [0;39m [2m:[0;39m INACTIVE
[2m2025-02-05 04:59:45.006[0;39m [32m INFO[0;39m [35m29414[0;39m [2m---[0;39m [2m[   scheduling-1][0;39m [36mo.p.ts4.utility.classes.BatchComponent  [0;39m [2m:[0;39m INACTIVE
[2m2025-02-05 04:59:50.009[0;39m [32m INFO[0;39m [35m29414[0;39m [2m---[0;39m [2m[   scheduling-1][0;39m [36mo.p.ts4.utility.classes.BatchComponent  [0;39m [2m:[0;39m INACTIVE
[2m2025-02-05 04:59:55.010[0;39m [32m INFO[0;39m [35m29414[0;39m [2m---[0;39m [2m[   scheduling-1][0;39m [36mo.p.ts4.utility.classes.BatchComponent  [0;39m [2m:[0;39m INACTIVE
