[2m2025-01-29 11:23:29.683[0;39m [32m INFO[0;39m [35m4948[0;39m [2m---[0;39m [2m[           main][0;39m [36mo.p.ts4.consumer.TS4ConsumerApplication [0;39m [2m:[0;39m Starting TS4ConsumerApplication using Java 21.0.2 with PID 4948 (/Users/asiaserrano/repos/ts4Helper/TS4Consumer/target/classes started by asiaserrano in /Users/asiaserrano/repos/ts4Helper/TS4Consumer)
[2m2025-01-29 11:23:29.686[0;39m [32m INFO[0;39m [35m4948[0;39m [2m---[0;39m [2m[           main][0;39m [36mo.p.ts4.consumer.TS4ConsumerApplication [0;39m [2m:[0;39m The following 1 profile is active: "local"
[2m2025-01-29 11:23:30.111[0;39m [32m INFO[0;39m [35m4948[0;39m [2m---[0;39m [2m[           main][0;39m [36mo.a.k.clients.consumer.ConsumerConfig   [0;39m [2m:[0;39m ConsumerConfig values: 
	allow.auto.create.topics = true
	auto.commit.interval.ms = 5000
	auto.include.jmx.reporter = true
	auto.offset.reset = earliest
	bootstrap.servers = [localhost:9094]
	check.crcs = true
	client.dns.lookup = use_all_dns_ips
	client.id = consumer-ts4-website-consumer-1
	client.rack = 
	connections.max.idle.ms = 540000
	default.api.timeout.ms = 60000
	enable.auto.commit = false
	enable.metrics.push = true
	exclude.internal.topics = true
	fetch.max.bytes = 52428800
	fetch.max.wait.ms = 500
	fetch.min.bytes = 1
	group.id = ts4-website-consumer
	group.instance.id = null
	group.protocol = classic
	group.remote.assignor = null
	heartbeat.interval.ms = 3000
	interceptor.classes = []
	internal.leave.group.on.close = true
	internal.throw.on.fetch.stable.offset.unsupported = false
	isolation.level = read_uncommitted
	key.deserializer = class org.apache.kafka.common.serialization.StringDeserializer
	max.partition.fetch.bytes = 1048576
	max.poll.interval.ms = 300000
	max.poll.records = 500
	metadata.max.age.ms = 300000
	metric.reporters = []
	metrics.num.samples = 2
	metrics.recording.level = INFO
	metrics.sample.window.ms = 30000
	partition.assignment.strategy = [class org.apache.kafka.clients.consumer.RangeAssignor, class org.apache.kafka.clients.consumer.CooperativeStickyAssignor]
	receive.buffer.bytes = 65536
	reconnect.backoff.max.ms = 1000
	reconnect.backoff.ms = 50
	request.timeout.ms = 30000
	retry.backoff.max.ms = 1000
	retry.backoff.ms = 100
	sasl.client.callback.handler.class = null
	sasl.jaas.config = null
	sasl.kerberos.kinit.cmd = /usr/bin/kinit
	sasl.kerberos.min.time.before.relogin = 60000
	sasl.kerberos.service.name = null
	sasl.kerberos.ticket.renew.jitter = 0.05
	sasl.kerberos.ticket.renew.window.factor = 0.8
	sasl.login.callback.handler.class = null
	sasl.login.class = null
	sasl.login.connect.timeout.ms = null
	sasl.login.read.timeout.ms = null
	sasl.login.refresh.buffer.seconds = 300
	sasl.login.refresh.min.period.seconds = 60
	sasl.login.refresh.window.factor = 0.8
	sasl.login.refresh.window.jitter = 0.05
	sasl.login.retry.backoff.max.ms = 10000
	sasl.login.retry.backoff.ms = 100
	sasl.mechanism = GSSAPI
	sasl.oauthbearer.clock.skew.seconds = 30
	sasl.oauthbearer.expected.audience = null
	sasl.oauthbearer.expected.issuer = null
	sasl.oauthbearer.jwks.endpoint.refresh.ms = 3600000
	sasl.oauthbearer.jwks.endpoint.retry.backoff.max.ms = 10000
	sasl.oauthbearer.jwks.endpoint.retry.backoff.ms = 100
	sasl.oauthbearer.jwks.endpoint.url = null
	sasl.oauthbearer.scope.claim.name = scope
	sasl.oauthbearer.sub.claim.name = sub
	sasl.oauthbearer.token.endpoint.url = null
	security.protocol = PLAINTEXT
	security.providers = null
	send.buffer.bytes = 131072
	session.timeout.ms = 45000
	socket.connection.setup.timeout.max.ms = 30000
	socket.connection.setup.timeout.ms = 10000
	ssl.cipher.suites = null
	ssl.enabled.protocols = [TLSv1.2, TLSv1.3]
	ssl.endpoint.identification.algorithm = https
	ssl.engine.factory.class = null
	ssl.key.password = null
	ssl.keymanager.algorithm = SunX509
	ssl.keystore.certificate.chain = null
	ssl.keystore.key = null
	ssl.keystore.location = null
	ssl.keystore.password = null
	ssl.keystore.type = JKS
	ssl.protocol = TLSv1.3
	ssl.provider = null
	ssl.secure.random.implementation = null
	ssl.trustmanager.algorithm = PKIX
	ssl.truststore.certificates = null
	ssl.truststore.location = null
	ssl.truststore.password = null
	ssl.truststore.type = JKS
	value.deserializer = class io.confluent.kafka.serializers.KafkaAvroDeserializer

[2m2025-01-29 11:23:30.124[0;39m [32m INFO[0;39m [35m4948[0;39m [2m---[0;39m [2m[           main][0;39m [36mo.a.k.c.t.i.KafkaMetricsCollector       [0;39m [2m:[0;39m initializing Kafka metrics collector
[2m2025-01-29 11:23:30.132[0;39m [32m INFO[0;39m [35m4948[0;39m [2m---[0;39m [2m[           main][0;39m [36mi.c.k.s.KafkaAvroDeserializerConfig     [0;39m [2m:[0;39m KafkaAvroDeserializerConfig values: 
	auto.register.schemas = true
	avro.reflection.allow.null = false
	avro.use.logical.type.converters = false
	basic.auth.credentials.source = URL
	basic.auth.user.info = [hidden]
	bearer.auth.cache.expiry.buffer.seconds = 300
	bearer.auth.client.id = null
	bearer.auth.client.secret = null
	bearer.auth.credentials.source = STATIC_TOKEN
	bearer.auth.custom.provider.class = null
	bearer.auth.identity.pool.id = null
	bearer.auth.issuer.endpoint.url = null
	bearer.auth.logical.cluster = null
	bearer.auth.scope = null
	bearer.auth.scope.claim.name = scope
	bearer.auth.sub.claim.name = sub
	bearer.auth.token = [hidden]
	context.name.strategy = class io.confluent.kafka.serializers.context.NullContextNameStrategy
	http.connect.timeout.ms = 60000
	http.read.timeout.ms = 60000
	id.compatibility.strict = true
	key.subject.name.strategy = class io.confluent.kafka.serializers.subject.TopicNameStrategy
	latest.cache.size = 1000
	latest.cache.ttl.sec = -1
	latest.compatibility.strict = true
	max.schemas.per.subject = 1000
	normalize.schemas = false
	propagate.schema.tags = false
	proxy.host = 
	proxy.port = -1
	rule.actions = []
	rule.executors = []
	rule.service.loader.enable = true
	schema.format = null
	schema.reflection = false
	schema.registry.basic.auth.user.info = [hidden]
	schema.registry.ssl.cipher.suites = null
	schema.registry.ssl.enabled.protocols = [TLSv1.2, TLSv1.3]
	schema.registry.ssl.endpoint.identification.algorithm = https
	schema.registry.ssl.engine.factory.class = null
	schema.registry.ssl.key.password = null
	schema.registry.ssl.keymanager.algorithm = SunX509
	schema.registry.ssl.keystore.certificate.chain = null
	schema.registry.ssl.keystore.key = null
	schema.registry.ssl.keystore.location = null
	schema.registry.ssl.keystore.password = null
	schema.registry.ssl.keystore.type = JKS
	schema.registry.ssl.protocol = TLSv1.3
	schema.registry.ssl.provider = null
	schema.registry.ssl.secure.random.implementation = null
	schema.registry.ssl.trustmanager.algorithm = PKIX
	schema.registry.ssl.truststore.certificates = null
	schema.registry.ssl.truststore.location = null
	schema.registry.ssl.truststore.password = null
	schema.registry.ssl.truststore.type = JKS
	schema.registry.url = [http://localhost:8081]
	specific.avro.key.type = null
	specific.avro.reader = true
	specific.avro.value.type = null
	use.latest.version = false
	use.latest.with.metadata = null
	use.schema.id = -1
	value.subject.name.strategy = class io.confluent.kafka.serializers.subject.TopicNameStrategy

[2m2025-01-29 11:23:30.132[0;39m [32m INFO[0;39m [35m4948[0;39m [2m---[0;39m [2m[           main][0;39m [36mi.c.k.s.KafkaAvroDeserializerConfig     [0;39m [2m:[0;39m KafkaAvroDeserializerConfig values: 
	auto.register.schemas = true
	avro.reflection.allow.null = false
	avro.use.logical.type.converters = false
	basic.auth.credentials.source = URL
	basic.auth.user.info = [hidden]
	bearer.auth.cache.expiry.buffer.seconds = 300
	bearer.auth.client.id = null
	bearer.auth.client.secret = null
	bearer.auth.credentials.source = STATIC_TOKEN
	bearer.auth.custom.provider.class = null
	bearer.auth.identity.pool.id = null
	bearer.auth.issuer.endpoint.url = null
	bearer.auth.logical.cluster = null
	bearer.auth.scope = null
	bearer.auth.scope.claim.name = scope
	bearer.auth.sub.claim.name = sub
	bearer.auth.token = [hidden]
	context.name.strategy = class io.confluent.kafka.serializers.context.NullContextNameStrategy
	http.connect.timeout.ms = 60000
	http.read.timeout.ms = 60000
	id.compatibility.strict = true
	key.subject.name.strategy = class io.confluent.kafka.serializers.subject.TopicNameStrategy
	latest.cache.size = 1000
	latest.cache.ttl.sec = -1
	latest.compatibility.strict = true
	max.schemas.per.subject = 1000
	normalize.schemas = false
	propagate.schema.tags = false
	proxy.host = 
	proxy.port = -1
	rule.actions = []
	rule.executors = []
	rule.service.loader.enable = true
	schema.format = null
	schema.reflection = false
	schema.registry.basic.auth.user.info = [hidden]
	schema.registry.ssl.cipher.suites = null
	schema.registry.ssl.enabled.protocols = [TLSv1.2, TLSv1.3]
	schema.registry.ssl.endpoint.identification.algorithm = https
	schema.registry.ssl.engine.factory.class = null
	schema.registry.ssl.key.password = null
	schema.registry.ssl.keymanager.algorithm = SunX509
	schema.registry.ssl.keystore.certificate.chain = null
	schema.registry.ssl.keystore.key = null
	schema.registry.ssl.keystore.location = null
	schema.registry.ssl.keystore.password = null
	schema.registry.ssl.keystore.type = JKS
	schema.registry.ssl.protocol = TLSv1.3
	schema.registry.ssl.provider = null
	schema.registry.ssl.secure.random.implementation = null
	schema.registry.ssl.trustmanager.algorithm = PKIX
	schema.registry.ssl.truststore.certificates = null
	schema.registry.ssl.truststore.location = null
	schema.registry.ssl.truststore.password = null
	schema.registry.ssl.truststore.type = JKS
	schema.registry.url = [http://localhost:8081]
	specific.avro.key.type = null
	specific.avro.reader = true
	specific.avro.value.type = null
	use.latest.version = false
	use.latest.with.metadata = null
	use.schema.id = -1
	value.subject.name.strategy = class io.confluent.kafka.serializers.subject.TopicNameStrategy

[2m2025-01-29 11:23:30.198[0;39m [32m INFO[0;39m [35m4948[0;39m [2m---[0;39m [2m[           main][0;39m [36mo.a.k.clients.consumer.ConsumerConfig   [0;39m [2m:[0;39m These configurations '[schema.registry.url, specific.avro.reader]' were supplied but are not used yet.
[2m2025-01-29 11:23:30.198[0;39m [32m INFO[0;39m [35m4948[0;39m [2m---[0;39m [2m[           main][0;39m [36mo.a.kafka.common.utils.AppInfoParser    [0;39m [2m:[0;39m Kafka version: 3.7.1
[2m2025-01-29 11:23:30.198[0;39m [32m INFO[0;39m [35m4948[0;39m [2m---[0;39m [2m[           main][0;39m [36mo.a.kafka.common.utils.AppInfoParser    [0;39m [2m:[0;39m Kafka commitId: e2494e6ffb89f828
[2m2025-01-29 11:23:30.198[0;39m [32m INFO[0;39m [35m4948[0;39m [2m---[0;39m [2m[           main][0;39m [36mo.a.kafka.common.utils.AppInfoParser    [0;39m [2m:[0;39m Kafka startTimeMs: 1738167810198
[2m2025-01-29 11:23:30.200[0;39m [32m INFO[0;39m [35m4948[0;39m [2m---[0;39m [2m[           main][0;39m [36mo.a.k.c.c.internals.LegacyKafkaConsumer [0;39m [2m:[0;39m [Consumer clientId=consumer-ts4-website-consumer-1, groupId=ts4-website-consumer] Subscribed to topic(s): ts4-website-topic
[2m2025-01-29 11:23:30.206[0;39m [32m INFO[0;39m [35m4948[0;39m [2m---[0;39m [2m[           main][0;39m [36mo.p.ts4.consumer.TS4ConsumerApplication [0;39m [2m:[0;39m Started TS4ConsumerApplication in 0.63 seconds (process running for 0.958)
[2m2025-01-29 11:23:30.310[0;39m [32m INFO[0;39m [35m4948[0;39m [2m---[0;39m [2m[ntainer#0-0-C-1][0;39m [36morg.apache.kafka.clients.Metadata       [0;39m [2m:[0;39m [Consumer clientId=consumer-ts4-website-consumer-1, groupId=ts4-website-consumer] Cluster ID: MkU3OEVBNTcwNTJENDM2Qk
[2m2025-01-29 11:23:30.310[0;39m [32m INFO[0;39m [35m4948[0;39m [2m---[0;39m [2m[ntainer#0-0-C-1][0;39m [36mo.a.k.c.c.internals.ConsumerCoordinator [0;39m [2m:[0;39m [Consumer clientId=consumer-ts4-website-consumer-1, groupId=ts4-website-consumer] Discovered group coordinator localhost:9094 (id: 2147483646 rack: null)
[2m2025-01-29 11:23:30.311[0;39m [32m INFO[0;39m [35m4948[0;39m [2m---[0;39m [2m[ntainer#0-0-C-1][0;39m [36mo.a.k.c.c.internals.ConsumerCoordinator [0;39m [2m:[0;39m [Consumer clientId=consumer-ts4-website-consumer-1, groupId=ts4-website-consumer] (Re-)joining group
[2m2025-01-29 11:23:30.320[0;39m [32m INFO[0;39m [35m4948[0;39m [2m---[0;39m [2m[ntainer#0-0-C-1][0;39m [36mo.a.k.c.c.internals.ConsumerCoordinator [0;39m [2m:[0;39m [Consumer clientId=consumer-ts4-website-consumer-1, groupId=ts4-website-consumer] Request joining group due to: need to re-join with the given member-id: consumer-ts4-website-consumer-1-9b4b133f-a0fe-448c-a47c-f2f4f9fff819
[2m2025-01-29 11:23:30.321[0;39m [32m INFO[0;39m [35m4948[0;39m [2m---[0;39m [2m[ntainer#0-0-C-1][0;39m [36mo.a.k.c.c.internals.ConsumerCoordinator [0;39m [2m:[0;39m [Consumer clientId=consumer-ts4-website-consumer-1, groupId=ts4-website-consumer] (Re-)joining group
[2m2025-01-29 11:23:30.323[0;39m [32m INFO[0;39m [35m4948[0;39m [2m---[0;39m [2m[ntainer#0-0-C-1][0;39m [36mo.a.k.c.c.internals.ConsumerCoordinator [0;39m [2m:[0;39m [Consumer clientId=consumer-ts4-website-consumer-1, groupId=ts4-website-consumer] Successfully joined group with generation Generation{generationId=1, memberId='consumer-ts4-website-consumer-1-9b4b133f-a0fe-448c-a47c-f2f4f9fff819', protocol='range'}
[2m2025-01-29 11:23:30.326[0;39m [32m INFO[0;39m [35m4948[0;39m [2m---[0;39m [2m[ntainer#0-0-C-1][0;39m [36mo.a.k.c.c.internals.ConsumerCoordinator [0;39m [2m:[0;39m [Consumer clientId=consumer-ts4-website-consumer-1, groupId=ts4-website-consumer] Finished assignment for group at generation 1: {consumer-ts4-website-consumer-1-9b4b133f-a0fe-448c-a47c-f2f4f9fff819=Assignment(partitions=[ts4-website-topic-0])}
[2m2025-01-29 11:23:30.331[0;39m [32m INFO[0;39m [35m4948[0;39m [2m---[0;39m [2m[ntainer#0-0-C-1][0;39m [36mo.a.k.c.c.internals.ConsumerCoordinator [0;39m [2m:[0;39m [Consumer clientId=consumer-ts4-website-consumer-1, groupId=ts4-website-consumer] Successfully synced group in generation Generation{generationId=1, memberId='consumer-ts4-website-consumer-1-9b4b133f-a0fe-448c-a47c-f2f4f9fff819', protocol='range'}
[2m2025-01-29 11:23:30.331[0;39m [32m INFO[0;39m [35m4948[0;39m [2m---[0;39m [2m[ntainer#0-0-C-1][0;39m [36mo.a.k.c.c.internals.ConsumerCoordinator [0;39m [2m:[0;39m [Consumer clientId=consumer-ts4-website-consumer-1, groupId=ts4-website-consumer] Notifying assignor about the new Assignment(partitions=[ts4-website-topic-0])
[2m2025-01-29 11:23:30.332[0;39m [32m INFO[0;39m [35m4948[0;39m [2m---[0;39m [2m[ntainer#0-0-C-1][0;39m [36mk.c.c.i.ConsumerRebalanceListenerInvoker[0;39m [2m:[0;39m [Consumer clientId=consumer-ts4-website-consumer-1, groupId=ts4-website-consumer] Adding newly assigned partitions: ts4-website-topic-0
[2m2025-01-29 11:23:30.336[0;39m [32m INFO[0;39m [35m4948[0;39m [2m---[0;39m [2m[ntainer#0-0-C-1][0;39m [36mo.a.k.c.c.internals.ConsumerCoordinator [0;39m [2m:[0;39m [Consumer clientId=consumer-ts4-website-consumer-1, groupId=ts4-website-consumer] Found no committed offset for partition ts4-website-topic-0
[2m2025-01-29 11:23:30.342[0;39m [32m INFO[0;39m [35m4948[0;39m [2m---[0;39m [2m[ntainer#0-0-C-1][0;39m [36mo.a.k.c.c.internals.SubscriptionState   [0;39m [2m:[0;39m [Consumer clientId=consumer-ts4-website-consumer-1, groupId=ts4-website-consumer] Resetting offset for partition ts4-website-topic-0 to position FetchPosition{offset=0, offsetEpoch=Optional.empty, currentLeader=LeaderAndEpoch{leader=Optional[localhost:9094 (id: 1 rack: null)], epoch=0}}.
[2m2025-01-29 11:23:30.342[0;39m [32m INFO[0;39m [35m4948[0;39m [2m---[0;39m [2m[ntainer#0-0-C-1][0;39m [36mo.s.k.l.KafkaMessageListenerContainer   [0;39m [2m:[0;39m ts4-website-consumer: partitions assigned: [ts4-website-topic-0]
[2m2025-01-29 11:23:33.990[0;39m [32m INFO[0;39m [35m4948[0;39m [2m---[0;39m [2m[ntainer#0-0-C-1][0;39m [36mk.c.c.i.ConsumerRebalanceListenerInvoker[0;39m [2m:[0;39m [Consumer clientId=consumer-ts4-website-consumer-1, groupId=ts4-website-consumer] Revoke previously assigned partitions ts4-website-topic-0
[2m2025-01-29 11:23:33.990[0;39m [32m INFO[0;39m [35m4948[0;39m [2m---[0;39m [2m[ntainer#0-0-C-1][0;39m [36mo.s.k.l.KafkaMessageListenerContainer   [0;39m [2m:[0;39m ts4-website-consumer: partitions revoked: [ts4-website-topic-0]
[2m2025-01-29 11:23:33.991[0;39m [32m INFO[0;39m [35m4948[0;39m [2m---[0;39m [2m[ntainer#0-0-C-1][0;39m [36mo.a.k.c.c.internals.ConsumerCoordinator [0;39m [2m:[0;39m [Consumer clientId=consumer-ts4-website-consumer-1, groupId=ts4-website-consumer] Member consumer-ts4-website-consumer-1-9b4b133f-a0fe-448c-a47c-f2f4f9fff819 sending LeaveGroup request to coordinator localhost:9094 (id: 2147483646 rack: null) due to the consumer unsubscribed from all topics
[2m2025-01-29 11:23:33.991[0;39m [32m INFO[0;39m [35m4948[0;39m [2m---[0;39m [2m[ntainer#0-0-C-1][0;39m [36mo.a.k.c.c.internals.ConsumerCoordinator [0;39m [2m:[0;39m [Consumer clientId=consumer-ts4-website-consumer-1, groupId=ts4-website-consumer] Resetting generation and member id due to: consumer pro-actively leaving the group
[2m2025-01-29 11:23:33.991[0;39m [32m INFO[0;39m [35m4948[0;39m [2m---[0;39m [2m[ntainer#0-0-C-1][0;39m [36mo.a.k.c.c.internals.ConsumerCoordinator [0;39m [2m:[0;39m [Consumer clientId=consumer-ts4-website-consumer-1, groupId=ts4-website-consumer] Request joining group due to: consumer pro-actively leaving the group
[2m2025-01-29 11:23:33.991[0;39m [32m INFO[0;39m [35m4948[0;39m [2m---[0;39m [2m[ntainer#0-0-C-1][0;39m [36mo.a.k.c.c.internals.LegacyKafkaConsumer [0;39m [2m:[0;39m [Consumer clientId=consumer-ts4-website-consumer-1, groupId=ts4-website-consumer] Unsubscribed all topics or patterns and assigned partitions
[2m2025-01-29 11:23:33.992[0;39m [32m INFO[0;39m [35m4948[0;39m [2m---[0;39m [2m[ntainer#0-0-C-1][0;39m [36mo.a.k.c.c.internals.ConsumerCoordinator [0;39m [2m:[0;39m [Consumer clientId=consumer-ts4-website-consumer-1, groupId=ts4-website-consumer] Resetting generation and member id due to: consumer pro-actively leaving the group
[2m2025-01-29 11:23:33.992[0;39m [32m INFO[0;39m [35m4948[0;39m [2m---[0;39m [2m[ntainer#0-0-C-1][0;39m [36mo.a.k.c.c.internals.ConsumerCoordinator [0;39m [2m:[0;39m [Consumer clientId=consumer-ts4-website-consumer-1, groupId=ts4-website-consumer] Request joining group due to: consumer pro-actively leaving the group
[2m2025-01-29 11:23:34.418[0;39m [32m INFO[0;39m [35m4948[0;39m [2m---[0;39m [2m[ntainer#0-0-C-1][0;39m [36mo.apache.kafka.common.metrics.Metrics   [0;39m [2m:[0;39m Metrics scheduler closed
[2m2025-01-29 11:23:34.418[0;39m [32m INFO[0;39m [35m4948[0;39m [2m---[0;39m [2m[ntainer#0-0-C-1][0;39m [36mo.apache.kafka.common.metrics.Metrics   [0;39m [2m:[0;39m Closing reporter org.apache.kafka.common.metrics.JmxReporter
[2m2025-01-29 11:23:34.418[0;39m [32m INFO[0;39m [35m4948[0;39m [2m---[0;39m [2m[ntainer#0-0-C-1][0;39m [36mo.apache.kafka.common.metrics.Metrics   [0;39m [2m:[0;39m Closing reporter org.apache.kafka.common.telemetry.internals.ClientTelemetryReporter
[2m2025-01-29 11:23:34.418[0;39m [32m INFO[0;39m [35m4948[0;39m [2m---[0;39m [2m[ntainer#0-0-C-1][0;39m [36mo.apache.kafka.common.metrics.Metrics   [0;39m [2m:[0;39m Metrics reporters closed
[2m2025-01-29 11:23:34.422[0;39m [32m INFO[0;39m [35m4948[0;39m [2m---[0;39m [2m[ntainer#0-0-C-1][0;39m [36mo.a.kafka.common.utils.AppInfoParser    [0;39m [2m:[0;39m App info kafka.consumer for consumer-ts4-website-consumer-1 unregistered
[2m2025-01-29 11:23:34.423[0;39m [32m INFO[0;39m [35m4948[0;39m [2m---[0;39m [2m[ntainer#0-0-C-1][0;39m [36mo.s.k.l.KafkaMessageListenerContainer   [0;39m [2m:[0;39m ts4-website-consumer: Consumer stopped
[2m2025-01-29 11:32:09.718[0;39m [32m INFO[0;39m [35m5359[0;39m [2m---[0;39m [2m[           main][0;39m [36mo.p.ts4.consumer.TS4ConsumerApplication [0;39m [2m:[0;39m Starting TS4ConsumerApplication using Java 21.0.2 with PID 5359 (/Users/asiaserrano/repos/ts4Helper/TS4Consumer/target/classes started by asiaserrano in /Users/asiaserrano/repos/ts4Helper/TS4Consumer)
[2m2025-01-29 11:32:09.719[0;39m [32m INFO[0;39m [35m5359[0;39m [2m---[0;39m [2m[           main][0;39m [36mo.p.ts4.consumer.TS4ConsumerApplication [0;39m [2m:[0;39m The following 1 profile is active: "local"
[2m2025-01-29 11:32:10.175[0;39m [32m INFO[0;39m [35m5359[0;39m [2m---[0;39m [2m[           main][0;39m [36mo.a.k.clients.consumer.ConsumerConfig   [0;39m [2m:[0;39m ConsumerConfig values: 
	allow.auto.create.topics = true
	auto.commit.interval.ms = 5000
	auto.include.jmx.reporter = true
	auto.offset.reset = earliest
	bootstrap.servers = [localhost:9094]
	check.crcs = true
	client.dns.lookup = use_all_dns_ips
	client.id = consumer-ts4-website-consumer-1
	client.rack = 
	connections.max.idle.ms = 540000
	default.api.timeout.ms = 60000
	enable.auto.commit = false
	enable.metrics.push = true
	exclude.internal.topics = true
	fetch.max.bytes = 52428800
	fetch.max.wait.ms = 500
	fetch.min.bytes = 1
	group.id = ts4-website-consumer
	group.instance.id = null
	group.protocol = classic
	group.remote.assignor = null
	heartbeat.interval.ms = 3000
	interceptor.classes = []
	internal.leave.group.on.close = true
	internal.throw.on.fetch.stable.offset.unsupported = false
	isolation.level = read_uncommitted
	key.deserializer = class org.apache.kafka.common.serialization.StringDeserializer
	max.partition.fetch.bytes = 1048576
	max.poll.interval.ms = 300000
	max.poll.records = 500
	metadata.max.age.ms = 300000
	metric.reporters = []
	metrics.num.samples = 2
	metrics.recording.level = INFO
	metrics.sample.window.ms = 30000
	partition.assignment.strategy = [class org.apache.kafka.clients.consumer.RangeAssignor, class org.apache.kafka.clients.consumer.CooperativeStickyAssignor]
	receive.buffer.bytes = 65536
	reconnect.backoff.max.ms = 1000
	reconnect.backoff.ms = 50
	request.timeout.ms = 30000
	retry.backoff.max.ms = 1000
	retry.backoff.ms = 100
	sasl.client.callback.handler.class = null
	sasl.jaas.config = null
	sasl.kerberos.kinit.cmd = /usr/bin/kinit
	sasl.kerberos.min.time.before.relogin = 60000
	sasl.kerberos.service.name = null
	sasl.kerberos.ticket.renew.jitter = 0.05
	sasl.kerberos.ticket.renew.window.factor = 0.8
	sasl.login.callback.handler.class = null
	sasl.login.class = null
	sasl.login.connect.timeout.ms = null
	sasl.login.read.timeout.ms = null
	sasl.login.refresh.buffer.seconds = 300
	sasl.login.refresh.min.period.seconds = 60
	sasl.login.refresh.window.factor = 0.8
	sasl.login.refresh.window.jitter = 0.05
	sasl.login.retry.backoff.max.ms = 10000
	sasl.login.retry.backoff.ms = 100
	sasl.mechanism = GSSAPI
	sasl.oauthbearer.clock.skew.seconds = 30
	sasl.oauthbearer.expected.audience = null
	sasl.oauthbearer.expected.issuer = null
	sasl.oauthbearer.jwks.endpoint.refresh.ms = 3600000
	sasl.oauthbearer.jwks.endpoint.retry.backoff.max.ms = 10000
	sasl.oauthbearer.jwks.endpoint.retry.backoff.ms = 100
	sasl.oauthbearer.jwks.endpoint.url = null
	sasl.oauthbearer.scope.claim.name = scope
	sasl.oauthbearer.sub.claim.name = sub
	sasl.oauthbearer.token.endpoint.url = null
	security.protocol = PLAINTEXT
	security.providers = null
	send.buffer.bytes = 131072
	session.timeout.ms = 45000
	socket.connection.setup.timeout.max.ms = 30000
	socket.connection.setup.timeout.ms = 10000
	ssl.cipher.suites = null
	ssl.enabled.protocols = [TLSv1.2, TLSv1.3]
	ssl.endpoint.identification.algorithm = https
	ssl.engine.factory.class = null
	ssl.key.password = null
	ssl.keymanager.algorithm = SunX509
	ssl.keystore.certificate.chain = null
	ssl.keystore.key = null
	ssl.keystore.location = null
	ssl.keystore.password = null
	ssl.keystore.type = JKS
	ssl.protocol = TLSv1.3
	ssl.provider = null
	ssl.secure.random.implementation = null
	ssl.trustmanager.algorithm = PKIX
	ssl.truststore.certificates = null
	ssl.truststore.location = null
	ssl.truststore.password = null
	ssl.truststore.type = JKS
	value.deserializer = class io.confluent.kafka.serializers.KafkaAvroDeserializer

[2m2025-01-29 11:32:10.193[0;39m [32m INFO[0;39m [35m5359[0;39m [2m---[0;39m [2m[           main][0;39m [36mo.a.k.c.t.i.KafkaMetricsCollector       [0;39m [2m:[0;39m initializing Kafka metrics collector
[2m2025-01-29 11:32:10.204[0;39m [32m INFO[0;39m [35m5359[0;39m [2m---[0;39m [2m[           main][0;39m [36mi.c.k.s.KafkaAvroDeserializerConfig     [0;39m [2m:[0;39m KafkaAvroDeserializerConfig values: 
	auto.register.schemas = true
	avro.reflection.allow.null = false
	avro.use.logical.type.converters = false
	basic.auth.credentials.source = URL
	basic.auth.user.info = [hidden]
	bearer.auth.cache.expiry.buffer.seconds = 300
	bearer.auth.client.id = null
	bearer.auth.client.secret = null
	bearer.auth.credentials.source = STATIC_TOKEN
	bearer.auth.custom.provider.class = null
	bearer.auth.identity.pool.id = null
	bearer.auth.issuer.endpoint.url = null
	bearer.auth.logical.cluster = null
	bearer.auth.scope = null
	bearer.auth.scope.claim.name = scope
	bearer.auth.sub.claim.name = sub
	bearer.auth.token = [hidden]
	context.name.strategy = class io.confluent.kafka.serializers.context.NullContextNameStrategy
	http.connect.timeout.ms = 60000
	http.read.timeout.ms = 60000
	id.compatibility.strict = true
	key.subject.name.strategy = class io.confluent.kafka.serializers.subject.TopicNameStrategy
	latest.cache.size = 1000
	latest.cache.ttl.sec = -1
	latest.compatibility.strict = true
	max.schemas.per.subject = 1000
	normalize.schemas = false
	propagate.schema.tags = false
	proxy.host = 
	proxy.port = -1
	rule.actions = []
	rule.executors = []
	rule.service.loader.enable = true
	schema.format = null
	schema.reflection = false
	schema.registry.basic.auth.user.info = [hidden]
	schema.registry.ssl.cipher.suites = null
	schema.registry.ssl.enabled.protocols = [TLSv1.2, TLSv1.3]
	schema.registry.ssl.endpoint.identification.algorithm = https
	schema.registry.ssl.engine.factory.class = null
	schema.registry.ssl.key.password = null
	schema.registry.ssl.keymanager.algorithm = SunX509
	schema.registry.ssl.keystore.certificate.chain = null
	schema.registry.ssl.keystore.key = null
	schema.registry.ssl.keystore.location = null
	schema.registry.ssl.keystore.password = null
	schema.registry.ssl.keystore.type = JKS
	schema.registry.ssl.protocol = TLSv1.3
	schema.registry.ssl.provider = null
	schema.registry.ssl.secure.random.implementation = null
	schema.registry.ssl.trustmanager.algorithm = PKIX
	schema.registry.ssl.truststore.certificates = null
	schema.registry.ssl.truststore.location = null
	schema.registry.ssl.truststore.password = null
	schema.registry.ssl.truststore.type = JKS
	schema.registry.url = [http://localhost:8081]
	specific.avro.key.type = null
	specific.avro.reader = true
	specific.avro.value.type = null
	use.latest.version = false
	use.latest.with.metadata = null
	use.schema.id = -1
	value.subject.name.strategy = class io.confluent.kafka.serializers.subject.TopicNameStrategy

[2m2025-01-29 11:32:10.204[0;39m [32m INFO[0;39m [35m5359[0;39m [2m---[0;39m [2m[           main][0;39m [36mi.c.k.s.KafkaAvroDeserializerConfig     [0;39m [2m:[0;39m KafkaAvroDeserializerConfig values: 
	auto.register.schemas = true
	avro.reflection.allow.null = false
	avro.use.logical.type.converters = false
	basic.auth.credentials.source = URL
	basic.auth.user.info = [hidden]
	bearer.auth.cache.expiry.buffer.seconds = 300
	bearer.auth.client.id = null
	bearer.auth.client.secret = null
	bearer.auth.credentials.source = STATIC_TOKEN
	bearer.auth.custom.provider.class = null
	bearer.auth.identity.pool.id = null
	bearer.auth.issuer.endpoint.url = null
	bearer.auth.logical.cluster = null
	bearer.auth.scope = null
	bearer.auth.scope.claim.name = scope
	bearer.auth.sub.claim.name = sub
	bearer.auth.token = [hidden]
	context.name.strategy = class io.confluent.kafka.serializers.context.NullContextNameStrategy
	http.connect.timeout.ms = 60000
	http.read.timeout.ms = 60000
	id.compatibility.strict = true
	key.subject.name.strategy = class io.confluent.kafka.serializers.subject.TopicNameStrategy
	latest.cache.size = 1000
	latest.cache.ttl.sec = -1
	latest.compatibility.strict = true
	max.schemas.per.subject = 1000
	normalize.schemas = false
	propagate.schema.tags = false
	proxy.host = 
	proxy.port = -1
	rule.actions = []
	rule.executors = []
	rule.service.loader.enable = true
	schema.format = null
	schema.reflection = false
	schema.registry.basic.auth.user.info = [hidden]
	schema.registry.ssl.cipher.suites = null
	schema.registry.ssl.enabled.protocols = [TLSv1.2, TLSv1.3]
	schema.registry.ssl.endpoint.identification.algorithm = https
	schema.registry.ssl.engine.factory.class = null
	schema.registry.ssl.key.password = null
	schema.registry.ssl.keymanager.algorithm = SunX509
	schema.registry.ssl.keystore.certificate.chain = null
	schema.registry.ssl.keystore.key = null
	schema.registry.ssl.keystore.location = null
	schema.registry.ssl.keystore.password = null
	schema.registry.ssl.keystore.type = JKS
	schema.registry.ssl.protocol = TLSv1.3
	schema.registry.ssl.provider = null
	schema.registry.ssl.secure.random.implementation = null
	schema.registry.ssl.trustmanager.algorithm = PKIX
	schema.registry.ssl.truststore.certificates = null
	schema.registry.ssl.truststore.location = null
	schema.registry.ssl.truststore.password = null
	schema.registry.ssl.truststore.type = JKS
	schema.registry.url = [http://localhost:8081]
	specific.avro.key.type = null
	specific.avro.reader = true
	specific.avro.value.type = null
	use.latest.version = false
	use.latest.with.metadata = null
	use.schema.id = -1
	value.subject.name.strategy = class io.confluent.kafka.serializers.subject.TopicNameStrategy

[2m2025-01-29 11:32:10.278[0;39m [32m INFO[0;39m [35m5359[0;39m [2m---[0;39m [2m[           main][0;39m [36mo.a.k.clients.consumer.ConsumerConfig   [0;39m [2m:[0;39m These configurations '[schema.registry.url, specific.avro.reader]' were supplied but are not used yet.
[2m2025-01-29 11:32:10.279[0;39m [32m INFO[0;39m [35m5359[0;39m [2m---[0;39m [2m[           main][0;39m [36mo.a.kafka.common.utils.AppInfoParser    [0;39m [2m:[0;39m Kafka version: 3.7.1
[2m2025-01-29 11:32:10.279[0;39m [32m INFO[0;39m [35m5359[0;39m [2m---[0;39m [2m[           main][0;39m [36mo.a.kafka.common.utils.AppInfoParser    [0;39m [2m:[0;39m Kafka commitId: e2494e6ffb89f828
[2m2025-01-29 11:32:10.279[0;39m [32m INFO[0;39m [35m5359[0;39m [2m---[0;39m [2m[           main][0;39m [36mo.a.kafka.common.utils.AppInfoParser    [0;39m [2m:[0;39m Kafka startTimeMs: 1738168330278
[2m2025-01-29 11:32:10.280[0;39m [32m INFO[0;39m [35m5359[0;39m [2m---[0;39m [2m[           main][0;39m [36mo.a.k.c.c.internals.LegacyKafkaConsumer [0;39m [2m:[0;39m [Consumer clientId=consumer-ts4-website-consumer-1, groupId=ts4-website-consumer] Subscribed to topic(s): ts4-website-topic
[2m2025-01-29 11:32:10.287[0;39m [32m INFO[0;39m [35m5359[0;39m [2m---[0;39m [2m[           main][0;39m [36mo.p.ts4.consumer.TS4ConsumerApplication [0;39m [2m:[0;39m Started TS4ConsumerApplication in 0.698 seconds (process running for 1.024)
[2m2025-01-29 11:32:10.404[0;39m [32m INFO[0;39m [35m5359[0;39m [2m---[0;39m [2m[ntainer#0-0-C-1][0;39m [36morg.apache.kafka.clients.Metadata       [0;39m [2m:[0;39m [Consumer clientId=consumer-ts4-website-consumer-1, groupId=ts4-website-consumer] Cluster ID: MkU3OEVBNTcwNTJENDM2Qk
[2m2025-01-29 11:32:10.404[0;39m [32m INFO[0;39m [35m5359[0;39m [2m---[0;39m [2m[ntainer#0-0-C-1][0;39m [36mo.a.k.c.c.internals.ConsumerCoordinator [0;39m [2m:[0;39m [Consumer clientId=consumer-ts4-website-consumer-1, groupId=ts4-website-consumer] Discovered group coordinator localhost:9094 (id: 2147483646 rack: null)
[2m2025-01-29 11:32:10.405[0;39m [32m INFO[0;39m [35m5359[0;39m [2m---[0;39m [2m[ntainer#0-0-C-1][0;39m [36mo.a.k.c.c.internals.ConsumerCoordinator [0;39m [2m:[0;39m [Consumer clientId=consumer-ts4-website-consumer-1, groupId=ts4-website-consumer] (Re-)joining group
[2m2025-01-29 11:32:10.418[0;39m [32m INFO[0;39m [35m5359[0;39m [2m---[0;39m [2m[ntainer#0-0-C-1][0;39m [36mo.a.k.c.c.internals.ConsumerCoordinator [0;39m [2m:[0;39m [Consumer clientId=consumer-ts4-website-consumer-1, groupId=ts4-website-consumer] Request joining group due to: need to re-join with the given member-id: consumer-ts4-website-consumer-1-638cffb6-5f5b-416a-a5a2-ca8562794a99
[2m2025-01-29 11:32:10.418[0;39m [32m INFO[0;39m [35m5359[0;39m [2m---[0;39m [2m[ntainer#0-0-C-1][0;39m [36mo.a.k.c.c.internals.ConsumerCoordinator [0;39m [2m:[0;39m [Consumer clientId=consumer-ts4-website-consumer-1, groupId=ts4-website-consumer] (Re-)joining group
[2m2025-01-29 11:32:10.421[0;39m [32m INFO[0;39m [35m5359[0;39m [2m---[0;39m [2m[ntainer#0-0-C-1][0;39m [36mo.a.k.c.c.internals.ConsumerCoordinator [0;39m [2m:[0;39m [Consumer clientId=consumer-ts4-website-consumer-1, groupId=ts4-website-consumer] Successfully joined group with generation Generation{generationId=1, memberId='consumer-ts4-website-consumer-1-638cffb6-5f5b-416a-a5a2-ca8562794a99', protocol='range'}
[2m2025-01-29 11:32:10.423[0;39m [32m INFO[0;39m [35m5359[0;39m [2m---[0;39m [2m[ntainer#0-0-C-1][0;39m [36mo.a.k.c.c.internals.ConsumerCoordinator [0;39m [2m:[0;39m [Consumer clientId=consumer-ts4-website-consumer-1, groupId=ts4-website-consumer] Finished assignment for group at generation 1: {consumer-ts4-website-consumer-1-638cffb6-5f5b-416a-a5a2-ca8562794a99=Assignment(partitions=[ts4-website-topic-0])}
[2m2025-01-29 11:32:10.428[0;39m [32m INFO[0;39m [35m5359[0;39m [2m---[0;39m [2m[ntainer#0-0-C-1][0;39m [36mo.a.k.c.c.internals.ConsumerCoordinator [0;39m [2m:[0;39m [Consumer clientId=consumer-ts4-website-consumer-1, groupId=ts4-website-consumer] Successfully synced group in generation Generation{generationId=1, memberId='consumer-ts4-website-consumer-1-638cffb6-5f5b-416a-a5a2-ca8562794a99', protocol='range'}
[2m2025-01-29 11:32:10.429[0;39m [32m INFO[0;39m [35m5359[0;39m [2m---[0;39m [2m[ntainer#0-0-C-1][0;39m [36mo.a.k.c.c.internals.ConsumerCoordinator [0;39m [2m:[0;39m [Consumer clientId=consumer-ts4-website-consumer-1, groupId=ts4-website-consumer] Notifying assignor about the new Assignment(partitions=[ts4-website-topic-0])
[2m2025-01-29 11:32:10.430[0;39m [32m INFO[0;39m [35m5359[0;39m [2m---[0;39m [2m[ntainer#0-0-C-1][0;39m [36mk.c.c.i.ConsumerRebalanceListenerInvoker[0;39m [2m:[0;39m [Consumer clientId=consumer-ts4-website-consumer-1, groupId=ts4-website-consumer] Adding newly assigned partitions: ts4-website-topic-0
[2m2025-01-29 11:32:10.432[0;39m [32m INFO[0;39m [35m5359[0;39m [2m---[0;39m [2m[ntainer#0-0-C-1][0;39m [36mo.a.k.c.c.internals.ConsumerCoordinator [0;39m [2m:[0;39m [Consumer clientId=consumer-ts4-website-consumer-1, groupId=ts4-website-consumer] Found no committed offset for partition ts4-website-topic-0
[2m2025-01-29 11:32:10.437[0;39m [32m INFO[0;39m [35m5359[0;39m [2m---[0;39m [2m[ntainer#0-0-C-1][0;39m [36mo.a.k.c.c.internals.SubscriptionState   [0;39m [2m:[0;39m [Consumer clientId=consumer-ts4-website-consumer-1, groupId=ts4-website-consumer] Resetting offset for partition ts4-website-topic-0 to position FetchPosition{offset=0, offsetEpoch=Optional.empty, currentLeader=LeaderAndEpoch{leader=Optional[localhost:9094 (id: 1 rack: null)], epoch=0}}.
[2m2025-01-29 11:32:10.437[0;39m [32m INFO[0;39m [35m5359[0;39m [2m---[0;39m [2m[ntainer#0-0-C-1][0;39m [36mo.s.k.l.KafkaMessageListenerContainer   [0;39m [2m:[0;39m ts4-website-consumer: partitions assigned: [ts4-website-topic-0]
[2m2025-01-29 11:32:12.892[0;39m [32m INFO[0;39m [35m5359[0;39m [2m---[0;39m [2m[ntainer#0-0-C-1][0;39m [36mk.c.c.i.ConsumerRebalanceListenerInvoker[0;39m [2m:[0;39m [Consumer clientId=consumer-ts4-website-consumer-1, groupId=ts4-website-consumer] Revoke previously assigned partitions ts4-website-topic-0
[2m2025-01-29 11:32:12.893[0;39m [32m INFO[0;39m [35m5359[0;39m [2m---[0;39m [2m[ntainer#0-0-C-1][0;39m [36mo.s.k.l.KafkaMessageListenerContainer   [0;39m [2m:[0;39m ts4-website-consumer: partitions revoked: [ts4-website-topic-0]
[2m2025-01-29 11:32:12.893[0;39m [32m INFO[0;39m [35m5359[0;39m [2m---[0;39m [2m[ntainer#0-0-C-1][0;39m [36mo.a.k.c.c.internals.ConsumerCoordinator [0;39m [2m:[0;39m [Consumer clientId=consumer-ts4-website-consumer-1, groupId=ts4-website-consumer] Member consumer-ts4-website-consumer-1-638cffb6-5f5b-416a-a5a2-ca8562794a99 sending LeaveGroup request to coordinator localhost:9094 (id: 2147483646 rack: null) due to the consumer unsubscribed from all topics
[2m2025-01-29 11:32:12.893[0;39m [32m INFO[0;39m [35m5359[0;39m [2m---[0;39m [2m[ntainer#0-0-C-1][0;39m [36mo.a.k.c.c.internals.ConsumerCoordinator [0;39m [2m:[0;39m [Consumer clientId=consumer-ts4-website-consumer-1, groupId=ts4-website-consumer] Resetting generation and member id due to: consumer pro-actively leaving the group
[2m2025-01-29 11:32:12.893[0;39m [32m INFO[0;39m [35m5359[0;39m [2m---[0;39m [2m[ntainer#0-0-C-1][0;39m [36mo.a.k.c.c.internals.ConsumerCoordinator [0;39m [2m:[0;39m [Consumer clientId=consumer-ts4-website-consumer-1, groupId=ts4-website-consumer] Request joining group due to: consumer pro-actively leaving the group
[2m2025-01-29 11:32:12.893[0;39m [32m INFO[0;39m [35m5359[0;39m [2m---[0;39m [2m[ntainer#0-0-C-1][0;39m [36mo.a.k.c.c.internals.LegacyKafkaConsumer [0;39m [2m:[0;39m [Consumer clientId=consumer-ts4-website-consumer-1, groupId=ts4-website-consumer] Unsubscribed all topics or patterns and assigned partitions
[2m2025-01-29 11:32:12.894[0;39m [32m INFO[0;39m [35m5359[0;39m [2m---[0;39m [2m[ntainer#0-0-C-1][0;39m [36mo.a.k.c.c.internals.ConsumerCoordinator [0;39m [2m:[0;39m [Consumer clientId=consumer-ts4-website-consumer-1, groupId=ts4-website-consumer] Resetting generation and member id due to: consumer pro-actively leaving the group
[2m2025-01-29 11:32:12.894[0;39m [32m INFO[0;39m [35m5359[0;39m [2m---[0;39m [2m[ntainer#0-0-C-1][0;39m [36mo.a.k.c.c.internals.ConsumerCoordinator [0;39m [2m:[0;39m [Consumer clientId=consumer-ts4-website-consumer-1, groupId=ts4-website-consumer] Request joining group due to: consumer pro-actively leaving the group
[2m2025-01-29 11:32:12.986[0;39m [32m INFO[0;39m [35m5359[0;39m [2m---[0;39m [2m[ntainer#0-0-C-1][0;39m [36mo.apache.kafka.common.metrics.Metrics   [0;39m [2m:[0;39m Metrics scheduler closed
[2m2025-01-29 11:32:12.986[0;39m [32m INFO[0;39m [35m5359[0;39m [2m---[0;39m [2m[ntainer#0-0-C-1][0;39m [36mo.apache.kafka.common.metrics.Metrics   [0;39m [2m:[0;39m Closing reporter org.apache.kafka.common.metrics.JmxReporter
[2m2025-01-29 11:32:12.986[0;39m [32m INFO[0;39m [35m5359[0;39m [2m---[0;39m [2m[ntainer#0-0-C-1][0;39m [36mo.apache.kafka.common.metrics.Metrics   [0;39m [2m:[0;39m Closing reporter org.apache.kafka.common.telemetry.internals.ClientTelemetryReporter
[2m2025-01-29 11:32:12.986[0;39m [32m INFO[0;39m [35m5359[0;39m [2m---[0;39m [2m[ntainer#0-0-C-1][0;39m [36mo.apache.kafka.common.metrics.Metrics   [0;39m [2m:[0;39m Metrics reporters closed
[2m2025-01-29 11:32:12.992[0;39m [32m INFO[0;39m [35m5359[0;39m [2m---[0;39m [2m[ntainer#0-0-C-1][0;39m [36mo.a.kafka.common.utils.AppInfoParser    [0;39m [2m:[0;39m App info kafka.consumer for consumer-ts4-website-consumer-1 unregistered
[2m2025-01-29 11:32:12.992[0;39m [32m INFO[0;39m [35m5359[0;39m [2m---[0;39m [2m[ntainer#0-0-C-1][0;39m [36mo.s.k.l.KafkaMessageListenerContainer   [0;39m [2m:[0;39m ts4-website-consumer: Consumer stopped
