[2m2025-02-05 08:00:18.111[0;39m [32m INFO[0;39m [35m29414[0;39m [2m---[0;39m [2m[ebsite-consumer][0;39m [36mo.a.k.c.c.internals.ConsumerCoordinator [0;39m [2m:[0;39m [Consumer clientId=consumer-ts4-website-consumer-1, groupId=ts4-website-consumer] Group coordinator localhost:9092 (id: 2147483646 rack: null) is unavailable or invalid due to cause: session timed out without receiving a heartbeat response. isDisconnected: false. Rediscovery will be attempted.
[2m2025-02-05 08:00:18.135[0;39m [32m INFO[0;39m [35m29414[0;39m [2m---[0;39m [2m[ebsite-consumer][0;39m [36mo.a.k.c.c.internals.ConsumerCoordinator [0;39m [2m:[0;39m [Consumer clientId=consumer-ts4-website-consumer-1, groupId=ts4-website-consumer] Requesting disconnect from last known coordinator localhost:9092 (id: 2147483646 rack: null)
[2m2025-02-05 08:00:18.136[0;39m [32m INFO[0;39m [35m29414[0;39m [2m---[0;39m [2m[ebsite-consumer][0;39m [36morg.apache.kafka.clients.NetworkClient  [0;39m [2m:[0;39m [Consumer clientId=consumer-ts4-website-consumer-1, groupId=ts4-website-consumer] Client requested disconnect from node 2147483646
[2m2025-02-05 08:00:18.143[0;39m [32m INFO[0;39m [35m29414[0;39m [2m---[0;39m [2m[ntainer#0-0-C-1][0;39m [36mo.a.k.c.c.internals.ConsumerCoordinator [0;39m [2m:[0;39m [Consumer clientId=consumer-ts4-website-consumer-1, groupId=ts4-website-consumer] Discovered group coordinator localhost:9092 (id: 2147483646 rack: null)
[2m2025-02-05 08:00:18.143[0;39m [32m INFO[0;39m [35m29414[0;39m [2m---[0;39m [2m[ntainer#0-0-C-1][0;39m [36mo.a.k.c.c.internals.ConsumerCoordinator [0;39m [2m:[0;39m [Consumer clientId=consumer-ts4-website-consumer-1, groupId=ts4-website-consumer] Group coordinator localhost:9092 (id: 2147483646 rack: null) is unavailable or invalid due to cause: coordinator unavailable. isDisconnected: false. Rediscovery will be attempted.
[2m2025-02-05 08:00:18.143[0;39m [32m INFO[0;39m [35m29414[0;39m [2m---[0;39m [2m[ntainer#0-0-C-1][0;39m [36mo.a.k.c.c.internals.ConsumerCoordinator [0;39m [2m:[0;39m [Consumer clientId=consumer-ts4-website-consumer-1, groupId=ts4-website-consumer] Requesting disconnect from last known coordinator localhost:9092 (id: 2147483646 rack: null)
[2m2025-02-05 08:00:18.265[0;39m [32m INFO[0;39m [35m29414[0;39m [2m---[0;39m [2m[ntainer#0-0-C-1][0;39m [36mo.a.k.c.c.internals.ConsumerCoordinator [0;39m [2m:[0;39m [Consumer clientId=consumer-ts4-website-consumer-1, groupId=ts4-website-consumer] Discovered group coordinator localhost:9092 (id: 2147483646 rack: null)
[2m2025-02-05 08:00:18.562[0;39m [32m INFO[0;39m [35m29414[0;39m [2m---[0;39m [2m[   scheduling-1][0;39m [36mo.p.ts4.utility.classes.BatchComponent  [0;39m [2m:[0;39m INACTIVE
[2m2025-02-05 08:00:20.007[0;39m [32m INFO[0;39m [35m29414[0;39m [2m---[0;39m [2m[   scheduling-1][0;39m [36mo.p.ts4.utility.classes.BatchComponent  [0;39m [2m:[0;39m INACTIVE
[2m2025-02-05 08:00:25.006[0;39m [32m INFO[0;39m [35m29414[0;39m [2m---[0;39m [2m[   scheduling-1][0;39m [36mo.p.ts4.utility.classes.BatchComponent  [0;39m [2m:[0;39m INACTIVE
[2m2025-02-05 08:00:30.001[0;39m [32m INFO[0;39m [35m29414[0;39m [2m---[0;39m [2m[   scheduling-1][0;39m [36mo.p.ts4.utility.classes.BatchComponent  [0;39m [2m:[0;39m INACTIVE
[2m2025-02-05 08:00:35.002[0;39m [32m INFO[0;39m [35m29414[0;39m [2m---[0;39m [2m[   scheduling-1][0;39m [36mo.p.ts4.utility.classes.BatchComponent  [0;39m [2m:[0;39m INACTIVE
[2m2025-02-05 08:00:40.005[0;39m [32m INFO[0;39m [35m29414[0;39m [2m---[0;39m [2m[   scheduling-1][0;39m [36mo.p.ts4.utility.classes.BatchComponent  [0;39m [2m:[0;39m INACTIVE
[2m2025-02-05 08:00:45.002[0;39m [32m INFO[0;39m [35m29414[0;39m [2m---[0;39m [2m[   scheduling-1][0;39m [36mo.p.ts4.utility.classes.BatchComponent  [0;39m [2m:[0;39m INACTIVE
[2m2025-02-05 08:00:50.004[0;39m [32m INFO[0;39m [35m29414[0;39m [2m---[0;39m [2m[   scheduling-1][0;39m [36mo.p.ts4.utility.classes.BatchComponent  [0;39m [2m:[0;39m INACTIVE
[2m2025-02-05 08:00:55.004[0;39m [32m INFO[0;39m [35m29414[0;39m [2m---[0;39m [2m[   scheduling-1][0;39m [36mo.p.ts4.utility.classes.BatchComponent  [0;39m [2m:[0;39m INACTIVE
[2m2025-02-05 08:01:00.005[0;39m [32m INFO[0;39m [35m29414[0;39m [2m---[0;39m [2m[   scheduling-1][0;39m [36mo.p.ts4.utility.classes.BatchComponent  [0;39m [2m:[0;39m INACTIVE
[2m2025-02-05 08:01:05.009[0;39m [32m INFO[0;39m [35m29414[0;39m [2m---[0;39m [2m[   scheduling-1][0;39m [36mo.p.ts4.utility.classes.BatchComponent  [0;39m [2m:[0;39m INACTIVE
[2m2025-02-05 08:07:40.810[0;39m [32m INFO[0;39m [35m29414[0;39m [2m---[0;39m [2m[ebsite-consumer][0;39m [36mo.a.k.c.c.internals.ConsumerCoordinator [0;39m [2m:[0;39m [Consumer clientId=consumer-ts4-website-consumer-1, groupId=ts4-website-consumer] Group coordinator localhost:9092 (id: 2147483646 rack: null) is unavailable or invalid due to cause: session timed out without receiving a heartbeat response. isDisconnected: false. Rediscovery will be attempted.
[2m2025-02-05 08:07:40.810[0;39m [32m INFO[0;39m [35m29414[0;39m [2m---[0;39m [2m[ebsite-consumer][0;39m [36mo.a.k.c.c.internals.ConsumerCoordinator [0;39m [2m:[0;39m [Consumer clientId=consumer-ts4-website-consumer-1, groupId=ts4-website-consumer] Requesting disconnect from last known coordinator localhost:9092 (id: 2147483646 rack: null)
[2m2025-02-05 08:07:40.811[0;39m [32m INFO[0;39m [35m29414[0;39m [2m---[0;39m [2m[ebsite-consumer][0;39m [36morg.apache.kafka.clients.NetworkClient  [0;39m [2m:[0;39m [Consumer clientId=consumer-ts4-website-consumer-1, groupId=ts4-website-consumer] Client requested disconnect from node 2147483646
[2m2025-02-05 08:07:40.825[0;39m [32m INFO[0;39m [35m29414[0;39m [2m---[0;39m [2m[ntainer#0-0-C-1][0;39m [36mo.a.k.c.c.internals.ConsumerCoordinator [0;39m [2m:[0;39m [Consumer clientId=consumer-ts4-website-consumer-1, groupId=ts4-website-consumer] Discovered group coordinator localhost:9092 (id: 2147483646 rack: null)
[2m2025-02-05 08:07:40.825[0;39m [32m INFO[0;39m [35m29414[0;39m [2m---[0;39m [2m[ntainer#0-0-C-1][0;39m [36mo.a.k.c.c.internals.ConsumerCoordinator [0;39m [2m:[0;39m [Consumer clientId=consumer-ts4-website-consumer-1, groupId=ts4-website-consumer] Group coordinator localhost:9092 (id: 2147483646 rack: null) is unavailable or invalid due to cause: coordinator unavailable. isDisconnected: false. Rediscovery will be attempted.
[2m2025-02-05 08:07:40.825[0;39m [32m INFO[0;39m [35m29414[0;39m [2m---[0;39m [2m[ntainer#0-0-C-1][0;39m [36mo.a.k.c.c.internals.ConsumerCoordinator [0;39m [2m:[0;39m [Consumer clientId=consumer-ts4-website-consumer-1, groupId=ts4-website-consumer] Requesting disconnect from last known coordinator localhost:9092 (id: 2147483646 rack: null)
[2m2025-02-05 08:07:40.914[0;39m [32m INFO[0;39m [35m29414[0;39m [2m---[0;39m [2m[ntainer#0-0-C-1][0;39m [36mo.a.k.c.c.internals.ConsumerCoordinator [0;39m [2m:[0;39m [Consumer clientId=consumer-ts4-website-consumer-1, groupId=ts4-website-consumer] Discovered group coordinator localhost:9092 (id: 2147483646 rack: null)
[2m2025-02-05 08:07:43.877[0;39m [32m INFO[0;39m [35m29414[0;39m [2m---[0;39m [2m[   scheduling-1][0;39m [36mo.p.ts4.utility.classes.BatchComponent  [0;39m [2m:[0;39m INACTIVE
[2m2025-02-05 08:07:45.009[0;39m [32m INFO[0;39m [35m29414[0;39m [2m---[0;39m [2m[   scheduling-1][0;39m [36mo.p.ts4.utility.classes.BatchComponent  [0;39m [2m:[0;39m INACTIVE
[2m2025-02-05 08:07:50.003[0;39m [32m INFO[0;39m [35m29414[0;39m [2m---[0;39m [2m[   scheduling-1][0;39m [36mo.p.ts4.utility.classes.BatchComponent  [0;39m [2m:[0;39m INACTIVE
[2m2025-02-05 08:07:55.007[0;39m [32m INFO[0;39m [35m29414[0;39m [2m---[0;39m [2m[   scheduling-1][0;39m [36mo.p.ts4.utility.classes.BatchComponent  [0;39m [2m:[0;39m INACTIVE
[2m2025-02-05 08:08:00.000[0;39m [32m INFO[0;39m [35m29414[0;39m [2m---[0;39m [2m[   scheduling-1][0;39m [36mo.p.ts4.utility.classes.BatchComponent  [0;39m [2m:[0;39m INACTIVE
[2m2025-02-05 08:08:05.003[0;39m [32m INFO[0;39m [35m29414[0;39m [2m---[0;39m [2m[   scheduling-1][0;39m [36mo.p.ts4.utility.classes.BatchComponent  [0;39m [2m:[0;39m INACTIVE
[2m2025-02-05 08:08:10.001[0;39m [32m INFO[0;39m [35m29414[0;39m [2m---[0;39m [2m[   scheduling-1][0;39m [36mo.p.ts4.utility.classes.BatchComponent  [0;39m [2m:[0;39m INACTIVE
[2m2025-02-05 08:08:15.006[0;39m [32m INFO[0;39m [35m29414[0;39m [2m---[0;39m [2m[   scheduling-1][0;39m [36mo.p.ts4.utility.classes.BatchComponent  [0;39m [2m:[0;39m INACTIVE
[2m2025-02-05 08:08:20.000[0;39m [32m INFO[0;39m [35m29414[0;39m [2m---[0;39m [2m[   scheduling-1][0;39m [36mo.p.ts4.utility.classes.BatchComponent  [0;39m [2m:[0;39m INACTIVE
[2m2025-02-05 08:08:25.006[0;39m [32m INFO[0;39m [35m29414[0;39m [2m---[0;39m [2m[   scheduling-1][0;39m [36mo.p.ts4.utility.classes.BatchComponent  [0;39m [2m:[0;39m INACTIVE
[2m2025-02-05 08:09:24.942[0;39m [32m INFO[0;39m [35m29414[0;39m [2m---[0;39m [2m[ebsite-consumer][0;39m [36mo.a.k.c.c.internals.ConsumerCoordinator [0;39m [2m:[0;39m [Consumer clientId=consumer-ts4-website-consumer-1, groupId=ts4-website-consumer] Group coordinator localhost:9092 (id: 2147483646 rack: null) is unavailable or invalid due to cause: session timed out without receiving a heartbeat response. isDisconnected: false. Rediscovery will be attempted.
[2m2025-02-05 08:09:24.944[0;39m [32m INFO[0;39m [35m29414[0;39m [2m---[0;39m [2m[ebsite-consumer][0;39m [36mo.a.k.c.c.internals.ConsumerCoordinator [0;39m [2m:[0;39m [Consumer clientId=consumer-ts4-website-consumer-1, groupId=ts4-website-consumer] Requesting disconnect from last known coordinator localhost:9092 (id: 2147483646 rack: null)
[2m2025-02-05 08:09:24.944[0;39m [32m INFO[0;39m [35m29414[0;39m [2m---[0;39m [2m[ebsite-consumer][0;39m [36morg.apache.kafka.clients.NetworkClient  [0;39m [2m:[0;39m [Consumer clientId=consumer-ts4-website-consumer-1, groupId=ts4-website-consumer] Client requested disconnect from node 2147483646
[2m2025-02-05 08:09:24.952[0;39m [32m INFO[0;39m [35m29414[0;39m [2m---[0;39m [2m[ntainer#0-0-C-1][0;39m [36mo.a.k.c.c.internals.ConsumerCoordinator [0;39m [2m:[0;39m [Consumer clientId=consumer-ts4-website-consumer-1, groupId=ts4-website-consumer] Discovered group coordinator localhost:9092 (id: 2147483646 rack: null)
[2m2025-02-05 08:09:24.953[0;39m [32m INFO[0;39m [35m29414[0;39m [2m---[0;39m [2m[ntainer#0-0-C-1][0;39m [36mo.a.k.c.c.internals.ConsumerCoordinator [0;39m [2m:[0;39m [Consumer clientId=consumer-ts4-website-consumer-1, groupId=ts4-website-consumer] Group coordinator localhost:9092 (id: 2147483646 rack: null) is unavailable or invalid due to cause: coordinator unavailable. isDisconnected: false. Rediscovery will be attempted.
[2m2025-02-05 08:09:24.953[0;39m [32m INFO[0;39m [35m29414[0;39m [2m---[0;39m [2m[ntainer#0-0-C-1][0;39m [36mo.a.k.c.c.internals.ConsumerCoordinator [0;39m [2m:[0;39m [Consumer clientId=consumer-ts4-website-consumer-1, groupId=ts4-website-consumer] Requesting disconnect from last known coordinator localhost:9092 (id: 2147483646 rack: null)
[2m2025-02-05 08:09:25.039[0;39m [32m INFO[0;39m [35m29414[0;39m [2m---[0;39m [2m[ntainer#0-0-C-1][0;39m [36mo.a.k.c.c.internals.ConsumerCoordinator [0;39m [2m:[0;39m [Consumer clientId=consumer-ts4-website-consumer-1, groupId=ts4-website-consumer] Discovered group coordinator localhost:9092 (id: 2147483646 rack: null)
[2m2025-02-05 08:09:26.957[0;39m [32m INFO[0;39m [35m29414[0;39m [2m---[0;39m [2m[   scheduling-1][0;39m [36mo.p.ts4.utility.classes.BatchComponent  [0;39m [2m:[0;39m INACTIVE
[2m2025-02-05 08:09:30.010[0;39m [32m INFO[0;39m [35m29414[0;39m [2m---[0;39m [2m[   scheduling-1][0;39m [36mo.p.ts4.utility.classes.BatchComponent  [0;39m [2m:[0;39m INACTIVE
[2m2025-02-05 08:09:35.003[0;39m [32m INFO[0;39m [35m29414[0;39m [2m---[0;39m [2m[   scheduling-1][0;39m [36mo.p.ts4.utility.classes.BatchComponent  [0;39m [2m:[0;39m INACTIVE
[2m2025-02-05 08:09:40.002[0;39m [32m INFO[0;39m [35m29414[0;39m [2m---[0;39m [2m[   scheduling-1][0;39m [36mo.p.ts4.utility.classes.BatchComponent  [0;39m [2m:[0;39m INACTIVE
[2m2025-02-05 08:09:45.006[0;39m [32m INFO[0;39m [35m29414[0;39m [2m---[0;39m [2m[   scheduling-1][0;39m [36mo.p.ts4.utility.classes.BatchComponent  [0;39m [2m:[0;39m INACTIVE
[2m2025-02-05 08:09:50.003[0;39m [32m INFO[0;39m [35m29414[0;39m [2m---[0;39m [2m[   scheduling-1][0;39m [36mo.p.ts4.utility.classes.BatchComponent  [0;39m [2m:[0;39m INACTIVE
[2m2025-02-05 08:09:55.029[0;39m [32m INFO[0;39m [35m29414[0;39m [2m---[0;39m [2m[   scheduling-1][0;39m [36mo.p.ts4.utility.classes.BatchComponent  [0;39m [2m:[0;39m INACTIVE
[2m2025-02-05 08:10:00.002[0;39m [32m INFO[0;39m [35m29414[0;39m [2m---[0;39m [2m[   scheduling-1][0;39m [36mo.p.ts4.utility.classes.BatchComponent  [0;39m [2m:[0;39m INACTIVE
[2m2025-02-05 08:10:05.000[0;39m [32m INFO[0;39m [35m29414[0;39m [2m---[0;39m [2m[   scheduling-1][0;39m [36mo.p.ts4.utility.classes.BatchComponent  [0;39m [2m:[0;39m INACTIVE
[2m2025-02-05 08:10:10.004[0;39m [32m INFO[0;39m [35m29414[0;39m [2m---[0;39m [2m[   scheduling-1][0;39m [36mo.p.ts4.utility.classes.BatchComponent  [0;39m [2m:[0;39m INACTIVE
[2m2025-02-05 08:18:44.219[0;39m [32m INFO[0;39m [35m29414[0;39m [2m---[0;39m [2m[ebsite-consumer][0;39m [36mo.a.k.c.c.internals.ConsumerCoordinator [0;39m [2m:[0;39m [Consumer clientId=consumer-ts4-website-consumer-1, groupId=ts4-website-consumer] Group coordinator localhost:9092 (id: 2147483646 rack: null) is unavailable or invalid due to cause: session timed out without receiving a heartbeat response. isDisconnected: false. Rediscovery will be attempted.
[2m2025-02-05 08:18:44.223[0;39m [32m INFO[0;39m [35m29414[0;39m [2m---[0;39m [2m[ebsite-consumer][0;39m [36mo.a.k.c.c.internals.ConsumerCoordinator [0;39m [2m:[0;39m [Consumer clientId=consumer-ts4-website-consumer-1, groupId=ts4-website-consumer] Requesting disconnect from last known coordinator localhost:9092 (id: 2147483646 rack: null)
[2m2025-02-05 08:18:44.259[0;39m [32m INFO[0;39m [35m29414[0;39m [2m---[0;39m [2m[ebsite-consumer][0;39m [36morg.apache.kafka.clients.NetworkClient  [0;39m [2m:[0;39m [Consumer clientId=consumer-ts4-website-consumer-1, groupId=ts4-website-consumer] Client requested disconnect from node 2147483646
[2m2025-02-05 08:18:44.520[0;39m [32m INFO[0;39m [35m29414[0;39m [2m---[0;39m [2m[ntainer#0-0-C-1][0;39m [36mo.a.k.c.c.internals.ConsumerCoordinator [0;39m [2m:[0;39m [Consumer clientId=consumer-ts4-website-consumer-1, groupId=ts4-website-consumer] Discovered group coordinator localhost:9092 (id: 2147483646 rack: null)
[2m2025-02-05 08:18:47.654[0;39m [32m INFO[0;39m [35m29414[0;39m [2m---[0;39m [2m[   scheduling-1][0;39m [36mo.p.ts4.utility.classes.BatchComponent  [0;39m [2m:[0;39m INACTIVE
[2m2025-02-05 08:18:50.002[0;39m [32m INFO[0;39m [35m29414[0;39m [2m---[0;39m [2m[   scheduling-1][0;39m [36mo.p.ts4.utility.classes.BatchComponent  [0;39m [2m:[0;39m INACTIVE
[2m2025-02-05 08:18:55.004[0;39m [32m INFO[0;39m [35m29414[0;39m [2m---[0;39m [2m[   scheduling-1][0;39m [36mo.p.ts4.utility.classes.BatchComponent  [0;39m [2m:[0;39m INACTIVE
[2m2025-02-05 08:19:00.023[0;39m [32m INFO[0;39m [35m29414[0;39m [2m---[0;39m [2m[   scheduling-1][0;39m [36mo.p.ts4.utility.classes.BatchComponent  [0;39m [2m:[0;39m INACTIVE
[2m2025-02-05 08:19:05.003[0;39m [32m INFO[0;39m [35m29414[0;39m [2m---[0;39m [2m[   scheduling-1][0;39m [36mo.p.ts4.utility.classes.BatchComponent  [0;39m [2m:[0;39m INACTIVE
[2m2025-02-05 08:19:10.009[0;39m [32m INFO[0;39m [35m29414[0;39m [2m---[0;39m [2m[   scheduling-1][0;39m [36mo.p.ts4.utility.classes.BatchComponent  [0;39m [2m:[0;39m INACTIVE
[2m2025-02-05 08:19:15.006[0;39m [32m INFO[0;39m [35m29414[0;39m [2m---[0;39m [2m[   scheduling-1][0;39m [36mo.p.ts4.utility.classes.BatchComponent  [0;39m [2m:[0;39m INACTIVE
[2m2025-02-05 08:19:20.007[0;39m [32m INFO[0;39m [35m29414[0;39m [2m---[0;39m [2m[   scheduling-1][0;39m [36mo.p.ts4.utility.classes.BatchComponent  [0;39m [2m:[0;39m INACTIVE
[2m2025-02-05 08:19:25.004[0;39m [32m INFO[0;39m [35m29414[0;39m [2m---[0;39m [2m[   scheduling-1][0;39m [36mo.p.ts4.utility.classes.BatchComponent  [0;39m [2m:[0;39m INACTIVE
[2m2025-02-05 08:19:30.005[0;39m [32m INFO[0;39m [35m29414[0;39m [2m---[0;39m [2m[   scheduling-1][0;39m [36mo.p.ts4.utility.classes.BatchComponent  [0;39m [2m:[0;39m INACTIVE
[2m2025-02-05 08:19:35.009[0;39m [32m INFO[0;39m [35m29414[0;39m [2m---[0;39m [2m[   scheduling-1][0;39m [36mo.p.ts4.utility.classes.BatchComponent  [0;39m [2m:[0;39m INACTIVE
[2m2025-02-05 08:19:40.009[0;39m [32m INFO[0;39m [35m29414[0;39m [2m---[0;39m [2m[   scheduling-1][0;39m [36mo.p.ts4.utility.classes.BatchComponent  [0;39m [2m:[0;39m INACTIVE
[2m2025-02-05 08:19:45.002[0;39m [32m INFO[0;39m [35m29414[0;39m [2m---[0;39m [2m[   scheduling-1][0;39m [36mo.p.ts4.utility.classes.BatchComponent  [0;39m [2m:[0;39m INACTIVE
[2m2025-02-05 08:19:50.001[0;39m [32m INFO[0;39m [35m29414[0;39m [2m---[0;39m [2m[   scheduling-1][0;39m [36mo.p.ts4.utility.classes.BatchComponent  [0;39m [2m:[0;39m INACTIVE
[2m2025-02-05 08:19:55.003[0;39m [32m INFO[0;39m [35m29414[0;39m [2m---[0;39m [2m[   scheduling-1][0;39m [36mo.p.ts4.utility.classes.BatchComponent  [0;39m [2m:[0;39m INACTIVE
[2m2025-02-05 08:20:00.004[0;39m [32m INFO[0;39m [35m29414[0;39m [2m---[0;39m [2m[   scheduling-1][0;39m [36mo.p.ts4.utility.classes.BatchComponent  [0;39m [2m:[0;39m INACTIVE
[2m2025-02-05 08:20:05.015[0;39m [32m INFO[0;39m [35m29414[0;39m [2m---[0;39m [2m[   scheduling-1][0;39m [36mo.p.ts4.utility.classes.BatchComponent  [0;39m [2m:[0;39m INACTIVE
[2m2025-02-05 08:20:10.009[0;39m [32m INFO[0;39m [35m29414[0;39m [2m---[0;39m [2m[   scheduling-1][0;39m [36mo.p.ts4.utility.classes.BatchComponent  [0;39m [2m:[0;39m INACTIVE
[2m2025-02-05 08:20:15.009[0;39m [32m INFO[0;39m [35m29414[0;39m [2m---[0;39m [2m[   scheduling-1][0;39m [36mo.p.ts4.utility.classes.BatchComponent  [0;39m [2m:[0;39m INACTIVE
[2m2025-02-05 08:20:20.010[0;39m [32m INFO[0;39m [35m29414[0;39m [2m---[0;39m [2m[   scheduling-1][0;39m [36mo.p.ts4.utility.classes.BatchComponent  [0;39m [2m:[0;39m INACTIVE
[2m2025-02-05 08:20:25.041[0;39m [32m INFO[0;39m [35m29414[0;39m [2m---[0;39m [2m[   scheduling-1][0;39m [36mo.p.ts4.utility.classes.BatchComponent  [0;39m [2m:[0;39m INACTIVE
[2m2025-02-05 08:20:30.004[0;39m [32m INFO[0;39m [35m29414[0;39m [2m---[0;39m [2m[   scheduling-1][0;39m [36mo.p.ts4.utility.classes.BatchComponent  [0;39m [2m:[0;39m INACTIVE
[2m2025-02-05 08:20:35.009[0;39m [32m INFO[0;39m [35m29414[0;39m [2m---[0;39m [2m[   scheduling-1][0;39m [36mo.p.ts4.utility.classes.BatchComponent  [0;39m [2m:[0;39m INACTIVE
[2m2025-02-05 08:20:40.009[0;39m [32m INFO[0;39m [35m29414[0;39m [2m---[0;39m [2m[   scheduling-1][0;39m [36mo.p.ts4.utility.classes.BatchComponent  [0;39m [2m:[0;39m INACTIVE
[2m2025-02-05 08:20:45.003[0;39m [32m INFO[0;39m [35m29414[0;39m [2m---[0;39m [2m[   scheduling-1][0;39m [36mo.p.ts4.utility.classes.BatchComponent  [0;39m [2m:[0;39m INACTIVE
[2m2025-02-05 08:20:50.002[0;39m [32m INFO[0;39m [35m29414[0;39m [2m---[0;39m [2m[   scheduling-1][0;39m [36mo.p.ts4.utility.classes.BatchComponent  [0;39m [2m:[0;39m INACTIVE
[2m2025-02-05 08:20:55.003[0;39m [32m INFO[0;39m [35m29414[0;39m [2m---[0;39m [2m[   scheduling-1][0;39m [36mo.p.ts4.utility.classes.BatchComponent  [0;39m [2m:[0;39m INACTIVE
[2m2025-02-05 08:21:00.001[0;39m [32m INFO[0;39m [35m29414[0;39m [2m---[0;39m [2m[   scheduling-1][0;39m [36mo.p.ts4.utility.classes.BatchComponent  [0;39m [2m:[0;39m INACTIVE
[2m2025-02-05 08:21:05.001[0;39m [32m INFO[0;39m [35m29414[0;39m [2m---[0;39m [2m[   scheduling-1][0;39m [36mo.p.ts4.utility.classes.BatchComponent  [0;39m [2m:[0;39m INACTIVE
[2m2025-02-05 08:21:10.001[0;39m [32m INFO[0;39m [35m29414[0;39m [2m---[0;39m [2m[   scheduling-1][0;39m [36mo.p.ts4.utility.classes.BatchComponent  [0;39m [2m:[0;39m INACTIVE
[2m2025-02-05 08:21:15.004[0;39m [32m INFO[0;39m [35m29414[0;39m [2m---[0;39m [2m[   scheduling-1][0;39m [36mo.p.ts4.utility.classes.BatchComponent  [0;39m [2m:[0;39m INACTIVE
[2m2025-02-05 08:21:20.006[0;39m [32m INFO[0;39m [35m29414[0;39m [2m---[0;39m [2m[   scheduling-1][0;39m [36mo.p.ts4.utility.classes.BatchComponent  [0;39m [2m:[0;39m INACTIVE
[2m2025-02-05 08:21:25.010[0;39m [32m INFO[0;39m [35m29414[0;39m [2m---[0;39m [2m[   scheduling-1][0;39m [36mo.p.ts4.utility.classes.BatchComponent  [0;39m [2m:[0;39m INACTIVE
[2m2025-02-05 08:21:30.003[0;39m [32m INFO[0;39m [35m29414[0;39m [2m---[0;39m [2m[   scheduling-1][0;39m [36mo.p.ts4.utility.classes.BatchComponent  [0;39m [2m:[0;39m INACTIVE
[2m2025-02-05 08:21:35.002[0;39m [32m INFO[0;39m [35m29414[0;39m [2m---[0;39m [2m[   scheduling-1][0;39m [36mo.p.ts4.utility.classes.BatchComponent  [0;39m [2m:[0;39m INACTIVE
[2m2025-02-05 08:21:40.042[0;39m [32m INFO[0;39m [35m29414[0;39m [2m---[0;39m [2m[   scheduling-1][0;39m [36mo.p.ts4.utility.classes.BatchComponent  [0;39m [2m:[0;39m INACTIVE
[2m2025-02-05 08:21:45.006[0;39m [32m INFO[0;39m [35m29414[0;39m [2m---[0;39m [2m[   scheduling-1][0;39m [36mo.p.ts4.utility.classes.BatchComponent  [0;39m [2m:[0;39m INACTIVE
[2m2025-02-05 08:21:50.004[0;39m [32m INFO[0;39m [35m29414[0;39m [2m---[0;39m [2m[   scheduling-1][0;39m [36mo.p.ts4.utility.classes.BatchComponent  [0;39m [2m:[0;39m INACTIVE
[2m2025-02-05 08:21:55.004[0;39m [32m INFO[0;39m [35m29414[0;39m [2m---[0;39m [2m[   scheduling-1][0;39m [36mo.p.ts4.utility.classes.BatchComponent  [0;39m [2m:[0;39m INACTIVE
[2m2025-02-05 08:22:00.008[0;39m [32m INFO[0;39m [35m29414[0;39m [2m---[0;39m [2m[   scheduling-1][0;39m [36mo.p.ts4.utility.classes.BatchComponent  [0;39m [2m:[0;39m INACTIVE
[2m2025-02-05 08:22:05.003[0;39m [32m INFO[0;39m [35m29414[0;39m [2m---[0;39m [2m[   scheduling-1][0;39m [36mo.p.ts4.utility.classes.BatchComponent  [0;39m [2m:[0;39m INACTIVE
[2m2025-02-05 08:22:10.010[0;39m [32m INFO[0;39m [35m29414[0;39m [2m---[0;39m [2m[   scheduling-1][0;39m [36mo.p.ts4.utility.classes.BatchComponent  [0;39m [2m:[0;39m INACTIVE
[2m2025-02-05 08:22:15.009[0;39m [32m INFO[0;39m [35m29414[0;39m [2m---[0;39m [2m[   scheduling-1][0;39m [36mo.p.ts4.utility.classes.BatchComponent  [0;39m [2m:[0;39m INACTIVE
[2m2025-02-05 08:22:20.001[0;39m [32m INFO[0;39m [35m29414[0;39m [2m---[0;39m [2m[   scheduling-1][0;39m [36mo.p.ts4.utility.classes.BatchComponent  [0;39m [2m:[0;39m INACTIVE
[2m2025-02-05 08:22:25.006[0;39m [32m INFO[0;39m [35m29414[0;39m [2m---[0;39m [2m[   scheduling-1][0;39m [36mo.p.ts4.utility.classes.BatchComponent  [0;39m [2m:[0;39m INACTIVE
[2m2025-02-05 08:22:30.001[0;39m [32m INFO[0;39m [35m29414[0;39m [2m---[0;39m [2m[   scheduling-1][0;39m [36mo.p.ts4.utility.classes.BatchComponent  [0;39m [2m:[0;39m INACTIVE
[2m2025-02-05 08:22:35.005[0;39m [32m INFO[0;39m [35m29414[0;39m [2m---[0;39m [2m[   scheduling-1][0;39m [36mo.p.ts4.utility.classes.BatchComponent  [0;39m [2m:[0;39m INACTIVE
[2m2025-02-05 08:22:40.010[0;39m [32m INFO[0;39m [35m29414[0;39m [2m---[0;39m [2m[   scheduling-1][0;39m [36mo.p.ts4.utility.classes.BatchComponent  [0;39m [2m:[0;39m INACTIVE
[2m2025-02-05 08:22:45.003[0;39m [32m INFO[0;39m [35m29414[0;39m [2m---[0;39m [2m[   scheduling-1][0;39m [36mo.p.ts4.utility.classes.BatchComponent  [0;39m [2m:[0;39m INACTIVE
[2m2025-02-05 08:22:50.002[0;39m [32m INFO[0;39m [35m29414[0;39m [2m---[0;39m [2m[   scheduling-1][0;39m [36mo.p.ts4.utility.classes.BatchComponent  [0;39m [2m:[0;39m INACTIVE
[2m2025-02-05 08:22:55.003[0;39m [32m INFO[0;39m [35m29414[0;39m [2m---[0;39m [2m[   scheduling-1][0;39m [36mo.p.ts4.utility.classes.BatchComponent  [0;39m [2m:[0;39m INACTIVE
[2m2025-02-05 08:23:00.005[0;39m [32m INFO[0;39m [35m29414[0;39m [2m---[0;39m [2m[   scheduling-1][0;39m [36mo.p.ts4.utility.classes.BatchComponent  [0;39m [2m:[0;39m INACTIVE
[2m2025-02-05 08:23:05.003[0;39m [32m INFO[0;39m [35m29414[0;39m [2m---[0;39m [2m[   scheduling-1][0;39m [36mo.p.ts4.utility.classes.BatchComponent  [0;39m [2m:[0;39m INACTIVE
[2m2025-02-05 08:23:10.007[0;39m [32m INFO[0;39m [35m29414[0;39m [2m---[0;39m [2m[   scheduling-1][0;39m [36mo.p.ts4.utility.classes.BatchComponent  [0;39m [2m:[0;39m INACTIVE
[2m2025-02-05 08:23:15.001[0;39m [32m INFO[0;39m [35m29414[0;39m [2m---[0;39m [2m[   scheduling-1][0;39m [36mo.p.ts4.utility.classes.BatchComponent  [0;39m [2m:[0;39m INACTIVE
[2m2025-02-05 08:23:20.006[0;39m [32m INFO[0;39m [35m29414[0;39m [2m---[0;39m [2m[   scheduling-1][0;39m [36mo.p.ts4.utility.classes.BatchComponent  [0;39m [2m:[0;39m INACTIVE
[2m2025-02-05 08:23:25.003[0;39m [32m INFO[0;39m [35m29414[0;39m [2m---[0;39m [2m[   scheduling-1][0;39m [36mo.p.ts4.utility.classes.BatchComponent  [0;39m [2m:[0;39m INACTIVE
[2m2025-02-05 08:23:30.002[0;39m [32m INFO[0;39m [35m29414[0;39m [2m---[0;39m [2m[   scheduling-1][0;39m [36mo.p.ts4.utility.classes.BatchComponent  [0;39m [2m:[0;39m INACTIVE
[2m2025-02-05 08:23:35.002[0;39m [32m INFO[0;39m [35m29414[0;39m [2m---[0;39m [2m[   scheduling-1][0;39m [36mo.p.ts4.utility.classes.BatchComponent  [0;39m [2m:[0;39m INACTIVE
[2m2025-02-05 08:23:40.005[0;39m [32m INFO[0;39m [35m29414[0;39m [2m---[0;39m [2m[   scheduling-1][0;39m [36mo.p.ts4.utility.classes.BatchComponent  [0;39m [2m:[0;39m INACTIVE
[2m2025-02-05 08:23:45.009[0;39m [32m INFO[0;39m [35m29414[0;39m [2m---[0;39m [2m[   scheduling-1][0;39m [36mo.p.ts4.utility.classes.BatchComponent  [0;39m [2m:[0;39m INACTIVE
[2m2025-02-05 08:23:50.005[0;39m [32m INFO[0;39m [35m29414[0;39m [2m---[0;39m [2m[   scheduling-1][0;39m [36mo.p.ts4.utility.classes.BatchComponent  [0;39m [2m:[0;39m INACTIVE
[2m2025-02-05 08:23:55.002[0;39m [32m INFO[0;39m [35m29414[0;39m [2m---[0;39m [2m[   scheduling-1][0;39m [36mo.p.ts4.utility.classes.BatchComponent  [0;39m [2m:[0;39m INACTIVE
[2m2025-02-05 08:24:00.002[0;39m [32m INFO[0;39m [35m29414[0;39m [2m---[0;39m [2m[   scheduling-1][0;39m [36mo.p.ts4.utility.classes.BatchComponent  [0;39m [2m:[0;39m INACTIVE
[2m2025-02-05 08:24:05.008[0;39m [32m INFO[0;39m [35m29414[0;39m [2m---[0;39m [2m[   scheduling-1][0;39m [36mo.p.ts4.utility.classes.BatchComponent  [0;39m [2m:[0;39m INACTIVE
[2m2025-02-05 08:28:05.920[0;39m [32m INFO[0;39m [35m29414[0;39m [2m---[0;39m [2m[ebsite-consumer][0;39m [36mo.a.k.c.c.internals.ConsumerCoordinator [0;39m [2m:[0;39m [Consumer clientId=consumer-ts4-website-consumer-1, groupId=ts4-website-consumer] Group coordinator localhost:9092 (id: 2147483646 rack: null) is unavailable or invalid due to cause: session timed out without receiving a heartbeat response. isDisconnected: false. Rediscovery will be attempted.
[2m2025-02-05 08:28:05.921[0;39m [32m INFO[0;39m [35m29414[0;39m [2m---[0;39m [2m[ebsite-consumer][0;39m [36mo.a.k.c.c.internals.ConsumerCoordinator [0;39m [2m:[0;39m [Consumer clientId=consumer-ts4-website-consumer-1, groupId=ts4-website-consumer] Requesting disconnect from last known coordinator localhost:9092 (id: 2147483646 rack: null)
[2m2025-02-05 08:28:05.926[0;39m [32m INFO[0;39m [35m29414[0;39m [2m---[0;39m [2m[ebsite-consumer][0;39m [36morg.apache.kafka.clients.NetworkClient  [0;39m [2m:[0;39m [Consumer clientId=consumer-ts4-website-consumer-1, groupId=ts4-website-consumer] Client requested disconnect from node 2147483646
[2m2025-02-05 08:28:05.931[0;39m [32m INFO[0;39m [35m29414[0;39m [2m---[0;39m [2m[ntainer#0-0-C-1][0;39m [36mo.a.k.c.c.internals.ConsumerCoordinator [0;39m [2m:[0;39m [Consumer clientId=consumer-ts4-website-consumer-1, groupId=ts4-website-consumer] Discovered group coordinator localhost:9092 (id: 2147483646 rack: null)
[2m2025-02-05 08:28:05.932[0;39m [32m INFO[0;39m [35m29414[0;39m [2m---[0;39m [2m[ntainer#0-0-C-1][0;39m [36mo.a.k.c.c.internals.ConsumerCoordinator [0;39m [2m:[0;39m [Consumer clientId=consumer-ts4-website-consumer-1, groupId=ts4-website-consumer] Group coordinator localhost:9092 (id: 2147483646 rack: null) is unavailable or invalid due to cause: coordinator unavailable. isDisconnected: false. Rediscovery will be attempted.
[2m2025-02-05 08:28:05.932[0;39m [32m INFO[0;39m [35m29414[0;39m [2m---[0;39m [2m[ntainer#0-0-C-1][0;39m [36mo.a.k.c.c.internals.ConsumerCoordinator [0;39m [2m:[0;39m [Consumer clientId=consumer-ts4-website-consumer-1, groupId=ts4-website-consumer] Requesting disconnect from last known coordinator localhost:9092 (id: 2147483646 rack: null)
[2m2025-02-05 08:28:06.016[0;39m [32m INFO[0;39m [35m29414[0;39m [2m---[0;39m [2m[ntainer#0-0-C-1][0;39m [36mo.a.k.c.c.internals.ConsumerCoordinator [0;39m [2m:[0;39m [Consumer clientId=consumer-ts4-website-consumer-1, groupId=ts4-website-consumer] Discovered group coordinator localhost:9092 (id: 2147483646 rack: null)
[2m2025-02-05 08:28:08.944[0;39m [32m INFO[0;39m [35m29414[0;39m [2m---[0;39m [2m[   scheduling-1][0;39m [36mo.p.ts4.utility.classes.BatchComponent  [0;39m [2m:[0;39m INACTIVE
[2m2025-02-05 08:28:09.999[0;39m [32m INFO[0;39m [35m29414[0;39m [2m---[0;39m [2m[   scheduling-1][0;39m [36mo.p.ts4.utility.classes.BatchComponent  [0;39m [2m:[0;39m INACTIVE
[2m2025-02-05 08:28:14.995[0;39m [32m INFO[0;39m [35m29414[0;39m [2m---[0;39m [2m[   scheduling-1][0;39m [36mo.p.ts4.utility.classes.BatchComponent  [0;39m [2m:[0;39m INACTIVE
[2m2025-02-05 08:28:20.002[0;39m [32m INFO[0;39m [35m29414[0;39m [2m---[0;39m [2m[   scheduling-1][0;39m [36mo.p.ts4.utility.classes.BatchComponent  [0;39m [2m:[0;39m INACTIVE
[2m2025-02-05 08:28:25.006[0;39m [32m INFO[0;39m [35m29414[0;39m [2m---[0;39m [2m[   scheduling-1][0;39m [36mo.p.ts4.utility.classes.BatchComponent  [0;39m [2m:[0;39m INACTIVE
[2m2025-02-05 08:28:30.001[0;39m [32m INFO[0;39m [35m29414[0;39m [2m---[0;39m [2m[   scheduling-1][0;39m [36mo.p.ts4.utility.classes.BatchComponent  [0;39m [2m:[0;39m INACTIVE
[2m2025-02-05 08:28:35.008[0;39m [32m INFO[0;39m [35m29414[0;39m [2m---[0;39m [2m[   scheduling-1][0;39m [36mo.p.ts4.utility.classes.BatchComponent  [0;39m [2m:[0;39m INACTIVE
[2m2025-02-05 08:28:40.004[0;39m [32m INFO[0;39m [35m29414[0;39m [2m---[0;39m [2m[   scheduling-1][0;39m [36mo.p.ts4.utility.classes.BatchComponent  [0;39m [2m:[0;39m INACTIVE
[2m2025-02-05 08:28:45.007[0;39m [32m INFO[0;39m [35m29414[0;39m [2m---[0;39m [2m[   scheduling-1][0;39m [36mo.p.ts4.utility.classes.BatchComponent  [0;39m [2m:[0;39m INACTIVE
[2m2025-02-05 08:28:50.004[0;39m [32m INFO[0;39m [35m29414[0;39m [2m---[0;39m [2m[   scheduling-1][0;39m [36mo.p.ts4.utility.classes.BatchComponent  [0;39m [2m:[0;39m INACTIVE
[2m2025-02-05 08:28:55.006[0;39m [32m INFO[0;39m [35m29414[0;39m [2m---[0;39m [2m[   scheduling-1][0;39m [36mo.p.ts4.utility.classes.BatchComponent  [0;39m [2m:[0;39m INACTIVE
[2m2025-02-05 08:29:00.004[0;39m [32m INFO[0;39m [35m29414[0;39m [2m---[0;39m [2m[   scheduling-1][0;39m [36mo.p.ts4.utility.classes.BatchComponent  [0;39m [2m:[0;39m INACTIVE
[2m2025-02-05 08:29:05.006[0;39m [32m INFO[0;39m [35m29414[0;39m [2m---[0;39m [2m[   scheduling-1][0;39m [36mo.p.ts4.utility.classes.BatchComponent  [0;39m [2m:[0;39m INACTIVE
[2m2025-02-05 08:29:10.005[0;39m [32m INFO[0;39m [35m29414[0;39m [2m---[0;39m [2m[   scheduling-1][0;39m [36mo.p.ts4.utility.classes.BatchComponent  [0;39m [2m:[0;39m INACTIVE
[2m2025-02-05 08:29:15.011[0;39m [32m INFO[0;39m [35m29414[0;39m [2m---[0;39m [2m[   scheduling-1][0;39m [36mo.p.ts4.utility.classes.BatchComponent  [0;39m [2m:[0;39m INACTIVE
[2m2025-02-05 08:29:20.002[0;39m [32m INFO[0;39m [35m29414[0;39m [2m---[0;39m [2m[   scheduling-1][0;39m [36mo.p.ts4.utility.classes.BatchComponent  [0;39m [2m:[0;39m INACTIVE
[2m2025-02-05 08:29:25.009[0;39m [32m INFO[0;39m [35m29414[0;39m [2m---[0;39m [2m[   scheduling-1][0;39m [36mo.p.ts4.utility.classes.BatchComponent  [0;39m [2m:[0;39m INACTIVE
[2m2025-02-05 08:29:30.005[0;39m [32m INFO[0;39m [35m29414[0;39m [2m---[0;39m [2m[   scheduling-1][0;39m [36mo.p.ts4.utility.classes.BatchComponent  [0;39m [2m:[0;39m INACTIVE
[2m2025-02-05 08:29:35.005[0;39m [32m INFO[0;39m [35m29414[0;39m [2m---[0;39m [2m[   scheduling-1][0;39m [36mo.p.ts4.utility.classes.BatchComponent  [0;39m [2m:[0;39m INACTIVE
[2m2025-02-05 08:29:40.001[0;39m [32m INFO[0;39m [35m29414[0;39m [2m---[0;39m [2m[   scheduling-1][0;39m [36mo.p.ts4.utility.classes.BatchComponent  [0;39m [2m:[0;39m INACTIVE
[2m2025-02-05 08:29:45.004[0;39m [32m INFO[0;39m [35m29414[0;39m [2m---[0;39m [2m[   scheduling-1][0;39m [36mo.p.ts4.utility.classes.BatchComponent  [0;39m [2m:[0;39m INACTIVE
[2m2025-02-05 08:29:50.010[0;39m [32m INFO[0;39m [35m29414[0;39m [2m---[0;39m [2m[   scheduling-1][0;39m [36mo.p.ts4.utility.classes.BatchComponent  [0;39m [2m:[0;39m INACTIVE
[2m2025-02-05 08:29:55.001[0;39m [32m INFO[0;39m [35m29414[0;39m [2m---[0;39m [2m[   scheduling-1][0;39m [36mo.p.ts4.utility.classes.BatchComponent  [0;39m [2m:[0;39m INACTIVE
[2m2025-02-05 08:30:00.010[0;39m [32m INFO[0;39m [35m29414[0;39m [2m---[0;39m [2m[   scheduling-1][0;39m [36mo.p.ts4.utility.classes.BatchComponent  [0;39m [2m:[0;39m INACTIVE
[2m2025-02-05 08:30:05.003[0;39m [32m INFO[0;39m [35m29414[0;39m [2m---[0;39m [2m[   scheduling-1][0;39m [36mo.p.ts4.utility.classes.BatchComponent  [0;39m [2m:[0;39m INACTIVE
[2m2025-02-05 08:30:10.001[0;39m [32m INFO[0;39m [35m29414[0;39m [2m---[0;39m [2m[   scheduling-1][0;39m [36mo.p.ts4.utility.classes.BatchComponent  [0;39m [2m:[0;39m INACTIVE
[2m2025-02-05 08:30:15.008[0;39m [32m INFO[0;39m [35m29414[0;39m [2m---[0;39m [2m[   scheduling-1][0;39m [36mo.p.ts4.utility.classes.BatchComponent  [0;39m [2m:[0;39m INACTIVE
[2m2025-02-05 08:30:20.008[0;39m [32m INFO[0;39m [35m29414[0;39m [2m---[0;39m [2m[   scheduling-1][0;39m [36mo.p.ts4.utility.classes.BatchComponent  [0;39m [2m:[0;39m INACTIVE
[2m2025-02-05 08:30:25.000[0;39m [32m INFO[0;39m [35m29414[0;39m [2m---[0;39m [2m[   scheduling-1][0;39m [36mo.p.ts4.utility.classes.BatchComponent  [0;39m [2m:[0;39m INACTIVE
[2m2025-02-05 08:30:30.007[0;39m [32m INFO[0;39m [35m29414[0;39m [2m---[0;39m [2m[   scheduling-1][0;39m [36mo.p.ts4.utility.classes.BatchComponent  [0;39m [2m:[0;39m INACTIVE
[2m2025-02-05 08:30:35.008[0;39m [32m INFO[0;39m [35m29414[0;39m [2m---[0;39m [2m[   scheduling-1][0;39m [36mo.p.ts4.utility.classes.BatchComponent  [0;39m [2m:[0;39m INACTIVE
[2m2025-02-05 08:30:40.010[0;39m [32m INFO[0;39m [35m29414[0;39m [2m---[0;39m [2m[   scheduling-1][0;39m [36mo.p.ts4.utility.classes.BatchComponent  [0;39m [2m:[0;39m INACTIVE
[2m2025-02-05 08:30:45.010[0;39m [32m INFO[0;39m [35m29414[0;39m [2m---[0;39m [2m[   scheduling-1][0;39m [36mo.p.ts4.utility.classes.BatchComponent  [0;39m [2m:[0;39m INACTIVE
[2m2025-02-05 08:30:50.002[0;39m [32m INFO[0;39m [35m29414[0;39m [2m---[0;39m [2m[   scheduling-1][0;39m [36mo.p.ts4.utility.classes.BatchComponent  [0;39m [2m:[0;39m INACTIVE
[2m2025-02-05 08:30:55.010[0;39m [32m INFO[0;39m [35m29414[0;39m [2m---[0;39m [2m[   scheduling-1][0;39m [36mo.p.ts4.utility.classes.BatchComponent  [0;39m [2m:[0;39m INACTIVE
[2m2025-02-05 08:31:00.007[0;39m [32m INFO[0;39m [35m29414[0;39m [2m---[0;39m [2m[   scheduling-1][0;39m [36mo.p.ts4.utility.classes.BatchComponent  [0;39m [2m:[0;39m INACTIVE
[2m2025-02-05 08:31:05.003[0;39m [32m INFO[0;39m [35m29414[0;39m [2m---[0;39m [2m[   scheduling-1][0;39m [36mo.p.ts4.utility.classes.BatchComponent  [0;39m [2m:[0;39m INACTIVE
[2m2025-02-05 08:31:10.003[0;39m [32m INFO[0;39m [35m29414[0;39m [2m---[0;39m [2m[   scheduling-1][0;39m [36mo.p.ts4.utility.classes.BatchComponent  [0;39m [2m:[0;39m INACTIVE
[2m2025-02-05 08:31:15.009[0;39m [32m INFO[0;39m [35m29414[0;39m [2m---[0;39m [2m[   scheduling-1][0;39m [36mo.p.ts4.utility.classes.BatchComponent  [0;39m [2m:[0;39m INACTIVE
[2m2025-02-05 08:31:20.009[0;39m [32m INFO[0;39m [35m29414[0;39m [2m---[0;39m [2m[   scheduling-1][0;39m [36mo.p.ts4.utility.classes.BatchComponent  [0;39m [2m:[0;39m INACTIVE
[2m2025-02-05 08:31:25.008[0;39m [32m INFO[0;39m [35m29414[0;39m [2m---[0;39m [2m[   scheduling-1][0;39m [36mo.p.ts4.utility.classes.BatchComponent  [0;39m [2m:[0;39m INACTIVE
[2m2025-02-05 08:31:30.009[0;39m [32m INFO[0;39m [35m29414[0;39m [2m---[0;39m [2m[   scheduling-1][0;39m [36mo.p.ts4.utility.classes.BatchComponent  [0;39m [2m:[0;39m INACTIVE
[2m2025-02-05 08:31:35.004[0;39m [32m INFO[0;39m [35m29414[0;39m [2m---[0;39m [2m[   scheduling-1][0;39m [36mo.p.ts4.utility.classes.BatchComponent  [0;39m [2m:[0;39m INACTIVE
[2m2025-02-05 08:31:40.007[0;39m [32m INFO[0;39m [35m29414[0;39m [2m---[0;39m [2m[   scheduling-1][0;39m [36mo.p.ts4.utility.classes.BatchComponent  [0;39m [2m:[0;39m INACTIVE
[2m2025-02-05 08:31:45.007[0;39m [32m INFO[0;39m [35m29414[0;39m [2m---[0;39m [2m[   scheduling-1][0;39m [36mo.p.ts4.utility.classes.BatchComponent  [0;39m [2m:[0;39m INACTIVE
[2m2025-02-05 08:31:50.007[0;39m [32m INFO[0;39m [35m29414[0;39m [2m---[0;39m [2m[   scheduling-1][0;39m [36mo.p.ts4.utility.classes.BatchComponent  [0;39m [2m:[0;39m INACTIVE
[2m2025-02-05 08:31:55.008[0;39m [32m INFO[0;39m [35m29414[0;39m [2m---[0;39m [2m[   scheduling-1][0;39m [36mo.p.ts4.utility.classes.BatchComponent  [0;39m [2m:[0;39m INACTIVE
[2m2025-02-05 08:32:00.009[0;39m [32m INFO[0;39m [35m29414[0;39m [2m---[0;39m [2m[   scheduling-1][0;39m [36mo.p.ts4.utility.classes.BatchComponent  [0;39m [2m:[0;39m INACTIVE
[2m2025-02-05 08:32:05.009[0;39m [32m INFO[0;39m [35m29414[0;39m [2m---[0;39m [2m[   scheduling-1][0;39m [36mo.p.ts4.utility.classes.BatchComponent  [0;39m [2m:[0;39m INACTIVE
[2m2025-02-05 08:48:08.773[0;39m [32m INFO[0;39m [35m29414[0;39m [2m---[0;39m [2m[ebsite-consumer][0;39m [36mo.a.k.c.c.internals.ConsumerCoordinator [0;39m [2m:[0;39m [Consumer clientId=consumer-ts4-website-consumer-1, groupId=ts4-website-consumer] Group coordinator localhost:9092 (id: 2147483646 rack: null) is unavailable or invalid due to cause: session timed out without receiving a heartbeat response. isDisconnected: false. Rediscovery will be attempted.
[2m2025-02-05 08:48:08.775[0;39m [32m INFO[0;39m [35m29414[0;39m [2m---[0;39m [2m[ebsite-consumer][0;39m [36mo.a.k.c.c.internals.ConsumerCoordinator [0;39m [2m:[0;39m [Consumer clientId=consumer-ts4-website-consumer-1, groupId=ts4-website-consumer] Requesting disconnect from last known coordinator localhost:9092 (id: 2147483646 rack: null)
[2m2025-02-05 08:48:08.775[0;39m [32m INFO[0;39m [35m29414[0;39m [2m---[0;39m [2m[ebsite-consumer][0;39m [36morg.apache.kafka.clients.NetworkClient  [0;39m [2m:[0;39m [Consumer clientId=consumer-ts4-website-consumer-1, groupId=ts4-website-consumer] Client requested disconnect from node 2147483646
[2m2025-02-05 08:48:08.788[0;39m [32m INFO[0;39m [35m29414[0;39m [2m---[0;39m [2m[ntainer#0-0-C-1][0;39m [36mo.a.k.c.c.internals.ConsumerCoordinator [0;39m [2m:[0;39m [Consumer clientId=consumer-ts4-website-consumer-1, groupId=ts4-website-consumer] Discovered group coordinator localhost:9092 (id: 2147483646 rack: null)
[2m2025-02-05 08:48:08.788[0;39m [32m INFO[0;39m [35m29414[0;39m [2m---[0;39m [2m[ntainer#0-0-C-1][0;39m [36mo.a.k.c.c.internals.ConsumerCoordinator [0;39m [2m:[0;39m [Consumer clientId=consumer-ts4-website-consumer-1, groupId=ts4-website-consumer] Group coordinator localhost:9092 (id: 2147483646 rack: null) is unavailable or invalid due to cause: coordinator unavailable. isDisconnected: false. Rediscovery will be attempted.
[2m2025-02-05 08:48:08.788[0;39m [32m INFO[0;39m [35m29414[0;39m [2m---[0;39m [2m[ntainer#0-0-C-1][0;39m [36mo.a.k.c.c.internals.ConsumerCoordinator [0;39m [2m:[0;39m [Consumer clientId=consumer-ts4-website-consumer-1, groupId=ts4-website-consumer] Requesting disconnect from last known coordinator localhost:9092 (id: 2147483646 rack: null)
[2m2025-02-05 08:48:08.901[0;39m [32m INFO[0;39m [35m29414[0;39m [2m---[0;39m [2m[ntainer#0-0-C-1][0;39m [36mo.a.k.c.c.internals.ConsumerCoordinator [0;39m [2m:[0;39m [Consumer clientId=consumer-ts4-website-consumer-1, groupId=ts4-website-consumer] Discovered group coordinator localhost:9092 (id: 2147483646 rack: null)
[2m2025-02-05 08:48:09.405[0;39m [32m INFO[0;39m [35m29414[0;39m [2m---[0;39m [2m[   scheduling-1][0;39m [36mo.p.ts4.utility.classes.BatchComponent  [0;39m [2m:[0;39m INACTIVE
[2m2025-02-05 08:48:10.003[0;39m [32m INFO[0;39m [35m29414[0;39m [2m---[0;39m [2m[   scheduling-1][0;39m [36mo.p.ts4.utility.classes.BatchComponent  [0;39m [2m:[0;39m INACTIVE
[2m2025-02-05 08:48:15.008[0;39m [32m INFO[0;39m [35m29414[0;39m [2m---[0;39m [2m[   scheduling-1][0;39m [36mo.p.ts4.utility.classes.BatchComponent  [0;39m [2m:[0;39m INACTIVE
[2m2025-02-05 08:48:20.010[0;39m [32m INFO[0;39m [35m29414[0;39m [2m---[0;39m [2m[   scheduling-1][0;39m [36mo.p.ts4.utility.classes.BatchComponent  [0;39m [2m:[0;39m INACTIVE
[2m2025-02-05 08:48:25.003[0;39m [32m INFO[0;39m [35m29414[0;39m [2m---[0;39m [2m[   scheduling-1][0;39m [36mo.p.ts4.utility.classes.BatchComponent  [0;39m [2m:[0;39m INACTIVE
[2m2025-02-05 08:48:30.009[0;39m [32m INFO[0;39m [35m29414[0;39m [2m---[0;39m [2m[   scheduling-1][0;39m [36mo.p.ts4.utility.classes.BatchComponent  [0;39m [2m:[0;39m INACTIVE
[2m2025-02-05 08:48:35.010[0;39m [32m INFO[0;39m [35m29414[0;39m [2m---[0;39m [2m[   scheduling-1][0;39m [36mo.p.ts4.utility.classes.BatchComponent  [0;39m [2m:[0;39m INACTIVE
[2m2025-02-05 08:48:40.002[0;39m [32m INFO[0;39m [35m29414[0;39m [2m---[0;39m [2m[   scheduling-1][0;39m [36mo.p.ts4.utility.classes.BatchComponent  [0;39m [2m:[0;39m INACTIVE
[2m2025-02-05 08:48:45.008[0;39m [32m INFO[0;39m [35m29414[0;39m [2m---[0;39m [2m[   scheduling-1][0;39m [36mo.p.ts4.utility.classes.BatchComponent  [0;39m [2m:[0;39m INACTIVE
[2m2025-02-05 08:48:50.010[0;39m [32m INFO[0;39m [35m29414[0;39m [2m---[0;39m [2m[   scheduling-1][0;39m [36mo.p.ts4.utility.classes.BatchComponent  [0;39m [2m:[0;39m INACTIVE
[2m2025-02-05 08:48:55.006[0;39m [32m INFO[0;39m [35m29414[0;39m [2m---[0;39m [2m[   scheduling-1][0;39m [36mo.p.ts4.utility.classes.BatchComponent  [0;39m [2m:[0;39m INACTIVE
[2m2025-02-05 08:49:00.010[0;39m [32m INFO[0;39m [35m29414[0;39m [2m---[0;39m [2m[   scheduling-1][0;39m [36mo.p.ts4.utility.classes.BatchComponent  [0;39m [2m:[0;39m INACTIVE
[2m2025-02-05 08:49:05.006[0;39m [32m INFO[0;39m [35m29414[0;39m [2m---[0;39m [2m[   scheduling-1][0;39m [36mo.p.ts4.utility.classes.BatchComponent  [0;39m [2m:[0;39m INACTIVE
[2m2025-02-05 08:49:10.007[0;39m [32m INFO[0;39m [35m29414[0;39m [2m---[0;39m [2m[   scheduling-1][0;39m [36mo.p.ts4.utility.classes.BatchComponent  [0;39m [2m:[0;39m INACTIVE
[2m2025-02-05 08:49:15.009[0;39m [32m INFO[0;39m [35m29414[0;39m [2m---[0;39m [2m[   scheduling-1][0;39m [36mo.p.ts4.utility.classes.BatchComponent  [0;39m [2m:[0;39m INACTIVE
[2m2025-02-05 08:49:20.004[0;39m [32m INFO[0;39m [35m29414[0;39m [2m---[0;39m [2m[   scheduling-1][0;39m [36mo.p.ts4.utility.classes.BatchComponent  [0;39m [2m:[0;39m INACTIVE
[2m2025-02-05 08:49:25.007[0;39m [32m INFO[0;39m [35m29414[0;39m [2m---[0;39m [2m[   scheduling-1][0;39m [36mo.p.ts4.utility.classes.BatchComponent  [0;39m [2m:[0;39m INACTIVE
[2m2025-02-05 08:49:30.004[0;39m [32m INFO[0;39m [35m29414[0;39m [2m---[0;39m [2m[   scheduling-1][0;39m [36mo.p.ts4.utility.classes.BatchComponent  [0;39m [2m:[0;39m INACTIVE
[2m2025-02-05 08:49:35.007[0;39m [32m INFO[0;39m [35m29414[0;39m [2m---[0;39m [2m[   scheduling-1][0;39m [36mo.p.ts4.utility.classes.BatchComponent  [0;39m [2m:[0;39m INACTIVE
[2m2025-02-05 08:49:40.010[0;39m [32m INFO[0;39m [35m29414[0;39m [2m---[0;39m [2m[   scheduling-1][0;39m [36mo.p.ts4.utility.classes.BatchComponent  [0;39m [2m:[0;39m INACTIVE
[2m2025-02-05 08:49:45.007[0;39m [32m INFO[0;39m [35m29414[0;39m [2m---[0;39m [2m[   scheduling-1][0;39m [36mo.p.ts4.utility.classes.BatchComponent  [0;39m [2m:[0;39m INACTIVE
[2m2025-02-05 08:49:50.004[0;39m [32m INFO[0;39m [35m29414[0;39m [2m---[0;39m [2m[   scheduling-1][0;39m [36mo.p.ts4.utility.classes.BatchComponent  [0;39m [2m:[0;39m INACTIVE
[2m2025-02-05 08:49:55.000[0;39m [32m INFO[0;39m [35m29414[0;39m [2m---[0;39m [2m[   scheduling-1][0;39m [36mo.p.ts4.utility.classes.BatchComponent  [0;39m [2m:[0;39m INACTIVE
[2m2025-02-05 08:50:00.013[0;39m [32m INFO[0;39m [35m29414[0;39m [2m---[0;39m [2m[   scheduling-1][0;39m [36mo.p.ts4.utility.classes.BatchComponent  [0;39m [2m:[0;39m INACTIVE
[2m2025-02-05 08:50:05.000[0;39m [32m INFO[0;39m [35m29414[0;39m [2m---[0;39m [2m[   scheduling-1][0;39m [36mo.p.ts4.utility.classes.BatchComponent  [0;39m [2m:[0;39m INACTIVE
[2m2025-02-05 08:50:10.009[0;39m [32m INFO[0;39m [35m29414[0;39m [2m---[0;39m [2m[   scheduling-1][0;39m [36mo.p.ts4.utility.classes.BatchComponent  [0;39m [2m:[0;39m INACTIVE
[2m2025-02-05 08:50:15.010[0;39m [32m INFO[0;39m [35m29414[0;39m [2m---[0;39m [2m[   scheduling-1][0;39m [36mo.p.ts4.utility.classes.BatchComponent  [0;39m [2m:[0;39m INACTIVE
[2m2025-02-05 08:50:20.007[0;39m [32m INFO[0;39m [35m29414[0;39m [2m---[0;39m [2m[   scheduling-1][0;39m [36mo.p.ts4.utility.classes.BatchComponent  [0;39m [2m:[0;39m INACTIVE
[2m2025-02-05 08:50:25.001[0;39m [32m INFO[0;39m [35m29414[0;39m [2m---[0;39m [2m[   scheduling-1][0;39m [36mo.p.ts4.utility.classes.BatchComponent  [0;39m [2m:[0;39m INACTIVE
[2m2025-02-05 08:50:30.001[0;39m [32m INFO[0;39m [35m29414[0;39m [2m---[0;39m [2m[   scheduling-1][0;39m [36mo.p.ts4.utility.classes.BatchComponent  [0;39m [2m:[0;39m INACTIVE
[2m2025-02-05 08:50:35.009[0;39m [32m INFO[0;39m [35m29414[0;39m [2m---[0;39m [2m[   scheduling-1][0;39m [36mo.p.ts4.utility.classes.BatchComponent  [0;39m [2m:[0;39m INACTIVE
[2m2025-02-05 08:50:40.009[0;39m [32m INFO[0;39m [35m29414[0;39m [2m---[0;39m [2m[   scheduling-1][0;39m [36mo.p.ts4.utility.classes.BatchComponent  [0;39m [2m:[0;39m INACTIVE
[2m2025-02-05 08:50:45.009[0;39m [32m INFO[0;39m [35m29414[0;39m [2m---[0;39m [2m[   scheduling-1][0;39m [36mo.p.ts4.utility.classes.BatchComponent  [0;39m [2m:[0;39m INACTIVE
[2m2025-02-05 08:50:50.000[0;39m [32m INFO[0;39m [35m29414[0;39m [2m---[0;39m [2m[   scheduling-1][0;39m [36mo.p.ts4.utility.classes.BatchComponent  [0;39m [2m:[0;39m INACTIVE
[2m2025-02-05 08:50:55.001[0;39m [32m INFO[0;39m [35m29414[0;39m [2m---[0;39m [2m[   scheduling-1][0;39m [36mo.p.ts4.utility.classes.BatchComponent  [0;39m [2m:[0;39m INACTIVE
[2m2025-02-05 08:51:00.001[0;39m [32m INFO[0;39m [35m29414[0;39m [2m---[0;39m [2m[   scheduling-1][0;39m [36mo.p.ts4.utility.classes.BatchComponent  [0;39m [2m:[0;39m INACTIVE
[2m2025-02-05 08:51:05.000[0;39m [32m INFO[0;39m [35m29414[0;39m [2m---[0;39m [2m[   scheduling-1][0;39m [36mo.p.ts4.utility.classes.BatchComponent  [0;39m [2m:[0;39m INACTIVE
[2m2025-02-05 08:51:10.001[0;39m [32m INFO[0;39m [35m29414[0;39m [2m---[0;39m [2m[   scheduling-1][0;39m [36mo.p.ts4.utility.classes.BatchComponent  [0;39m [2m:[0;39m INACTIVE
[2m2025-02-05 08:51:15.000[0;39m [32m INFO[0;39m [35m29414[0;39m [2m---[0;39m [2m[   scheduling-1][0;39m [36mo.p.ts4.utility.classes.BatchComponent  [0;39m [2m:[0;39m INACTIVE
[2m2025-02-05 08:51:20.005[0;39m [32m INFO[0;39m [35m29414[0;39m [2m---[0;39m [2m[   scheduling-1][0;39m [36mo.p.ts4.utility.classes.BatchComponent  [0;39m [2m:[0;39m INACTIVE
[2m2025-02-05 08:51:25.002[0;39m [32m INFO[0;39m [35m29414[0;39m [2m---[0;39m [2m[   scheduling-1][0;39m [36mo.p.ts4.utility.classes.BatchComponent  [0;39m [2m:[0;39m INACTIVE
[2m2025-02-05 08:51:30.008[0;39m [32m INFO[0;39m [35m29414[0;39m [2m---[0;39m [2m[   scheduling-1][0;39m [36mo.p.ts4.utility.classes.BatchComponent  [0;39m [2m:[0;39m INACTIVE
[2m2025-02-05 08:51:35.007[0;39m [32m INFO[0;39m [35m29414[0;39m [2m---[0;39m [2m[   scheduling-1][0;39m [36mo.p.ts4.utility.classes.BatchComponent  [0;39m [2m:[0;39m INACTIVE
[2m2025-02-05 08:51:40.009[0;39m [32m INFO[0;39m [35m29414[0;39m [2m---[0;39m [2m[   scheduling-1][0;39m [36mo.p.ts4.utility.classes.BatchComponent  [0;39m [2m:[0;39m INACTIVE
[2m2025-02-05 08:51:45.004[0;39m [32m INFO[0;39m [35m29414[0;39m [2m---[0;39m [2m[   scheduling-1][0;39m [36mo.p.ts4.utility.classes.BatchComponent  [0;39m [2m:[0;39m INACTIVE
[2m2025-02-05 08:51:50.007[0;39m [32m INFO[0;39m [35m29414[0;39m [2m---[0;39m [2m[   scheduling-1][0;39m [36mo.p.ts4.utility.classes.BatchComponent  [0;39m [2m:[0;39m INACTIVE
[2m2025-02-05 08:51:55.003[0;39m [32m INFO[0;39m [35m29414[0;39m [2m---[0;39m [2m[   scheduling-1][0;39m [36mo.p.ts4.utility.classes.BatchComponent  [0;39m [2m:[0;39m INACTIVE
[2m2025-02-05 08:52:00.003[0;39m [32m INFO[0;39m [35m29414[0;39m [2m---[0;39m [2m[   scheduling-1][0;39m [36mo.p.ts4.utility.classes.BatchComponent  [0;39m [2m:[0;39m INACTIVE
[2m2025-02-05 08:52:05.000[0;39m [32m INFO[0;39m [35m29414[0;39m [2m---[0;39m [2m[   scheduling-1][0;39m [36mo.p.ts4.utility.classes.BatchComponent  [0;39m [2m:[0;39m INACTIVE
[2m2025-02-05 08:52:10.007[0;39m [32m INFO[0;39m [35m29414[0;39m [2m---[0;39m [2m[   scheduling-1][0;39m [36mo.p.ts4.utility.classes.BatchComponent  [0;39m [2m:[0;39m INACTIVE
[2m2025-02-05 08:52:15.008[0;39m [32m INFO[0;39m [35m29414[0;39m [2m---[0;39m [2m[   scheduling-1][0;39m [36mo.p.ts4.utility.classes.BatchComponent  [0;39m [2m:[0;39m INACTIVE
[2m2025-02-05 08:52:20.007[0;39m [32m INFO[0;39m [35m29414[0;39m [2m---[0;39m [2m[   scheduling-1][0;39m [36mo.p.ts4.utility.classes.BatchComponent  [0;39m [2m:[0;39m INACTIVE
[2m2025-02-05 08:52:25.006[0;39m [32m INFO[0;39m [35m29414[0;39m [2m---[0;39m [2m[   scheduling-1][0;39m [36mo.p.ts4.utility.classes.BatchComponent  [0;39m [2m:[0;39m INACTIVE
[2m2025-02-05 08:52:30.005[0;39m [32m INFO[0;39m [35m29414[0;39m [2m---[0;39m [2m[   scheduling-1][0;39m [36mo.p.ts4.utility.classes.BatchComponent  [0;39m [2m:[0;39m INACTIVE
[2m2025-02-05 08:52:35.003[0;39m [32m INFO[0;39m [35m29414[0;39m [2m---[0;39m [2m[   scheduling-1][0;39m [36mo.p.ts4.utility.classes.BatchComponent  [0;39m [2m:[0;39m INACTIVE
[2m2025-02-05 08:52:40.004[0;39m [32m INFO[0;39m [35m29414[0;39m [2m---[0;39m [2m[   scheduling-1][0;39m [36mo.p.ts4.utility.classes.BatchComponent  [0;39m [2m:[0;39m INACTIVE
[2m2025-02-05 08:52:45.006[0;39m [32m INFO[0;39m [35m29414[0;39m [2m---[0;39m [2m[   scheduling-1][0;39m [36mo.p.ts4.utility.classes.BatchComponent  [0;39m [2m:[0;39m INACTIVE
[2m2025-02-05 08:52:50.002[0;39m [32m INFO[0;39m [35m29414[0;39m [2m---[0;39m [2m[   scheduling-1][0;39m [36mo.p.ts4.utility.classes.BatchComponent  [0;39m [2m:[0;39m INACTIVE
[2m2025-02-05 08:52:55.008[0;39m [32m INFO[0;39m [35m29414[0;39m [2m---[0;39m [2m[   scheduling-1][0;39m [36mo.p.ts4.utility.classes.BatchComponent  [0;39m [2m:[0;39m INACTIVE
[2m2025-02-05 08:53:00.005[0;39m [32m INFO[0;39m [35m29414[0;39m [2m---[0;39m [2m[   scheduling-1][0;39m [36mo.p.ts4.utility.classes.BatchComponent  [0;39m [2m:[0;39m INACTIVE
[2m2025-02-05 08:53:05.006[0;39m [32m INFO[0;39m [35m29414[0;39m [2m---[0;39m [2m[   scheduling-1][0;39m [36mo.p.ts4.utility.classes.BatchComponent  [0;39m [2m:[0;39m INACTIVE
[2m2025-02-05 08:53:10.002[0;39m [32m INFO[0;39m [35m29414[0;39m [2m---[0;39m [2m[   scheduling-1][0;39m [36mo.p.ts4.utility.classes.BatchComponent  [0;39m [2m:[0;39m INACTIVE
[2m2025-02-05 08:53:15.003[0;39m [32m INFO[0;39m [35m29414[0;39m [2m---[0;39m [2m[   scheduling-1][0;39m [36mo.p.ts4.utility.classes.BatchComponent  [0;39m [2m:[0;39m INACTIVE
[2m2025-02-05 08:53:20.007[0;39m [32m INFO[0;39m [35m29414[0;39m [2m---[0;39m [2m[   scheduling-1][0;39m [36mo.p.ts4.utility.classes.BatchComponent  [0;39m [2m:[0;39m INACTIVE
[2m2025-02-05 08:53:25.007[0;39m [32m INFO[0;39m [35m29414[0;39m [2m---[0;39m [2m[   scheduling-1][0;39m [36mo.p.ts4.utility.classes.BatchComponent  [0;39m [2m:[0;39m INACTIVE
[2m2025-02-05 08:53:30.001[0;39m [32m INFO[0;39m [35m29414[0;39m [2m---[0;39m [2m[   scheduling-1][0;39m [36mo.p.ts4.utility.classes.BatchComponent  [0;39m [2m:[0;39m INACTIVE
[2m2025-02-05 08:53:35.006[0;39m [32m INFO[0;39m [35m29414[0;39m [2m---[0;39m [2m[   scheduling-1][0;39m [36mo.p.ts4.utility.classes.BatchComponent  [0;39m [2m:[0;39m INACTIVE
[2m2025-02-05 08:53:40.010[0;39m [32m INFO[0;39m [35m29414[0;39m [2m---[0;39m [2m[   scheduling-1][0;39m [36mo.p.ts4.utility.classes.BatchComponent  [0;39m [2m:[0;39m INACTIVE
[2m2025-02-05 08:53:45.006[0;39m [32m INFO[0;39m [35m29414[0;39m [2m---[0;39m [2m[   scheduling-1][0;39m [36mo.p.ts4.utility.classes.BatchComponent  [0;39m [2m:[0;39m INACTIVE
[2m2025-02-05 08:53:50.004[0;39m [32m INFO[0;39m [35m29414[0;39m [2m---[0;39m [2m[   scheduling-1][0;39m [36mo.p.ts4.utility.classes.BatchComponent  [0;39m [2m:[0;39m INACTIVE
[2m2025-02-05 08:53:55.001[0;39m [32m INFO[0;39m [35m29414[0;39m [2m---[0;39m [2m[   scheduling-1][0;39m [36mo.p.ts4.utility.classes.BatchComponent  [0;39m [2m:[0;39m INACTIVE
[2m2025-02-05 08:54:00.010[0;39m [32m INFO[0;39m [35m29414[0;39m [2m---[0;39m [2m[   scheduling-1][0;39m [36mo.p.ts4.utility.classes.BatchComponent  [0;39m [2m:[0;39m INACTIVE
[2m2025-02-05 08:54:05.005[0;39m [32m INFO[0;39m [35m29414[0;39m [2m---[0;39m [2m[   scheduling-1][0;39m [36mo.p.ts4.utility.classes.BatchComponent  [0;39m [2m:[0;39m INACTIVE
[2m2025-02-05 08:54:10.002[0;39m [32m INFO[0;39m [35m29414[0;39m [2m---[0;39m [2m[   scheduling-1][0;39m [36mo.p.ts4.utility.classes.BatchComponent  [0;39m [2m:[0;39m INACTIVE
[2m2025-02-05 08:54:15.008[0;39m [32m INFO[0;39m [35m29414[0;39m [2m---[0;39m [2m[   scheduling-1][0;39m [36mo.p.ts4.utility.classes.BatchComponent  [0;39m [2m:[0;39m INACTIVE
[2m2025-02-05 08:54:20.006[0;39m [32m INFO[0;39m [35m29414[0;39m [2m---[0;39m [2m[   scheduling-1][0;39m [36mo.p.ts4.utility.classes.BatchComponent  [0;39m [2m:[0;39m INACTIVE
[2m2025-02-05 08:54:25.006[0;39m [32m INFO[0;39m [35m29414[0;39m [2m---[0;39m [2m[   scheduling-1][0;39m [36mo.p.ts4.utility.classes.BatchComponent  [0;39m [2m:[0;39m INACTIVE
[2m2025-02-05 08:54:30.007[0;39m [32m INFO[0;39m [35m29414[0;39m [2m---[0;39m [2m[   scheduling-1][0;39m [36mo.p.ts4.utility.classes.BatchComponent  [0;39m [2m:[0;39m INACTIVE
[2m2025-02-05 08:54:35.001[0;39m [32m INFO[0;39m [35m29414[0;39m [2m---[0;39m [2m[   scheduling-1][0;39m [36mo.p.ts4.utility.classes.BatchComponent  [0;39m [2m:[0;39m INACTIVE
[2m2025-02-05 08:54:40.005[0;39m [32m INFO[0;39m [35m29414[0;39m [2m---[0;39m [2m[   scheduling-1][0;39m [36mo.p.ts4.utility.classes.BatchComponent  [0;39m [2m:[0;39m INACTIVE
[2m2025-02-05 08:54:45.006[0;39m [32m INFO[0;39m [35m29414[0;39m [2m---[0;39m [2m[   scheduling-1][0;39m [36mo.p.ts4.utility.classes.BatchComponent  [0;39m [2m:[0;39m INACTIVE
[2m2025-02-05 08:54:50.009[0;39m [32m INFO[0;39m [35m29414[0;39m [2m---[0;39m [2m[   scheduling-1][0;39m [36mo.p.ts4.utility.classes.BatchComponent  [0;39m [2m:[0;39m INACTIVE
[2m2025-02-05 08:54:55.006[0;39m [32m INFO[0;39m [35m29414[0;39m [2m---[0;39m [2m[   scheduling-1][0;39m [36mo.p.ts4.utility.classes.BatchComponent  [0;39m [2m:[0;39m INACTIVE
[2m2025-02-05 08:55:00.013[0;39m [32m INFO[0;39m [35m29414[0;39m [2m---[0;39m [2m[   scheduling-1][0;39m [36mo.p.ts4.utility.classes.BatchComponent  [0;39m [2m:[0;39m INACTIVE
[2m2025-02-05 08:55:05.001[0;39m [32m INFO[0;39m [35m29414[0;39m [2m---[0;39m [2m[   scheduling-1][0;39m [36mo.p.ts4.utility.classes.BatchComponent  [0;39m [2m:[0;39m INACTIVE
[2m2025-02-05 08:55:10.006[0;39m [32m INFO[0;39m [35m29414[0;39m [2m---[0;39m [2m[   scheduling-1][0;39m [36mo.p.ts4.utility.classes.BatchComponent  [0;39m [2m:[0;39m INACTIVE
[2m2025-02-05 08:55:15.010[0;39m [32m INFO[0;39m [35m29414[0;39m [2m---[0;39m [2m[   scheduling-1][0;39m [36mo.p.ts4.utility.classes.BatchComponent  [0;39m [2m:[0;39m INACTIVE
[2m2025-02-05 08:55:20.007[0;39m [32m INFO[0;39m [35m29414[0;39m [2m---[0;39m [2m[   scheduling-1][0;39m [36mo.p.ts4.utility.classes.BatchComponent  [0;39m [2m:[0;39m INACTIVE
[2m2025-02-05 08:55:25.006[0;39m [32m INFO[0;39m [35m29414[0;39m [2m---[0;39m [2m[   scheduling-1][0;39m [36mo.p.ts4.utility.classes.BatchComponent  [0;39m [2m:[0;39m INACTIVE
[2m2025-02-05 08:55:30.002[0;39m [32m INFO[0;39m [35m29414[0;39m [2m---[0;39m [2m[   scheduling-1][0;39m [36mo.p.ts4.utility.classes.BatchComponent  [0;39m [2m:[0;39m INACTIVE
[2m2025-02-05 08:55:35.001[0;39m [32m INFO[0;39m [35m29414[0;39m [2m---[0;39m [2m[   scheduling-1][0;39m [36mo.p.ts4.utility.classes.BatchComponent  [0;39m [2m:[0;39m INACTIVE
[2m2025-02-05 08:55:40.007[0;39m [32m INFO[0;39m [35m29414[0;39m [2m---[0;39m [2m[   scheduling-1][0;39m [36mo.p.ts4.utility.classes.BatchComponent  [0;39m [2m:[0;39m INACTIVE
[2m2025-02-05 08:55:45.000[0;39m [32m INFO[0;39m [35m29414[0;39m [2m---[0;39m [2m[   scheduling-1][0;39m [36mo.p.ts4.utility.classes.BatchComponent  [0;39m [2m:[0;39m INACTIVE
[2m2025-02-05 08:55:50.003[0;39m [32m INFO[0;39m [35m29414[0;39m [2m---[0;39m [2m[   scheduling-1][0;39m [36mo.p.ts4.utility.classes.BatchComponent  [0;39m [2m:[0;39m INACTIVE
[2m2025-02-05 08:55:55.000[0;39m [32m INFO[0;39m [35m29414[0;39m [2m---[0;39m [2m[   scheduling-1][0;39m [36mo.p.ts4.utility.classes.BatchComponent  [0;39m [2m:[0;39m INACTIVE
[2m2025-02-05 08:56:00.001[0;39m [32m INFO[0;39m [35m29414[0;39m [2m---[0;39m [2m[   scheduling-1][0;39m [36mo.p.ts4.utility.classes.BatchComponent  [0;39m [2m:[0;39m INACTIVE
[2m2025-02-05 08:56:05.007[0;39m [32m INFO[0;39m [35m29414[0;39m [2m---[0;39m [2m[   scheduling-1][0;39m [36mo.p.ts4.utility.classes.BatchComponent  [0;39m [2m:[0;39m INACTIVE
[2m2025-02-05 08:56:10.057[0;39m [32m INFO[0;39m [35m29414[0;39m [2m---[0;39m [2m[   scheduling-1][0;39m [36mo.p.ts4.utility.classes.BatchComponent  [0;39m [2m:[0;39m INACTIVE
[2m2025-02-05 08:56:15.010[0;39m [32m INFO[0;39m [35m29414[0;39m [2m---[0;39m [2m[   scheduling-1][0;39m [36mo.p.ts4.utility.classes.BatchComponent  [0;39m [2m:[0;39m INACTIVE
[2m2025-02-05 08:56:20.009[0;39m [32m INFO[0;39m [35m29414[0;39m [2m---[0;39m [2m[   scheduling-1][0;39m [36mo.p.ts4.utility.classes.BatchComponent  [0;39m [2m:[0;39m INACTIVE
[2m2025-02-05 08:56:25.008[0;39m [32m INFO[0;39m [35m29414[0;39m [2m---[0;39m [2m[   scheduling-1][0;39m [36mo.p.ts4.utility.classes.BatchComponent  [0;39m [2m:[0;39m INACTIVE
[2m2025-02-05 08:56:30.007[0;39m [32m INFO[0;39m [35m29414[0;39m [2m---[0;39m [2m[   scheduling-1][0;39m [36mo.p.ts4.utility.classes.BatchComponent  [0;39m [2m:[0;39m INACTIVE
[2m2025-02-05 08:56:35.004[0;39m [32m INFO[0;39m [35m29414[0;39m [2m---[0;39m [2m[   scheduling-1][0;39m [36mo.p.ts4.utility.classes.BatchComponent  [0;39m [2m:[0;39m INACTIVE
[2m2025-02-05 08:56:40.010[0;39m [32m INFO[0;39m [35m29414[0;39m [2m---[0;39m [2m[   scheduling-1][0;39m [36mo.p.ts4.utility.classes.BatchComponent  [0;39m [2m:[0;39m INACTIVE
[2m2025-02-05 08:56:45.001[0;39m [32m INFO[0;39m [35m29414[0;39m [2m---[0;39m [2m[   scheduling-1][0;39m [36mo.p.ts4.utility.classes.BatchComponent  [0;39m [2m:[0;39m INACTIVE
[2m2025-02-05 08:56:50.004[0;39m [32m INFO[0;39m [35m29414[0;39m [2m---[0;39m [2m[   scheduling-1][0;39m [36mo.p.ts4.utility.classes.BatchComponent  [0;39m [2m:[0;39m INACTIVE
[2m2025-02-05 08:56:55.007[0;39m [32m INFO[0;39m [35m29414[0;39m [2m---[0;39m [2m[   scheduling-1][0;39m [36mo.p.ts4.utility.classes.BatchComponent  [0;39m [2m:[0;39m INACTIVE
[2m2025-02-05 08:57:00.007[0;39m [32m INFO[0;39m [35m29414[0;39m [2m---[0;39m [2m[   scheduling-1][0;39m [36mo.p.ts4.utility.classes.BatchComponent  [0;39m [2m:[0;39m INACTIVE
[2m2025-02-05 08:57:05.001[0;39m [32m INFO[0;39m [35m29414[0;39m [2m---[0;39m [2m[   scheduling-1][0;39m [36mo.p.ts4.utility.classes.BatchComponent  [0;39m [2m:[0;39m INACTIVE
[2m2025-02-05 08:57:10.004[0;39m [32m INFO[0;39m [35m29414[0;39m [2m---[0;39m [2m[   scheduling-1][0;39m [36mo.p.ts4.utility.classes.BatchComponent  [0;39m [2m:[0;39m INACTIVE
[2m2025-02-05 08:57:15.000[0;39m [32m INFO[0;39m [35m29414[0;39m [2m---[0;39m [2m[   scheduling-1][0;39m [36mo.p.ts4.utility.classes.BatchComponent  [0;39m [2m:[0;39m INACTIVE
[2m2025-02-05 08:57:20.008[0;39m [32m INFO[0;39m [35m29414[0;39m [2m---[0;39m [2m[   scheduling-1][0;39m [36mo.p.ts4.utility.classes.BatchComponent  [0;39m [2m:[0;39m INACTIVE
[2m2025-02-05 08:57:25.003[0;39m [32m INFO[0;39m [35m29414[0;39m [2m---[0;39m [2m[   scheduling-1][0;39m [36mo.p.ts4.utility.classes.BatchComponent  [0;39m [2m:[0;39m INACTIVE
[2m2025-02-05 08:57:30.007[0;39m [32m INFO[0;39m [35m29414[0;39m [2m---[0;39m [2m[   scheduling-1][0;39m [36mo.p.ts4.utility.classes.BatchComponent  [0;39m [2m:[0;39m INACTIVE
[2m2025-02-05 08:57:35.007[0;39m [32m INFO[0;39m [35m29414[0;39m [2m---[0;39m [2m[   scheduling-1][0;39m [36mo.p.ts4.utility.classes.BatchComponent  [0;39m [2m:[0;39m INACTIVE
[2m2025-02-05 08:57:40.001[0;39m [32m INFO[0;39m [35m29414[0;39m [2m---[0;39m [2m[   scheduling-1][0;39m [36mo.p.ts4.utility.classes.BatchComponent  [0;39m [2m:[0;39m INACTIVE
[2m2025-02-05 08:57:45.007[0;39m [32m INFO[0;39m [35m29414[0;39m [2m---[0;39m [2m[   scheduling-1][0;39m [36mo.p.ts4.utility.classes.BatchComponent  [0;39m [2m:[0;39m INACTIVE
[2m2025-02-05 08:57:50.001[0;39m [32m INFO[0;39m [35m29414[0;39m [2m---[0;39m [2m[   scheduling-1][0;39m [36mo.p.ts4.utility.classes.BatchComponent  [0;39m [2m:[0;39m INACTIVE
[2m2025-02-05 08:57:55.007[0;39m [32m INFO[0;39m [35m29414[0;39m [2m---[0;39m [2m[   scheduling-1][0;39m [36mo.p.ts4.utility.classes.BatchComponent  [0;39m [2m:[0;39m INACTIVE
[2m2025-02-05 08:58:00.013[0;39m [32m INFO[0;39m [35m29414[0;39m [2m---[0;39m [2m[   scheduling-1][0;39m [36mo.p.ts4.utility.classes.BatchComponent  [0;39m [2m:[0;39m INACTIVE
[2m2025-02-05 08:58:05.006[0;39m [32m INFO[0;39m [35m29414[0;39m [2m---[0;39m [2m[   scheduling-1][0;39m [36mo.p.ts4.utility.classes.BatchComponent  [0;39m [2m:[0;39m INACTIVE
[2m2025-02-05 08:58:10.004[0;39m [32m INFO[0;39m [35m29414[0;39m [2m---[0;39m [2m[   scheduling-1][0;39m [36mo.p.ts4.utility.classes.BatchComponent  [0;39m [2m:[0;39m INACTIVE
[2m2025-02-05 08:58:15.005[0;39m [32m INFO[0;39m [35m29414[0;39m [2m---[0;39m [2m[   scheduling-1][0;39m [36mo.p.ts4.utility.classes.BatchComponent  [0;39m [2m:[0;39m INACTIVE
[2m2025-02-05 08:58:20.003[0;39m [32m INFO[0;39m [35m29414[0;39m [2m---[0;39m [2m[   scheduling-1][0;39m [36mo.p.ts4.utility.classes.BatchComponent  [0;39m [2m:[0;39m INACTIVE
[2m2025-02-05 08:58:25.007[0;39m [32m INFO[0;39m [35m29414[0;39m [2m---[0;39m [2m[   scheduling-1][0;39m [36mo.p.ts4.utility.classes.BatchComponent  [0;39m [2m:[0;39m INACTIVE
[2m2025-02-05 08:58:30.009[0;39m [32m INFO[0;39m [35m29414[0;39m [2m---[0;39m [2m[   scheduling-1][0;39m [36mo.p.ts4.utility.classes.BatchComponent  [0;39m [2m:[0;39m INACTIVE
[2m2025-02-05 08:58:35.003[0;39m [32m INFO[0;39m [35m29414[0;39m [2m---[0;39m [2m[   scheduling-1][0;39m [36mo.p.ts4.utility.classes.BatchComponent  [0;39m [2m:[0;39m INACTIVE
[2m2025-02-05 08:58:40.007[0;39m [32m INFO[0;39m [35m29414[0;39m [2m---[0;39m [2m[   scheduling-1][0;39m [36mo.p.ts4.utility.classes.BatchComponent  [0;39m [2m:[0;39m INACTIVE
[2m2025-02-05 08:58:45.002[0;39m [32m INFO[0;39m [35m29414[0;39m [2m---[0;39m [2m[   scheduling-1][0;39m [36mo.p.ts4.utility.classes.BatchComponent  [0;39m [2m:[0;39m INACTIVE
[2m2025-02-05 08:58:50.004[0;39m [32m INFO[0;39m [35m29414[0;39m [2m---[0;39m [2m[   scheduling-1][0;39m [36mo.p.ts4.utility.classes.BatchComponent  [0;39m [2m:[0;39m INACTIVE
[2m2025-02-05 08:58:55.007[0;39m [32m INFO[0;39m [35m29414[0;39m [2m---[0;39m [2m[   scheduling-1][0;39m [36mo.p.ts4.utility.classes.BatchComponent  [0;39m [2m:[0;39m INACTIVE
[2m2025-02-05 08:59:00.004[0;39m [32m INFO[0;39m [35m29414[0;39m [2m---[0;39m [2m[   scheduling-1][0;39m [36mo.p.ts4.utility.classes.BatchComponent  [0;39m [2m:[0;39m INACTIVE
[2m2025-02-05 08:59:05.010[0;39m [32m INFO[0;39m [35m29414[0;39m [2m---[0;39m [2m[   scheduling-1][0;39m [36mo.p.ts4.utility.classes.BatchComponent  [0;39m [2m:[0;39m INACTIVE
[2m2025-02-05 08:59:10.006[0;39m [32m INFO[0;39m [35m29414[0;39m [2m---[0;39m [2m[   scheduling-1][0;39m [36mo.p.ts4.utility.classes.BatchComponent  [0;39m [2m:[0;39m INACTIVE
[2m2025-02-05 08:59:15.005[0;39m [32m INFO[0;39m [35m29414[0;39m [2m---[0;39m [2m[   scheduling-1][0;39m [36mo.p.ts4.utility.classes.BatchComponent  [0;39m [2m:[0;39m INACTIVE
[2m2025-02-05 08:59:20.001[0;39m [32m INFO[0;39m [35m29414[0;39m [2m---[0;39m [2m[   scheduling-1][0;39m [36mo.p.ts4.utility.classes.BatchComponent  [0;39m [2m:[0;39m INACTIVE
[2m2025-02-05 08:59:25.007[0;39m [32m INFO[0;39m [35m29414[0;39m [2m---[0;39m [2m[   scheduling-1][0;39m [36mo.p.ts4.utility.classes.BatchComponent  [0;39m [2m:[0;39m INACTIVE
[2m2025-02-05 08:59:30.007[0;39m [32m INFO[0;39m [35m29414[0;39m [2m---[0;39m [2m[   scheduling-1][0;39m [36mo.p.ts4.utility.classes.BatchComponent  [0;39m [2m:[0;39m INACTIVE
[2m2025-02-05 08:59:35.010[0;39m [32m INFO[0;39m [35m29414[0;39m [2m---[0;39m [2m[   scheduling-1][0;39m [36mo.p.ts4.utility.classes.BatchComponent  [0;39m [2m:[0;39m INACTIVE
[2m2025-02-05 08:59:40.006[0;39m [32m INFO[0;39m [35m29414[0;39m [2m---[0;39m [2m[   scheduling-1][0;39m [36mo.p.ts4.utility.classes.BatchComponent  [0;39m [2m:[0;39m INACTIVE
[2m2025-02-05 08:59:45.004[0;39m [32m INFO[0;39m [35m29414[0;39m [2m---[0;39m [2m[   scheduling-1][0;39m [36mo.p.ts4.utility.classes.BatchComponent  [0;39m [2m:[0;39m INACTIVE
[2m2025-02-05 08:59:50.006[0;39m [32m INFO[0;39m [35m29414[0;39m [2m---[0;39m [2m[   scheduling-1][0;39m [36mo.p.ts4.utility.classes.BatchComponent  [0;39m [2m:[0;39m INACTIVE
[2m2025-02-05 08:59:55.008[0;39m [32m INFO[0;39m [35m29414[0;39m [2m---[0;39m [2m[   scheduling-1][0;39m [36mo.p.ts4.utility.classes.BatchComponent  [0;39m [2m:[0;39m INACTIVE
